<?xml version="1.0" encoding="UTF-8"?>
<coverage generated="1752326517273" clover="3.2.0">
  <project timestamp="1752326517273" name="All files">
    <metrics statements="571" coveredstatements="72" conditionals="265" coveredconditionals="15" methods="186" coveredmethods="17" elements="1022" coveredelements="104" complexity="0" loc="571" ncloc="571" packages="28" files="42" classes="42"/>
    <package name="app">
      <metrics statements="16" coveredstatements="0" conditionals="3" coveredconditionals="0" methods="5" coveredmethods="0"/>
      <file name="layout.tsx" path="/Users/unson/Documents/Github/Unson-LLC/unson_os/src/app/layout.tsx">
        <metrics statements="9" coveredstatements="0" conditionals="3" coveredconditionals="0" methods="3" coveredmethods="0"/>
        <line num="3" count="0" type="stmt"/>
        <line num="4" count="0" type="stmt"/>
        <line num="6" count="0" type="stmt"/>
        <line num="11" count="0" type="stmt"/>
        <line num="12" count="0" type="stmt"/>
        <line num="71" count="0" type="stmt"/>
        <line num="72" count="0" type="cond" truecount="0" falsecount="1"/>
        <line num="73" count="0" type="stmt"/>
        <line num="74" count="0" type="cond" truecount="0" falsecount="2"/>
      </file>
      <file name="page.tsx" path="/Users/unson/Documents/Github/Unson-LLC/unson_os/src/app/page.tsx">
        <metrics statements="7" coveredstatements="0" conditionals="0" coveredconditionals="0" methods="2" coveredmethods="0"/>
        <line num="2" count="0" type="stmt"/>
        <line num="3" count="0" type="stmt"/>
        <line num="4" count="0" type="stmt"/>
        <line num="5" count="0" type="stmt"/>
        <line num="7" count="0" type="stmt"/>
        <line num="8" count="0" type="stmt"/>
        <line num="27" count="0" type="stmt"/>
      </file>
    </package>
    <package name="app.(marketing).about">
      <metrics statements="15" coveredstatements="0" conditionals="5" coveredconditionals="0" methods="7" coveredmethods="0"/>
      <file name="page.tsx" path="/Users/unson/Documents/Github/Unson-LLC/unson_os/src/app/(marketing)/about/page.tsx">
        <metrics statements="15" coveredstatements="0" conditionals="5" coveredconditionals="0" methods="7" coveredmethods="0"/>
        <line num="3" count="0" type="stmt"/>
        <line num="4" count="0" type="stmt"/>
        <line num="6" count="0" type="stmt"/>
        <line num="16" count="0" type="stmt"/>
        <line num="48" count="0" type="stmt"/>
        <line num="72" count="0" type="stmt"/>
        <line num="101" count="0" type="stmt"/>
        <line num="108" count="0" type="stmt"/>
        <line num="109" count="0" type="stmt"/>
        <line num="197" count="0" type="stmt"/>
        <line num="225" count="0" type="stmt"/>
        <line num="228" count="0" type="stmt"/>
        <line num="242" count="0" type="stmt"/>
        <line num="268" count="0" type="stmt"/>
        <line num="298" count="0" type="stmt"/>
      </file>
    </package>
    <package name="app.(marketing).careers">
      <metrics statements="12" coveredstatements="0" conditionals="0" coveredconditionals="0" methods="7" coveredmethods="0"/>
      <file name="page.tsx" path="/Users/unson/Documents/Github/Unson-LLC/unson_os/src/app/(marketing)/careers/page.tsx">
        <metrics statements="12" coveredstatements="0" conditionals="0" coveredconditionals="0" methods="7" coveredmethods="0"/>
        <line num="2" count="0" type="stmt"/>
        <line num="3" count="0" type="stmt"/>
        <line num="5" count="0" type="stmt"/>
        <line num="16" count="0" type="stmt"/>
        <line num="50" count="0" type="stmt"/>
        <line num="129" count="0" type="stmt"/>
        <line num="156" count="0" type="stmt"/>
        <line num="182" count="0" type="stmt"/>
        <line num="209" count="0" type="stmt"/>
        <line num="237" count="0" type="stmt"/>
        <line num="274" count="0" type="stmt"/>
        <line num="275" count="0" type="stmt"/>
      </file>
    </package>
    <package name="app.(marketing).community">
      <metrics statements="13" coveredstatements="0" conditionals="0" coveredconditionals="0" methods="5" coveredmethods="0"/>
      <file name="page.tsx" path="/Users/unson/Documents/Github/Unson-LLC/unson_os/src/app/(marketing)/community/page.tsx">
        <metrics statements="13" coveredstatements="0" conditionals="0" coveredconditionals="0" methods="5" coveredmethods="0"/>
        <line num="3" count="0" type="stmt"/>
        <line num="4" count="0" type="stmt"/>
        <line num="5" count="0" type="stmt"/>
        <line num="7" count="0" type="stmt"/>
        <line num="17" count="0" type="stmt"/>
        <line num="60" count="0" type="stmt"/>
        <line num="99" count="0" type="stmt"/>
        <line num="120" count="0" type="stmt"/>
        <line num="121" count="0" type="stmt"/>
        <line num="141" count="0" type="stmt"/>
        <line num="194" count="0" type="stmt"/>
        <line num="225" count="0" type="stmt"/>
        <line num="278" count="0" type="stmt"/>
      </file>
    </package>
    <package name="app.(marketing).contact">
      <metrics statements="9" coveredstatements="0" conditionals="2" coveredconditionals="0" methods="4" coveredmethods="0"/>
      <file name="page.tsx" path="/Users/unson/Documents/Github/Unson-LLC/unson_os/src/app/(marketing)/contact/page.tsx">
        <metrics statements="9" coveredstatements="0" conditionals="2" coveredconditionals="0" methods="4" coveredmethods="0"/>
        <line num="2" count="0" type="stmt"/>
        <line num="3" count="0" type="stmt"/>
        <line num="5" count="0" type="stmt"/>
        <line num="19" count="0" type="stmt"/>
        <line num="20" count="0" type="cond" truecount="0" falsecount="2"/>
        <line num="46" count="0" type="stmt"/>
        <line num="74" count="0" type="stmt"/>
        <line num="75" count="0" type="stmt"/>
        <line num="230" count="0" type="stmt"/>
      </file>
    </package>
    <package name="app.(marketing).support">
      <metrics statements="12" coveredstatements="0" conditionals="0" coveredconditionals="0" methods="6" coveredmethods="0"/>
      <file name="page.tsx" path="/Users/unson/Documents/Github/Unson-LLC/unson_os/src/app/(marketing)/support/page.tsx">
        <metrics statements="12" coveredstatements="0" conditionals="0" coveredconditionals="0" methods="6" coveredmethods="0"/>
        <line num="2" count="0" type="stmt"/>
        <line num="3" count="0" type="stmt"/>
        <line num="5" count="0" type="stmt"/>
        <line num="15" count="0" type="stmt"/>
        <line num="39" count="0" type="stmt"/>
        <line num="63" count="0" type="stmt"/>
        <line num="64" count="0" type="stmt"/>
        <line num="88" count="0" type="stmt"/>
        <line num="96" count="0" type="stmt"/>
        <line num="126" count="0" type="stmt"/>
        <line num="156" count="0" type="stmt"/>
        <line num="157" count="0" type="stmt"/>
      </file>
    </package>
    <package name="app.(product).docs">
      <metrics statements="25" coveredstatements="0" conditionals="22" coveredconditionals="0" methods="10" coveredmethods="0"/>
      <file name="page.tsx" path="/Users/unson/Documents/Github/Unson-LLC/unson_os/src/app/(product)/docs/page.tsx">
        <metrics statements="25" coveredstatements="0" conditionals="22" coveredconditionals="0" methods="10" coveredmethods="0"/>
        <line num="4" count="0" type="stmt"/>
        <line num="5" count="0" type="stmt"/>
        <line num="6" count="0" type="stmt"/>
        <line num="10" count="0" type="stmt"/>
        <line num="80" count="0" type="stmt"/>
        <line num="112" count="0" type="stmt"/>
        <line num="143" count="0" type="stmt"/>
        <line num="145" count="0" type="stmt"/>
        <line num="149" count="0" type="stmt"/>
        <line num="154" count="0" type="stmt"/>
        <line num="155" count="0" type="cond" truecount="0" falsecount="1"/>
        <line num="156" count="0" type="stmt"/>
        <line num="157" count="0" type="stmt"/>
        <line num="160" count="0" type="cond" truecount="0" falsecount="3"/>
        <line num="165" count="0" type="cond" truecount="0" falsecount="3"/>
        <line num="171" count="0" type="stmt"/>
        <line num="173" count="0" type="cond" truecount="0" falsecount="3"/>
        <line num="174" count="0" type="stmt"/>
        <line num="177" count="0" type="stmt"/>
        <line num="178" count="0" type="stmt"/>
        <line num="179" count="0" type="stmt"/>
        <line num="227" count="0" type="stmt"/>
        <line num="261" count="0" type="stmt"/>
        <line num="275" count="0" type="stmt"/>
        <line num="308" count="0" type="stmt"/>
      </file>
    </package>
    <package name="app.(product).docs.dao.overview">
      <metrics statements="16" coveredstatements="0" conditionals="1" coveredconditionals="0" methods="5" coveredmethods="0"/>
      <file name="page.tsx" path="/Users/unson/Documents/Github/Unson-LLC/unson_os/src/app/(product)/docs/dao/overview/page.tsx">
        <metrics statements="16" coveredstatements="0" conditionals="1" coveredconditionals="0" methods="5" coveredmethods="0"/>
        <line num="3" count="0" type="stmt"/>
        <line num="4" count="0" type="stmt"/>
        <line num="5" count="0" type="stmt"/>
        <line num="7" count="0" type="stmt"/>
        <line num="17" count="0" type="stmt"/>
        <line num="39" count="0" type="stmt"/>
        <line num="47" count="0" type="stmt"/>
        <line num="56" count="0" type="stmt"/>
        <line num="64" count="0" type="stmt"/>
        <line num="103" count="0" type="stmt"/>
        <line num="110" count="0" type="stmt"/>
        <line num="111" count="0" type="stmt"/>
        <line num="205" count="0" type="stmt"/>
        <line num="239" count="0" type="stmt"/>
        <line num="271" count="0" type="stmt"/>
        <line num="322" count="0" type="stmt"/>
      </file>
    </package>
    <package name="app.(product).products">
      <metrics statements="18" coveredstatements="0" conditionals="9" coveredconditionals="0" methods="6" coveredmethods="0"/>
      <file name="page.tsx" path="/Users/unson/Documents/Github/Unson-LLC/unson_os/src/app/(product)/products/page.tsx">
        <metrics statements="18" coveredstatements="0" conditionals="9" coveredconditionals="0" methods="6" coveredmethods="0"/>
        <line num="4" count="0" type="stmt"/>
        <line num="5" count="0" type="stmt"/>
        <line num="6" count="0" type="stmt"/>
        <line num="7" count="0" type="stmt"/>
        <line num="9" count="0" type="stmt"/>
        <line num="11" count="0" type="stmt"/>
        <line num="12" count="0" type="stmt"/>
        <line num="13" count="0" type="stmt"/>
        <line num="14" count="0" type="stmt"/>
        <line num="17" count="0" type="cond" truecount="0" falsecount="2"/>
        <line num="18" count="0" type="stmt"/>
        <line num="21" count="0" type="stmt"/>
        <line num="25" count="0" type="stmt"/>
        <line num="31" count="0" type="stmt"/>
        <line num="32" count="0" type="stmt"/>
        <line num="35" count="0" type="stmt"/>
        <line num="113" count="0" type="stmt"/>
        <line num="135" count="0" type="stmt"/>
      </file>
    </package>
    <package name="app.(product).products.[id]">
      <metrics statements="18" coveredstatements="0" conditionals="9" coveredconditionals="0" methods="9" coveredmethods="0"/>
      <file name="page.tsx" path="/Users/unson/Documents/Github/Unson-LLC/unson_os/src/app/(product)/products/[id]/page.tsx">
        <metrics statements="18" coveredstatements="0" conditionals="9" coveredconditionals="0" methods="9" coveredmethods="0"/>
        <line num="2" count="0" type="stmt"/>
        <line num="4" count="0" type="stmt"/>
        <line num="10" count="0" type="stmt"/>
        <line num="11" count="0" type="stmt"/>
        <line num="13" count="0" type="cond" truecount="0" falsecount="1"/>
        <line num="14" count="0" type="stmt"/>
        <line num="20" count="0" type="stmt"/>
        <line num="30" count="0" type="stmt"/>
        <line num="31" count="0" type="stmt"/>
        <line num="33" count="0" type="cond" truecount="0" falsecount="1"/>
        <line num="47" count="0" type="stmt"/>
        <line num="113" count="0" type="stmt"/>
        <line num="133" count="0" type="cond" truecount="0" falsecount="2"/>
        <line num="147" count="0" type="stmt"/>
        <line num="192" count="0" type="stmt"/>
        <line num="208" count="0" type="stmt"/>
        <line num="212" count="0" type="stmt"/>
        <line num="232" count="0" type="stmt"/>
      </file>
    </package>
    <package name="app.api.careers">
      <metrics statements="12" coveredstatements="0" conditionals="2" coveredconditionals="0" methods="1" coveredmethods="0"/>
      <file name="route.ts" path="/Users/unson/Documents/Github/Unson-LLC/unson_os/src/app/api/careers/route.ts">
        <metrics statements="12" coveredstatements="0" conditionals="2" coveredconditionals="0" methods="1" coveredmethods="0"/>
        <line num="3" count="0" type="stmt"/>
        <line num="4" count="0" type="stmt"/>
        <line num="5" count="0" type="stmt"/>
        <line num="8" count="0" type="stmt"/>
        <line num="10" count="0" type="stmt"/>
        <line num="11" count="0" type="cond" truecount="0" falsecount="1"/>
        <line num="12" count="0" type="stmt"/>
        <line num="15" count="0" type="stmt"/>
        <line num="18" count="0" type="stmt"/>
        <line num="28" count="0" type="cond" truecount="0" falsecount="1"/>
        <line num="29" count="0" type="stmt"/>
        <line num="33" count="0" type="stmt"/>
      </file>
    </package>
    <package name="app.api.contact">
      <metrics statements="12" coveredstatements="0" conditionals="2" coveredconditionals="0" methods="1" coveredmethods="0"/>
      <file name="route.ts" path="/Users/unson/Documents/Github/Unson-LLC/unson_os/src/app/api/contact/route.ts">
        <metrics statements="12" coveredstatements="0" conditionals="2" coveredconditionals="0" methods="1" coveredmethods="0"/>
        <line num="3" count="0" type="stmt"/>
        <line num="4" count="0" type="stmt"/>
        <line num="5" count="0" type="stmt"/>
        <line num="8" count="0" type="stmt"/>
        <line num="10" count="0" type="stmt"/>
        <line num="11" count="0" type="cond" truecount="0" falsecount="1"/>
        <line num="12" count="0" type="stmt"/>
        <line num="15" count="0" type="stmt"/>
        <line num="18" count="0" type="stmt"/>
        <line num="24" count="0" type="cond" truecount="0" falsecount="1"/>
        <line num="25" count="0" type="stmt"/>
        <line num="29" count="0" type="stmt"/>
      </file>
    </package>
    <package name="app.api.product-request">
      <metrics statements="12" coveredstatements="0" conditionals="2" coveredconditionals="0" methods="1" coveredmethods="0"/>
      <file name="route.ts" path="/Users/unson/Documents/Github/Unson-LLC/unson_os/src/app/api/product-request/route.ts">
        <metrics statements="12" coveredstatements="0" conditionals="2" coveredconditionals="0" methods="1" coveredmethods="0"/>
        <line num="3" count="0" type="stmt"/>
        <line num="4" count="0" type="stmt"/>
        <line num="5" count="0" type="stmt"/>
        <line num="8" count="0" type="stmt"/>
        <line num="10" count="0" type="stmt"/>
        <line num="11" count="0" type="cond" truecount="0" falsecount="1"/>
        <line num="12" count="0" type="stmt"/>
        <line num="15" count="0" type="stmt"/>
        <line num="18" count="0" type="stmt"/>
        <line num="26" count="0" type="cond" truecount="0" falsecount="1"/>
        <line num="27" count="0" type="stmt"/>
        <line num="31" count="0" type="stmt"/>
      </file>
    </package>
    <package name="app.api.waitlist">
      <metrics statements="12" coveredstatements="0" conditionals="2" coveredconditionals="0" methods="1" coveredmethods="0"/>
      <file name="route.ts" path="/Users/unson/Documents/Github/Unson-LLC/unson_os/src/app/api/waitlist/route.ts">
        <metrics statements="12" coveredstatements="0" conditionals="2" coveredconditionals="0" methods="1" coveredmethods="0"/>
        <line num="3" count="0" type="stmt"/>
        <line num="4" count="0" type="stmt"/>
        <line num="5" count="0" type="stmt"/>
        <line num="13" count="0" type="stmt"/>
        <line num="15" count="0" type="stmt"/>
        <line num="16" count="0" type="cond" truecount="0" falsecount="1"/>
        <line num="17" count="0" type="stmt"/>
        <line num="20" count="0" type="stmt"/>
        <line num="23" count="0" type="stmt"/>
        <line num="30" count="0" type="cond" truecount="0" falsecount="1"/>
        <line num="31" count="0" type="stmt"/>
        <line num="35" count="0" type="stmt"/>
      </file>
    </package>
    <package name="components.forms">
      <metrics statements="44" coveredstatements="44" conditionals="13" coveredconditionals="13" methods="9" coveredmethods="9"/>
      <file name="WaitlistForm.tsx" path="/Users/unson/Documents/Github/Unson-LLC/unson_os/src/components/forms/WaitlistForm.tsx">
        <metrics statements="44" coveredstatements="44" conditionals="13" coveredconditionals="13" methods="9" coveredmethods="9"/>
        <line num="3" count="4" type="stmt"/>
        <line num="4" count="4" type="stmt"/>
        <line num="5" count="4" type="stmt"/>
        <line num="19" count="34" type="stmt"/>
        <line num="20" count="854" type="stmt"/>
        <line num="25" count="850" type="stmt"/>
        <line num="26" count="850" type="stmt"/>
        <line num="27" count="850" type="stmt"/>
        <line num="28" count="850" type="stmt"/>
        <line num="30" count="850" type="stmt"/>
        <line num="33" count="850" type="stmt"/>
        <line num="34" count="34" type="stmt"/>
        <line num="36" count="34" type="cond" truecount="2" falsecount="0"/>
        <line num="37" count="6" type="stmt"/>
        <line num="38" count="28" type="cond" truecount="1" falsecount="0"/>
        <line num="39" count="2" type="stmt"/>
        <line num="42" count="34" type="cond" truecount="1" falsecount="0"/>
        <line num="43" count="6" type="stmt"/>
        <line num="46" count="34" type="stmt"/>
        <line num="47" count="34" type="stmt"/>
        <line num="50" count="850" type="stmt"/>
        <line num="51" count="34" type="stmt"/>
        <line num="53" count="34" type="cond" truecount="1" falsecount="0"/>
        <line num="54" count="8" type="stmt"/>
        <line num="57" count="26" type="stmt"/>
        <line num="58" count="26" type="stmt"/>
        <line num="60" count="26" type="stmt"/>
        <line num="61" count="26" type="stmt"/>
        <line num="69" count="22" type="cond" truecount="1" falsecount="0"/>
        <line num="70" count="8" type="stmt"/>
        <line num="73" count="14" type="stmt"/>
        <line num="76" count="14" type="stmt"/>
        <line num="81" count="14" type="stmt"/>
        <line num="84" count="14" type="stmt"/>
        <line num="90" count="10" type="stmt"/>
        <line num="92" count="24" type="stmt"/>
        <line num="96" count="850" type="stmt"/>
        <line num="97" count="758" type="stmt"/>
        <line num="98" count="758" type="cond" truecount="1" falsecount="0"/>
        <line num="99" count="6" type="stmt"/>
        <line num="103" count="850" type="cond" truecount="1" falsecount="0"/>
        <line num="128" count="534" type="stmt"/>
        <line num="147" count="216" type="stmt"/>
        <line num="165" count="8" type="stmt"/>
      </file>
    </package>
    <package name="components.sections">
      <metrics statements="3" coveredstatements="0" conditionals="7" coveredconditionals="0" methods="2" coveredmethods="0"/>
      <file name="CTASection.tsx" path="/Users/unson/Documents/Github/Unson-LLC/unson_os/src/components/sections/CTASection.tsx">
        <metrics statements="3" coveredstatements="0" conditionals="7" coveredconditionals="0" methods="2" coveredmethods="0"/>
        <line num="1" count="0" type="stmt"/>
        <line num="19" count="0" type="stmt"/>
        <line num="38" count="0" type="stmt"/>
      </file>
    </package>
    <package name="components.ui">
      <metrics statements="88" coveredstatements="7" conditionals="102" coveredconditionals="0" methods="35" coveredmethods="1"/>
      <file name="Accordion.tsx" path="/Users/unson/Documents/Github/Unson-LLC/unson_os/src/components/ui/Accordion.tsx">
        <metrics statements="13" coveredstatements="0" conditionals="12" coveredconditionals="0" methods="7" coveredmethods="0"/>
        <line num="3" count="0" type="stmt"/>
        <line num="17" count="0" type="cond" truecount="0" falsecount="2"/>
        <line num="18" count="0" type="stmt"/>
        <line num="20" count="0" type="stmt"/>
        <line num="21" count="0" type="cond" truecount="0" falsecount="2"/>
        <line num="22" count="0" type="stmt"/>
        <line num="23" count="0" type="cond" truecount="0" falsecount="2"/>
        <line num="24" count="0" type="stmt"/>
        <line num="28" count="0" type="stmt"/>
        <line num="29" count="0" type="cond" truecount="0" falsecount="2"/>
        <line num="37" count="0" type="stmt"/>
        <line num="39" count="0" type="stmt"/>
        <line num="42" count="0" type="stmt"/>
      </file>
      <file name="Button.tsx" path="/Users/unson/Documents/Github/Unson-LLC/unson_os/src/components/ui/Button.tsx">
        <metrics statements="7" coveredstatements="7" conditionals="0" coveredconditionals="0" methods="1" coveredmethods="1"/>
        <line num="1" count="6" type="stmt"/>
        <line num="2" count="6" type="stmt"/>
        <line num="3" count="6" type="stmt"/>
        <line num="5" count="6" type="stmt"/>
        <line num="35" count="6" type="stmt"/>
        <line num="46" count="6" type="stmt"/>
        <line num="48" count="854" type="stmt"/>
      </file>
      <file name="FilterButtons.tsx" path="/Users/unson/Documents/Github/Unson-LLC/unson_os/src/components/ui/FilterButtons.tsx">
        <metrics statements="5" coveredstatements="0" conditionals="4" coveredconditionals="0" methods="3" coveredmethods="0"/>
        <line num="2" count="0" type="stmt"/>
        <line num="3" count="0" type="stmt"/>
        <line num="13" count="0" type="stmt"/>
        <line num="23" count="0" type="stmt"/>
        <line num="28" count="0" type="stmt"/>
      </file>
      <file name="Modal.tsx" path="/Users/unson/Documents/Github/Unson-LLC/unson_os/src/components/ui/Modal.tsx">
        <metrics statements="22" coveredstatements="0" conditionals="18" coveredconditionals="0" methods="8" coveredmethods="0"/>
        <line num="3" count="0" type="stmt"/>
        <line num="4" count="0" type="stmt"/>
        <line num="16" count="0" type="stmt"/>
        <line num="25" count="0" type="stmt"/>
        <line num="26" count="0" type="cond" truecount="0" falsecount="2"/>
        <line num="27" count="0" type="stmt"/>
        <line num="29" count="0" type="stmt"/>
        <line num="32" count="0" type="stmt"/>
        <line num="33" count="0" type="stmt"/>
        <line num="37" count="0" type="stmt"/>
        <line num="38" count="0" type="stmt"/>
        <line num="39" count="0" type="cond" truecount="0" falsecount="3"/>
        <line num="40" count="0" type="stmt"/>
        <line num="44" count="0" type="stmt"/>
        <line num="45" count="0" type="stmt"/>
        <line num="48" count="0" type="cond" truecount="0" falsecount="1"/>
        <line num="50" count="0" type="stmt"/>
        <line num="109" count="0" type="stmt"/>
        <line num="119" count="0" type="stmt"/>
        <line num="125" count="0" type="stmt"/>
        <line num="154" count="0" type="stmt"/>
        <line num="155" count="0" type="stmt"/>
      </file>
      <file name="NavigationLink.tsx" path="/Users/unson/Documents/Github/Unson-LLC/unson_os/src/components/ui/NavigationLink.tsx">
        <metrics statements="4" coveredstatements="0" conditionals="11" coveredconditionals="0" methods="1" coveredmethods="0"/>
        <line num="1" count="0" type="stmt"/>
        <line num="13" count="0" type="stmt"/>
        <line num="22" count="0" type="cond" truecount="0" falsecount="2"/>
        <line num="27" count="0" type="cond" truecount="0" falsecount="2"/>
      </file>
      <file name="NoResults.tsx" path="/Users/unson/Documents/Github/Unson-LLC/unson_os/src/components/ui/NoResults.tsx">
        <metrics statements="2" coveredstatements="0" conditionals="4" coveredconditionals="0" methods="1" coveredmethods="0"/>
        <line num="2" count="0" type="stmt"/>
        <line num="12" count="0" type="stmt"/>
      </file>
      <file name="SearchInput.tsx" path="/Users/unson/Documents/Github/Unson-LLC/unson_os/src/components/ui/SearchInput.tsx">
        <metrics statements="3" coveredstatements="0" conditionals="4" coveredconditionals="0" methods="2" coveredmethods="0"/>
        <line num="2" count="0" type="stmt"/>
        <line num="12" count="0" type="stmt"/>
        <line num="25" count="0" type="stmt"/>
      </file>
      <file name="StatsGrid.tsx" path="/Users/unson/Documents/Github/Unson-LLC/unson_os/src/components/ui/StatsGrid.tsx">
        <metrics statements="5" coveredstatements="0" conditionals="13" coveredconditionals="0" methods="2" coveredmethods="0"/>
        <line num="2" count="0" type="stmt"/>
        <line num="17" count="0" type="stmt"/>
        <line num="22" count="0" type="stmt"/>
        <line num="31" count="0" type="stmt"/>
        <line num="42" count="0" type="stmt"/>
      </file>
      <file name="Tabs.tsx" path="/Users/unson/Documents/Github/Unson-LLC/unson_os/src/components/ui/Tabs.tsx">
        <metrics statements="27" coveredstatements="0" conditionals="36" coveredconditionals="0" methods="10" coveredmethods="0"/>
        <line num="3" count="0" type="stmt"/>
        <line num="19" count="0" type="stmt"/>
        <line num="25" count="0" type="cond" truecount="0" falsecount="2"/>
        <line num="27" count="0" type="stmt"/>
        <line num="33" count="0" type="stmt"/>
        <line num="34" count="0" type="stmt"/>
        <line num="35" count="0" type="stmt"/>
        <line num="36" count="0" type="stmt"/>
        <line num="38" count="0" type="cond" truecount="0" falsecount="1"/>
        <line num="39" count="0" type="stmt"/>
        <line num="42" count="0" type="cond" truecount="0" falsecount="3"/>
        <line num="44" count="0" type="stmt"/>
        <line num="51" count="0" type="stmt"/>
        <line num="58" count="0" type="stmt"/>
        <line num="66" count="0" type="stmt"/>
        <line num="67" count="0" type="cond" truecount="0" falsecount="3"/>
        <line num="69" count="0" type="stmt"/>
        <line num="71" count="0" type="stmt"/>
        <line num="73" count="0" type="stmt"/>
        <line num="77" count="0" type="stmt"/>
        <line num="84" count="0" type="stmt"/>
        <line num="86" count="0" type="cond" truecount="0" falsecount="2"/>
        <line num="114" count="0" type="stmt"/>
        <line num="119" count="0" type="cond" truecount="0" falsecount="2"/>
        <line num="121" count="0" type="stmt"/>
        <line num="128" count="0" type="stmt"/>
        <line num="130" count="0" type="cond" truecount="0" falsecount="2"/>
      </file>
    </package>
    <package name="config">
      <metrics statements="5" coveredstatements="0" conditionals="0" coveredconditionals="0" methods="0" coveredmethods="0"/>
      <file name="constants.ts" path="/Users/unson/Documents/Github/Unson-LLC/unson_os/src/config/constants.ts">
        <metrics statements="5" coveredstatements="0" conditionals="0" coveredconditionals="0" methods="0" coveredmethods="0"/>
        <line num="6" count="0" type="stmt"/>
        <line num="18" count="0" type="stmt"/>
        <line num="32" count="0" type="stmt"/>
        <line num="49" count="0" type="stmt"/>
        <line num="57" count="0" type="stmt"/>
      </file>
    </package>
    <package name="data">
      <metrics statements="28" coveredstatements="0" conditionals="6" coveredconditionals="0" methods="10" coveredmethods="0"/>
      <file name="company.ts" path="/Users/unson/Documents/Github/Unson-LLC/unson_os/src/data/company.ts">
        <metrics statements="8" coveredstatements="0" conditionals="0" coveredconditionals="0" methods="0" coveredmethods="0"/>
        <line num="55" count="0" type="stmt"/>
        <line num="86" count="0" type="stmt"/>
        <line num="109" count="0" type="stmt"/>
        <line num="137" count="0" type="stmt"/>
        <line num="144" count="0" type="stmt"/>
        <line num="179" count="0" type="stmt"/>
        <line num="212" count="0" type="stmt"/>
        <line num="236" count="0" type="stmt"/>
      </file>
      <file name="faq.ts" path="/Users/unson/Documents/Github/Unson-LLC/unson_os/src/data/faq.ts">
        <metrics statements="9" coveredstatements="0" conditionals="2" coveredconditionals="0" methods="4" coveredmethods="0"/>
        <line num="12" count="0" type="stmt"/>
        <line num="87" count="0" type="stmt"/>
        <line num="88" count="0" type="stmt"/>
        <line num="89" count="0" type="stmt"/>
        <line num="93" count="0" type="stmt"/>
        <line num="94" count="0" type="stmt"/>
        <line num="95" count="0" type="stmt"/>
        <line num="97" count="0" type="stmt"/>
        <line num="98" count="0" type="cond" truecount="0" falsecount="2"/>
      </file>
      <file name="products.ts" path="/Users/unson/Documents/Github/Unson-LLC/unson_os/src/data/products.ts">
        <metrics statements="11" coveredstatements="0" conditionals="4" coveredconditionals="0" methods="6" coveredmethods="0"/>
        <line num="45" count="0" type="stmt"/>
        <line num="220" count="0" type="stmt"/>
        <line num="222" count="0" type="stmt"/>
        <line num="223" count="0" type="stmt"/>
        <line num="226" count="0" type="stmt"/>
        <line num="227" count="0" type="cond" truecount="0" falsecount="1"/>
        <line num="228" count="0" type="stmt"/>
        <line num="230" count="0" type="stmt"/>
        <line num="233" count="0" type="cond" truecount="0" falsecount="1"/>
        <line num="234" count="0" type="stmt"/>
        <line num="235" count="0" type="cond" truecount="0" falsecount="2"/>
      </file>
    </package>
    <package name="hooks">
      <metrics statements="46" coveredstatements="11" conditionals="9" coveredconditionals="2" methods="14" coveredmethods="2"/>
      <file name="useAnalytics.ts" path="/Users/unson/Documents/Github/Unson-LLC/unson_os/src/hooks/useAnalytics.ts">
        <metrics statements="17" coveredstatements="11" conditionals="4" coveredconditionals="2" methods="5" coveredmethods="2"/>
        <line num="1" count="2" type="stmt"/>
        <line num="11" count="12" type="stmt"/>
        <line num="12" count="12" type="stmt"/>
        <line num="14" count="0" type="cond" truecount="0" falsecount="1"/>
        <line num="15" count="0" type="stmt"/>
        <line num="18" count="0" type="cond" truecount="0" falsecount="1"/>
        <line num="19" count="0" type="stmt"/>
        <line num="29" count="12" type="stmt"/>
        <line num="30" count="2" type="cond" truecount="1" falsecount="0"/>
        <line num="31" count="2" type="stmt"/>
        <line num="33" count="2" type="cond" truecount="1" falsecount="0"/>
        <line num="34" count="2" type="stmt"/>
        <line num="42" count="12" type="stmt"/>
        <line num="43" count="0" type="stmt"/>
        <line num="51" count="12" type="stmt"/>
        <line num="52" count="0" type="stmt"/>
        <line num="59" count="12" type="stmt"/>
      </file>
      <file name="useFilter.ts" path="/Users/unson/Documents/Github/Unson-LLC/unson_os/src/hooks/useFilter.ts">
        <metrics statements="16" coveredstatements="0" conditionals="3" coveredconditionals="0" methods="5" coveredmethods="0"/>
        <line num="1" count="0" type="stmt"/>
        <line num="9" count="0" type="cond" truecount="0" falsecount="1"/>
        <line num="10" count="0" type="stmt"/>
        <line num="12" count="0" type="stmt"/>
        <line num="13" count="0" type="stmt"/>
        <line num="15" count="0" type="stmt"/>
        <line num="16" count="0" type="stmt"/>
        <line num="17" count="0" type="cond" truecount="0" falsecount="1"/>
        <line num="18" count="0" type="stmt"/>
        <line num="22" count="0" type="stmt"/>
        <line num="25" count="0" type="stmt"/>
        <line num="26" count="0" type="cond" truecount="0" falsecount="1"/>
        <line num="28" count="0" type="stmt"/>
        <line num="29" count="0" type="stmt"/>
        <line num="30" count="0" type="stmt"/>
        <line num="34" count="0" type="stmt"/>
      </file>
      <file name="useSearch.ts" path="/Users/unson/Documents/Github/Unson-LLC/unson_os/src/hooks/useSearch.ts">
        <metrics statements="13" coveredstatements="0" conditionals="2" coveredconditionals="0" methods="4" coveredmethods="0"/>
        <line num="1" count="0" type="stmt"/>
        <line num="8" count="0" type="stmt"/>
        <line num="9" count="0" type="stmt"/>
        <line num="11" count="0" type="stmt"/>
        <line num="12" count="0" type="cond" truecount="0" falsecount="1"/>
        <line num="14" count="0" type="stmt"/>
        <line num="16" count="0" type="stmt"/>
        <line num="17" count="0" type="stmt"/>
        <line num="18" count="0" type="stmt"/>
        <line num="19" count="0" type="cond" truecount="0" falsecount="1"/>
        <line num="20" count="0" type="stmt"/>
        <line num="22" count="0" type="stmt"/>
        <line num="27" count="0" type="stmt"/>
      </file>
    </package>
    <package name="hooks.use-analytics">
      <metrics statements="21" coveredstatements="0" conditionals="3" coveredconditionals="0" methods="8" coveredmethods="0"/>
      <file name="useAnalytics.ts" path="/Users/unson/Documents/Github/Unson-LLC/unson_os/src/hooks/use-analytics/useAnalytics.ts">
        <metrics statements="21" coveredstatements="0" conditionals="3" coveredconditionals="0" methods="8" coveredmethods="0"/>
        <line num="3" count="0" type="stmt"/>
        <line num="6" count="0" type="stmt"/>
        <line num="7" count="0" type="stmt"/>
        <line num="8" count="0" type="stmt"/>
        <line num="9" count="0" type="cond" truecount="0" falsecount="1"/>
        <line num="10" count="0" type="cond" truecount="0" falsecount="1"/>
        <line num="11" count="0" type="cond" truecount="0" falsecount="1"/>
        <line num="13" count="0" type="stmt"/>
        <line num="15" count="0" type="stmt"/>
        <line num="19" count="0" type="stmt"/>
        <line num="20" count="0" type="stmt"/>
        <line num="21" count="0" type="stmt"/>
        <line num="22" count="0" type="stmt"/>
        <line num="26" count="0" type="stmt"/>
        <line num="27" count="0" type="stmt"/>
        <line num="28" count="0" type="stmt"/>
        <line num="29" count="0" type="stmt"/>
        <line num="35" count="0" type="stmt"/>
        <line num="36" count="0" type="stmt"/>
        <line num="37" count="0" type="stmt"/>
        <line num="44" count="0" type="stmt"/>
      </file>
    </package>
    <package name="hooks.use-filter">
      <metrics statements="12" coveredstatements="0" conditionals="5" coveredconditionals="0" methods="4" coveredmethods="0"/>
      <file name="useFilter.ts" path="/Users/unson/Documents/Github/Unson-LLC/unson_os/src/hooks/use-filter/useFilter.ts">
        <metrics statements="12" coveredstatements="0" conditionals="5" coveredconditionals="0" methods="4" coveredmethods="0"/>
        <line num="2" count="0" type="stmt"/>
        <line num="19" count="0" type="stmt"/>
        <line num="23" count="0" type="cond" truecount="0" falsecount="1"/>
        <line num="25" count="0" type="stmt"/>
        <line num="27" count="0" type="stmt"/>
        <line num="28" count="0" type="cond" truecount="0" falsecount="3"/>
        <line num="29" count="0" type="stmt"/>
        <line num="31" count="0" type="stmt"/>
        <line num="34" count="0" type="stmt"/>
        <line num="35" count="0" type="cond" truecount="0" falsecount="1"/>
        <line num="36" count="0" type="stmt"/>
        <line num="39" count="0" type="stmt"/>
      </file>
    </package>
    <package name="hooks.use-navigation">
      <metrics statements="10" coveredstatements="0" conditionals="3" coveredconditionals="0" methods="5" coveredmethods="0"/>
      <file name="useNavigation.ts" path="/Users/unson/Documents/Github/Unson-LLC/unson_os/src/hooks/use-navigation/useNavigation.ts">
        <metrics statements="10" coveredstatements="0" conditionals="3" coveredconditionals="0" methods="5" coveredmethods="0"/>
        <line num="1" count="0" type="stmt"/>
        <line num="16" count="0" type="stmt"/>
        <line num="17" count="0" type="stmt"/>
        <line num="62" count="0" type="stmt"/>
        <line num="63" count="0" type="cond" truecount="0" falsecount="2"/>
        <line num="66" count="0" type="stmt"/>
        <line num="70" count="0" type="stmt"/>
        <line num="71" count="0" type="stmt"/>
        <line num="80" count="0" type="stmt"/>
        <line num="123" count="0" type="stmt"/>
      </file>
    </package>
    <package name="hooks.use-search">
      <metrics statements="18" coveredstatements="0" conditionals="12" coveredconditionals="0" methods="5" coveredmethods="0"/>
      <file name="useSearch.ts" path="/Users/unson/Documents/Github/Unson-LLC/unson_os/src/hooks/use-search/useSearch.ts">
        <metrics statements="18" coveredstatements="0" conditionals="12" coveredconditionals="0" methods="5" coveredmethods="0"/>
        <line num="2" count="0" type="stmt"/>
        <line num="22" count="0" type="stmt"/>
        <line num="30" count="0" type="stmt"/>
        <line num="32" count="0" type="stmt"/>
        <line num="34" count="0" type="stmt"/>
        <line num="35" count="0" type="cond" truecount="0" falsecount="3"/>
        <line num="36" count="0" type="stmt"/>
        <line num="39" count="0" type="cond" truecount="0" falsecount="2"/>
        <line num="41" count="0" type="stmt"/>
        <line num="42" count="0" type="stmt"/>
        <line num="43" count="0" type="stmt"/>
        <line num="44" count="0" type="cond" truecount="0" falsecount="1"/>
        <line num="46" count="0" type="cond" truecount="0" falsecount="2"/>
        <line num="47" count="0" type="stmt"/>
        <line num="52" count="0" type="stmt"/>
        <line num="53" count="0" type="stmt"/>
        <line num="55" count="0" type="stmt"/>
        <line num="61" count="0" type="stmt"/>
      </file>
    </package>
    <package name="lib">
      <metrics statements="14" coveredstatements="0" conditionals="23" coveredconditionals="0" methods="4" coveredmethods="0"/>
      <file name="metadata.ts" path="/Users/unson/Documents/Github/Unson-LLC/unson_os/src/lib/metadata.ts">
        <metrics statements="14" coveredstatements="0" conditionals="23" coveredconditionals="0" methods="4" coveredmethods="0"/>
        <line num="3" count="0" type="stmt"/>
        <line num="25" count="0" type="cond" truecount="0" falsecount="1"/>
        <line num="33" count="0" type="stmt"/>
        <line num="35" count="0" type="cond" truecount="0" falsecount="2"/>
        <line num="39" count="0" type="cond" truecount="0" falsecount="3"/>
        <line num="40" count="0" type="cond" truecount="0" falsecount="2"/>
        <line num="41" count="0" type="cond" truecount="0" falsecount="2"/>
        <line num="42" count="0" type="cond" truecount="0" falsecount="2"/>
        <line num="44" count="0" type="stmt"/>
        <line num="55" count="0" type="stmt"/>
        <line num="71" count="0" type="stmt"/>
        <line num="72" count="0" type="stmt"/>
        <line num="84" count="0" type="stmt"/>
        <line num="89" count="0" type="stmt"/>
      </file>
    </package>
    <package name="lib.api">
      <metrics statements="15" coveredstatements="0" conditionals="2" coveredconditionals="0" methods="5" coveredmethods="0"/>
      <file name="api-utils.ts" path="/Users/unson/Documents/Github/Unson-LLC/unson_os/src/lib/api/api-utils.ts">
        <metrics statements="15" coveredstatements="0" conditionals="2" coveredconditionals="0" methods="5" coveredmethods="0"/>
        <line num="4" count="0" type="stmt"/>
        <line num="9" count="0" type="stmt"/>
        <line num="14" count="0" type="stmt"/>
        <line num="23" count="0" type="stmt"/>
        <line num="27" count="0" type="stmt"/>
        <line num="36" count="0" type="stmt"/>
        <line num="37" count="0" type="stmt"/>
        <line num="43" count="0" type="stmt"/>
        <line num="44" count="0" type="stmt"/>
        <line num="45" count="0" type="stmt"/>
        <line num="51" count="0" type="stmt"/>
        <line num="54" count="0" type="stmt"/>
        <line num="55" count="0" type="stmt"/>
        <line num="56" count="0" type="stmt"/>
        <line num="58" count="0" type="stmt"/>
      </file>
    </package>
    <package name="lib.utils">
      <metrics statements="10" coveredstatements="10" conditionals="0" coveredconditionals="0" methods="5" coveredmethods="5"/>
      <file name="utils.ts" path="/Users/unson/Documents/Github/Unson-LLC/unson_os/src/lib/utils/utils.ts">
        <metrics statements="10" coveredstatements="10" conditionals="0" coveredconditionals="0" methods="5" coveredmethods="5"/>
        <line num="1" count="8" type="stmt"/>
        <line num="2" count="8" type="stmt"/>
        <line num="4" count="864" type="stmt"/>
        <line num="5" count="864" type="stmt"/>
        <line num="8" count="14" type="stmt"/>
        <line num="9" count="14" type="stmt"/>
        <line num="17" count="8" type="stmt"/>
        <line num="18" count="8" type="stmt"/>
        <line num="21" count="2" type="stmt"/>
        <line num="22" count="2" type="stmt"/>
      </file>
    </package>
    <package name="lib.validation">
      <metrics statements="55" coveredstatements="0" conditionals="21" coveredconditionals="0" methods="12" coveredmethods="0"/>
      <file name="forms.ts" path="/Users/unson/Documents/Github/Unson-LLC/unson_os/src/lib/validation/forms.ts">
        <metrics statements="26" coveredstatements="0" conditionals="9" coveredconditionals="0" methods="7" coveredmethods="0"/>
        <line num="6" count="0" type="stmt"/>
        <line num="11" count="0" type="stmt"/>
        <line num="12" count="0" type="stmt"/>
        <line num="13" count="0" type="cond" truecount="0" falsecount="1"/>
        <line num="14" count="0" type="stmt"/>
        <line num="23" count="0" type="stmt"/>
        <line num="24" count="0" type="stmt"/>
        <line num="25" count="0" type="stmt"/>
        <line num="33" count="0" type="stmt"/>
        <line num="34" count="0" type="stmt"/>
        <line num="36" count="0" type="cond" truecount="0" falsecount="4"/>
        <line num="38" count="0" type="stmt"/>
        <line num="40" count="0" type="stmt"/>
        <line num="42" count="0" type="stmt"/>
        <line num="44" count="0" type="stmt"/>
        <line num="48" count="0" type="stmt"/>
        <line num="49" count="0" type="cond" truecount="0" falsecount="4"/>
        <line num="51" count="0" type="stmt"/>
        <line num="53" count="0" type="stmt"/>
        <line num="55" count="0" type="stmt"/>
        <line num="57" count="0" type="stmt"/>
        <line num="61" count="0" type="stmt"/>
        <line num="62" count="0" type="stmt"/>
        <line num="63" count="0" type="stmt"/>
        <line num="66" count="0" type="stmt"/>
        <line num="67" count="0" type="stmt"/>
      </file>
      <file name="validation.ts" path="/Users/unson/Documents/Github/Unson-LLC/unson_os/src/lib/validation/validation.ts">
        <metrics statements="29" coveredstatements="0" conditionals="12" coveredconditionals="0" methods="5" coveredmethods="0"/>
        <line num="6" count="0" type="stmt"/>
        <line num="7" count="0" type="cond" truecount="0" falsecount="1"/>
        <line num="8" count="0" type="stmt"/>
        <line num="11" count="0" type="stmt"/>
        <line num="12" count="0" type="cond" truecount="0" falsecount="1"/>
        <line num="13" count="0" type="stmt"/>
        <line num="16" count="0" type="stmt"/>
        <line num="22" count="0" type="stmt"/>
        <line num="28" count="0" type="cond" truecount="0" falsecount="3"/>
        <line num="29" count="0" type="stmt"/>
        <line num="32" count="0" type="cond" truecount="0" falsecount="1"/>
        <line num="33" count="0" type="stmt"/>
        <line num="36" count="0" type="stmt"/>
        <line num="42" count="0" type="stmt"/>
        <line num="47" count="0" type="cond" truecount="0" falsecount="1"/>
        <line num="51" count="0" type="cond" truecount="0" falsecount="1"/>
        <line num="52" count="0" type="stmt"/>
        <line num="55" count="0" type="stmt"/>
        <line num="61" count="0" type="stmt"/>
        <line num="65" count="0" type="cond" truecount="0" falsecount="1"/>
        <line num="69" count="0" type="stmt"/>
        <line num="70" count="0" type="cond" truecount="0" falsecount="1"/>
        <line num="71" count="0" type="stmt"/>
        <line num="74" count="0" type="stmt"/>
        <line num="80" count="0" type="stmt"/>
        <line num="83" count="0" type="stmt"/>
        <line num="84" count="0" type="cond" truecount="0" falsecount="1"/>
        <line num="85" count="0" type="stmt"/>
        <line num="88" count="0" type="stmt"/>
      </file>
    </package>
  </project>
</coverage>
