{"/Users/unson/Documents/Github/Unson-LLC/unson_os/src/app/layout.tsx": {"path":"/Users/unson/Documents/Github/Unson-LLC/unson_os/src/app/layout.tsx","statementMap":{"0":{"start":{"line":6,"column":24},"end":{"line":6,"column":35}},"1":{"start":{"line":3,"column":7},"end":{"line":3,"column":null}},"2":{"start":{"line":4,"column":26},"end":{"line":4,"column":null}},"3":{"start":{"line":11,"column":2},"end":{"line":13,"column":null}},"4":{"start":{"line":12,"column":4},"end":{"line":12,"column":null}},"5":{"start":{"line":71,"column":33},"end":{"line":71,"column":null}},"6":{"start":{"line":72,"column":20},"end":{"line":75,"column":null}},"7":{"start":{"line":73,"column":22},"end":{"line":73,"column":null}},"8":{"start":{"line":74,"column":22},"end":{"line":74,"column":null}}},"fnMap":{"0":{"name":"RootLayout","decl":{"start":{"line":6,"column":24},"end":{"line":6,"column":35}},"loc":{"start":{"line":10,"column":1},"end":{"line":123,"column":null}}},"1":{"name":"(anonymous_2)","decl":{"start":{"line":11,"column":12},"end":{"line":11,"column":null}},"loc":{"start":{"line":11,"column":12},"end":{"line":13,"column":5}}},"2":{"name":"(anonymous_3)","decl":{"start":{"line":70,"column":27},"end":{"line":70,"column":null}},"loc":{"start":{"line":70,"column":27},"end":{"line":76,"column":null}}}},"branchMap":{"0":{"loc":{"start":{"line":72,"column":20},"end":{"line":75,"column":null}},"type":"if","locations":[{"start":{"line":72,"column":20},"end":{"line":75,"column":null}}]},"1":{"loc":{"start":{"line":74,"column":57},"end":{"line":74,"column":null}},"type":"cond-expr","locations":[{"start":{"line":74,"column":93},"end":{"line":74,"column":103}},{"start":{"line":74,"column":103},"end":{"line":74,"column":null}}]}},"s":{"0":0,"1":0,"2":0,"3":0,"4":0,"5":0,"6":0,"7":0,"8":0},"f":{"0":0,"1":0,"2":0},"b":{"0":[0],"1":[0,0]}}
,"/Users/unson/Documents/Github/Unson-LLC/unson_os/src/app/page.tsx": {"path":"/Users/unson/Documents/Github/Unson-LLC/unson_os/src/app/page.tsx","statementMap":{"0":{"start":{"line":6,"column":24},"end":{"line":6,"column":null}},"1":{"start":{"line":2,"column":29},"end":{"line":2,"column":null}},"2":{"start":{"line":3,"column":31},"end":{"line":3,"column":null}},"3":{"start":{"line":4,"column":27},"end":{"line":4,"column":null}},"4":{"start":{"line":28,"column":16},"end":{"line":29,"column":null}}},"fnMap":{"0":{"name":"HomePage","decl":{"start":{"line":6,"column":24},"end":{"line":6,"column":null}},"loc":{"start":{"line":6,"column":24},"end":{"line":142,"column":null}}},"1":{"name":"(anonymous_2)","decl":{"start":{"line":27,"column":20},"end":{"line":27,"column":21}},"loc":{"start":{"line":28,"column":16},"end":{"line":29,"column":null}}}},"branchMap":{"0":{"loc":{"start":{"line":31,"column":27},"end":{"line":31,"column":null}},"type":"binary-expr","locations":[{"start":{"line":31,"column":27},"end":{"line":31,"column":42}},{"start":{"line":31,"column":86},"end":{"line":31,"column":null}}]},"1":{"loc":{"start":{"line":33,"column":28},"end":{"line":33,"column":null}},"type":"binary-expr","locations":[{"start":{"line":33,"column":28},"end":{"line":33,"column":52}},{"start":{"line":33,"column":56},"end":{"line":33,"column":null}}]}},"s":{"0":0,"1":0,"2":0,"3":0,"4":0},"f":{"0":0,"1":0},"b":{"0":[0,0],"1":[0,0]}}
,"/Users/unson/Documents/Github/Unson-LLC/unson_os/src/app/(marketing)/about/page.tsx": {"path":"/Users/unson/Documents/Github/Unson-LLC/unson_os/src/app/(marketing)/about/page.tsx","statementMap":{"0":{"start":{"line":107,"column":24},"end":{"line":107,"column":null}},"1":{"start":{"line":5,"column":13},"end":{"line":5,"column":21}},"2":{"start":{"line":3,"column":27},"end":{"line":3,"column":null}},"3":{"start":{"line":5,"column":34},"end":{"line":12,"column":null}},"4":{"start":{"line":15,"column":20},"end":{"line":44,"column":null}},"5":{"start":{"line":47,"column":15},"end":{"line":68,"column":null}},"6":{"start":{"line":71,"column":19},"end":{"line":97,"column":null}},"7":{"start":{"line":100,"column":19},"end":{"line":105,"column":null}},"8":{"start":{"line":195,"column":14},"end":{"line":195,"column":31}},"9":{"start":{"line":223,"column":14},"end":{"line":223,"column":31}},"10":{"start":{"line":226,"column":53},"end":{"line":226,"column":66}},"11":{"start":{"line":240,"column":20},"end":{"line":240,"column":43}},"12":{"start":{"line":266,"column":16},"end":{"line":266,"column":33}},"13":{"start":{"line":296,"column":14},"end":{"line":296,"column":31}}},"fnMap":{"0":{"name":"AboutPage","decl":{"start":{"line":107,"column":24},"end":{"line":107,"column":null}},"loc":{"start":{"line":107,"column":24},"end":{"line":367,"column":1}}},"1":{"name":"(anonymous_4)","decl":{"start":{"line":194,"column":24},"end":{"line":194,"column":25}},"loc":{"start":{"line":195,"column":14},"end":{"line":195,"column":31}}},"2":{"name":"(anonymous_5)","decl":{"start":{"line":222,"column":29},"end":{"line":222,"column":30}},"loc":{"start":{"line":223,"column":14},"end":{"line":223,"column":31}}},"3":{"name":"(anonymous_6)","decl":{"start":{"line":226,"column":48},"end":{"line":226,"column":53}},"loc":{"start":{"line":226,"column":53},"end":{"line":226,"column":66}}},"4":{"name":"(anonymous_7)","decl":{"start":{"line":239,"column":40},"end":{"line":239,"column":41}},"loc":{"start":{"line":240,"column":20},"end":{"line":240,"column":43}}},"5":{"name":"(anonymous_8)","decl":{"start":{"line":265,"column":30},"end":{"line":265,"column":31}},"loc":{"start":{"line":266,"column":16},"end":{"line":266,"column":33}}},"6":{"name":"(anonymous_9)","decl":{"start":{"line":295,"column":28},"end":{"line":295,"column":29}},"loc":{"start":{"line":296,"column":14},"end":{"line":296,"column":31}}}},"branchMap":{"0":{"loc":{"start":{"line":268,"column":60},"end":{"line":268,"column":102}},"type":"cond-expr","locations":[{"start":{"line":268,"column":72},"end":{"line":268,"column":88}},{"start":{"line":268,"column":88},"end":{"line":268,"column":102}}]},"1":{"loc":{"start":{"line":269,"column":21},"end":{"line":269,"column":null}},"type":"binary-expr","locations":[{"start":{"line":269,"column":21},"end":{"line":269,"column":null}}]},"2":{"loc":{"start":{"line":270,"column":52},"end":{"line":270,"column":94}},"type":"cond-expr","locations":[{"start":{"line":270,"column":64},"end":{"line":270,"column":80}},{"start":{"line":270,"column":80},"end":{"line":270,"column":94}}]}},"s":{"0":0,"1":0,"2":0,"3":0,"4":0,"5":0,"6":0,"7":0,"8":0,"9":0,"10":0,"11":0,"12":0,"13":0},"f":{"0":0,"1":0,"2":0,"3":0,"4":0,"5":0,"6":0},"b":{"0":[0,0],"1":[0],"2":[0,0]}}
,"/Users/unson/Documents/Github/Unson-LLC/unson_os/src/app/(marketing)/careers/page.tsx": {"path":"/Users/unson/Documents/Github/Unson-LLC/unson_os/src/app/(marketing)/careers/page.tsx","statementMap":{"0":{"start":{"line":51,"column":24},"end":{"line":51,"column":null}},"1":{"start":{"line":6,"column":13},"end":{"line":6,"column":21}},"2":{"start":{"line":3,"column":32},"end":{"line":3,"column":null}},"3":{"start":{"line":4,"column":54},"end":{"line":4,"column":null}},"4":{"start":{"line":6,"column":34},"end":{"line":13,"column":null}},"5":{"start":{"line":17,"column":16},"end":{"line":48,"column":null}},"6":{"start":{"line":130,"column":14},"end":{"line":130,"column":31}},"7":{"start":{"line":157,"column":24},"end":{"line":157,"column":47}},"8":{"start":{"line":183,"column":14},"end":{"line":183,"column":31}},"9":{"start":{"line":210,"column":14},"end":{"line":210,"column":31}},"10":{"start":{"line":238,"column":16},"end":{"line":238,"column":33}}},"fnMap":{"0":{"name":"CareersPage","decl":{"start":{"line":51,"column":24},"end":{"line":51,"column":null}},"loc":{"start":{"line":51,"column":24},"end":{"line":280,"column":1}}},"1":{"name":"(anonymous_4)","decl":{"start":{"line":129,"column":30},"end":{"line":129,"column":31}},"loc":{"start":{"line":130,"column":14},"end":{"line":130,"column":31}}},"2":{"name":"(anonymous_5)","decl":{"start":{"line":156,"column":43},"end":{"line":156,"column":44}},"loc":{"start":{"line":157,"column":24},"end":{"line":157,"column":47}}},"3":{"name":"(anonymous_6)","decl":{"start":{"line":182,"column":31},"end":{"line":182,"column":32}},"loc":{"start":{"line":183,"column":14},"end":{"line":183,"column":31}}},"4":{"name":"(anonymous_7)","decl":{"start":{"line":209,"column":26},"end":{"line":209,"column":27}},"loc":{"start":{"line":210,"column":14},"end":{"line":210,"column":31}}},"5":{"name":"(anonymous_8)","decl":{"start":{"line":237,"column":27},"end":{"line":237,"column":28}},"loc":{"start":{"line":238,"column":16},"end":{"line":238,"column":33}}}},"branchMap":{},"s":{"0":0,"1":0,"2":0,"3":0,"4":0,"5":0,"6":0,"7":0,"8":0,"9":0,"10":0},"f":{"0":0,"1":0,"2":0,"3":0,"4":0,"5":0},"b":{}}
,"/Users/unson/Documents/Github/Unson-LLC/unson_os/src/app/(marketing)/community/page.tsx": {"path":"/Users/unson/Documents/Github/Unson-LLC/unson_os/src/app/(marketing)/community/page.tsx","statementMap":{"0":{"start":{"line":119,"column":24},"end":{"line":119,"column":null}},"1":{"start":{"line":6,"column":13},"end":{"line":6,"column":21}},"2":{"start":{"line":3,"column":31},"end":{"line":3,"column":null}},"3":{"start":{"line":4,"column":29},"end":{"line":4,"column":null}},"4":{"start":{"line":6,"column":34},"end":{"line":13,"column":null}},"5":{"start":{"line":16,"column":25},"end":{"line":57,"column":null}},"6":{"start":{"line":59,"column":24},"end":{"line":96,"column":null}},"7":{"start":{"line":98,"column":23},"end":{"line":117,"column":null}},"8":{"start":{"line":142,"column":16},"end":{"line":143,"column":null}},"9":{"start":{"line":195,"column":14},"end":{"line":195,"column":31}},"10":{"start":{"line":226,"column":14},"end":{"line":226,"column":31}},"11":{"start":{"line":279,"column":14},"end":{"line":279,"column":35}}},"fnMap":{"0":{"name":"CommunityPage","decl":{"start":{"line":119,"column":24},"end":{"line":119,"column":null}},"loc":{"start":{"line":119,"column":24},"end":{"line":369,"column":1}}},"1":{"name":"(anonymous_4)","decl":{"start":{"line":141,"column":20},"end":{"line":141,"column":21}},"loc":{"start":{"line":142,"column":16},"end":{"line":143,"column":null}}},"2":{"name":"(anonymous_5)","decl":{"start":{"line":194,"column":33},"end":{"line":194,"column":34}},"loc":{"start":{"line":195,"column":14},"end":{"line":195,"column":31}}},"3":{"name":"(anonymous_6)","decl":{"start":{"line":225,"column":32},"end":{"line":225,"column":33}},"loc":{"start":{"line":226,"column":14},"end":{"line":226,"column":31}}},"4":{"name":"(anonymous_7)","decl":{"start":{"line":278,"column":34},"end":{"line":278,"column":35}},"loc":{"start":{"line":279,"column":14},"end":{"line":279,"column":35}}}},"branchMap":{"0":{"loc":{"start":{"line":145,"column":27},"end":{"line":145,"column":null}},"type":"binary-expr","locations":[{"start":{"line":145,"column":27},"end":{"line":145,"column":42}},{"start":{"line":145,"column":86},"end":{"line":145,"column":null}}]},"1":{"loc":{"start":{"line":147,"column":28},"end":{"line":147,"column":null}},"type":"binary-expr","locations":[{"start":{"line":147,"column":28},"end":{"line":147,"column":52}},{"start":{"line":147,"column":56},"end":{"line":147,"column":null}}]}},"s":{"0":0,"1":0,"2":0,"3":0,"4":0,"5":0,"6":0,"7":0,"8":0,"9":0,"10":0,"11":0},"f":{"0":0,"1":0,"2":0,"3":0,"4":0},"b":{"0":[0,0],"1":[0,0]}}
,"/Users/unson/Documents/Github/Unson-LLC/unson_os/src/app/(marketing)/contact/page.tsx": {"path":"/Users/unson/Documents/Github/Unson-LLC/unson_os/src/app/(marketing)/contact/page.tsx","statementMap":{"0":{"start":{"line":20,"column":24},"end":{"line":20,"column":36}},"1":{"start":{"line":6,"column":13},"end":{"line":6,"column":21}},"2":{"start":{"line":3,"column":28},"end":{"line":3,"column":null}},"3":{"start":{"line":4,"column":40},"end":{"line":4,"column":null}},"4":{"start":{"line":6,"column":34},"end":{"line":13,"column":null}},"5":{"start":{"line":21,"column":22},"end":{"line":21,"column":null}},"6":{"start":{"line":41,"column":16},"end":{"line":41,"column":33}},"7":{"start":{"line":104,"column":18},"end":{"line":104,"column":null}}},"fnMap":{"0":{"name":"ContactPage","decl":{"start":{"line":20,"column":24},"end":{"line":20,"column":36}},"loc":{"start":{"line":20,"column":70},"end":{"line":130,"column":1}}},"1":{"name":"(anonymous_4)","decl":{"start":{"line":40,"column":34},"end":{"line":40,"column":35}},"loc":{"start":{"line":41,"column":16},"end":{"line":41,"column":33}}},"2":{"name":"(anonymous_5)","decl":{"start":{"line":103,"column":29},"end":{"line":103,"column":30}},"loc":{"start":{"line":104,"column":18},"end":{"line":104,"column":null}}}},"branchMap":{"0":{"loc":{"start":{"line":21,"column":22},"end":{"line":21,"column":null}},"type":"binary-expr","locations":[{"start":{"line":21,"column":22},"end":{"line":21,"column":39}},{"start":{"line":21,"column":43},"end":{"line":21,"column":null}}]}},"s":{"0":0,"1":0,"2":0,"3":0,"4":0,"5":0,"6":0,"7":0},"f":{"0":0,"1":0,"2":0},"b":{"0":[0,0]}}
,"/Users/unson/Documents/Github/Unson-LLC/unson_os/src/app/(marketing)/support/page.tsx": {"path":"/Users/unson/Documents/Github/Unson-LLC/unson_os/src/app/(marketing)/support/page.tsx","statementMap":{"0":{"start":{"line":42,"column":24},"end":{"line":42,"column":null}},"1":{"start":{"line":7,"column":13},"end":{"line":7,"column":21}},"2":{"start":{"line":2,"column":23},"end":{"line":2,"column":null}},"3":{"start":{"line":3,"column":28},"end":{"line":3,"column":null}},"4":{"start":{"line":4,"column":34},"end":{"line":4,"column":null}},"5":{"start":{"line":5,"column":30},"end":{"line":5,"column":null}},"6":{"start":{"line":7,"column":34},"end":{"line":14,"column":null}},"7":{"start":{"line":17,"column":23},"end":{"line":39,"column":null}},"8":{"start":{"line":81,"column":14},"end":{"line":81,"column":39}},"9":{"start":{"line":89,"column":20},"end":{"line":89,"column":44}},"10":{"start":{"line":119,"column":14},"end":{"line":119,"column":31}}},"fnMap":{"0":{"name":"SupportPage","decl":{"start":{"line":42,"column":24},"end":{"line":42,"column":null}},"loc":{"start":{"line":42,"column":24},"end":{"line":175,"column":1}}},"1":{"name":"(anonymous_4)","decl":{"start":{"line":80,"column":31},"end":{"line":80,"column":32}},"loc":{"start":{"line":81,"column":14},"end":{"line":81,"column":39}}},"2":{"name":"(anonymous_5)","decl":{"start":{"line":88,"column":37},"end":{"line":88,"column":38}},"loc":{"start":{"line":89,"column":20},"end":{"line":89,"column":44}}},"3":{"name":"(anonymous_6)","decl":{"start":{"line":118,"column":32},"end":{"line":118,"column":33}},"loc":{"start":{"line":119,"column":14},"end":{"line":119,"column":31}}}},"branchMap":{},"s":{"0":0,"1":0,"2":0,"3":0,"4":0,"5":0,"6":0,"7":0,"8":0,"9":0,"10":0},"f":{"0":0,"1":0,"2":0,"3":0},"b":{}}
,"/Users/unson/Documents/Github/Unson-LLC/unson_os/src/app/(product)/docs/page.tsx": {"path":"/Users/unson/Documents/Github/Unson-LLC/unson_os/src/app/(product)/docs/page.tsx","statementMap":{"0":{"start":{"line":173,"column":24},"end":{"line":173,"column":null}},"1":{"start":{"line":4,"column":23},"end":{"line":4,"column":null}},"2":{"start":{"line":5,"column":26},"end":{"line":5,"column":null}},"3":{"start":{"line":6,"column":39},"end":{"line":6,"column":null}},"4":{"start":{"line":10,"column":30},"end":{"line":93,"column":null}},"5":{"start":{"line":96,"column":20},"end":{"line":139,"column":null}},"6":{"start":{"line":142,"column":21},"end":{"line":171,"column":null}},"7":{"start":{"line":175,"column":28},"end":{"line":178,"column":null}},"8":{"start":{"line":180,"column":20},"end":{"line":183,"column":null}},"9":{"start":{"line":186,"column":33},"end":{"line":201,"column":null}},"10":{"start":{"line":187,"column":4},"end":{"line":187,"column":null}},"11":{"start":{"line":187,"column":23},"end":{"line":187,"column":null}},"12":{"start":{"line":188,"column":27},"end":{"line":188,"column":null}},"13":{"start":{"line":189,"column":4},"end":{"line":199,"column":null}},"14":{"start":{"line":189,"column":36},"end":{"line":196,"column":8}},"15":{"start":{"line":192,"column":8},"end":{"line":194,"column":null}},"16":{"start":{"line":197,"column":6},"end":{"line":199,"column":null}},"17":{"start":{"line":203,"column":27},"end":{"line":203,"column":null}},"18":{"start":{"line":205,"column":27},"end":{"line":205,"column":null}},"19":{"start":{"line":206,"column":22},"end":{"line":206,"column":null}},"20":{"start":{"line":209,"column":29},"end":{"line":212,"column":null}},"21":{"start":{"line":210,"column":4},"end":{"line":210,"column":null}},"22":{"start":{"line":211,"column":4},"end":{"line":211,"column":null}},"23":{"start":{"line":245,"column":25},"end":{"line":245,"column":null}},"24":{"start":{"line":259,"column":14},"end":{"line":259,"column":31}},"25":{"start":{"line":293,"column":14},"end":{"line":293,"column":31}},"26":{"start":{"line":307,"column":20},"end":{"line":307,"column":39}},"27":{"start":{"line":340,"column":14},"end":{"line":340,"column":31}}},"fnMap":{"0":{"name":"DocsPage","decl":{"start":{"line":173,"column":24},"end":{"line":173,"column":null}},"loc":{"start":{"line":173,"column":24},"end":{"line":413,"column":null}}},"1":{"name":"(anonymous_2)","decl":{"start":{"line":186,"column":33},"end":{"line":186,"column":34}},"loc":{"start":{"line":186,"column":51},"end":{"line":201,"column":null}}},"2":{"name":"(anonymous_3)","decl":{"start":{"line":189,"column":24},"end":{"line":189,"column":36}},"loc":{"start":{"line":189,"column":36},"end":{"line":196,"column":8}}},"3":{"name":"(anonymous_4)","decl":{"start":{"line":191,"column":34},"end":{"line":191,"column":35}},"loc":{"start":{"line":192,"column":8},"end":{"line":194,"column":null}}},"4":{"name":"(anonymous_5)","decl":{"start":{"line":196,"column":15},"end":{"line":196,"column":null}},"loc":{"start":{"line":197,"column":6},"end":{"line":199,"column":null}}},"5":{"name":"(anonymous_6)","decl":{"start":{"line":209,"column":29},"end":{"line":209,"column":30}},"loc":{"start":{"line":209,"column":30},"end":{"line":212,"column":null}}},"6":{"name":"(anonymous_7)","decl":{"start":{"line":245,"column":19},"end":{"line":245,"column":25}},"loc":{"start":{"line":245,"column":25},"end":{"line":245,"column":null}}},"7":{"name":"(anonymous_8)","decl":{"start":{"line":258,"column":49},"end":{"line":258,"column":50}},"loc":{"start":{"line":259,"column":14},"end":{"line":259,"column":31}}},"8":{"name":"(anonymous_9)","decl":{"start":{"line":292,"column":34},"end":{"line":292,"column":35}},"loc":{"start":{"line":293,"column":14},"end":{"line":293,"column":31}}},"9":{"name":"(anonymous_10)","decl":{"start":{"line":306,"column":37},"end":{"line":306,"column":38}},"loc":{"start":{"line":307,"column":20},"end":{"line":307,"column":39}}},"10":{"name":"(anonymous_11)","decl":{"start":{"line":339,"column":41},"end":{"line":339,"column":42}},"loc":{"start":{"line":340,"column":14},"end":{"line":340,"column":31}}}},"branchMap":{"0":{"loc":{"start":{"line":187,"column":4},"end":{"line":187,"column":null}},"type":"if","locations":[{"start":{"line":187,"column":4},"end":{"line":187,"column":null}}]},"1":{"loc":{"start":{"line":192,"column":8},"end":{"line":194,"column":null}},"type":"binary-expr","locations":[{"start":{"line":192,"column":8},"end":{"line":192,"column":null}},{"start":{"line":193,"column":8},"end":{"line":193,"column":null}},{"start":{"line":194,"column":8},"end":{"line":194,"column":null}}]},"2":{"loc":{"start":{"line":197,"column":6},"end":{"line":199,"column":null}},"type":"binary-expr","locations":[{"start":{"line":197,"column":6},"end":{"line":197,"column":null}},{"start":{"line":198,"column":6},"end":{"line":198,"column":null}},{"start":{"line":199,"column":6},"end":{"line":199,"column":null}}]},"3":{"loc":{"start":{"line":205,"column":27},"end":{"line":205,"column":null}},"type":"binary-expr","locations":[{"start":{"line":205,"column":27},"end":{"line":205,"column":73}},{"start":{"line":205,"column":73},"end":{"line":205,"column":104}},{"start":{"line":205,"column":104},"end":{"line":205,"column":null}}]},"4":{"loc":{"start":{"line":242,"column":7},"end":{"line":242,"column":22}},"type":"binary-expr","locations":[{"start":{"line":242,"column":7},"end":{"line":242,"column":22}},{"start":{"line":242,"column":22},"end":{"line":242,"column":null}}]},"5":{"loc":{"start":{"line":251,"column":8},"end":{"line":251,"column":24}},"type":"binary-expr","locations":[{"start":{"line":251,"column":8},"end":{"line":251,"column":24}},{"start":{"line":251,"column":24},"end":{"line":251,"column":null}}]},"6":{"loc":{"start":{"line":285,"column":8},"end":{"line":285,"column":24}},"type":"binary-expr","locations":[{"start":{"line":285,"column":8},"end":{"line":285,"column":24}},{"start":{"line":285,"column":24},"end":{"line":285,"column":null}}]},"7":{"loc":{"start":{"line":310,"column":26},"end":{"line":312,"column":null}},"type":"cond-expr","locations":[{"start":{"line":310,"column":50},"end":{"line":310,"column":null}},{"start":{"line":311,"column":26},"end":{"line":312,"column":null}}]},"8":{"loc":{"start":{"line":311,"column":26},"end":{"line":312,"column":null}},"type":"cond-expr","locations":[{"start":{"line":311,"column":54},"end":{"line":311,"column":null}},{"start":{"line":312,"column":26},"end":{"line":312,"column":null}}]},"9":{"loc":{"start":{"line":332,"column":8},"end":{"line":332,"column":24}},"type":"binary-expr","locations":[{"start":{"line":332,"column":8},"end":{"line":332,"column":24}},{"start":{"line":332,"column":24},"end":{"line":332,"column":null}}]}},"s":{"0":0,"1":0,"2":0,"3":0,"4":0,"5":0,"6":0,"7":0,"8":0,"9":0,"10":0,"11":0,"12":0,"13":0,"14":0,"15":0,"16":0,"17":0,"18":0,"19":0,"20":0,"21":0,"22":0,"23":0,"24":0,"25":0,"26":0,"27":0},"f":{"0":0,"1":0,"2":0,"3":0,"4":0,"5":0,"6":0,"7":0,"8":0,"9":0,"10":0},"b":{"0":[0],"1":[0,0,0],"2":[0,0,0],"3":[0,0,0],"4":[0,0],"5":[0,0],"6":[0,0],"7":[0,0],"8":[0,0],"9":[0,0]}}
,"/Users/unson/Documents/Github/Unson-LLC/unson_os/src/app/(product)/docs/dao/capabilities/page.tsx": {"path":"/Users/unson/Documents/Github/Unson-LLC/unson_os/src/app/(product)/docs/dao/capabilities/page.tsx","statementMap":{"0":{"start":{"line":341,"column":24},"end":{"line":341,"column":null}},"1":{"start":{"line":6,"column":13},"end":{"line":6,"column":21}},"2":{"start":{"line":2,"column":31},"end":{"line":2,"column":null}},"3":{"start":{"line":3,"column":27},"end":{"line":3,"column":null}},"4":{"start":{"line":4,"column":27},"end":{"line":4,"column":null}},"5":{"start":{"line":6,"column":34},"end":{"line":13,"column":null}},"6":{"start":{"line":15,"column":29},"end":{"line":41,"column":null}},"7":{"start":{"line":43,"column":22},"end":{"line":48,"column":null}},"8":{"start":{"line":50,"column":24},"end":{"line":59,"column":null}},"9":{"start":{"line":61,"column":29},"end":{"line":65,"column":null}},"10":{"start":{"line":67,"column":23},"end":{"line":98,"column":null}},"11":{"start":{"line":100,"column":24},"end":{"line":104,"column":null}},"12":{"start":{"line":106,"column":27},"end":{"line":122,"column":null}},"13":{"start":{"line":124,"column":31},"end":{"line":153,"column":null}},"14":{"start":{"line":155,"column":23},"end":{"line":161,"column":null}},"15":{"start":{"line":163,"column":28},"end":{"line":184,"column":null}},"16":{"start":{"line":186,"column":27},"end":{"line":191,"column":null}},"17":{"start":{"line":193,"column":26},"end":{"line":199,"column":null}},"18":{"start":{"line":201,"column":24},"end":{"line":205,"column":null}},"19":{"start":{"line":207,"column":25},"end":{"line":213,"column":null}},"20":{"start":{"line":215,"column":26},"end":{"line":219,"column":null}},"21":{"start":{"line":221,"column":19},"end":{"line":242,"column":null}},"22":{"start":{"line":244,"column":22},"end":{"line":265,"column":null}},"23":{"start":{"line":267,"column":32},"end":{"line":271,"column":null}},"24":{"start":{"line":273,"column":23},"end":{"line":301,"column":null}},"25":{"start":{"line":303,"column":16},"end":{"line":324,"column":null}},"26":{"start":{"line":326,"column":21},"end":{"line":339,"column":null}},"27":{"start":{"line":409,"column":18},"end":{"line":409,"column":35}},"28":{"start":{"line":493,"column":18},"end":{"line":493,"column":35}},"29":{"start":{"line":534,"column":20},"end":{"line":534,"column":37}},"30":{"start":{"line":560,"column":18},"end":{"line":560,"column":35}},"31":{"start":{"line":578,"column":28},"end":{"line":578,"column":47}},"32":{"start":{"line":625,"column":20},"end":{"line":625,"column":37}},"33":{"start":{"line":640,"column":20},"end":{"line":640,"column":36}},"34":{"start":{"line":654,"column":20},"end":{"line":654,"column":37}},"35":{"start":{"line":696,"column":20},"end":{"line":696,"column":36}},"36":{"start":{"line":711,"column":24},"end":{"line":711,"column":40}},"37":{"start":{"line":727,"column":20},"end":{"line":727,"column":37}},"38":{"start":{"line":759,"column":20},"end":{"line":759,"column":37}},"39":{"start":{"line":776,"column":22},"end":{"line":776,"column":38}},"40":{"start":{"line":798,"column":16},"end":{"line":798,"column":33}},"41":{"start":{"line":815,"column":26},"end":{"line":815,"column":47}},"42":{"start":{"line":839,"column":16},"end":{"line":839,"column":33}},"43":{"start":{"line":862,"column":16},"end":{"line":862,"column":33}}},"fnMap":{"0":{"name":"DAOCapabilitiesPage","decl":{"start":{"line":341,"column":24},"end":{"line":341,"column":null}},"loc":{"start":{"line":341,"column":24},"end":{"line":900,"column":1}}},"1":{"name":"(anonymous_4)","decl":{"start":{"line":408,"column":42},"end":{"line":408,"column":43}},"loc":{"start":{"line":409,"column":18},"end":{"line":409,"column":35}}},"2":{"name":"(anonymous_5)","decl":{"start":{"line":492,"column":36},"end":{"line":492,"column":37}},"loc":{"start":{"line":493,"column":18},"end":{"line":493,"column":35}}},"3":{"name":"(anonymous_6)","decl":{"start":{"line":533,"column":42},"end":{"line":533,"column":43}},"loc":{"start":{"line":534,"column":20},"end":{"line":534,"column":37}}},"4":{"name":"(anonymous_7)","decl":{"start":{"line":559,"column":44},"end":{"line":559,"column":45}},"loc":{"start":{"line":560,"column":18},"end":{"line":560,"column":35}}},"5":{"name":"(anonymous_8)","decl":{"start":{"line":577,"column":48},"end":{"line":577,"column":49}},"loc":{"start":{"line":578,"column":28},"end":{"line":578,"column":47}}},"6":{"name":"(anonymous_9)","decl":{"start":{"line":624,"column":43},"end":{"line":624,"column":44}},"loc":{"start":{"line":625,"column":20},"end":{"line":625,"column":37}}},"7":{"name":"(anonymous_10)","decl":{"start":{"line":639,"column":42},"end":{"line":639,"column":43}},"loc":{"start":{"line":640,"column":20},"end":{"line":640,"column":36}}},"8":{"name":"(anonymous_11)","decl":{"start":{"line":653,"column":41},"end":{"line":653,"column":42}},"loc":{"start":{"line":654,"column":20},"end":{"line":654,"column":37}}},"9":{"name":"(anonymous_12)","decl":{"start":{"line":695,"column":40},"end":{"line":695,"column":41}},"loc":{"start":{"line":696,"column":20},"end":{"line":696,"column":36}}},"10":{"name":"(anonymous_13)","decl":{"start":{"line":710,"column":45},"end":{"line":710,"column":46}},"loc":{"start":{"line":711,"column":24},"end":{"line":711,"column":40}}},"11":{"name":"(anonymous_14)","decl":{"start":{"line":726,"column":34},"end":{"line":726,"column":35}},"loc":{"start":{"line":727,"column":20},"end":{"line":727,"column":37}}},"12":{"name":"(anonymous_15)","decl":{"start":{"line":758,"column":37},"end":{"line":758,"column":38}},"loc":{"start":{"line":759,"column":20},"end":{"line":759,"column":37}}},"13":{"name":"(anonymous_16)","decl":{"start":{"line":775,"column":49},"end":{"line":775,"column":50}},"loc":{"start":{"line":776,"column":22},"end":{"line":776,"column":38}}},"14":{"name":"(anonymous_17)","decl":{"start":{"line":797,"column":34},"end":{"line":797,"column":35}},"loc":{"start":{"line":798,"column":16},"end":{"line":798,"column":33}}},"15":{"name":"(anonymous_18)","decl":{"start":{"line":814,"column":40},"end":{"line":814,"column":41}},"loc":{"start":{"line":815,"column":26},"end":{"line":815,"column":47}}},"16":{"name":"(anonymous_19)","decl":{"start":{"line":838,"column":27},"end":{"line":838,"column":28}},"loc":{"start":{"line":839,"column":16},"end":{"line":839,"column":33}}},"17":{"name":"(anonymous_20)","decl":{"start":{"line":861,"column":32},"end":{"line":861,"column":33}},"loc":{"start":{"line":862,"column":16},"end":{"line":862,"column":33}}}},"branchMap":{"0":{"loc":{"start":{"line":565,"column":23},"end":{"line":565,"column":null}},"type":"binary-expr","locations":[{"start":{"line":565,"column":23},"end":{"line":565,"column":null}}]},"1":{"loc":{"start":{"line":803,"column":21},"end":{"line":803,"column":null}},"type":"binary-expr","locations":[{"start":{"line":803,"column":21},"end":{"line":803,"column":null}}]}},"s":{"0":0,"1":0,"2":0,"3":0,"4":0,"5":0,"6":0,"7":0,"8":0,"9":0,"10":0,"11":0,"12":0,"13":0,"14":0,"15":0,"16":0,"17":0,"18":0,"19":0,"20":0,"21":0,"22":0,"23":0,"24":0,"25":0,"26":0,"27":0,"28":0,"29":0,"30":0,"31":0,"32":0,"33":0,"34":0,"35":0,"36":0,"37":0,"38":0,"39":0,"40":0,"41":0,"42":0,"43":0},"f":{"0":0,"1":0,"2":0,"3":0,"4":0,"5":0,"6":0,"7":0,"8":0,"9":0,"10":0,"11":0,"12":0,"13":0,"14":0,"15":0,"16":0,"17":0},"b":{"0":[0],"1":[0]}}
,"/Users/unson/Documents/Github/Unson-LLC/unson_os/src/app/(product)/docs/dao/concept/page.tsx": {"path":"/Users/unson/Documents/Github/Unson-LLC/unson_os/src/app/(product)/docs/dao/concept/page.tsx","statementMap":{"0":{"start":{"line":367,"column":24},"end":{"line":367,"column":null}},"1":{"start":{"line":6,"column":13},"end":{"line":6,"column":21}},"2":{"start":{"line":2,"column":31},"end":{"line":2,"column":null}},"3":{"start":{"line":3,"column":27},"end":{"line":3,"column":null}},"4":{"start":{"line":4,"column":27},"end":{"line":4,"column":null}},"5":{"start":{"line":6,"column":34},"end":{"line":13,"column":null}},"6":{"start":{"line":15,"column":25},"end":{"line":20,"column":null}},"7":{"start":{"line":22,"column":19},"end":{"line":51,"column":null}},"8":{"start":{"line":53,"column":25},"end":{"line":58,"column":null}},"9":{"start":{"line":60,"column":23},"end":{"line":78,"column":null}},"10":{"start":{"line":80,"column":31},"end":{"line":85,"column":null}},"11":{"start":{"line":87,"column":27},"end":{"line":92,"column":null}},"12":{"start":{"line":94,"column":32},"end":{"line":99,"column":null}},"13":{"start":{"line":101,"column":37},"end":{"line":106,"column":null}},"14":{"start":{"line":108,"column":24},"end":{"line":116,"column":null}},"15":{"start":{"line":118,"column":25},"end":{"line":122,"column":null}},"16":{"start":{"line":124,"column":28},"end":{"line":133,"column":null}},"17":{"start":{"line":135,"column":25},"end":{"line":156,"column":null}},"18":{"start":{"line":158,"column":30},"end":{"line":163,"column":null}},"19":{"start":{"line":165,"column":23},"end":{"line":174,"column":null}},"20":{"start":{"line":176,"column":32},"end":{"line":180,"column":null}},"21":{"start":{"line":182,"column":27},"end":{"line":193,"column":null}},"22":{"start":{"line":195,"column":25},"end":{"line":199,"column":null}},"23":{"start":{"line":201,"column":29},"end":{"line":205,"column":null}},"24":{"start":{"line":207,"column":28},"end":{"line":212,"column":null}},"25":{"start":{"line":214,"column":25},"end":{"line":227,"column":null}},"26":{"start":{"line":229,"column":23},"end":{"line":248,"column":null}},"27":{"start":{"line":250,"column":28},"end":{"line":253,"column":null}},"28":{"start":{"line":255,"column":28},"end":{"line":263,"column":null}},"29":{"start":{"line":265,"column":25},"end":{"line":269,"column":null}},"30":{"start":{"line":271,"column":30},"end":{"line":296,"column":null}},"31":{"start":{"line":298,"column":19},"end":{"line":303,"column":null}},"32":{"start":{"line":305,"column":16},"end":{"line":309,"column":null}},"33":{"start":{"line":311,"column":21},"end":{"line":336,"column":null}},"34":{"start":{"line":338,"column":34},"end":{"line":359,"column":null}},"35":{"start":{"line":361,"column":25},"end":{"line":365,"column":null}},"36":{"start":{"line":470,"column":16},"end":{"line":470,"column":33}},"37":{"start":{"line":478,"column":26},"end":{"line":478,"column":48}},"38":{"start":{"line":494,"column":18},"end":{"line":494,"column":35}},"39":{"start":{"line":523,"column":22},"end":{"line":523,"column":39}},"40":{"start":{"line":563,"column":18},"end":{"line":563,"column":35}},"41":{"start":{"line":570,"column":24},"end":{"line":570,"column":44}},"42":{"start":{"line":582,"column":18},"end":{"line":582,"column":35}},"43":{"start":{"line":597,"column":18},"end":{"line":597,"column":35}},"44":{"start":{"line":637,"column":22},"end":{"line":637,"column":null}},"45":{"start":{"line":660,"column":24},"end":{"line":660,"column":40}},"46":{"start":{"line":674,"column":20},"end":{"line":674,"column":36}},"47":{"start":{"line":687,"column":18},"end":{"line":687,"column":null}},"48":{"start":{"line":691,"column":24},"end":{"line":691,"column":46}},"49":{"start":{"line":716,"column":18},"end":{"line":716,"column":35}},"50":{"start":{"line":738,"column":20},"end":{"line":738,"column":36}},"51":{"start":{"line":761,"column":18},"end":{"line":761,"column":35}},"52":{"start":{"line":766,"column":24},"end":{"line":766,"column":46}},"53":{"start":{"line":776,"column":18},"end":{"line":776,"column":35}},"54":{"start":{"line":781,"column":24},"end":{"line":781,"column":46}},"55":{"start":{"line":793,"column":18},"end":{"line":793,"column":35}},"56":{"start":{"line":798,"column":24},"end":{"line":798,"column":49}},"57":{"start":{"line":812,"column":18},"end":{"line":812,"column":35}},"58":{"start":{"line":817,"column":24},"end":{"line":817,"column":47}},"59":{"start":{"line":830,"column":20},"end":{"line":830,"column":null}},"60":{"start":{"line":842,"column":20},"end":{"line":842,"column":36}},"61":{"start":{"line":856,"column":20},"end":{"line":856,"column":37}},"62":{"start":{"line":868,"column":20},"end":{"line":868,"column":null}},"63":{"start":{"line":872,"column":26},"end":{"line":872,"column":49}},"64":{"start":{"line":895,"column":18},"end":{"line":895,"column":35}},"65":{"start":{"line":911,"column":26},"end":{"line":911,"column":49}},"66":{"start":{"line":925,"column":20},"end":{"line":925,"column":37}},"67":{"start":{"line":941,"column":22},"end":{"line":941,"column":38}},"68":{"start":{"line":961,"column":22},"end":{"line":961,"column":38}},"69":{"start":{"line":986,"column":18},"end":{"line":986,"column":35}},"70":{"start":{"line":1002,"column":32},"end":{"line":1002,"column":49}},"71":{"start":{"line":1014,"column":32},"end":{"line":1014,"column":49}},"72":{"start":{"line":1033,"column":18},"end":{"line":1033,"column":35}},"73":{"start":{"line":1037,"column":24},"end":{"line":1037,"column":45}},"74":{"start":{"line":1052,"column":18},"end":{"line":1052,"column":null}},"75":{"start":{"line":1056,"column":24},"end":{"line":1056,"column":48}},"76":{"start":{"line":1078,"column":16},"end":{"line":1078,"column":33}},"77":{"start":{"line":1092,"column":26},"end":{"line":1092,"column":null}},"78":{"start":{"line":1136,"column":18},"end":{"line":1136,"column":35}},"79":{"start":{"line":1143,"column":28},"end":{"line":1143,"column":53}},"80":{"start":{"line":1161,"column":18},"end":{"line":1161,"column":35}},"81":{"start":{"line":1168,"column":24},"end":{"line":1168,"column":46}}},"fnMap":{"0":{"name":"DAOConceptPage","decl":{"start":{"line":367,"column":24},"end":{"line":367,"column":null}},"loc":{"start":{"line":367,"column":24},"end":{"line":1271,"column":1}}},"1":{"name":"(anonymous_4)","decl":{"start":{"line":469,"column":30},"end":{"line":469,"column":31}},"loc":{"start":{"line":470,"column":16},"end":{"line":470,"column":33}}},"2":{"name":"(anonymous_5)","decl":{"start":{"line":477,"column":43},"end":{"line":477,"column":44}},"loc":{"start":{"line":478,"column":26},"end":{"line":478,"column":48}}},"3":{"name":"(anonymous_6)","decl":{"start":{"line":493,"column":38},"end":{"line":493,"column":39}},"loc":{"start":{"line":494,"column":18},"end":{"line":494,"column":35}}},"4":{"name":"(anonymous_7)","decl":{"start":{"line":522,"column":59},"end":{"line":522,"column":60}},"loc":{"start":{"line":523,"column":22},"end":{"line":523,"column":39}}},"5":{"name":"(anonymous_8)","decl":{"start":{"line":562,"column":44},"end":{"line":562,"column":45}},"loc":{"start":{"line":563,"column":18},"end":{"line":563,"column":35}}},"6":{"name":"(anonymous_9)","decl":{"start":{"line":569,"column":50},"end":{"line":569,"column":51}},"loc":{"start":{"line":570,"column":24},"end":{"line":570,"column":44}}},"7":{"name":"(anonymous_10)","decl":{"start":{"line":581,"column":40},"end":{"line":581,"column":41}},"loc":{"start":{"line":582,"column":18},"end":{"line":582,"column":35}}},"8":{"name":"(anonymous_11)","decl":{"start":{"line":596,"column":45},"end":{"line":596,"column":46}},"loc":{"start":{"line":597,"column":18},"end":{"line":597,"column":35}}},"9":{"name":"(anonymous_12)","decl":{"start":{"line":636,"column":54},"end":{"line":636,"column":55}},"loc":{"start":{"line":637,"column":22},"end":{"line":637,"column":null}}},"10":{"name":"(anonymous_13)","decl":{"start":{"line":659,"column":52},"end":{"line":659,"column":53}},"loc":{"start":{"line":660,"column":24},"end":{"line":660,"column":40}}},"11":{"name":"(anonymous_14)","decl":{"start":{"line":673,"column":40},"end":{"line":673,"column":41}},"loc":{"start":{"line":674,"column":20},"end":{"line":674,"column":36}}},"12":{"name":"(anonymous_15)","decl":{"start":{"line":686,"column":41},"end":{"line":686,"column":42}},"loc":{"start":{"line":687,"column":18},"end":{"line":687,"column":null}}},"13":{"name":"(anonymous_16)","decl":{"start":{"line":690,"column":45},"end":{"line":690,"column":46}},"loc":{"start":{"line":691,"column":24},"end":{"line":691,"column":46}}},"14":{"name":"(anonymous_17)","decl":{"start":{"line":715,"column":38},"end":{"line":715,"column":39}},"loc":{"start":{"line":716,"column":18},"end":{"line":716,"column":35}}},"15":{"name":"(anonymous_18)","decl":{"start":{"line":737,"column":45},"end":{"line":737,"column":46}},"loc":{"start":{"line":738,"column":20},"end":{"line":738,"column":36}}},"16":{"name":"(anonymous_19)","decl":{"start":{"line":760,"column":47},"end":{"line":760,"column":48}},"loc":{"start":{"line":761,"column":18},"end":{"line":761,"column":35}}},"17":{"name":"(anonymous_20)","decl":{"start":{"line":765,"column":40},"end":{"line":765,"column":41}},"loc":{"start":{"line":766,"column":24},"end":{"line":766,"column":46}}},"18":{"name":"(anonymous_21)","decl":{"start":{"line":775,"column":44},"end":{"line":775,"column":45}},"loc":{"start":{"line":776,"column":18},"end":{"line":776,"column":35}}},"19":{"name":"(anonymous_22)","decl":{"start":{"line":780,"column":40},"end":{"line":780,"column":41}},"loc":{"start":{"line":781,"column":24},"end":{"line":781,"column":46}}},"20":{"name":"(anonymous_23)","decl":{"start":{"line":792,"column":45},"end":{"line":792,"column":46}},"loc":{"start":{"line":793,"column":18},"end":{"line":793,"column":35}}},"21":{"name":"(anonymous_24)","decl":{"start":{"line":797,"column":45},"end":{"line":797,"column":46}},"loc":{"start":{"line":798,"column":24},"end":{"line":798,"column":49}}},"22":{"name":"(anonymous_25)","decl":{"start":{"line":811,"column":40},"end":{"line":811,"column":41}},"loc":{"start":{"line":812,"column":18},"end":{"line":812,"column":35}}},"23":{"name":"(anonymous_26)","decl":{"start":{"line":816,"column":43},"end":{"line":816,"column":44}},"loc":{"start":{"line":817,"column":24},"end":{"line":817,"column":47}}},"24":{"name":"(anonymous_27)","decl":{"start":{"line":829,"column":40},"end":{"line":829,"column":41}},"loc":{"start":{"line":830,"column":20},"end":{"line":830,"column":null}}},"25":{"name":"(anonymous_28)","decl":{"start":{"line":841,"column":44},"end":{"line":841,"column":45}},"loc":{"start":{"line":842,"column":20},"end":{"line":842,"column":36}}},"26":{"name":"(anonymous_29)","decl":{"start":{"line":855,"column":43},"end":{"line":855,"column":44}},"loc":{"start":{"line":856,"column":20},"end":{"line":856,"column":37}}},"27":{"name":"(anonymous_30)","decl":{"start":{"line":867,"column":40},"end":{"line":867,"column":41}},"loc":{"start":{"line":868,"column":20},"end":{"line":868,"column":null}}},"28":{"name":"(anonymous_31)","decl":{"start":{"line":871,"column":47},"end":{"line":871,"column":48}},"loc":{"start":{"line":872,"column":26},"end":{"line":872,"column":49}}},"29":{"name":"(anonymous_32)","decl":{"start":{"line":894,"column":36},"end":{"line":894,"column":37}},"loc":{"start":{"line":895,"column":18},"end":{"line":895,"column":35}}},"30":{"name":"(anonymous_33)","decl":{"start":{"line":910,"column":48},"end":{"line":910,"column":49}},"loc":{"start":{"line":911,"column":26},"end":{"line":911,"column":49}}},"31":{"name":"(anonymous_34)","decl":{"start":{"line":924,"column":43},"end":{"line":924,"column":44}},"loc":{"start":{"line":925,"column":20},"end":{"line":925,"column":37}}},"32":{"name":"(anonymous_35)","decl":{"start":{"line":940,"column":51},"end":{"line":940,"column":52}},"loc":{"start":{"line":941,"column":22},"end":{"line":941,"column":38}}},"33":{"name":"(anonymous_36)","decl":{"start":{"line":960,"column":42},"end":{"line":960,"column":43}},"loc":{"start":{"line":961,"column":22},"end":{"line":961,"column":38}}},"34":{"name":"(anonymous_37)","decl":{"start":{"line":985,"column":43},"end":{"line":985,"column":44}},"loc":{"start":{"line":986,"column":18},"end":{"line":986,"column":35}}},"35":{"name":"(anonymous_38)","decl":{"start":{"line":1001,"column":52},"end":{"line":1001,"column":53}},"loc":{"start":{"line":1002,"column":32},"end":{"line":1002,"column":49}}},"36":{"name":"(anonymous_39)","decl":{"start":{"line":1013,"column":47},"end":{"line":1013,"column":48}},"loc":{"start":{"line":1014,"column":32},"end":{"line":1014,"column":49}}},"37":{"name":"(anonymous_40)","decl":{"start":{"line":1032,"column":32},"end":{"line":1032,"column":33}},"loc":{"start":{"line":1033,"column":18},"end":{"line":1033,"column":35}}},"38":{"name":"(anonymous_41)","decl":{"start":{"line":1036,"column":38},"end":{"line":1036,"column":39}},"loc":{"start":{"line":1037,"column":24},"end":{"line":1037,"column":45}}},"39":{"name":"(anonymous_42)","decl":{"start":{"line":1051,"column":29},"end":{"line":1051,"column":30}},"loc":{"start":{"line":1052,"column":18},"end":{"line":1052,"column":null}}},"40":{"name":"(anonymous_43)","decl":{"start":{"line":1055,"column":39},"end":{"line":1055,"column":40}},"loc":{"start":{"line":1056,"column":24},"end":{"line":1056,"column":48}}},"41":{"name":"(anonymous_44)","decl":{"start":{"line":1077,"column":32},"end":{"line":1077,"column":33}},"loc":{"start":{"line":1078,"column":16},"end":{"line":1078,"column":33}}},"42":{"name":"(anonymous_45)","decl":{"start":{"line":1091,"column":44},"end":{"line":1091,"column":45}},"loc":{"start":{"line":1092,"column":26},"end":{"line":1092,"column":null}}},"43":{"name":"(anonymous_46)","decl":{"start":{"line":1135,"column":47},"end":{"line":1135,"column":48}},"loc":{"start":{"line":1136,"column":18},"end":{"line":1136,"column":35}}},"44":{"name":"(anonymous_47)","decl":{"start":{"line":1142,"column":47},"end":{"line":1142,"column":48}},"loc":{"start":{"line":1143,"column":28},"end":{"line":1143,"column":53}}},"45":{"name":"(anonymous_48)","decl":{"start":{"line":1160,"column":38},"end":{"line":1160,"column":39}},"loc":{"start":{"line":1161,"column":18},"end":{"line":1161,"column":35}}},"46":{"name":"(anonymous_49)","decl":{"start":{"line":1167,"column":40},"end":{"line":1167,"column":41}},"loc":{"start":{"line":1168,"column":24},"end":{"line":1168,"column":46}}}},"branchMap":{"0":{"loc":{"start":{"line":1096,"column":32},"end":{"line":1098,"column":null}},"type":"cond-expr","locations":[{"start":{"line":1096,"column":54},"end":{"line":1096,"column":null}},{"start":{"line":1097,"column":32},"end":{"line":1098,"column":null}}]},"1":{"loc":{"start":{"line":1097,"column":32},"end":{"line":1098,"column":null}},"type":"cond-expr","locations":[{"start":{"line":1097,"column":54},"end":{"line":1097,"column":null}},{"start":{"line":1098,"column":32},"end":{"line":1098,"column":null}}]},"2":{"loc":{"start":{"line":1105,"column":32},"end":{"line":1107,"column":null}},"type":"cond-expr","locations":[{"start":{"line":1105,"column":59},"end":{"line":1105,"column":null}},{"start":{"line":1106,"column":32},"end":{"line":1107,"column":null}}]},"3":{"loc":{"start":{"line":1106,"column":32},"end":{"line":1107,"column":null}},"type":"cond-expr","locations":[{"start":{"line":1106,"column":59},"end":{"line":1106,"column":null}},{"start":{"line":1107,"column":32},"end":{"line":1107,"column":null}}]}},"s":{"0":0,"1":0,"2":0,"3":0,"4":0,"5":0,"6":0,"7":0,"8":0,"9":0,"10":0,"11":0,"12":0,"13":0,"14":0,"15":0,"16":0,"17":0,"18":0,"19":0,"20":0,"21":0,"22":0,"23":0,"24":0,"25":0,"26":0,"27":0,"28":0,"29":0,"30":0,"31":0,"32":0,"33":0,"34":0,"35":0,"36":0,"37":0,"38":0,"39":0,"40":0,"41":0,"42":0,"43":0,"44":0,"45":0,"46":0,"47":0,"48":0,"49":0,"50":0,"51":0,"52":0,"53":0,"54":0,"55":0,"56":0,"57":0,"58":0,"59":0,"60":0,"61":0,"62":0,"63":0,"64":0,"65":0,"66":0,"67":0,"68":0,"69":0,"70":0,"71":0,"72":0,"73":0,"74":0,"75":0,"76":0,"77":0,"78":0,"79":0,"80":0,"81":0},"f":{"0":0,"1":0,"2":0,"3":0,"4":0,"5":0,"6":0,"7":0,"8":0,"9":0,"10":0,"11":0,"12":0,"13":0,"14":0,"15":0,"16":0,"17":0,"18":0,"19":0,"20":0,"21":0,"22":0,"23":0,"24":0,"25":0,"26":0,"27":0,"28":0,"29":0,"30":0,"31":0,"32":0,"33":0,"34":0,"35":0,"36":0,"37":0,"38":0,"39":0,"40":0,"41":0,"42":0,"43":0,"44":0,"45":0,"46":0},"b":{"0":[0,0],"1":[0,0],"2":[0,0],"3":[0,0]}}
,"/Users/unson/Documents/Github/Unson-LLC/unson_os/src/app/(product)/docs/dao/guide/page.tsx": {"path":"/Users/unson/Documents/Github/Unson-LLC/unson_os/src/app/(product)/docs/dao/guide/page.tsx","statementMap":{"0":{"start":{"line":229,"column":24},"end":{"line":229,"column":null}},"1":{"start":{"line":6,"column":13},"end":{"line":6,"column":21}},"2":{"start":{"line":2,"column":31},"end":{"line":2,"column":null}},"3":{"start":{"line":3,"column":27},"end":{"line":3,"column":null}},"4":{"start":{"line":4,"column":27},"end":{"line":4,"column":null}},"5":{"start":{"line":6,"column":34},"end":{"line":13,"column":null}},"6":{"start":{"line":15,"column":18},"end":{"line":37,"column":null}},"7":{"start":{"line":39,"column":22},"end":{"line":55,"column":null}},"8":{"start":{"line":57,"column":25},"end":{"line":74,"column":null}},"9":{"start":{"line":76,"column":26},"end":{"line":87,"column":null}},"10":{"start":{"line":89,"column":17},"end":{"line":105,"column":null}},"11":{"start":{"line":107,"column":27},"end":{"line":141,"column":null}},"12":{"start":{"line":143,"column":24},"end":{"line":174,"column":null}},"13":{"start":{"line":176,"column":16},"end":{"line":197,"column":null}},"14":{"start":{"line":199,"column":21},"end":{"line":212,"column":null}},"15":{"start":{"line":214,"column":23},"end":{"line":227,"column":null}},"16":{"start":{"line":289,"column":16},"end":{"line":289,"column":33}},"17":{"start":{"line":325,"column":18},"end":{"line":325,"column":35}},"18":{"start":{"line":352,"column":16},"end":{"line":352,"column":33}},"19":{"start":{"line":358,"column":22},"end":{"line":358,"column":43}},"20":{"start":{"line":382,"column":16},"end":{"line":382,"column":33}},"21":{"start":{"line":406,"column":16},"end":{"line":406,"column":33}},"22":{"start":{"line":430,"column":16},"end":{"line":430,"column":33}},"23":{"start":{"line":447,"column":26},"end":{"line":447,"column":45}},"24":{"start":{"line":471,"column":16},"end":{"line":471,"column":33}},"25":{"start":{"line":502,"column":16},"end":{"line":502,"column":33}},"26":{"start":{"line":544,"column":16},"end":{"line":544,"column":33}},"27":{"start":{"line":573,"column":20},"end":{"line":573,"column":36}},"28":{"start":{"line":587,"column":20},"end":{"line":587,"column":36}}},"fnMap":{"0":{"name":"DAOGuidePage","decl":{"start":{"line":229,"column":24},"end":{"line":229,"column":null}},"loc":{"start":{"line":229,"column":24},"end":{"line":622,"column":1}}},"1":{"name":"(anonymous_4)","decl":{"start":{"line":288,"column":29},"end":{"line":288,"column":30}},"loc":{"start":{"line":289,"column":16},"end":{"line":289,"column":33}}},"2":{"name":"(anonymous_5)","decl":{"start":{"line":324,"column":35},"end":{"line":324,"column":36}},"loc":{"start":{"line":325,"column":18},"end":{"line":325,"column":35}}},"3":{"name":"(anonymous_6)","decl":{"start":{"line":351,"column":36},"end":{"line":351,"column":37}},"loc":{"start":{"line":352,"column":16},"end":{"line":352,"column":33}}},"4":{"name":"(anonymous_7)","decl":{"start":{"line":357,"column":41},"end":{"line":357,"column":42}},"loc":{"start":{"line":358,"column":22},"end":{"line":358,"column":43}}},"5":{"name":"(anonymous_8)","decl":{"start":{"line":381,"column":37},"end":{"line":381,"column":38}},"loc":{"start":{"line":382,"column":16},"end":{"line":382,"column":33}}},"6":{"name":"(anonymous_9)","decl":{"start":{"line":405,"column":28},"end":{"line":405,"column":29}},"loc":{"start":{"line":406,"column":16},"end":{"line":406,"column":33}}},"7":{"name":"(anonymous_10)","decl":{"start":{"line":429,"column":38},"end":{"line":429,"column":39}},"loc":{"start":{"line":430,"column":16},"end":{"line":430,"column":33}}},"8":{"name":"(anonymous_11)","decl":{"start":{"line":446,"column":47},"end":{"line":446,"column":48}},"loc":{"start":{"line":447,"column":26},"end":{"line":447,"column":45}}},"9":{"name":"(anonymous_12)","decl":{"start":{"line":470,"column":35},"end":{"line":470,"column":36}},"loc":{"start":{"line":471,"column":16},"end":{"line":471,"column":33}}},"10":{"name":"(anonymous_13)","decl":{"start":{"line":501,"column":27},"end":{"line":501,"column":28}},"loc":{"start":{"line":502,"column":16},"end":{"line":502,"column":33}}},"11":{"name":"(anonymous_14)","decl":{"start":{"line":543,"column":32},"end":{"line":543,"column":33}},"loc":{"start":{"line":544,"column":16},"end":{"line":544,"column":33}}},"12":{"name":"(anonymous_15)","decl":{"start":{"line":572,"column":51},"end":{"line":572,"column":52}},"loc":{"start":{"line":573,"column":20},"end":{"line":573,"column":36}}},"13":{"name":"(anonymous_16)","decl":{"start":{"line":586,"column":49},"end":{"line":586,"column":50}},"loc":{"start":{"line":587,"column":20},"end":{"line":587,"column":36}}}},"branchMap":{"0":{"loc":{"start":{"line":435,"column":21},"end":{"line":435,"column":null}},"type":"binary-expr","locations":[{"start":{"line":435,"column":21},"end":{"line":435,"column":null}}]}},"s":{"0":1,"1":0,"2":1,"3":1,"4":1,"5":1,"6":1,"7":1,"8":1,"9":1,"10":1,"11":1,"12":1,"13":1,"14":1,"15":1,"16":3,"17":3,"18":2,"19":6,"20":2,"21":3,"22":4,"23":9,"24":5,"25":5,"26":3,"27":4,"28":4},"f":{"0":1,"1":3,"2":3,"3":2,"4":6,"5":2,"6":3,"7":4,"8":9,"9":5,"10":5,"11":3,"12":4,"13":4},"b":{"0":[4]}}
,"/Users/unson/Documents/Github/Unson-LLC/unson_os/src/app/(product)/docs/dao/overview/page.tsx": {"path":"/Users/unson/Documents/Github/Unson-LLC/unson_os/src/app/(product)/docs/dao/overview/page.tsx","statementMap":{"0":{"start":{"line":110,"column":24},"end":{"line":110,"column":null}},"1":{"start":{"line":7,"column":13},"end":{"line":7,"column":21}},"2":{"start":{"line":3,"column":31},"end":{"line":3,"column":null}},"3":{"start":{"line":4,"column":27},"end":{"line":4,"column":null}},"4":{"start":{"line":5,"column":27},"end":{"line":5,"column":null}},"5":{"start":{"line":7,"column":34},"end":{"line":14,"column":null}},"6":{"start":{"line":17,"column":28},"end":{"line":36,"column":null}},"7":{"start":{"line":39,"column":18},"end":{"line":44,"column":null}},"8":{"start":{"line":47,"column":27},"end":{"line":53,"column":null}},"9":{"start":{"line":56,"column":35},"end":{"line":61,"column":null}},"10":{"start":{"line":64,"column":26},"end":{"line":100,"column":null}},"11":{"start":{"line":103,"column":22},"end":{"line":108,"column":null}},"12":{"start":{"line":204,"column":14},"end":{"line":204,"column":31}},"13":{"start":{"line":238,"column":20},"end":{"line":238,"column":36}},"14":{"start":{"line":270,"column":16},"end":{"line":270,"column":33}},"15":{"start":{"line":321,"column":14},"end":{"line":321,"column":31}}},"fnMap":{"0":{"name":"DAOOverviewPage","decl":{"start":{"line":110,"column":24},"end":{"line":110,"column":null}},"loc":{"start":{"line":110,"column":24},"end":{"line":375,"column":1}}},"1":{"name":"(anonymous_4)","decl":{"start":{"line":203,"column":37},"end":{"line":203,"column":38}},"loc":{"start":{"line":204,"column":14},"end":{"line":204,"column":31}}},"2":{"name":"(anonymous_5)","decl":{"start":{"line":237,"column":50},"end":{"line":237,"column":51}},"loc":{"start":{"line":238,"column":20},"end":{"line":238,"column":36}}},"3":{"name":"(anonymous_6)","decl":{"start":{"line":269,"column":37},"end":{"line":269,"column":38}},"loc":{"start":{"line":270,"column":16},"end":{"line":270,"column":33}}},"4":{"name":"(anonymous_7)","decl":{"start":{"line":320,"column":31},"end":{"line":320,"column":32}},"loc":{"start":{"line":321,"column":14},"end":{"line":321,"column":31}}}},"branchMap":{"0":{"loc":{"start":{"line":275,"column":21},"end":{"line":275,"column":null}},"type":"binary-expr","locations":[{"start":{"line":275,"column":21},"end":{"line":275,"column":null}}]}},"s":{"0":1,"1":0,"2":1,"3":1,"4":1,"5":1,"6":1,"7":1,"8":1,"9":1,"10":1,"11":1,"12":3,"13":4,"14":5,"15":4},"f":{"0":1,"1":3,"2":4,"3":5,"4":4},"b":{"0":[5]}}
,"/Users/unson/Documents/Github/Unson-LLC/unson_os/src/app/(product)/docs/dao/proposals/page.tsx": {"path":"/Users/unson/Documents/Github/Unson-LLC/unson_os/src/app/(product)/docs/dao/proposals/page.tsx","statementMap":{"0":{"start":{"line":6,"column":24},"end":{"line":6,"column":null}},"1":{"start":{"line":3,"column":23},"end":{"line":3,"column":null}},"2":{"start":{"line":4,"column":27},"end":{"line":4,"column":null}}},"fnMap":{"0":{"name":"DAOProposalsPage","decl":{"start":{"line":6,"column":24},"end":{"line":6,"column":null}},"loc":{"start":{"line":6,"column":24},"end":{"line":436,"column":null}}}},"branchMap":{},"s":{"0":3,"1":1,"2":1},"f":{"0":3},"b":{}}
,"/Users/unson/Documents/Github/Unson-LLC/unson_os/src/app/(product)/docs/dao/revenue-sharing/page.tsx": {"path":"/Users/unson/Documents/Github/Unson-LLC/unson_os/src/app/(product)/docs/dao/revenue-sharing/page.tsx","statementMap":{"0":{"start":{"line":6,"column":24},"end":{"line":6,"column":null}},"1":{"start":{"line":3,"column":23},"end":{"line":3,"column":null}},"2":{"start":{"line":4,"column":27},"end":{"line":4,"column":null}}},"fnMap":{"0":{"name":"RevenueSharing","decl":{"start":{"line":6,"column":24},"end":{"line":6,"column":null}},"loc":{"start":{"line":6,"column":24},"end":{"line":495,"column":null}}}},"branchMap":{},"s":{"0":1,"1":1,"2":1},"f":{"0":1},"b":{}}
,"/Users/unson/Documents/Github/Unson-LLC/unson_os/src/app/(product)/docs/dao/structure/page.tsx": {"path":"/Users/unson/Documents/Github/Unson-LLC/unson_os/src/app/(product)/docs/dao/structure/page.tsx","statementMap":{"0":{"start":{"line":228,"column":24},"end":{"line":228,"column":null}},"1":{"start":{"line":6,"column":13},"end":{"line":6,"column":21}},"2":{"start":{"line":2,"column":31},"end":{"line":2,"column":null}},"3":{"start":{"line":3,"column":27},"end":{"line":3,"column":null}},"4":{"start":{"line":4,"column":27},"end":{"line":4,"column":null}},"5":{"start":{"line":6,"column":34},"end":{"line":13,"column":null}},"6":{"start":{"line":15,"column":28},"end":{"line":49,"column":null}},"7":{"start":{"line":51,"column":18},"end":{"line":56,"column":null}},"8":{"start":{"line":58,"column":28},"end":{"line":64,"column":null}},"9":{"start":{"line":66,"column":27},"end":{"line":72,"column":null}},"10":{"start":{"line":74,"column":35},"end":{"line":79,"column":null}},"11":{"start":{"line":81,"column":26},"end":{"line":110,"column":null}},"12":{"start":{"line":112,"column":27},"end":{"line":134,"column":null}},"13":{"start":{"line":136,"column":30},"end":{"line":201,"column":null}},"14":{"start":{"line":203,"column":19},"end":{"line":208,"column":null}},"15":{"start":{"line":210,"column":23},"end":{"line":226,"column":null}},"16":{"start":{"line":297,"column":16},"end":{"line":297,"column":33}},"17":{"start":{"line":311,"column":22},"end":{"line":311,"column":44}},"18":{"start":{"line":337,"column":22},"end":{"line":337,"column":38}},"19":{"start":{"line":417,"column":18},"end":{"line":417,"column":35}},"20":{"start":{"line":445,"column":18},"end":{"line":445,"column":35}},"21":{"start":{"line":487,"column":18},"end":{"line":487,"column":35}},"22":{"start":{"line":512,"column":28},"end":{"line":512,"column":50}},"23":{"start":{"line":527,"column":16},"end":{"line":527,"column":33}},"24":{"start":{"line":532,"column":22},"end":{"line":532,"column":41}},"25":{"start":{"line":564,"column":16},"end":{"line":564,"column":33}},"26":{"start":{"line":580,"column":26},"end":{"line":580,"column":43}},"27":{"start":{"line":592,"column":26},"end":{"line":592,"column":43}},"28":{"start":{"line":618,"column":18},"end":{"line":618,"column":35}},"29":{"start":{"line":710,"column":20},"end":{"line":710,"column":null}}},"fnMap":{"0":{"name":"DAOStructurePage","decl":{"start":{"line":228,"column":24},"end":{"line":228,"column":null}},"loc":{"start":{"line":228,"column":24},"end":{"line":806,"column":1}}},"1":{"name":"(anonymous_4)","decl":{"start":{"line":296,"column":39},"end":{"line":296,"column":40}},"loc":{"start":{"line":297,"column":16},"end":{"line":297,"column":33}}},"2":{"name":"(anonymous_5)","decl":{"start":{"line":310,"column":38},"end":{"line":310,"column":39}},"loc":{"start":{"line":311,"column":22},"end":{"line":311,"column":44}}},"3":{"name":"(anonymous_6)","decl":{"start":{"line":336,"column":52},"end":{"line":336,"column":53}},"loc":{"start":{"line":337,"column":22},"end":{"line":337,"column":38}}},"4":{"name":"(anonymous_7)","decl":{"start":{"line":416,"column":41},"end":{"line":416,"column":42}},"loc":{"start":{"line":417,"column":18},"end":{"line":417,"column":35}}},"5":{"name":"(anonymous_8)","decl":{"start":{"line":444,"column":40},"end":{"line":444,"column":41}},"loc":{"start":{"line":445,"column":18},"end":{"line":445,"column":35}}},"6":{"name":"(anonymous_9)","decl":{"start":{"line":486,"column":39},"end":{"line":486,"column":40}},"loc":{"start":{"line":487,"column":18},"end":{"line":487,"column":35}}},"7":{"name":"(anonymous_10)","decl":{"start":{"line":511,"column":47},"end":{"line":511,"column":48}},"loc":{"start":{"line":512,"column":28},"end":{"line":512,"column":50}}},"8":{"name":"(anonymous_11)","decl":{"start":{"line":526,"column":38},"end":{"line":526,"column":39}},"loc":{"start":{"line":527,"column":16},"end":{"line":527,"column":33}}},"9":{"name":"(anonymous_12)","decl":{"start":{"line":531,"column":43},"end":{"line":531,"column":44}},"loc":{"start":{"line":532,"column":22},"end":{"line":532,"column":41}}},"10":{"name":"(anonymous_13)","decl":{"start":{"line":563,"column":41},"end":{"line":563,"column":42}},"loc":{"start":{"line":564,"column":16},"end":{"line":564,"column":33}}},"11":{"name":"(anonymous_14)","decl":{"start":{"line":579,"column":46},"end":{"line":579,"column":47}},"loc":{"start":{"line":580,"column":26},"end":{"line":580,"column":43}}},"12":{"name":"(anonymous_15)","decl":{"start":{"line":591,"column":41},"end":{"line":591,"column":42}},"loc":{"start":{"line":592,"column":26},"end":{"line":592,"column":43}}},"13":{"name":"(anonymous_16)","decl":{"start":{"line":617,"column":36},"end":{"line":617,"column":37}},"loc":{"start":{"line":618,"column":18},"end":{"line":618,"column":35}}},"14":{"name":"(anonymous_17)","decl":{"start":{"line":709,"column":34},"end":{"line":709,"column":35}},"loc":{"start":{"line":710,"column":20},"end":{"line":710,"column":null}}}},"branchMap":{"0":{"loc":{"start":{"line":492,"column":23},"end":{"line":492,"column":null}},"type":"binary-expr","locations":[{"start":{"line":492,"column":23},"end":{"line":492,"column":null}}]}},"s":{"0":0,"1":0,"2":0,"3":0,"4":0,"5":0,"6":0,"7":0,"8":0,"9":0,"10":0,"11":0,"12":0,"13":0,"14":0,"15":0,"16":0,"17":0,"18":0,"19":0,"20":0,"21":0,"22":0,"23":0,"24":0,"25":0,"26":0,"27":0,"28":0,"29":0},"f":{"0":0,"1":0,"2":0,"3":0,"4":0,"5":0,"6":0,"7":0,"8":0,"9":0,"10":0,"11":0,"12":0,"13":0,"14":0},"b":{"0":[0]}}
,"/Users/unson/Documents/Github/Unson-LLC/unson_os/src/app/(product)/docs/dao/tokenomics/page.tsx": {"path":"/Users/unson/Documents/Github/Unson-LLC/unson_os/src/app/(product)/docs/dao/tokenomics/page.tsx","statementMap":{"0":{"start":{"line":143,"column":24},"end":{"line":143,"column":null}},"1":{"start":{"line":6,"column":13},"end":{"line":6,"column":21}},"2":{"start":{"line":2,"column":31},"end":{"line":2,"column":null}},"3":{"start":{"line":3,"column":27},"end":{"line":3,"column":null}},"4":{"start":{"line":4,"column":27},"end":{"line":4,"column":null}},"5":{"start":{"line":6,"column":34},"end":{"line":13,"column":null}},"6":{"start":{"line":16,"column":28},"end":{"line":57,"column":null}},"7":{"start":{"line":60,"column":20},"end":{"line":74,"column":null}},"8":{"start":{"line":77,"column":31},"end":{"line":82,"column":null}},"9":{"start":{"line":85,"column":27},"end":{"line":90,"column":null}},"10":{"start":{"line":93,"column":30},"end":{"line":121,"column":null}},"11":{"start":{"line":124,"column":27},"end":{"line":131,"column":null}},"12":{"start":{"line":134,"column":23},"end":{"line":138,"column":null}},"13":{"start":{"line":141,"column":20},"end":{"line":141,"column":null}},"14":{"start":{"line":223,"column":16},"end":{"line":223,"column":33}},"15":{"start":{"line":237,"column":22},"end":{"line":237,"column":44}},"16":{"start":{"line":303,"column":20},"end":{"line":303,"column":36}},"17":{"start":{"line":317,"column":18},"end":{"line":317,"column":35}},"18":{"start":{"line":369,"column":20},"end":{"line":369,"column":37}},"19":{"start":{"line":385,"column":20},"end":{"line":385,"column":37}},"20":{"start":{"line":440,"column":24},"end":{"line":440,"column":41}},"21":{"start":{"line":479,"column":16},"end":{"line":479,"column":33}},"22":{"start":{"line":491,"column":22},"end":{"line":491,"column":42}},"23":{"start":{"line":524,"column":20},"end":{"line":524,"column":null}}},"fnMap":{"0":{"name":"TokenomicsPage","decl":{"start":{"line":143,"column":24},"end":{"line":143,"column":null}},"loc":{"start":{"line":143,"column":24},"end":{"line":689,"column":1}}},"1":{"name":"(anonymous_4)","decl":{"start":{"line":222,"column":39},"end":{"line":222,"column":40}},"loc":{"start":{"line":223,"column":16},"end":{"line":223,"column":33}}},"2":{"name":"(anonymous_5)","decl":{"start":{"line":236,"column":38},"end":{"line":236,"column":39}},"loc":{"start":{"line":237,"column":22},"end":{"line":237,"column":44}}},"3":{"name":"(anonymous_6)","decl":{"start":{"line":302,"column":42},"end":{"line":302,"column":43}},"loc":{"start":{"line":303,"column":20},"end":{"line":303,"column":36}}},"4":{"name":"(anonymous_7)","decl":{"start":{"line":316,"column":53},"end":{"line":316,"column":54}},"loc":{"start":{"line":317,"column":18},"end":{"line":317,"column":35}}},"5":{"name":"(anonymous_8)","decl":{"start":{"line":368,"column":46},"end":{"line":368,"column":47}},"loc":{"start":{"line":369,"column":20},"end":{"line":369,"column":37}}},"6":{"name":"(anonymous_9)","decl":{"start":{"line":384,"column":42},"end":{"line":384,"column":43}},"loc":{"start":{"line":385,"column":20},"end":{"line":385,"column":37}}},"7":{"name":"(anonymous_10)","decl":{"start":{"line":439,"column":63},"end":{"line":439,"column":64}},"loc":{"start":{"line":440,"column":24},"end":{"line":440,"column":41}}},"8":{"name":"(anonymous_11)","decl":{"start":{"line":478,"column":41},"end":{"line":478,"column":42}},"loc":{"start":{"line":479,"column":16},"end":{"line":479,"column":33}}},"9":{"name":"(anonymous_12)","decl":{"start":{"line":490,"column":37},"end":{"line":490,"column":38}},"loc":{"start":{"line":491,"column":22},"end":{"line":491,"column":42}}},"10":{"name":"(anonymous_13)","decl":{"start":{"line":523,"column":38},"end":{"line":523,"column":39}},"loc":{"start":{"line":524,"column":20},"end":{"line":524,"column":null}}}},"branchMap":{},"s":{"0":0,"1":0,"2":0,"3":0,"4":0,"5":0,"6":0,"7":0,"8":0,"9":0,"10":0,"11":0,"12":0,"13":0,"14":0,"15":0,"16":0,"17":0,"18":0,"19":0,"20":0,"21":0,"22":0,"23":0},"f":{"0":0,"1":0,"2":0,"3":0,"4":0,"5":0,"6":0,"7":0,"8":0,"9":0,"10":0},"b":{}}
,"/Users/unson/Documents/Github/Unson-LLC/unson_os/src/app/(product)/docs/dao/unified-tokenomics/page.tsx": {"path":"/Users/unson/Documents/Github/Unson-LLC/unson_os/src/app/(product)/docs/dao/unified-tokenomics/page.tsx","statementMap":{"0":{"start":{"line":313,"column":24},"end":{"line":313,"column":null}},"1":{"start":{"line":6,"column":13},"end":{"line":6,"column":21}},"2":{"start":{"line":2,"column":31},"end":{"line":2,"column":null}},"3":{"start":{"line":3,"column":27},"end":{"line":3,"column":null}},"4":{"start":{"line":4,"column":27},"end":{"line":4,"column":null}},"5":{"start":{"line":6,"column":34},"end":{"line":13,"column":null}},"6":{"start":{"line":15,"column":33},"end":{"line":67,"column":null}},"7":{"start":{"line":69,"column":28},"end":{"line":85,"column":null}},"8":{"start":{"line":87,"column":22},"end":{"line":91,"column":null}},"9":{"start":{"line":93,"column":20},"end":{"line":139,"column":null}},"10":{"start":{"line":141,"column":31},"end":{"line":146,"column":null}},"11":{"start":{"line":148,"column":27},"end":{"line":153,"column":null}},"12":{"start":{"line":155,"column":30},"end":{"line":183,"column":null}},"13":{"start":{"line":185,"column":27},"end":{"line":197,"column":null}},"14":{"start":{"line":199,"column":23},"end":{"line":218,"column":null}},"15":{"start":{"line":220,"column":23},"end":{"line":224,"column":null}},"16":{"start":{"line":226,"column":25},"end":{"line":247,"column":null}},"17":{"start":{"line":249,"column":26},"end":{"line":265,"column":null}},"18":{"start":{"line":267,"column":27},"end":{"line":288,"column":null}},"19":{"start":{"line":290,"column":21},"end":{"line":311,"column":null}},"20":{"start":{"line":408,"column":16},"end":{"line":408,"column":33}},"21":{"start":{"line":423,"column":26},"end":{"line":423,"column":48}},"22":{"start":{"line":435,"column":26},"end":{"line":435,"column":46}},"23":{"start":{"line":462,"column":16},"end":{"line":462,"column":33}},"24":{"start":{"line":493,"column":22},"end":{"line":493,"column":38}},"25":{"start":{"line":528,"column":24},"end":{"line":528,"column":40}},"26":{"start":{"line":561,"column":18},"end":{"line":561,"column":35}},"27":{"start":{"line":589,"column":18},"end":{"line":589,"column":35}},"28":{"start":{"line":610,"column":18},"end":{"line":610,"column":35}},"29":{"start":{"line":647,"column":24},"end":{"line":647,"column":40}},"30":{"start":{"line":658,"column":20},"end":{"line":658,"column":36}},"31":{"start":{"line":679,"column":16},"end":{"line":679,"column":33}},"32":{"start":{"line":691,"column":22},"end":{"line":691,"column":42}},"33":{"start":{"line":713,"column":16},"end":{"line":713,"column":33}},"34":{"start":{"line":746,"column":20},"end":{"line":746,"column":null}},"35":{"start":{"line":777,"column":16},"end":{"line":777,"column":33}},"36":{"start":{"line":805,"column":16},"end":{"line":805,"column":33}},"37":{"start":{"line":812,"column":26},"end":{"line":812,"column":51}},"38":{"start":{"line":840,"column":16},"end":{"line":840,"column":33}},"39":{"start":{"line":868,"column":16},"end":{"line":868,"column":33}}},"fnMap":{"0":{"name":"UnifiedTokenomicsPage","decl":{"start":{"line":313,"column":24},"end":{"line":313,"column":null}},"loc":{"start":{"line":313,"column":24},"end":{"line":960,"column":1}}},"1":{"name":"(anonymous_4)","decl":{"start":{"line":407,"column":44},"end":{"line":407,"column":45}},"loc":{"start":{"line":408,"column":16},"end":{"line":408,"column":33}}},"2":{"name":"(anonymous_5)","decl":{"start":{"line":422,"column":42},"end":{"line":422,"column":43}},"loc":{"start":{"line":423,"column":26},"end":{"line":423,"column":48}}},"3":{"name":"(anonymous_6)","decl":{"start":{"line":434,"column":45},"end":{"line":434,"column":46}},"loc":{"start":{"line":435,"column":26},"end":{"line":435,"column":46}}},"4":{"name":"(anonymous_7)","decl":{"start":{"line":461,"column":39},"end":{"line":461,"column":40}},"loc":{"start":{"line":462,"column":16},"end":{"line":462,"column":33}}},"5":{"name":"(anonymous_8)","decl":{"start":{"line":492,"column":39},"end":{"line":492,"column":40}},"loc":{"start":{"line":493,"column":22},"end":{"line":493,"column":38}}},"6":{"name":"(anonymous_9)","decl":{"start":{"line":527,"column":52},"end":{"line":527,"column":53}},"loc":{"start":{"line":528,"column":24},"end":{"line":528,"column":40}}},"7":{"name":"(anonymous_10)","decl":{"start":{"line":560,"column":53},"end":{"line":560,"column":54}},"loc":{"start":{"line":561,"column":18},"end":{"line":561,"column":35}}},"8":{"name":"(anonymous_11)","decl":{"start":{"line":588,"column":44},"end":{"line":588,"column":45}},"loc":{"start":{"line":589,"column":18},"end":{"line":589,"column":35}}},"9":{"name":"(anonymous_12)","decl":{"start":{"line":609,"column":40},"end":{"line":609,"column":41}},"loc":{"start":{"line":610,"column":18},"end":{"line":610,"column":35}}},"10":{"name":"(anonymous_13)","decl":{"start":{"line":646,"column":63},"end":{"line":646,"column":64}},"loc":{"start":{"line":647,"column":24},"end":{"line":647,"column":40}}},"11":{"name":"(anonymous_14)","decl":{"start":{"line":657,"column":63},"end":{"line":657,"column":64}},"loc":{"start":{"line":658,"column":20},"end":{"line":658,"column":36}}},"12":{"name":"(anonymous_15)","decl":{"start":{"line":678,"column":41},"end":{"line":678,"column":42}},"loc":{"start":{"line":679,"column":16},"end":{"line":679,"column":33}}},"13":{"name":"(anonymous_16)","decl":{"start":{"line":690,"column":37},"end":{"line":690,"column":38}},"loc":{"start":{"line":691,"column":22},"end":{"line":691,"column":42}}},"14":{"name":"(anonymous_17)","decl":{"start":{"line":712,"column":34},"end":{"line":712,"column":35}},"loc":{"start":{"line":713,"column":16},"end":{"line":713,"column":33}}},"15":{"name":"(anonymous_18)","decl":{"start":{"line":745,"column":38},"end":{"line":745,"column":39}},"loc":{"start":{"line":746,"column":20},"end":{"line":746,"column":null}}},"16":{"name":"(anonymous_19)","decl":{"start":{"line":776,"column":37},"end":{"line":776,"column":38}},"loc":{"start":{"line":777,"column":16},"end":{"line":777,"column":33}}},"17":{"name":"(anonymous_20)","decl":{"start":{"line":804,"column":38},"end":{"line":804,"column":39}},"loc":{"start":{"line":805,"column":16},"end":{"line":805,"column":33}}},"18":{"name":"(anonymous_21)","decl":{"start":{"line":811,"column":52},"end":{"line":811,"column":53}},"loc":{"start":{"line":812,"column":26},"end":{"line":812,"column":51}}},"19":{"name":"(anonymous_22)","decl":{"start":{"line":839,"column":32},"end":{"line":839,"column":33}},"loc":{"start":{"line":840,"column":16},"end":{"line":840,"column":33}}},"20":{"name":"(anonymous_23)","decl":{"start":{"line":867,"column":36},"end":{"line":867,"column":37}},"loc":{"start":{"line":868,"column":16},"end":{"line":868,"column":33}}}},"branchMap":{"0":{"loc":{"start":{"line":493,"column":49},"end":{"line":493,"column":null}},"type":"cond-expr","locations":[{"start":{"line":493,"column":74},"end":{"line":493,"column":92}},{"start":{"line":493,"column":92},"end":{"line":493,"column":null}}]}},"s":{"0":0,"1":0,"2":0,"3":0,"4":0,"5":0,"6":0,"7":0,"8":0,"9":0,"10":0,"11":0,"12":0,"13":0,"14":0,"15":0,"16":0,"17":0,"18":0,"19":0,"20":0,"21":0,"22":0,"23":0,"24":0,"25":0,"26":0,"27":0,"28":0,"29":0,"30":0,"31":0,"32":0,"33":0,"34":0,"35":0,"36":0,"37":0,"38":0,"39":0},"f":{"0":0,"1":0,"2":0,"3":0,"4":0,"5":0,"6":0,"7":0,"8":0,"9":0,"10":0,"11":0,"12":0,"13":0,"14":0,"15":0,"16":0,"17":0,"18":0,"19":0,"20":0},"b":{"0":[0,0]}}
,"/Users/unson/Documents/Github/Unson-LLC/unson_os/src/app/(product)/docs/design/specification/page.tsx": {"path":"/Users/unson/Documents/Github/Unson-LLC/unson_os/src/app/(product)/docs/design/specification/page.tsx","statementMap":{"0":{"start":{"line":247,"column":24},"end":{"line":247,"column":null}},"1":{"start":{"line":6,"column":13},"end":{"line":6,"column":21}},"2":{"start":{"line":2,"column":31},"end":{"line":2,"column":null}},"3":{"start":{"line":3,"column":27},"end":{"line":3,"column":null}},"4":{"start":{"line":4,"column":27},"end":{"line":4,"column":null}},"5":{"start":{"line":6,"column":34},"end":{"line":13,"column":null}},"6":{"start":{"line":16,"column":24},"end":{"line":21,"column":null}},"7":{"start":{"line":24,"column":21},"end":{"line":29,"column":null}},"8":{"start":{"line":32,"column":27},"end":{"line":47,"column":null}},"9":{"start":{"line":50,"column":23},"end":{"line":90,"column":null}},"10":{"start":{"line":93,"column":20},"end":{"line":125,"column":null}},"11":{"start":{"line":128,"column":21},"end":{"line":154,"column":null}},"12":{"start":{"line":157,"column":24},"end":{"line":178,"column":null}},"13":{"start":{"line":181,"column":21},"end":{"line":199,"column":null}},"14":{"start":{"line":202,"column":27},"end":{"line":206,"column":null}},"15":{"start":{"line":208,"column":31},"end":{"line":214,"column":null}},"16":{"start":{"line":217,"column":25},"end":{"line":221,"column":null}},"17":{"start":{"line":224,"column":29},"end":{"line":245,"column":null}},"18":{"start":{"line":248,"column":22},"end":{"line":248,"column":null}},"19":{"start":{"line":344,"column":20},"end":{"line":344,"column":37}},"20":{"start":{"line":359,"column":18},"end":{"line":359,"column":35}},"21":{"start":{"line":384,"column":20},"end":{"line":384,"column":null}},"22":{"start":{"line":388,"column":26},"end":{"line":388,"column":48}},"23":{"start":{"line":404,"column":20},"end":{"line":404,"column":37}},"24":{"start":{"line":423,"column":16},"end":{"line":423,"column":33}},"25":{"start":{"line":429,"column":22},"end":{"line":429,"column":46}},"26":{"start":{"line":449,"column":16},"end":{"line":449,"column":33}},"27":{"start":{"line":468,"column":28},"end":{"line":468,"column":49}},"28":{"start":{"line":491,"column":26},"end":{"line":491,"column":51}},"29":{"start":{"line":504,"column":26},"end":{"line":504,"column":47}},"30":{"start":{"line":534,"column":24},"end":{"line":534,"column":41}},"31":{"start":{"line":544,"column":24},"end":{"line":544,"column":41}},"32":{"start":{"line":563,"column":26},"end":{"line":563,"column":44}},"33":{"start":{"line":571,"column":26},"end":{"line":571,"column":44}},"34":{"start":{"line":587,"column":26},"end":{"line":587,"column":44}},"35":{"start":{"line":595,"column":26},"end":{"line":595,"column":44}},"36":{"start":{"line":619,"column":18},"end":{"line":619,"column":35}},"37":{"start":{"line":623,"column":24},"end":{"line":623,"column":46}},"38":{"start":{"line":649,"column":20},"end":{"line":649,"column":37}},"39":{"start":{"line":664,"column":20},"end":{"line":664,"column":37}},"40":{"start":{"line":675,"column":22},"end":{"line":675,"column":39}},"41":{"start":{"line":698,"column":20},"end":{"line":698,"column":37}},"42":{"start":{"line":715,"column":20},"end":{"line":715,"column":37}},"43":{"start":{"line":734,"column":16},"end":{"line":734,"column":33}},"44":{"start":{"line":740,"column":22},"end":{"line":740,"column":46}},"45":{"start":{"line":899,"column":16},"end":{"line":899,"column":33}},"46":{"start":{"line":915,"column":22},"end":{"line":915,"column":43}}},"fnMap":{"0":{"name":"DesignSpecificationPage","decl":{"start":{"line":247,"column":24},"end":{"line":247,"column":null}},"loc":{"start":{"line":247,"column":24},"end":{"line":988,"column":1}}},"1":{"name":"(anonymous_4)","decl":{"start":{"line":343,"column":47},"end":{"line":343,"column":48}},"loc":{"start":{"line":344,"column":20},"end":{"line":344,"column":37}}},"2":{"name":"(anonymous_5)","decl":{"start":{"line":358,"column":34},"end":{"line":358,"column":35}},"loc":{"start":{"line":359,"column":18},"end":{"line":359,"column":35}}},"3":{"name":"(anonymous_6)","decl":{"start":{"line":383,"column":52},"end":{"line":383,"column":53}},"loc":{"start":{"line":384,"column":20},"end":{"line":384,"column":null}}},"4":{"name":"(anonymous_7)","decl":{"start":{"line":387,"column":41},"end":{"line":387,"column":42}},"loc":{"start":{"line":388,"column":26},"end":{"line":388,"column":48}}},"5":{"name":"(anonymous_8)","decl":{"start":{"line":403,"column":58},"end":{"line":403,"column":59}},"loc":{"start":{"line":404,"column":20},"end":{"line":404,"column":37}}},"6":{"name":"(anonymous_9)","decl":{"start":{"line":422,"column":34},"end":{"line":422,"column":35}},"loc":{"start":{"line":423,"column":16},"end":{"line":423,"column":33}}},"7":{"name":"(anonymous_10)","decl":{"start":{"line":428,"column":39},"end":{"line":428,"column":40}},"loc":{"start":{"line":429,"column":22},"end":{"line":429,"column":46}}},"8":{"name":"(anonymous_11)","decl":{"start":{"line":448,"column":31},"end":{"line":448,"column":32}},"loc":{"start":{"line":449,"column":16},"end":{"line":449,"column":33}}},"9":{"name":"(anonymous_12)","decl":{"start":{"line":467,"column":43},"end":{"line":467,"column":44}},"loc":{"start":{"line":468,"column":28},"end":{"line":468,"column":49}}},"10":{"name":"(anonymous_13)","decl":{"start":{"line":490,"column":43},"end":{"line":490,"column":44}},"loc":{"start":{"line":491,"column":26},"end":{"line":491,"column":51}}},"11":{"name":"(anonymous_14)","decl":{"start":{"line":503,"column":40},"end":{"line":503,"column":41}},"loc":{"start":{"line":504,"column":26},"end":{"line":504,"column":47}}},"12":{"name":"(anonymous_15)","decl":{"start":{"line":533,"column":55},"end":{"line":533,"column":56}},"loc":{"start":{"line":534,"column":24},"end":{"line":534,"column":41}}},"13":{"name":"(anonymous_16)","decl":{"start":{"line":543,"column":57},"end":{"line":543,"column":58}},"loc":{"start":{"line":544,"column":24},"end":{"line":544,"column":41}}},"14":{"name":"(anonymous_17)","decl":{"start":{"line":562,"column":62},"end":{"line":562,"column":63}},"loc":{"start":{"line":563,"column":26},"end":{"line":563,"column":44}}},"15":{"name":"(anonymous_18)","decl":{"start":{"line":570,"column":58},"end":{"line":570,"column":59}},"loc":{"start":{"line":571,"column":26},"end":{"line":571,"column":44}}},"16":{"name":"(anonymous_19)","decl":{"start":{"line":586,"column":50},"end":{"line":586,"column":51}},"loc":{"start":{"line":587,"column":26},"end":{"line":587,"column":44}}},"17":{"name":"(anonymous_20)","decl":{"start":{"line":594,"column":53},"end":{"line":594,"column":54}},"loc":{"start":{"line":595,"column":26},"end":{"line":595,"column":44}}},"18":{"name":"(anonymous_21)","decl":{"start":{"line":618,"column":37},"end":{"line":618,"column":38}},"loc":{"start":{"line":619,"column":18},"end":{"line":619,"column":35}}},"19":{"name":"(anonymous_22)","decl":{"start":{"line":622,"column":43},"end":{"line":622,"column":44}},"loc":{"start":{"line":623,"column":24},"end":{"line":623,"column":46}}},"20":{"name":"(anonymous_23)","decl":{"start":{"line":648,"column":44},"end":{"line":648,"column":45}},"loc":{"start":{"line":649,"column":20},"end":{"line":649,"column":37}}},"21":{"name":"(anonymous_24)","decl":{"start":{"line":663,"column":44},"end":{"line":663,"column":45}},"loc":{"start":{"line":664,"column":20},"end":{"line":664,"column":37}}},"22":{"name":"(anonymous_25)","decl":{"start":{"line":674,"column":52},"end":{"line":674,"column":53}},"loc":{"start":{"line":675,"column":22},"end":{"line":675,"column":39}}},"23":{"name":"(anonymous_26)","decl":{"start":{"line":697,"column":42},"end":{"line":697,"column":43}},"loc":{"start":{"line":698,"column":20},"end":{"line":698,"column":37}}},"24":{"name":"(anonymous_27)","decl":{"start":{"line":714,"column":46},"end":{"line":714,"column":47}},"loc":{"start":{"line":715,"column":20},"end":{"line":715,"column":37}}},"25":{"name":"(anonymous_28)","decl":{"start":{"line":733,"column":36},"end":{"line":733,"column":37}},"loc":{"start":{"line":734,"column":16},"end":{"line":734,"column":33}}},"26":{"name":"(anonymous_29)","de
[...]
,"/Users/unson/Documents/Github/Unson-LLC/unson_os/src/lib/metadata.ts": {"path":"/Users/unson/Documents/Github/Unson-LLC/unson_os/src/lib/metadata.ts","statementMap":{"0":{"start":{"line":25,"column":13},"end":{"line":25,"column":29}},"1":{"start":{"line":84,"column":13},"end":{"line":84,"column":33}},"2":{"start":{"line":71,"column":13},"end":{"line":71,"column":36}},"3":{"start":{"line":3,"column":24},"end":{"line":9,"column":null}},"4":{"start":{"line":25,"column":32},"end":{"line":69,"column":null}},"5":{"start":{"line":33,"column":6},"end":{"line":33,"column":null}},"6":{"start":{"line":35,"column":20},"end":{"line":37,"column":34}},"7":{"start":{"line":39,"column":18},"end":{"line":39,"column":74}},"8":{"start":{"line":40,"column":24},"end":{"line":40,"column":null}},"9":{"start":{"line":41,"column":17},"end":{"line":41,"column":null}},"10":{"start":{"line":42,"column":19},"end":{"line":42,"column":null}},"11":{"start":{"line":44,"column":2},"end":{"line":68,"column":null}},"12":{"start":{"line":55,"column":37},"end":{"line":60,"column":null}},"13":{"start":{"line":71,"column":39},"end":{"line":82,"column":null}},"14":{"start":{"line":72,"column":2},"end":{"line":81,"column":null}},"15":{"start":{"line":84,"column":36},"end":{"line":95,"column":null}},"16":{"start":{"line":89,"column":2},"end":{"line":94,"column":null}}},"fnMap":{"0":{"name":"(anonymous_4)","decl":{"start":{"line":25,"column":32},"end":{"line":25,"column":33}},"loc":{"start":{"line":25,"column":62},"end":{"line":69,"column":null}}},"1":{"name":"(anonymous_5)","decl":{"start":{"line":55,"column":27},"end":{"line":55,"column":37}},"loc":{"start":{"line":55,"column":37},"end":{"line":60,"column":null}}},"2":{"name":"(anonymous_6)","decl":{"start":{"line":71,"column":39},"end":{"line":71,"column":40}},"loc":{"start":{"line":71,"column":61},"end":{"line":82,"column":null}}},"3":{"name":"(anonymous_7)","decl":{"start":{"line":84,"column":36},"end":{"line":84,"column":null}},"loc":{"start":{"line":87,"column":25},"end":{"line":95,"column":null}}}},"branchMap":{"0":{"loc":{"start":{"line":25,"column":33},"end":{"line":25,"column":62}},"type":"default-arg","locations":[{"start":{"line":25,"column":60},"end":{"line":25,"column":62}}]},"1":{"loc":{"start":{"line":28,"column":4},"end":{"line":28,"column":52}},"type":"default-arg","locations":[{"start":{"line":28,"column":18},"end":{"line":28,"column":52}}]},"2":{"loc":{"start":{"line":29,"column":4},"end":{"line":29,"column":17}},"type":"default-arg","locations":[{"start":{"line":29,"column":15},"end":{"line":29,"column":17}}]},"3":{"loc":{"start":{"line":30,"column":4},"end":{"line":30,"column":19}},"type":"default-arg","locations":[{"start":{"line":30,"column":14},"end":{"line":30,"column":19}}]},"4":{"loc":{"start":{"line":32,"column":4},"end":{"line":32,"column":18}},"type":"default-arg","locations":[{"start":{"line":32,"column":16},"end":{"line":32,"column":18}}]},"5":{"loc":{"start":{"line":35,"column":20},"end":{"line":37,"column":34}},"type":"cond-expr","locations":[{"start":{"line":36,"column":6},"end":{"line":36,"column":46}},{"start":{"line":37,"column":6},"end":{"line":37,"column":34}}]},"6":{"loc":{"start":{"line":39,"column":18},"end":{"line":39,"column":74}},"type":"binary-expr","locations":[{"start":{"line":39,"column":18},"end":{"line":39,"column":33}},{"start":{"line":39,"column":37},"end":{"line":39,"column":46}},{"start":{"line":39,"column":46},"end":{"line":39,"column":74}}]},"7":{"loc":{"start":{"line":40,"column":24},"end":{"line":40,"column":null}},"type":"binary-expr","locations":[{"start":{"line":40,"column":24},"end":{"line":40,"column":45}},{"start":{"line":40,"column":49},"end":{"line":40,"column":null}}]},"8":{"loc":{"start":{"line":41,"column":17},"end":{"line":41,"column":null}},"type":"binary-expr","locations":[{"start":{"line":41,"column":17},"end":{"line":41,"column":31}},{"start":{"line":41,"column":35},"end":{"line":41,"column":null}}]},"9":{"loc":{"start":{"line":42,"column":19},"end":{"line":42,"column":null}},"type":"binary-expr","locations":[{"start":{"line":42,"column":19},"end":{"line":42,"column":35}},{"start":{"line":42,"column":39},"end":{"line":42,"column":null}}]},"10":{"loc":{"start":{"line":47,"column":14},"end":{"line":47,"column":null}},"type":"cond-expr","locations":[{"start":{"line":47,"column":36},"end":{"line":47,"column":58}},{"start":{"line":47,"column":58},"end":{"line":47,"column":null}}]},"11":{"loc":{"start":{"line":48,"column":12},"end":{"line":48,"column":null}},"type":"cond-expr","locations":[{"start":{"line":48,"column":22},"end":{"line":48,"column":44}},{"start":{"line":48,"column":44},"end":{"line":48,"column":null}}]},"12":{"loc":{"start":{"line":56,"column":13},"end":{"line":56,"column":80}},"type":"cond-expr","locations":[{"start":{"line":56,"column":40},"end":{"line":56,"column":48}},{"start":{"line":56,"column":48},"end":{"line":56,"column":80}}]},"13":{"loc":{"start":{"line":87,"column":2},"end":{"line":87,"column":25}},"type":"default-arg","locations":[{"start":{"line":87,"column":23},"end":{"line":87,"column":25}}]}},"s":{"0":0,"1":0,"2":0,"3":0,"4":0,"5":0,"6":0,"7":0,"8":0,"9":0,"10":0,"11":0,"12":0,"13":0,"14":0,"15":0,"16":0},"f":{"0":0,"1":0,"2":0,"3":0},"b":{"0":[0],"1":[0],"2":[0],"3":[0],"4":[0],"5":[0,0],"6":[0,0,0],"7":[0,0],"8":[0,0],"9":[0,0],"10":[0,0],"11":[0,0],"12":[0,0],"13":[0]}}
,"/Users/unson/Documents/Github/Unson-LLC/unson_os/src/lib/api/api-utils.ts": {"path":"/Users/unson/Documents/Github/Unson-LLC/unson_os/src/lib/api/api-utils.ts","statementMap":{"0":{"start":{"line":23,"column":16},"end":{"line":23,"column":35}},"1":{"start":{"line":9,"column":16},"end":{"line":9,"column":37}},"2":{"start":{"line":36,"column":16},"end":{"line":36,"column":26}},"3":{"start":{"line":43,"column":16},"end":{"line":43,"column":30}},"4":{"start":{"line":51,"column":22},"end":{"line":51,"column":35}},"5":{"start":{"line":4,"column":31},"end":{"line":4,"column":null}},"6":{"start":{"line":14,"column":2},"end":{"line":16,"column":null}},"7":{"start":{"line":27,"column":2},"end":{"line":29,"column":null}},"8":{"start":{"line":37,"column":2},"end":{"line":37,"column":null}},"9":{"start":{"line":44,"column":2},"end":{"line":44,"column":null}},"10":{"start":{"line":45,"column":2},"end":{"line":45,"column":null}},"11":{"start":{"line":54,"column":2},"end":{"line":62,"column":null}},"12":{"start":{"line":55,"column":17},"end":{"line":55,"column":null}},"13":{"start":{"line":56,"column":4},"end":{"line":56,"column":null}},"14":{"start":{"line":58,"column":4},"end":{"line":61,"column":null}}},"fnMap":{"0":{"name":"createSuccessResponse","decl":{"start":{"line":9,"column":16},"end":{"line":9,"column":37}},"loc":{"start":{"line":12,"column":22},"end":{"line":18,"column":null}}},"1":{"name":"createErrorResponse","decl":{"start":{"line":23,"column":16},"end":{"line":23,"column":35}},"loc":{"start":{"line":25,"column":22},"end":{"line":31,"column":null}}},"2":{"name":"generateId","decl":{"start":{"line":36,"column":16},"end":{"line":36,"column":26}},"loc":{"start":{"line":36,"column":41},"end":{"line":38,"column":null}}},"3":{"name":"handleApiError","decl":{"start":{"line":43,"column":16},"end":{"line":43,"column":30}},"loc":{"start":{"line":43,"column":45},"end":{"line":46,"column":null}}},"4":{"name":"safeParseJson","decl":{"start":{"line":51,"column":22},"end":{"line":51,"column":35}},"loc":{"start":{"line":52,"column":18},"end":{"line":63,"column":null}}}},"branchMap":{"0":{"loc":{"start":{"line":12,"column":2},"end":{"line":12,"column":22}},"type":"default-arg","locations":[{"start":{"line":12,"column":19},"end":{"line":12,"column":22}}]},"1":{"loc":{"start":{"line":25,"column":2},"end":{"line":25,"column":22}},"type":"default-arg","locations":[{"start":{"line":25,"column":19},"end":{"line":25,"column":22}}]}},"s":{"0":0,"1":0,"2":0,"3":0,"4":0,"5":0,"6":0,"7":0,"8":0,"9":0,"10":0,"11":0,"12":0,"13":0,"14":0},"f":{"0":0,"1":0,"2":0,"3":0,"4":0},"b":{"0":[0],"1":[0]}}
,"/Users/unson/Documents/Github/Unson-LLC/unson_os/src/lib/utils/utils.ts": {"path":"/Users/unson/Documents/Github/Unson-LLC/unson_os/src/lib/utils/utils.ts","statementMap":{"0":{"start":{"line":4,"column":16},"end":{"line":4,"column":18}},"1":{"start":{"line":8,"column":16},"end":{"line":8,"column":30}},"2":{"start":{"line":17,"column":16},"end":{"line":17,"column":28}},"3":{"start":{"line":21,"column":22},"end":{"line":21,"column":27}},"4":{"start":{"line":1,"column":38},"end":{"line":1,"column":null}},"5":{"start":{"line":2,"column":24},"end":{"line":2,"column":null}},"6":{"start":{"line":5,"column":2},"end":{"line":5,"column":null}},"7":{"start":{"line":9,"column":2},"end":{"line":14,"column":null}},"8":{"start":{"line":18,"column":2},"end":{"line":18,"column":null}},"9":{"start":{"line":22,"column":2},"end":{"line":22,"column":null}},"10":{"start":{"line":22,"column":32},"end":{"line":22,"column":null}}},"fnMap":{"0":{"name":"cn","decl":{"start":{"line":4,"column":16},"end":{"line":4,"column":18}},"loc":{"start":{"line":4,"column":42},"end":{"line":6,"column":null}}},"1":{"name":"formatCurrency","decl":{"start":{"line":8,"column":16},"end":{"line":8,"column":30}},"loc":{"start":{"line":8,"column":45},"end":{"line":15,"column":null}}},"2":{"name":"formatNumber","decl":{"start":{"line":17,"column":16},"end":{"line":17,"column":28}},"loc":{"start":{"line":17,"column":40},"end":{"line":19,"column":null}}},"3":{"name":"sleep","decl":{"start":{"line":21,"column":22},"end":{"line":21,"column":27}},"loc":{"start":{"line":21,"column":38},"end":{"line":23,"column":null}}},"4":{"name":"(anonymous_9)","decl":{"start":{"line":22,"column":21},"end":{"line":22,"column":32}},"loc":{"start":{"line":22,"column":32},"end":{"line":22,"column":null}}}},"branchMap":{},"s":{"0":864,"1":14,"2":8,"3":2,"4":8,"5":8,"6":864,"7":14,"8":8,"9":2,"10":2},"f":{"0":864,"1":14,"2":8,"3":2,"4":2},"b":{}}
,"/Users/unson/Documents/Github/Unson-LLC/unson_os/src/lib/validation/forms.ts": {"path":"/Users/unson/Documents/Github/Unson-LLC/unson_os/src/lib/validation/forms.ts","statementMap":{"0":{"start":{"line":6,"column":13},"end":{"line":6,"column":33}},"1":{"start":{"line":62,"column":13},"end":{"line":62,"column":29}},"2":{"start":{"line":6,"column":36},"end":{"line":31,"column":null}},"3":{"start":{"line":11,"column":25},"end":{"line":11,"column":null}},"4":{"start":{"line":12,"column":2},"end":{"line":19,"column":null}},"5":{"start":{"line":13,"column":4},"end":{"line":18,"column":null}},"6":{"start":{"line":14,"column":6},"end":{"line":17,"column":null}},"7":{"start":{"line":23,"column":2},"end":{"line":30,"column":null}},"8":{"start":{"line":24,"column":4},"end":{"line":29,"column":null}},"9":{"start":{"line":25,"column":6},"end":{"line":28,"column":null}},"10":{"start":{"line":33,"column":26},"end":{"line":46,"column":null}},"11":{"start":{"line":34,"column":23},"end":{"line":34,"column":null}},"12":{"start":{"line":36,"column":2},"end":{"line":45,"column":null}},"13":{"start":{"line":38,"column":6},"end":{"line":38,"column":null}},"14":{"start":{"line":40,"column":6},"end":{"line":40,"column":null}},"15":{"start":{"line":42,"column":6},"end":{"line":42,"column":null}},"16":{"start":{"line":44,"column":6},"end":{"line":44,"column":null}},"17":{"start":{"line":48,"column":26},"end":{"line":59,"column":null}},"18":{"start":{"line":49,"column":2},"end":{"line":58,"column":null}},"19":{"start":{"line":51,"column":6},"end":{"line":51,"column":null}},"20":{"start":{"line":53,"column":6},"end":{"line":53,"column":null}},"21":{"start":{"line":55,"column":6},"end":{"line":55,"column":null}},"22":{"start":{"line":57,"column":6},"end":{"line":57,"column":null}},"23":{"start":{"line":62,"column":32},"end":{"line":64,"column":null}},"24":{"start":{"line":63,"column":2},"end":{"line":63,"column":null}}},"fnMap":{"0":{"name":"(anonymous_3)","decl":{"start":{"line":6,"column":36},"end":{"line":6,"column":null}},"loc":{"start":{"line":8,"column":2},"end":{"line":31,"column":null}}},"1":{"name":"(anonymous_4)","decl":{"start":{"line":23,"column":21},"end":{"line":23,"column":22}},"loc":{"start":{"line":23,"column":22},"end":{"line":30,"column":null}}},"2":{"name":"(anonymous_5)","decl":{"start":{"line":24,"column":15},"end":{"line":24,"column":null}},"loc":{"start":{"line":24,"column":15},"end":{"line":29,"column":7}}},"3":{"name":"(anonymous_6)","decl":{"start":{"line":33,"column":26},"end":{"line":33,"column":27}},"loc":{"start":{"line":33,"column":27},"end":{"line":46,"column":null}}},"4":{"name":"(anonymous_7)","decl":{"start":{"line":48,"column":26},"end":{"line":48,"column":27}},"loc":{"start":{"line":48,"column":27},"end":{"line":59,"column":null}}},"5":{"name":"(anonymous_8)","decl":{"start":{"line":62,"column":32},"end":{"line":62,"column":33}},"loc":{"start":{"line":62,"column":33},"end":{"line":64,"column":null}}}},"branchMap":{"0":{"loc":{"start":{"line":13,"column":4},"end":{"line":18,"column":null}},"type":"if","locations":[{"start":{"line":13,"column":4},"end":{"line":18,"column":null}}]},"1":{"loc":{"start":{"line":36,"column":2},"end":{"line":45,"column":null}},"type":"switch","locations":[{"start":{"line":37,"column":4},"end":{"line":38,"column":null}},{"start":{"line":39,"column":4},"end":{"line":40,"column":null}},{"start":{"line":41,"column":4},"end":{"line":42,"column":null}},{"start":{"line":43,"column":4},"end":{"line":44,"column":null}}]},"2":{"loc":{"start":{"line":49,"column":2},"end":{"line":58,"column":null}},"type":"switch","locations":[{"start":{"line":50,"column":4},"end":{"line":51,"column":null}},{"start":{"line":52,"column":4},"end":{"line":53,"column":null}},{"start":{"line":54,"column":4},"end":{"line":55,"column":null}},{"start":{"line":56,"column":4},"end":{"line":57,"column":null}}]}},"s":{"0":0,"1":0,"2":4,"3":0,"4":0,"5":0,"6":0,"7":0,"8":0,"9":0,"10":4,"11":0,"12":0,"13":0,"14":0,"15":0,"16":0,"17":4,"18":0,"19":0,"20":0,"21":0,"22":0,"23":4,"24":0},"f":{"0":0,"1":0,"2":0,"3":0,"4":0,"5":0},"b":{"0":[0],"1":[0,0,0,0],"2":[0,0,0,0]}}
,"/Users/unson/Documents/Github/Unson-LLC/unson_os/src/lib/validation/validation.ts": {"path":"/Users/unson/Documents/Github/Unson-LLC/unson_os/src/lib/validation/validation.ts","statementMap":{"0":{"start":{"line":80,"column":16},"end":{"line":80,"column":40}},"1":{"start":{"line":6,"column":16},"end":{"line":6,"column":29}},"2":{"start":{"line":42,"column":16},"end":{"line":42,"column":30}},"3":{"start":{"line":22,"column":16},"end":{"line":22,"column":30}},"4":{"start":{"line":61,"column":16},"end":{"line":61,"column":27}},"5":{"start":{"line":7,"column":2},"end":{"line":9,"column":null}},"6":{"start":{"line":8,"column":4},"end":{"line":8,"column":null}},"7":{"start":{"line":11,"column":21},"end":{"line":11,"column":null}},"8":{"start":{"line":12,"column":2},"end":{"line":14,"column":null}},"9":{"start":{"line":13,"column":4},"end":{"line":13,"column":null}},"10":{"start":{"line":16,"column":2},"end":{"line":16,"column":null}},"11":{"start":{"line":28,"column":2},"end":{"line":30,"column":null}},"12":{"start":{"line":29,"column":4},"end":{"line":29,"column":null}},"13":{"start":{"line":32,"column":2},"end":{"line":34,"column":null}},"14":{"start":{"line":33,"column":4},"end":{"line":33,"column":null}},"15":{"start":{"line":36,"column":2},"end":{"line":36,"column":null}},"16":{"start":{"line":47,"column":2},"end":{"line":49,"column":null}},"17":{"start":{"line":51,"column":2},"end":{"line":53,"column":null}},"18":{"start":{"line":52,"column":4},"end":{"line":52,"column":null}},"19":{"start":{"line":55,"column":2},"end":{"line":55,"column":null}},"20":{"start":{"line":65,"column":2},"end":{"line":67,"column":null}},"21":{"start":{"line":69,"column":19},"end":{"line":69,"column":null}},"22":{"start":{"line":70,"column":2},"end":{"line":72,"column":null}},"23":{"start":{"line":71,"column":4},"end":{"line":71,"column":null}},"24":{"start":{"line":74,"column":2},"end":{"line":74,"column":null}},"25":{"start":{"line":83,"column":2},"end":{"line":87,"column":null}},"26":{"start":{"line":84,"column":4},"end":{"line":86,"column":null}},"27":{"start":{"line":85,"column":6},"end":{"line":85,"column":null}},"28":{"start":{"line":88,"column":2},"end":{"line":88,"column":null}}},"fnMap":{"0":{"name":"validateEmail","decl":{"start":{"line":6,"column":16},"end":{"line":6,"column":29}},"loc":{"start":{"line":6,"column":43},"end":{"line":17,"column":null}}},"1":{"name":"validateLength","decl":{"start":{"line":22,"column":16},"end":{"line":22,"column":30}},"loc":{"start":{"line":26,"column":23},"end":{"line":37,"column":null}}},"2":{"name":"validateInList","decl":{"start":{"line":42,"column":16},"end":{"line":42,"column":30}},"loc":{"start":{"line":45,"column":19},"end":{"line":56,"column":null}}},"3":{"name":"validateUrl","decl":{"start":{"line":61,"column":16},"end":{"line":61,"column":27}},"loc":{"start":{"line":63,"column":19},"end":{"line":75,"column":null}}},"4":{"name":"combineValidationResults","decl":{"start":{"line":80,"column":16},"end":{"line":80,"column":40}},"loc":{"start":{"line":81,"column":57},"end":{"line":89,"column":null}}}},"branchMap":{"0":{"loc":{"start":{"line":7,"column":2},"end":{"line":9,"column":null}},"type":"if","locations":[{"start":{"line":7,"column":2},"end":{"line":9,"column":null}}]},"1":{"loc":{"start":{"line":12,"column":2},"end":{"line":14,"column":null}},"type":"if","locations":[{"start":{"line":12,"column":2},"end":{"line":14,"column":null}}]},"2":{"loc":{"start":{"line":26,"column":2},"end":{"line":26,"column":23}},"type":"default-arg","locations":[{"start":{"line":26,"column":22},"end":{"line":26,"column":23}}]},"3":{"loc":{"start":{"line":28,"column":2},"end":{"line":30,"column":null}},"type":"if","locations":[{"start":{"line":28,"column":2},"end":{"line":30,"column":null}}]},"4":{"loc":{"start":{"line":28,"column":6},"end":{"line":28,"column":42}},"type":"binary-expr","locations":[{"start":{"line":28,"column":6},"end":{"line":28,"column":16}},{"start":{"line":28,"column":16},"end":{"line":28,"column":42}}]},"5":{"loc":{"start":{"line":32,"column":2},"end":{"line":34,"column":null}},"type":"if","locations":[{"start":{"line":32,"column":2},"end":{"line":34,"column":null}}]},"6":{"loc":{"start":{"line":47,"column":2},"end":{"line":49,"column":null}},"type":"if","locations":[{"start":{"line":47,"column":2},"end":{"line":49,"column":null}}]},"7":{"loc":{"start":{"line":51,"column":2},"end":{"line":53,"column":null}},"type":"if","locations":[{"start":{"line":51,"column":2},"end":{"line":53,"column":null}}]},"8":{"loc":{"start":{"line":65,"column":2},"end":{"line":67,"column":null}},"type":"if","locations":[{"start":{"line":65,"column":2},"end":{"line":67,"column":null}}]},"9":{"loc":{"start":{"line":70,"column":2},"end":{"line":72,"column":null}},"type":"if","locations":[{"start":{"line":70,"column":2},"end":{"line":72,"column":null}}]},"10":{"loc":{"start":{"line":84,"column":4},"end":{"line":86,"column":null}},"type":"if","locations":[{"start":{"line":84,"column":4},"end":{"line":86,"column":null}}]}},"s":{"0":35,"1":35,"2":21,"3":102,"4":11,"5":35,"6":4,"7":31,"8":31,"9":4,"10":27,"11":102,"12":11,"13":91,"14":6,"15":85,"16":21,"17":13,"18":2,"19":11,"20":11,"21":3,"22":3,"23":1,"24":2,"25":35,"26":112,"27":27,"28":8},"f":{"0":35,"1":102,"2":21,"3":11,"4":35},"b":{"0":[4],"1":[4],"2":[102],"3":[11],"4":[102,91],"5":[6],"6":[8],"7":[2],"8":[8],"9":[1],"10":[27]}}
}
