{"/Users/unson/Documents/Github/Unson-LLC/unson_os/src/app/layout.tsx": {"path":"/Users/unson/Documents/Github/Unson-LLC/unson_os/src/app/layout.tsx","statementMap":{"0":{"start":{"line":6,"column":24},"end":{"line":6,"column":35}},"1":{"start":{"line":3,"column":7},"end":{"line":3,"column":null}},"2":{"start":{"line":4,"column":26},"end":{"line":4,"column":null}},"3":{"start":{"line":11,"column":2},"end":{"line":13,"column":null}},"4":{"start":{"line":12,"column":4},"end":{"line":12,"column":null}},"5":{"start":{"line":71,"column":33},"end":{"line":71,"column":null}},"6":{"start":{"line":72,"column":20},"end":{"line":75,"column":null}},"7":{"start":{"line":73,"column":22},"end":{"line":73,"column":null}},"8":{"start":{"line":74,"column":22},"end":{"line":74,"column":null}}},"fnMap":{"0":{"name":"RootLayout","decl":{"start":{"line":6,"column":24},"end":{"line":6,"column":35}},"loc":{"start":{"line":10,"column":1},"end":{"line":123,"column":null}}},"1":{"name":"(anonymous_2)","decl":{"start":{"line":11,"column":12},"end":{"line":11,"column":null}},"loc":{"start":{"line":11,"column":12},"end":{"line":13,"column":5}}},"2":{"name":"(anonymous_3)","decl":{"start":{"line":70,"column":27},"end":{"line":70,"column":null}},"loc":{"start":{"line":70,"column":27},"end":{"line":76,"column":null}}}},"branchMap":{"0":{"loc":{"start":{"line":72,"column":20},"end":{"line":75,"column":null}},"type":"if","locations":[{"start":{"line":72,"column":20},"end":{"line":75,"column":null}}]},"1":{"loc":{"start":{"line":74,"column":57},"end":{"line":74,"column":null}},"type":"cond-expr","locations":[{"start":{"line":74,"column":93},"end":{"line":74,"column":103}},{"start":{"line":74,"column":103},"end":{"line":74,"column":null}}]}},"s":{"0":0,"1":0,"2":0,"3":0,"4":0,"5":0,"6":0,"7":0,"8":0},"f":{"0":0,"1":0,"2":0},"b":{"0":[0],"1":[0,0]}}
,"/Users/unson/Documents/Github/Unson-LLC/unson_os/src/app/page.tsx": {"path":"/Users/unson/Documents/Github/Unson-LLC/unson_os/src/app/page.tsx","statementMap":{"0":{"start":{"line":7,"column":24},"end":{"line":7,"column":null}},"1":{"start":{"line":2,"column":29},"end":{"line":2,"column":null}},"2":{"start":{"line":3,"column":31},"end":{"line":3,"column":null}},"3":{"start":{"line":4,"column":27},"end":{"line":4,"column":null}},"4":{"start":{"line":5,"column":30},"end":{"line":5,"column":null}},"5":{"start":{"line":8,"column":32},"end":{"line":8,"column":null}},"6":{"start":{"line":27,"column":16},"end":{"line":28,"column":null}}},"fnMap":{"0":{"name":"HomePage","decl":{"start":{"line":7,"column":24},"end":{"line":7,"column":null}},"loc":{"start":{"line":7,"column":24},"end":{"line":138,"column":null}}},"1":{"name":"(anonymous_2)","decl":{"start":{"line":26,"column":46},"end":{"line":26,"column":47}},"loc":{"start":{"line":27,"column":16},"end":{"line":28,"column":null}}}},"branchMap":{},"s":{"0":0,"1":0,"2":0,"3":0,"4":0,"5":0,"6":0},"f":{"0":0,"1":0},"b":{}}
,"/Users/unson/Documents/Github/Unson-LLC/unson_os/src/app/(marketing)/about/page.tsx": {"path":"/Users/unson/Documents/Github/Unson-LLC/unson_os/src/app/(marketing)/about/page.tsx","statementMap":{"0":{"start":{"line":108,"column":24},"end":{"line":108,"column":null}},"1":{"start":{"line":6,"column":13},"end":{"line":6,"column":21}},"2":{"start":{"line":3,"column":27},"end":{"line":3,"column":null}},"3":{"start":{"line":4,"column":30},"end":{"line":4,"column":null}},"4":{"start":{"line":6,"column":34},"end":{"line":13,"column":null}},"5":{"start":{"line":16,"column":20},"end":{"line":45,"column":null}},"6":{"start":{"line":48,"column":15},"end":{"line":69,"column":null}},"7":{"start":{"line":72,"column":19},"end":{"line":98,"column":null}},"8":{"start":{"line":101,"column":19},"end":{"line":106,"column":null}},"9":{"start":{"line":109,"column":32},"end":{"line":109,"column":null}},"10":{"start":{"line":197,"column":14},"end":{"line":197,"column":31}},"11":{"start":{"line":225,"column":14},"end":{"line":225,"column":31}},"12":{"start":{"line":228,"column":53},"end":{"line":228,"column":66}},"13":{"start":{"line":242,"column":20},"end":{"line":242,"column":43}},"14":{"start":{"line":268,"column":16},"end":{"line":268,"column":33}},"15":{"start":{"line":298,"column":14},"end":{"line":298,"column":31}}},"fnMap":{"0":{"name":"AboutPage","decl":{"start":{"line":108,"column":24},"end":{"line":108,"column":null}},"loc":{"start":{"line":108,"column":24},"end":{"line":366,"column":1}}},"1":{"name":"(anonymous_4)","decl":{"start":{"line":196,"column":24},"end":{"line":196,"column":25}},"loc":{"start":{"line":197,"column":14},"end":{"line":197,"column":31}}},"2":{"name":"(anonymous_5)","decl":{"start":{"line":224,"column":29},"end":{"line":224,"column":30}},"loc":{"start":{"line":225,"column":14},"end":{"line":225,"column":31}}},"3":{"name":"(anonymous_6)","decl":{"start":{"line":228,"column":48},"end":{"line":228,"column":53}},"loc":{"start":{"line":228,"column":53},"end":{"line":228,"column":66}}},"4":{"name":"(anonymous_7)","decl":{"start":{"line":241,"column":40},"end":{"line":241,"column":41}},"loc":{"start":{"line":242,"column":20},"end":{"line":242,"column":43}}},"5":{"name":"(anonymous_8)","decl":{"start":{"line":267,"column":30},"end":{"line":267,"column":31}},"loc":{"start":{"line":268,"column":16},"end":{"line":268,"column":33}}},"6":{"name":"(anonymous_9)","decl":{"start":{"line":297,"column":28},"end":{"line":297,"column":29}},"loc":{"start":{"line":298,"column":14},"end":{"line":298,"column":31}}}},"branchMap":{"0":{"loc":{"start":{"line":270,"column":60},"end":{"line":270,"column":102}},"type":"cond-expr","locations":[{"start":{"line":270,"column":72},"end":{"line":270,"column":88}},{"start":{"line":270,"column":88},"end":{"line":270,"column":102}}]},"1":{"loc":{"start":{"line":271,"column":21},"end":{"line":271,"column":null}},"type":"binary-expr","locations":[{"start":{"line":271,"column":21},"end":{"line":271,"column":null}}]},"2":{"loc":{"start":{"line":272,"column":52},"end":{"line":272,"column":94}},"type":"cond-expr","locations":[{"start":{"line":272,"column":64},"end":{"line":272,"column":80}},{"start":{"line":272,"column":80},"end":{"line":272,"column":94}}]}},"s":{"0":0,"1":0,"2":0,"3":0,"4":0,"5":0,"6":0,"7":0,"8":0,"9":0,"10":0,"11":0,"12":0,"13":0,"14":0,"15":0},"f":{"0":0,"1":0,"2":0,"3":0,"4":0,"5":0,"6":0},"b":{"0":[0,0],"1":[0],"2":[0,0]}}
,"/Users/unson/Documents/Github/Unson-LLC/unson_os/src/app/(marketing)/careers/page.tsx": {"path":"/Users/unson/Documents/Github/Unson-LLC/unson_os/src/app/(marketing)/careers/page.tsx","statementMap":{"0":{"start":{"line":50,"column":24},"end":{"line":50,"column":null}},"1":{"start":{"line":5,"column":13},"end":{"line":5,"column":21}},"2":{"start":{"line":2,"column":23},"end":{"line":2,"column":null}},"3":{"start":{"line":3,"column":54},"end":{"line":3,"column":null}},"4":{"start":{"line":5,"column":34},"end":{"line":12,"column":null}},"5":{"start":{"line":16,"column":16},"end":{"line":47,"column":null}},"6":{"start":{"line":129,"column":14},"end":{"line":129,"column":31}},"7":{"start":{"line":156,"column":24},"end":{"line":156,"column":47}},"8":{"start":{"line":182,"column":14},"end":{"line":182,"column":31}},"9":{"start":{"line":209,"column":14},"end":{"line":209,"column":31}},"10":{"start":{"line":237,"column":16},"end":{"line":237,"column":33}},"11":{"start":{"line":274,"column":14},"end":{"line":274,"column":null}},"12":{"start":{"line":275,"column":14},"end":{"line":275,"column":null}}},"fnMap":{"0":{"name":"CareersPage","decl":{"start":{"line":50,"column":24},"end":{"line":50,"column":null}},"loc":{"start":{"line":50,"column":24},"end":{"line":343,"column":1}}},"1":{"name":"(anonymous_4)","decl":{"start":{"line":128,"column":30},"end":{"line":128,"column":31}},"loc":{"start":{"line":129,"column":14},"end":{"line":129,"column":31}}},"2":{"name":"(anonymous_5)","decl":{"start":{"line":155,"column":43},"end":{"line":155,"column":44}},"loc":{"start":{"line":156,"column":24},"end":{"line":156,"column":47}}},"3":{"name":"(anonymous_6)","decl":{"start":{"line":181,"column":31},"end":{"line":181,"column":32}},"loc":{"start":{"line":182,"column":14},"end":{"line":182,"column":31}}},"4":{"name":"(anonymous_7)","decl":{"start":{"line":208,"column":26},"end":{"line":208,"column":27}},"loc":{"start":{"line":209,"column":14},"end":{"line":209,"column":31}}},"5":{"name":"(anonymous_8)","decl":{"start":{"line":236,"column":27},"end":{"line":236,"column":28}},"loc":{"start":{"line":237,"column":16},"end":{"line":237,"column":33}}},"6":{"name":"(anonymous_9)","decl":{"start":{"line":273,"column":50},"end":{"line":273,"column":51}},"loc":{"start":{"line":273,"column":51},"end":{"line":276,"column":null}}}},"branchMap":{},"s":{"0":0,"1":0,"2":0,"3":0,"4":0,"5":0,"6":0,"7":0,"8":0,"9":0,"10":0,"11":0,"12":0},"f":{"0":0,"1":0,"2":0,"3":0,"4":0,"5":0,"6":0},"b":{}}
,"/Users/unson/Documents/Github/Unson-LLC/unson_os/src/app/(marketing)/community/page.tsx": {"path":"/Users/unson/Documents/Github/Unson-LLC/unson_os/src/app/(marketing)/community/page.tsx","statementMap":{"0":{"start":{"line":120,"column":24},"end":{"line":120,"column":null}},"1":{"start":{"line":7,"column":13},"end":{"line":7,"column":21}},"2":{"start":{"line":3,"column":31},"end":{"line":3,"column":null}},"3":{"start":{"line":4,"column":29},"end":{"line":4,"column":null}},"4":{"start":{"line":5,"column":30},"end":{"line":5,"column":null}},"5":{"start":{"line":7,"column":34},"end":{"line":14,"column":null}},"6":{"start":{"line":17,"column":25},"end":{"line":58,"column":null}},"7":{"start":{"line":60,"column":24},"end":{"line":97,"column":null}},"8":{"start":{"line":99,"column":23},"end":{"line":118,"column":null}},"9":{"start":{"line":121,"column":32},"end":{"line":121,"column":null}},"10":{"start":{"line":141,"column":16},"end":{"line":142,"column":null}},"11":{"start":{"line":194,"column":14},"end":{"line":194,"column":31}},"12":{"start":{"line":225,"column":14},"end":{"line":225,"column":31}},"13":{"start":{"line":278,"column":14},"end":{"line":278,"column":35}}},"fnMap":{"0":{"name":"CommunityPage","decl":{"start":{"line":120,"column":24},"end":{"line":120,"column":null}},"loc":{"start":{"line":120,"column":24},"end":{"line":368,"column":1}}},"1":{"name":"(anonymous_4)","decl":{"start":{"line":140,"column":51},"end":{"line":140,"column":52}},"loc":{"start":{"line":141,"column":16},"end":{"line":142,"column":null}}},"2":{"name":"(anonymous_5)","decl":{"start":{"line":193,"column":33},"end":{"line":193,"column":34}},"loc":{"start":{"line":194,"column":14},"end":{"line":194,"column":31}}},"3":{"name":"(anonymous_6)","decl":{"start":{"line":224,"column":32},"end":{"line":224,"column":33}},"loc":{"start":{"line":225,"column":14},"end":{"line":225,"column":31}}},"4":{"name":"(anonymous_7)","decl":{"start":{"line":277,"column":34},"end":{"line":277,"column":35}},"loc":{"start":{"line":278,"column":14},"end":{"line":278,"column":35}}}},"branchMap":{},"s":{"0":0,"1":0,"2":0,"3":0,"4":0,"5":0,"6":0,"7":0,"8":0,"9":0,"10":0,"11":0,"12":0,"13":0},"f":{"0":0,"1":0,"2":0,"3":0,"4":0},"b":{}}
,"/Users/unson/Documents/Github/Unson-LLC/unson_os/src/app/(marketing)/contact/page.tsx": {"path":"/Users/unson/Documents/Github/Unson-LLC/unson_os/src/app/(marketing)/contact/page.tsx","statementMap":{"0":{"start":{"line":19,"column":24},"end":{"line":19,"column":36}},"1":{"start":{"line":5,"column":13},"end":{"line":5,"column":21}},"2":{"start":{"line":2,"column":23},"end":{"line":2,"column":null}},"3":{"start":{"line":3,"column":40},"end":{"line":3,"column":null}},"4":{"start":{"line":5,"column":34},"end":{"line":12,"column":null}},"5":{"start":{"line":20,"column":22},"end":{"line":20,"column":null}},"6":{"start":{"line":46,"column":14},"end":{"line":46,"column":31}},"7":{"start":{"line":74,"column":14},"end":{"line":74,"column":null}},"8":{"start":{"line":75,"column":14},"end":{"line":75,"column":null}},"9":{"start":{"line":230,"column":14},"end":{"line":230,"column":31}}},"fnMap":{"0":{"name":"ContactPage","decl":{"start":{"line":19,"column":24},"end":{"line":19,"column":36}},"loc":{"start":{"line":19,"column":70},"end":{"line":306,"column":1}}},"1":{"name":"(anonymous_4)","decl":{"start":{"line":45,"column":32},"end":{"line":45,"column":33}},"loc":{"start":{"line":46,"column":14},"end":{"line":46,"column":31}}},"2":{"name":"(anonymous_5)","decl":{"start":{"line":73,"column":50},"end":{"line":73,"column":51}},"loc":{"start":{"line":73,"column":51},"end":{"line":76,"column":null}}},"3":{"name":"(anonymous_6)","decl":{"start":{"line":229,"column":25},"end":{"line":229,"column":26}},"loc":{"start":{"line":230,"column":14},"end":{"line":230,"column":31}}}},"branchMap":{"0":{"loc":{"start":{"line":20,"column":22},"end":{"line":20,"column":null}},"type":"binary-expr","locations":[{"start":{"line":20,"column":22},"end":{"line":20,"column":39}},{"start":{"line":20,"column":43},"end":{"line":20,"column":null}}]}},"s":{"0":0,"1":0,"2":0,"3":0,"4":0,"5":0,"6":0,"7":0,"8":0,"9":0},"f":{"0":0,"1":0,"2":0,"3":0},"b":{"0":[0,0]}}
,"/Users/unson/Documents/Github/Unson-LLC/unson_os/src/app/(marketing)/support/page.tsx": {"path":"/Users/unson/Documents/Github/Unson-LLC/unson_os/src/app/(marketing)/support/page.tsx","statementMap":{"0":{"start":{"line":39,"column":24},"end":{"line":39,"column":null}},"1":{"start":{"line":5,"column":13},"end":{"line":5,"column":21}},"2":{"start":{"line":2,"column":23},"end":{"line":2,"column":null}},"3":{"start":{"line":3,"column":30},"end":{"line":3,"column":null}},"4":{"start":{"line":5,"column":34},"end":{"line":12,"column":null}},"5":{"start":{"line":15,"column":23},"end":{"line":37,"column":null}},"6":{"start":{"line":63,"column":14},"end":{"line":63,"column":null}},"7":{"start":{"line":64,"column":14},"end":{"line":64,"column":null}},"8":{"start":{"line":88,"column":14},"end":{"line":88,"column":39}},"9":{"start":{"line":96,"column":20},"end":{"line":96,"column":44}},"10":{"start":{"line":126,"column":14},"end":{"line":126,"column":31}},"11":{"start":{"line":156,"column":14},"end":{"line":156,"column":null}},"12":{"start":{"line":157,"column":14},"end":{"line":157,"column":null}}},"fnMap":{"0":{"name":"SupportPage","decl":{"start":{"line":39,"column":24},"end":{"line":39,"column":null}},"loc":{"start":{"line":39,"column":24},"end":{"line":244,"column":1}}},"1":{"name":"(anonymous_4)","decl":{"start":{"line":62,"column":51},"end":{"line":62,"column":52}},"loc":{"start":{"line":62,"column":52},"end":{"line":65,"column":null}}},"2":{"name":"(anonymous_5)","decl":{"start":{"line":87,"column":31},"end":{"line":87,"column":32}},"loc":{"start":{"line":88,"column":14},"end":{"line":88,"column":39}}},"3":{"name":"(anonymous_6)","decl":{"start":{"line":95,"column":37},"end":{"line":95,"column":38}},"loc":{"start":{"line":96,"column":20},"end":{"line":96,"column":44}}},"4":{"name":"(anonymous_7)","decl":{"start":{"line":125,"column":32},"end":{"line":125,"column":33}},"loc":{"start":{"line":126,"column":14},"end":{"line":126,"column":31}}},"5":{"name":"(anonymous_8)","decl":{"start":{"line":155,"column":50},"end":{"line":155,"column":51}},"loc":{"start":{"line":155,"column":51},"end":{"line":158,"column":null}}}},"branchMap":{},"s":{"0":0,"1":0,"2":0,"3":0,"4":0,"5":0,"6":0,"7":0,"8":0,"9":0,"10":0,"11":0,"12":0},"f":{"0":0,"1":0,"2":0,"3":0,"4":0,"5":0},"b":{}}
,"/Users/unson/Documents/Github/Unson-LLC/unson_os/src/app/(product)/docs/page.tsx": {"path":"/Users/unson/Documents/Github/Unson-LLC/unson_os/src/app/(product)/docs/page.tsx","statementMap":{"0":{"start":{"line":143,"column":24},"end":{"line":143,"column":null}},"1":{"start":{"line":4,"column":23},"end":{"line":4,"column":null}},"2":{"start":{"line":5,"column":26},"end":{"line":5,"column":null}},"3":{"start":{"line":6,"column":39},"end":{"line":6,"column":null}},"4":{"start":{"line":10,"column":30},"end":{"line":77,"column":null}},"5":{"start":{"line":80,"column":20},"end":{"line":109,"column":null}},"6":{"start":{"line":112,"column":21},"end":{"line":141,"column":null}},"7":{"start":{"line":145,"column":28},"end":{"line":147,"column":null}},"8":{"start":{"line":149,"column":20},"end":{"line":151,"column":null}},"9":{"start":{"line":154,"column":33},"end":{"line":169,"column":null}},"10":{"start":{"line":155,"column":4},"end":{"line":155,"column":null}},"11":{"start":{"line":155,"column":23},"end":{"line":155,"column":null}},"12":{"start":{"line":156,"column":27},"end":{"line":156,"column":null}},"13":{"start":{"line":157,"column":4},"end":{"line":167,"column":null}},"14":{"start":{"line":157,"column":36},"end":{"line":164,"column":8}},"15":{"start":{"line":160,"column":8},"end":{"line":162,"column":null}},"16":{"start":{"line":165,"column":6},"end":{"line":167,"column":null}},"17":{"start":{"line":171,"column":27},"end":{"line":171,"column":null}},"18":{"start":{"line":173,"column":27},"end":{"line":173,"column":110}},"19":{"start":{"line":174,"column":22},"end":{"line":174,"column":51}},"20":{"start":{"line":177,"column":29},"end":{"line":180,"column":null}},"21":{"start":{"line":178,"column":4},"end":{"line":178,"column":null}},"22":{"start":{"line":179,"column":4},"end":{"line":179,"column":null}},"23":{"start":{"line":227,"column":14},"end":{"line":227,"column":31}},"24":{"start":{"line":261,"column":14},"end":{"line":261,"column":31}},"25":{"start":{"line":275,"column":20},"end":{"line":275,"column":41}},"26":{"start":{"line":308,"column":14},"end":{"line":308,"column":31}}},"fnMap":{"0":{"name":"DocsPage","decl":{"start":{"line":143,"column":24},"end":{"line":143,"column":null}},"loc":{"start":{"line":143,"column":24},"end":{"line":383,"column":null}}},"1":{"name":"(anonymous_2)","decl":{"start":{"line":154,"column":33},"end":{"line":154,"column":34}},"loc":{"start":{"line":154,"column":51},"end":{"line":169,"column":null}}},"2":{"name":"(anonymous_3)","decl":{"start":{"line":157,"column":24},"end":{"line":157,"column":36}},"loc":{"start":{"line":157,"column":36},"end":{"line":164,"column":8}}},"3":{"name":"(anonymous_4)","decl":{"start":{"line":159,"column":34},"end":{"line":159,"column":35}},"loc":{"start":{"line":160,"column":8},"end":{"line":162,"column":null}}},"4":{"name":"(anonymous_5)","decl":{"start":{"line":164,"column":15},"end":{"line":164,"column":null}},"loc":{"start":{"line":165,"column":6},"end":{"line":167,"column":null}}},"5":{"name":"(anonymous_6)","decl":{"start":{"line":177,"column":29},"end":{"line":177,"column":30}},"loc":{"start":{"line":177,"column":30},"end":{"line":180,"column":null}}},"6":{"name":"(anonymous_7)","decl":{"start":{"line":226,"column":49},"end":{"line":226,"column":50}},"loc":{"start":{"line":227,"column":14},"end":{"line":227,"column":31}}},"7":{"name":"(anonymous_8)","decl":{"start":{"line":260,"column":34},"end":{"line":260,"column":35}},"loc":{"start":{"line":261,"column":14},"end":{"line":261,"column":31}}},"8":{"name":"(anonymous_9)","decl":{"start":{"line":274,"column":37},"end":{"line":274,"column":38}},"loc":{"start":{"line":275,"column":20},"end":{"line":275,"column":41}}},"9":{"name":"(anonymous_10)","decl":{"start":{"line":307,"column":41},"end":{"line":307,"column":42}},"loc":{"start":{"line":308,"column":14},"end":{"line":308,"column":31}}}},"branchMap":{"0":{"loc":{"start":{"line":155,"column":4},"end":{"line":155,"column":null}},"type":"if","locations":[{"start":{"line":155,"column":4},"end":{"line":155,"column":null}}]},"1":{"loc":{"start":{"line":160,"column":8},"end":{"line":162,"column":null}},"type":"binary-expr","locations":[{"start":{"line":160,"column":8},"end":{"line":160,"column":null}},{"start":{"line":161,"column":8},"end":{"line":161,"column":null}},{"start":{"line":162,"column":8},"end":{"line":162,"column":null}}]},"2":{"loc":{"start":{"line":165,"column":6},"end":{"line":167,"column":null}},"type":"binary-expr","locations":[{"start":{"line":165,"column":6},"end":{"line":165,"column":null}},{"start":{"line":166,"column":6},"end":{"line":166,"column":null}},{"start":{"line":167,"column":6},"end":{"line":167,"column":null}}]},"3":{"loc":{"start":{"line":173,"column":27},"end":{"line":173,"column":110}},"type":"binary-expr","locations":[{"start":{"line":173,"column":27},"end":{"line":173,"column":55}},{"start":{"line":173,"column":59},"end":{"line":173,"column":90}},{"start":{"line":173,"column":90},"end":{"line":173,"column":110}}]},"4":{"loc":{"start":{"line":210,"column":7},"end":{"line":210,"column":22}},"type":"binary-expr","locations":[{"start":{"line":210,"column":7},"end":{"line":210,"column":22}},{"start":{"line":210,"column":22},"end":{"line":210,"column":null}}]},"5":{"loc":{"start":{"line":219,"column":8},"end":{"line":219,"column":24}},"type":"binary-expr","locations":[{"start":{"line":219,"column":8},"end":{"line":219,"column":24}},{"start":{"line":219,"column":24},"end":{"line":219,"column":51}}]},"6":{"loc":{"start":{"line":253,"column":8},"end":{"line":253,"column":24}},"type":"binary-expr","locations":[{"start":{"line":253,"column":8},"end":{"line":253,"column":24}},{"start":{"line":253,"column":24},"end":{"line":253,"column":null}}]},"7":{"loc":{"start":{"line":278,"column":26},"end":{"line":280,"column":null}},"type":"cond-expr","locations":[{"start":{"line":278,"column":50},"end":{"line":278,"column":null}},{"start":{"line":279,"column":26},"end":{"line":280,"column":null}}]},"8":{"loc":{"start":{"line":279,"column":26},"end":{"line":280,"column":null}},"type":"cond-expr","locations":[{"start":{"line":279,"column":54},"end":{"line":279,"column":null}},{"start":{"line":280,"column":26},"end":{"line":280,"column":null}}]},"9":{"loc":{"start":{"line":300,"column":8},"end":{"line":300,"column":24}},"type":"binary-expr","locations":[{"start":{"line":300,"column":8},"end":{"line":300,"column":24}},{"start":{"line":300,"column":24},"end":{"line":300,"column":43}}]}},"s":{"0":0,"1":0,"2":0,"3":0,"4":0,"5":0,"6":0,"7":0,"8":0,"9":0,"10":0,"11":0,"12":0,"13":0,"14":0,"15":0,"16":0,"17":0,"18":0,"19":0,"20":0,"21":0,"22":0,"23":0,"24":0,"25":0,"26":0},"f":{"0":0,"1":0,"2":0,"3":0,"4":0,"5":0,"6":0,"7":0,"8":0,"9":0},"b":{"0":[0],"1":[0,0,0],"2":[0,0,0],"3":[0,0,0],"4":[0,0],"5":[0,0],"6":[0,0],"7":[0,0],"8":[0,0],"9":[0,0]}}
,"/Users/unson/Documents/Github/Unson-LLC/unson_os/src/app/(product)/docs/dao/overview/page.tsx": {"path":"/Users/unson/Documents/Github/Unson-LLC/unson_os/src/app/(product)/docs/dao/overview/page.tsx","statementMap":{"0":{"start":{"line":110,"column":24},"end":{"line":110,"column":null}},"1":{"start":{"line":7,"column":13},"end":{"line":7,"column":21}},"2":{"start":{"line":3,"column":31},"end":{"line":3,"column":null}},"3":{"start":{"line":4,"column":27},"end":{"line":4,"column":null}},"4":{"start":{"line":5,"column":30},"end":{"line":5,"column":null}},"5":{"start":{"line":7,"column":34},"end":{"line":14,"column":null}},"6":{"start":{"line":17,"column":28},"end":{"line":36,"column":null}},"7":{"start":{"line":39,"column":18},"end":{"line":44,"column":null}},"8":{"start":{"line":47,"column":27},"end":{"line":53,"column":null}},"9":{"start":{"line":56,"column":35},"end":{"line":61,"column":null}},"10":{"start":{"line":64,"column":26},"end":{"line":100,"column":null}},"11":{"start":{"line":103,"column":22},"end":{"line":108,"column":null}},"12":{"start":{"line":111,"column":32},"end":{"line":111,"column":null}},"13":{"start":{"line":205,"column":14},"end":{"line":205,"column":31}},"14":{"start":{"line":239,"column":20},"end":{"line":239,"column":36}},"15":{"start":{"line":271,"column":16},"end":{"line":271,"column":33}},"16":{"start":{"line":322,"column":14},"end":{"line":322,"column":31}}},"fnMap":{"0":{"name":"DAOOverviewPage","decl":{"start":{"line":110,"column":24},"end":{"line":110,"column":null}},"loc":{"start":{"line":110,"column":24},"end":{"line":373,"column":1}}},"1":{"name":"(anonymous_4)","decl":{"start":{"line":204,"column":37},"end":{"line":204,"column":38}},"loc":{"start":{"line":205,"column":14},"end":{"line":205,"column":31}}},"2":{"name":"(anonymous_5)","decl":{"start":{"line":238,"column":50},"end":{"line":238,"column":51}},"loc":{"start":{"line":239,"column":20},"end":{"line":239,"column":36}}},"3":{"name":"(anonymous_6)","decl":{"start":{"line":270,"column":37},"end":{"line":270,"column":38}},"loc":{"start":{"line":271,"column":16},"end":{"line":271,"column":33}}},"4":{"name":"(anonymous_7)","decl":{"start":{"line":321,"column":31},"end":{"line":321,"column":32}},"loc":{"start":{"line":322,"column":14},"end":{"line":322,"column":31}}}},"branchMap":{"0":{"loc":{"start":{"line":276,"column":21},"end":{"line":276,"column":null}},"type":"binary-expr","locations":[{"start":{"line":276,"column":21},"end":{"line":276,"column":null}}]}},"s":{"0":0,"1":0,"2":0,"3":0,"4":0,"5":0,"6":0,"7":0,"8":0,"9":0,"10":0,"11":0,"12":0,"13":0,"14":0,"15":0,"16":0},"f":{"0":0,"1":0,"2":0,"3":0,"4":0},"b":{"0":[0]}}
,"/Users/unson/Documents/Github/Unson-LLC/unson_os/src/app/(product)/products/page.tsx": {"path":"/Users/unson/Documents/Github/Unson-LLC/unson_os/src/app/(product)/products/page.tsx","statementMap":{"0":{"start":{"line":9,"column":24},"end":{"line":9,"column":null}},"1":{"start":{"line":4,"column":23},"end":{"line":4,"column":null}},"2":{"start":{"line":5,"column":60},"end":{"line":5,"column":null}},"3":{"start":{"line":6,"column":26},"end":{"line":6,"column":null}},"4":{"start":{"line":7,"column":41},"end":{"line":7,"column":null}},"5":{"start":{"line":11,"column":30},"end":{"line":22,"column":null}},"6":{"start":{"line":12,"column":23},"end":{"line":15,"column":null}},"7":{"start":{"line":13,"column":24},"end":{"line":13,"column":null}},"8":{"start":{"line":14,"column":6},"end":{"line":14,"column":null}},"9":{"start":{"line":17,"column":26},"end":{"line":19,"column":null}},"10":{"start":{"line":18,"column":43},"end":{"line":18,"column":63}},"11":{"start":{"line":21,"column":4},"end":{"line":21,"column":null}},"12":{"start":{"line":25,"column":24},"end":{"line":29,"column":null}},"13":{"start":{"line":31,"column":127},"end":{"line":31,"column":null}},"14":{"start":{"line":32,"column":40},"end":{"line":32,"column":null}},"15":{"start":{"line":35,"column":20},"end":{"line":56,"column":null}},"16":{"start":{"line":113,"column":14},"end":{"line":113,"column":36}},"17":{"start":{"line":135,"column":20},"end":{"line":135,"column":37}}},"fnMap":{"0":{"name":"ProductsPage","decl":{"start":{"line":9,"column":24},"end":{"line":9,"column":null}},"loc":{"start":{"line":9,"column":24},"end":{"line":267,"column":null}}},"1":{"name":"(anonymous_2)","decl":{"start":{"line":11,"column":30},"end":{"line":11,"column":31}},"loc":{"start":{"line":11,"column":31},"end":{"line":22,"column":null}}},"2":{"name":"(anonymous_3)","decl":{"start":{"line":12,"column":39},"end":{"line":12,"column":40}},"loc":{"start":{"line":12,"column":45},"end":{"line":15,"column":7}}},"3":{"name":"(anonymous_4)","decl":{"start":{"line":18,"column":25},"end":{"line":18,"column":26}},"loc":{"start":{"line":18,"column":43},"end":{"line":18,"column":63}}},"4":{"name":"(anonymous_5)","decl":{"start":{"line":112,"column":34},"end":{"line":112,"column":35}},"loc":{"start":{"line":113,"column":14},"end":{"line":113,"column":36}}},"5":{"name":"(anonymous_6)","decl":{"start":{"line":134,"column":40},"end":{"line":134,"column":41}},"loc":{"start":{"line":135,"column":20},"end":{"line":135,"column":37}}}},"branchMap":{"0":{"loc":{"start":{"line":17,"column":26},"end":{"line":19,"column":null}},"type":"cond-expr","locations":[{"start":{"line":18,"column":8},"end":{"line":18,"column":null}},{"start":{"line":19,"column":8},"end":{"line":19,"column":null}}]},"1":{"loc":{"start":{"line":37,"column":13},"end":{"line":37,"column":82}},"type":"cond-expr","locations":[{"start":{"line":37,"column":41},"end":{"line":37,"column":56}},{"start":{"line":37,"column":56},"end":{"line":37,"column":82}}]},"2":{"loc":{"start":{"line":48,"column":13},"end":{"line":48,"column":86}},"type":"cond-expr","locations":[{"start":{"line":48,"column":33},"end":{"line":48,"column":67}},{"start":{"line":48,"column":70},"end":{"line":48,"column":86}}]},"3":{"loc":{"start":{"line":150,"column":21},"end":{"line":150,"column":null}},"type":"binary-expr","locations":[{"start":{"line":150,"column":21},"end":{"line":150,"column":null}}]},"4":{"loc":{"start":{"line":155,"column":21},"end":{"line":155,"column":null}},"type":"binary-expr","locations":[{"start":{"line":155,"column":21},"end":{"line":155,"column":null}}]},"5":{"loc":{"start":{"line":160,"column":21},"end":{"line":160,"column":null}},"type":"binary-expr","locations":[{"start":{"line":160,"column":21},"end":{"line":160,"column":null}}]}},"s":{"0":0,"1":0,"2":0,"3":0,"4":0,"5":0,"6":0,"7":0,"8":0,"9":0,"10":0,"11":0,"12":0,"13":0,"14":0,"15":0,"16":0,"17":0},"f":{"0":0,"1":0,"2":0,"3":0,"4":0,"5":0},"b":{"0":[0,0],"1":[0,0],"2":[0,0],"3":[0],"4":[0],"5":[0]}}
,"/Users/unson/Documents/Github/Unson-LLC/unson_os/src/app/(product)/products/[id]/page.tsx": {"path":"/Users/unson/Documents/Github/Unson-LLC/unson_os/src/app/(product)/products/[id]/page.tsx","statementMap":{"0":{"start":{"line":30,"column":24},"end":{"line":30,"column":42}},"1":{"start":{"line":10,"column":22},"end":{"line":10,"column":38}},"2":{"start":{"line":2,"column":23},"end":{"line":2,"column":null}},"3":{"start":{"line":4,"column":51},"end":{"line":4,"column":null}},"4":{"start":{"line":11,"column":18},"end":{"line":11,"column":null}},"5":{"start":{"line":13,"column":2},"end":{"line":18,"column":null}},"6":{"start":{"line":14,"column":4},"end":{"line":17,"column":null}},"7":{"start":{"line":20,"column":2},"end":{"line":27,"column":null}},"8":{"start":{"line":31,"column":18},"end":{"line":31,"column":null}},"9":{"start":{"line":33,"column":2},"end":{"line":45,"column":null}},"10":{"start":{"line":47,"column":26},"end":{"line":47,"column":null}},"11":{"start":{"line":113,"column":18},"end":{"line":113,"column":35}},"12":{"start":{"line":133,"column":14},"end":{"line":133,"column":31}},"13":{"start":{"line":147,"column":20},"end":{"line":147,"column":43}},"14":{"start":{"line":192,"column":18},"end":{"line":192,"column":36}},"15":{"start":{"line":208,"column":14},"end":{"line":208,"column":31}},"16":{"start":{"line":212,"column":22},"end":{"line":212,"column":36}},"17":{"start":{"line":232,"column":16},"end":{"line":232,"column":45}}},"fnMap":{"0":{"name":"generateMetadata","decl":{"start":{"line":10,"column":22},"end":{"line":10,"column":38}},"loc":{"start":{"line":10,"column":67},"end":{"line":28,"column":null}}},"1":{"name":"ProductDetailPage","decl":{"start":{"line":30,"column":24},"end":{"line":30,"column":42}},"loc":{"start":{"line":30,"column":70},"end":{"line":253,"column":1}}},"2":{"name":"(anonymous_5)","decl":{"start":{"line":112,"column":47},"end":{"line":112,"column":48}},"loc":{"start":{"line":113,"column":18},"end":{"line":113,"column":35}}},"3":{"name":"(anonymous_6)","decl":{"start":{"line":132,"column":32},"end":{"line":132,"column":33}},"loc":{"start":{"line":133,"column":14},"end":{"line":133,"column":31}}},"4":{"name":"(anonymous_7)","decl":{"start":{"line":146,"column":37},"end":{"line":146,"column":38}},"loc":{"start":{"line":147,"column":20},"end":{"line":147,"column":43}}},"5":{"name":"(anonymous_8)","decl":{"start":{"line":191,"column":54},"end":{"line":191,"column":55}},"loc":{"start":{"line":192,"column":18},"end":{"line":192,"column":36}}},"6":{"name":"(anonymous_9)","decl":{"start":{"line":207,"column":34},"end":{"line":207,"column":35}},"loc":{"start":{"line":208,"column":14},"end":{"line":208,"column":31}}},"7":{"name":"(anonymous_10)","decl":{"start":{"line":211,"column":51},"end":{"line":211,"column":52}},"loc":{"start":{"line":212,"column":22},"end":{"line":212,"column":36}}},"8":{"name":"(anonymous_11)","decl":{"start":{"line":231,"column":35},"end":{"line":231,"column":36}},"loc":{"start":{"line":232,"column":16},"end":{"line":232,"column":45}}}},"branchMap":{"0":{"loc":{"start":{"line":13,"column":2},"end":{"line":18,"column":null}},"type":"if","locations":[{"start":{"line":13,"column":2},"end":{"line":18,"column":null}}]},"1":{"loc":{"start":{"line":33,"column":2},"end":{"line":45,"column":null}},"type":"if","locations":[{"start":{"line":33,"column":2},"end":{"line":45,"column":null}}]},"2":{"loc":{"start":{"line":92,"column":17},"end":{"line":92,"column":null}},"type":"binary-expr","locations":[{"start":{"line":92,"column":17},"end":{"line":92,"column":null}}]},"3":{"loc":{"start":{"line":133,"column":50},"end":{"line":133,"column":109}},"type":"cond-expr","locations":[{"start":{"line":133,"column":65},"end":{"line":133,"column":106}},{"start":{"line":133,"column":106},"end":{"line":133,"column":109}}]},"4":{"loc":{"start":{"line":134,"column":17},"end":{"line":134,"column":29}},"type":"binary-expr","locations":[{"start":{"line":134,"column":17},"end":{"line":134,"column":29}}]},"5":{"loc":{"start":{"line":156,"column":33},"end":{"line":156,"column":71}},"type":"cond-expr","locations":[{"start":{"line":156,"column":48},"end":{"line":156,"column":60}},{"start":{"line":156,"column":60},"end":{"line":156,"column":71}}]},"6":{"loc":{"start":{"line":225,"column":7},"end":{"line":225,"column":null}},"type":"binary-expr","locations":[{"start":{"line":225,"column":7},"end":{"line":225,"column":null}}]}},"s":{"0":0,"1":0,"2":0,"3":0,"4":0,"5":0,"6":0,"7":0,"8":0,"9":0,"10":0,"11":0,"12":0,"13":0,"14":0,"15":0,"16":0,"17":0},"f":{"0":0,"1":0,"2":0,"3":0,"4":0,"5":0,"6":0,"7":0,"8":0},"b":{"0":[0],"1":[0],"2":[0],"3":[0,0],"4":[0],"5":[0,0],"6":[0]}}
,"/Users/unson/Documents/Github/Unson-LLC/unson_os/src/app/api/careers/route.ts": {"path":"/Users/unson/Documents/Github/Unson-LLC/unson_os/src/app/api/careers/route.ts","statementMap":{"0":{"start":{"line":8,"column":22},"end":{"line":8,"column":27}},"1":{"start":{"line":3,"column":101},"end":{"line":3,"column":null}},"2":{"start":{"line":4,"column":86},"end":{"line":4,"column":null}},"3":{"start":{"line":5,"column":70},"end":{"line":5,"column":null}},"4":{"start":{"line":10,"column":22},"end":{"line":10,"column":null}},"5":{"start":{"line":11,"column":2},"end":{"line":13,"column":null}},"6":{"start":{"line":12,"column":4},"end":{"line":12,"column":null}},"7":{"start":{"line":15,"column":38},"end":{"line":15,"column":54}},"8":{"start":{"line":18,"column":27},"end":{"line":25,"column":null}},"9":{"start":{"line":28,"column":2},"end":{"line":30,"column":null}},"10":{"start":{"line":29,"column":4},"end":{"line":29,"column":null}},"11":{"start":{"line":33,"column":2},"end":{"line":35,"column":null}}},"fnMap":{"0":{"name":"POST","decl":{"start":{"line":8,"column":22},"end":{"line":8,"column":27}},"loc":{"start":{"line":8,"column":47},"end":{"line":37,"column":null}}}},"branchMap":{"0":{"loc":{"start":{"line":11,"column":2},"end":{"line":13,"column":null}},"type":"if","locations":[{"start":{"line":11,"column":2},"end":{"line":13,"column":null}}]},"1":{"loc":{"start":{"line":28,"column":2},"end":{"line":30,"column":null}},"type":"if","locations":[{"start":{"line":28,"column":2},"end":{"line":30,"column":null}}]}},"s":{"0":0,"1":0,"2":0,"3":0,"4":0,"5":0,"6":0,"7":0,"8":0,"9":0,"10":0,"11":0},"f":{"0":0},"b":{"0":[0],"1":[0]}}
,"/Users/unson/Documents/Github/Unson-LLC/unson_os/src/app/api/contact/route.ts": {"path":"/Users/unson/Documents/Github/Unson-LLC/unson_os/src/app/api/contact/route.ts","statementMap":{"0":{"start":{"line":8,"column":22},"end":{"line":8,"column":27}},"1":{"start":{"line":3,"column":72},"end":{"line":3,"column":null}},"2":{"start":{"line":4,"column":86},"end":{"line":4,"column":null}},"3":{"start":{"line":5,"column":52},"end":{"line":5,"column":null}},"4":{"start":{"line":10,"column":22},"end":{"line":10,"column":null}},"5":{"start":{"line":11,"column":2},"end":{"line":13,"column":null}},"6":{"start":{"line":12,"column":4},"end":{"line":12,"column":null}},"7":{"start":{"line":15,"column":32},"end":{"line":15,"column":48}},"8":{"start":{"line":18,"column":27},"end":{"line":21,"column":null}},"9":{"start":{"line":24,"column":2},"end":{"line":26,"column":null}},"10":{"start":{"line":25,"column":4},"end":{"line":25,"column":null}},"11":{"start":{"line":29,"column":2},"end":{"line":31,"column":null}}},"fnMap":{"0":{"name":"POST","decl":{"start":{"line":8,"column":22},"end":{"line":8,"column":27}},"loc":{"start":{"line":8,"column":47},"end":{"line":33,"column":null}}}},"branchMap":{"0":{"loc":{"start":{"line":11,"column":2},"end":{"line":13,"column":null}},"type":"if","locations":[{"start":{"line":11,"column":2},"end":{"line":13,"column":null}}]},"1":{"loc":{"start":{"line":24,"column":2},"end":{"line":26,"column":null}},"type":"if","locations":[{"start":{"line":24,"column":2},"end":{"line":26,"column":null}}]}},"s":{"0":0,"1":0,"2":0,"3":0,"4":0,"5":0,"6":0,"7":0,"8":0,"9":0,"10":0,"11":0},"f":{"0":0},"b":{"0":[0],"1":[0]}}
,"/Users/unson/Documents/Github/Unson-LLC/unson_os/src/app/api/product-request/route.ts": {"path":"/Users/unson/Documents/Github/Unson-LLC/unson_os/src/app/api/product-request/route.ts","statementMap":{"0":{"start":{"line":8,"column":22},"end":{"line":8,"column":27}},"1":{"start":{"line":3,"column":88},"end":{"line":3,"column":null}},"2":{"start":{"line":4,"column":86},"end":{"line":4,"column":null}},"3":{"start":{"line":5,"column":72},"end":{"line":5,"column":null}},"4":{"start":{"line":10,"column":22},"end":{"line":10,"column":null}},"5":{"start":{"line":11,"column":2},"end":{"line":13,"column":null}},"6":{"start":{"line":12,"column":4},"end":{"line":12,"column":null}},"7":{"start":{"line":15,"column":35},"end":{"line":15,"column":51}},"8":{"start":{"line":18,"column":27},"end":{"line":23,"column":null}},"9":{"start":{"line":26,"column":2},"end":{"line":28,"column":null}},"10":{"start":{"line":27,"column":4},"end":{"line":27,"column":null}},"11":{"start":{"line":31,"column":2},"end":{"line":33,"column":null}}},"fnMap":{"0":{"name":"POST","decl":{"start":{"line":8,"column":22},"end":{"line":8,"column":27}},"loc":{"start":{"line":8,"column":47},"end":{"line":35,"column":null}}}},"branchMap":{"0":{"loc":{"start":{"line":11,"column":2},"end":{"line":13,"column":null}},"type":"if","locations":[{"start":{"line":11,"column":2},"end":{"line":13,"column":null}}]},"1":{"loc":{"start":{"line":26,"column":2},"end":{"line":28,"column":null}},"type":"if","locations":[{"start":{"line":26,"column":2},"end":{"line":28,"column":null}}]}},"s":{"0":0,"1":0,"2":0,"3":0,"4":0,"5":0,"6":0,"7":0,"8":0,"9":0,"10":0,"11":0},"f":{"0":0},"b":{"0":[0],"1":[0]}}
,"/Users/unson/Documents/Github/Unson-LLC/unson_os/src/app/api/waitlist/route.ts": {"path":"/Users/unson/Documents/Github/Unson-LLC/unson_os/src/app/api/waitlist/route.ts","statementMap":{"0":{"start":{"line":13,"column":22},"end":{"line":13,"column":27}},"1":{"start":{"line":3,"column":72},"end":{"line":3,"column":null}},"2":{"start":{"line":4,"column":86},"end":{"line":4,"column":null}},"3":{"start":{"line":5,"column":52},"end":{"line":5,"column":null}},"4":{"start":{"line":15,"column":22},"end":{"line":15,"column":null}},"5":{"start":{"line":16,"column":2},"end":{"line":18,"column":null}},"6":{"start":{"line":17,"column":4},"end":{"line":17,"column":null}},"7":{"start":{"line":20,"column":29},"end":{"line":20,"column":45}},"8":{"start":{"line":23,"column":27},"end":{"line":27,"column":null}},"9":{"start":{"line":30,"column":2},"end":{"line":32,"column":null}},"10":{"start":{"line":31,"column":4},"end":{"line":31,"column":null}},"11":{"start":{"line":35,"column":2},"end":{"line":37,"column":null}}},"fnMap":{"0":{"name":"POST","decl":{"start":{"line":13,"column":22},"end":{"line":13,"column":27}},"loc":{"start":{"line":13,"column":47},"end":{"line":39,"column":null}}}},"branchMap":{"0":{"loc":{"start":{"line":16,"column":2},"end":{"line":18,"column":null}},"type":"if","locations":[{"start":{"line":16,"column":2},"end":{"line":18,"column":null}}]},"1":{"loc":{"start":{"line":30,"column":2},"end":{"line":32,"column":null}},"type":"if","locations":[{"start":{"line":30,"column":2},"end":{"line":32,"column":null}}]}},"s":{"0":0,"1":0,"2":0,"3":0,"4":0,"5":0,"6":0,"7":0,"8":0,"9":0,"10":0,"11":0},"f":{"0":0},"b":{"0":[0],"1":[0]}}
,"/Users/unson/Documents/Github/Unson-LLC/unson_os/src/components/forms/WaitlistForm.tsx": {"path":"/Users/unson/Documents/Github/Unson-LLC/unson_os/src/components/forms/WaitlistForm.tsx","statementMap":{"0":{"start":{"line":19,"column":16},"end":{"line":19,"column":null}},"1":{"start":{"line":3,"column":25},"end":{"line":3,"column":null}},"2":{"start":{"line":4,"column":23},"end":{"line":4,"column":null}},"3":{"start":{"line":5,"column":29},"end":{"line":5,"column":null}},"4":{"start":{"line":20,"column":34},"end":{"line":24,"column":null}},"5":{"start":{"line":25,"column":30},"end":{"line":25,"column":null}},"6":{"start":{"line":26,"column":42},"end":{"line":26,"column":null}},"7":{"start":{"line":27,"column":36},"end":{"line":27,"column":null}},"8":{"start":{"line":28,"column":34},"end":{"line":28,"column":null}},"9":{"start":{"line":30,"column":20},"end":{"line":30,"column":null}},"10":{"start":{"line":33,"column":23},"end":{"line":48,"column":null}},"11":{"start":{"line":34,"column":34},"end":{"line":34,"column":null}},"12":{"start":{"line":36,"column":4},"end":{"line":40,"column":null}},"13":{"start":{"line":37,"column":6},"end":{"line":37,"column":null}},"14":{"start":{"line":38,"column":11},"end":{"line":40,"column":null}},"15":{"start":{"line":39,"column":6},"end":{"line":39,"column":null}},"16":{"start":{"line":42,"column":4},"end":{"line":44,"column":null}},"17":{"start":{"line":43,"column":6},"end":{"line":43,"column":null}},"18":{"start":{"line":46,"column":4},"end":{"line":46,"column":null}},"19":{"start":{"line":47,"column":4},"end":{"line":47,"column":null}},"20":{"start":{"line":50,"column":23},"end":{"line":94,"column":null}},"21":{"start":{"line":51,"column":4},"end":{"line":51,"column":null}},"22":{"start":{"line":53,"column":4},"end":{"line":55,"column":null}},"23":{"start":{"line":54,"column":6},"end":{"line":54,"column":null}},"24":{"start":{"line":57,"column":4},"end":{"line":57,"column":null}},"25":{"start":{"line":58,"column":4},"end":{"line":58,"column":null}},"26":{"start":{"line":60,"column":4},"end":{"line":93,"column":null}},"27":{"start":{"line":61,"column":23},"end":{"line":67,"column":null}},"28":{"start":{"line":69,"column":6},"end":{"line":71,"column":null}},"29":{"start":{"line":70,"column":8},"end":{"line":70,"column":null}},"30":{"start":{"line":73,"column":21},"end":{"line":73,"column":null}},"31":{"start":{"line":76,"column":6},"end":{"line":79,"column":null}},"32":{"start":{"line":81,"column":6},"end":{"line":81,"column":null}},"33":{"start":{"line":84,"column":6},"end":{"line":88,"column":null}},"34":{"start":{"line":90,"column":6},"end":{"line":90,"column":null}},"35":{"start":{"line":92,"column":6},"end":{"line":92,"column":null}},"36":{"start":{"line":96,"column":28},"end":{"line":101,"column":null}},"37":{"start":{"line":97,"column":4},"end":{"line":97,"column":null}},"38":{"start":{"line":97,"column":25},"end":{"line":97,"column":null}},"39":{"start":{"line":98,"column":4},"end":{"line":100,"column":null}},"40":{"start":{"line":99,"column":6},"end":{"line":99,"column":null}},"41":{"start":{"line":99,"column":25},"end":{"line":99,"column":null}},"42":{"start":{"line":103,"column":2},"end":{"line":114,"column":null}},"43":{"start":{"line":128,"column":27},"end":{"line":128,"column":null}},"44":{"start":{"line":147,"column":27},"end":{"line":147,"column":null}},"45":{"start":{"line":165,"column":27},"end":{"line":165,"column":null}}},"fnMap":{"0":{"name":"WaitlistForm","decl":{"start":{"line":19,"column":16},"end":{"line":19,"column":null}},"loc":{"start":{"line":19,"column":16},"end":{"line":195,"column":null}}},"1":{"name":"(anonymous_2)","decl":{"start":{"line":33,"column":23},"end":{"line":33,"column":null}},"loc":{"start":{"line":33,"column":23},"end":{"line":48,"column":null}}},"2":{"name":"(anonymous_3)","decl":{"start":{"line":50,"column":23},"end":{"line":50,"column":30}},"loc":{"start":{"line":50,"column":30},"end":{"line":94,"column":null}}},"3":{"name":"(anonymous_4)","decl":{"start":{"line":96,"column":28},"end":{"line":96,"column":29}},"loc":{"start":{"line":96,"column":52},"end":{"line":101,"column":null}}},"4":{"name":"(anonymous_5)","decl":{"start":{"line":97,"column":16},"end":{"line":97,"column":25}},"loc":{"start":{"line":97,"column":25},"end":{"line":97,"column":null}}},"5":{"name":"(anonymous_6)","decl":{"start":{"line":99,"column":16},"end":{"line":99,"column":25}},"loc":{"start":{"line":99,"column":25},"end":{"line":99,"column":null}}},"6":{"name":"(anonymous_7)","decl":{"start":{"line":128,"column":20},"end":{"line":128,"column":21}},"loc":{"start":{"line":128,"column":27},"end":{"line":128,"column":null}}},"7":{"name":"(anonymous_8)","decl":{"start":{"line":147,"column":20},"end":{"line":147,"column":21}},"loc":{"start":{"line":147,"column":27},"end":{"line":147,"column":null}}},"8":{"name":"(anonymous_9)","decl":{"start":{"line":165,"column":20},"end":{"line":165,"column":21}},"loc":{"start":{"line":165,"column":27},"end":{"line":165,"column":null}}}},"branchMap":{"0":{"loc":{"start":{"line":36,"column":4},"end":{"line":40,"column":null}},"type":"if","locations":[{"start":{"line":36,"column":4},"end":{"line":40,"column":null}},{"start":{"line":38,"column":11},"end":{"line":40,"column":null}}]},"1":{"loc":{"start":{"line":38,"column":11},"end":{"line":40,"column":null}},"type":"if","locations":[{"start":{"line":38,"column":11},"end":{"line":40,"column":null}}]},"2":{"loc":{"start":{"line":42,"column":4},"end":{"line":44,"column":null}},"type":"if","locations":[{"start":{"line":42,"column":4},"end":{"line":44,"column":null}}]},"3":{"loc":{"start":{"line":53,"column":4},"end":{"line":55,"column":null}},"type":"if","locations":[{"start":{"line":53,"column":4},"end":{"line":55,"column":null}}]},"4":{"loc":{"start":{"line":69,"column":6},"end":{"line":71,"column":null}},"type":"if","locations":[{"start":{"line":69,"column":6},"end":{"line":71,"column":null}}]},"5":{"loc":{"start":{"line":98,"column":4},"end":{"line":100,"column":null}},"type":"if","locations":[{"start":{"line":98,"column":4},"end":{"line":100,"column":null}}]},"6":{"loc":{"start":{"line":103,"column":2},"end":{"line":114,"column":null}},"type":"if","locations":[{"start":{"line":103,"column":2},"end":{"line":114,"column":null}}]},"7":{"loc":{"start":{"line":132,"column":9},"end":{"line":132,"column":21}},"type":"binary-expr","locations":[{"start":{"line":132,"column":9},"end":{"line":132,"column":21}}]},"8":{"loc":{"start":{"line":151,"column":9},"end":{"line":151,"column":20}},"type":"binary-expr","locations":[{"start":{"line":151,"column":9},"end":{"line":151,"column":20}}]},"9":{"loc":{"start":{"line":179,"column":7},"end":{"line":179,"column":null}},"type":"binary-expr","locations":[{"start":{"line":179,"column":7},"end":{"line":179,"column":null}}]},"10":{"loc":{"start":{"line":191,"column":9},"end":{"line":191,"column":null}},"type":"cond-expr","locations":[{"start":{"line":191,"column":24},"end":{"line":191,"column":35}},{"start":{"line":191,"column":35},"end":{"line":191,"column":null}}]}},"s":{"0":34,"1":4,"2":4,"3":4,"4":854,"5":850,"6":850,"7":850,"8":850,"9":850,"10":850,"11":34,"12":34,"13":6,"14":28,"15":2,"16":34,"17":6,"18":34,"19":34,"20":850,"21":34,"22":34,"23":8,"24":26,"25":26,"26":26,"27":26,"28":22,"29":8,"30":14,"31":14,"32":14,"33":14,"34":10,"35":24,"36":850,"37":758,"38":758,"39":758,"40":6,"41":6,"42":850,"43":534,"44":216,"45":8},"f":{"0":854,"1":34,"2":34,"3":758,"4":758,"5":6,"6":534,"7":216,"8":8},"b":{"0":[6,28],"1":[2],"2":[6],"3":[8],"4":[8],"5":[6],"6":[14],"7":[836],"8":[836],"9":[836],"10":[26,810]}}
,"/Users/unson/Documents/Github/Unson-LLC/unson_os/src/components/sections/CTASection.tsx": {"path":"/Users/unson/Documents/Github/Unson-LLC/unson_os/src/components/sections/CTASection.tsx","statementMap":{"0":{"start":{"line":19,"column":16},"end":{"line":19,"column":27}},"1":{"start":{"line":1,"column":31},"end":{"line":1,"column":null}},"2":{"start":{"line":38,"column":12},"end":{"line":39,"column":null}}},"fnMap":{"0":{"name":"CTASection","decl":{"start":{"line":19,"column":16},"end":{"line":19,"column":27}},"loc":{"start":{"line":26,"column":18},"end":{"line":53,"column":null}}},"1":{"name":"(anonymous_2)","decl":{"start":{"line":37,"column":23},"end":{"line":37,"column":24}},"loc":{"start":{"line":38,"column":12},"end":{"line":39,"column":null}}}},"branchMap":{"0":{"loc":{"start":{"line":23,"column":2},"end":{"line":23,"column":66}},"type":"default-arg","locations":[{"start":{"line":23,"column":20},"end":{"line":23,"column":66}}]},"1":{"loc":{"start":{"line":24,"column":2},"end":{"line":24,"column":26}},"type":"default-arg","locations":[{"start":{"line":24,"column":14},"end":{"line":24,"column":26}}]},"2":{"loc":{"start":{"line":25,"column":2},"end":{"line":25,"column":33}},"type":"default-arg","locations":[{"start":{"line":25,"column":18},"end":{"line":25,"column":33}}]},"3":{"loc":{"start":{"line":41,"column":23},"end":{"line":41,"column":null}},"type":"binary-expr","locations":[{"start":{"line":41,"column":23},"end":{"line":41,"column":37}},{"start":{"line":41,"column":41},"end":{"line":41,"column":null}}]},"4":{"loc":{"start":{"line":44,"column":25},"end":{"line":44,"column":null}},"type":"cond-expr","locations":[{"start":{"line":44,"column":56},"end":{"line":44,"column":119}},{"start":{"line":44,"column":119},"end":{"line":44,"column":null}}]}},"s":{"0":0,"1":0,"2":0},"f":{"0":0,"1":0},"b":{"0":[0],"1":[0],"2":[0],"3":[0,0],"4":[0,0]}}
,"/Users/unson/Documents/Github/Unson-LLC/unson_os/src/components/ui/Accordion.tsx": {"path":"/Users/unson/Documents/Github/Unson-LLC/unson_os/src/components/ui/Accordion.tsx","statementMap":{"0":{"start":{"line":17,"column":16},"end":{"line":17,"column":26}},"1":{"start":{"line":3,"column":25},"end":{"line":3,"column":null}},"2":{"start":{"line":18,"column":36},"end":{"line":18,"column":null}},"3":{"start":{"line":20,"column":21},"end":{"line":32,"column":null}},"4":{"start":{"line":21,"column":4},"end":{"line":31,"column":null}},"5":{"start":{"line":22,"column":6},"end":{"line":25,"column":null}},"6":{"start":{"line":23,"column":8},"end":{"line":25,"column":null}},"7":{"start":{"line":24,"column":30},"end":{"line":24,"column":null}},"8":{"start":{"line":28,"column":6},"end":{"line":29,"column":null}},"9":{"start":{"line":29,"column":8},"end":{"line":29,"column":null}},"10":{"start":{"line":37,"column":23},"end":{"line":37,"column":null}},"11":{"start":{"line":39,"column":8},"end":{"line":40,"column":29}},"12":{"start":{"line":42,"column":29},"end":{"line":42,"column":null}}},"fnMap":{"0":{"name":"Accordion","decl":{"start":{"line":17,"column":16},"end":{"line":17,"column":26}},"loc":{"start":{"line":17,"column":97},"end":{"line":70,"column":null}}},"1":{"name":"(anonymous_2)","decl":{"start":{"line":20,"column":21},"end":{"line":20,"column":22}},"loc":{"start":{"line":20,"column":22},"end":{"line":32,"column":null}}},"2":{"name":"(anonymous_3)","decl":{"start":{"line":22,"column":19},"end":{"line":22,"column":null}},"loc":{"start":{"line":23,"column":8},"end":{"line":25,"column":null}}},"3":{"name":"(anonymous_4)","decl":{"start":{"line":24,"column":24},"end":{"line":24,"column":30}},"loc":{"start":{"line":24,"column":30},"end":{"line":24,"column":null}}},"4":{"name":"(anonymous_5)","decl":{"start":{"line":28,"column":19},"end":{"line":28,"column":null}},"loc":{"start":{"line":29,"column":8},"end":{"line":29,"column":null}}},"5":{"name":"(anonymous_6)","decl":{"start":{"line":36,"column":17},"end":{"line":36,"column":18}},"loc":{"start":{"line":36,"column":18},"end":{"line":67,"column":null}}},"6":{"name":"(anonymous_7)","decl":{"start":{"line":42,"column":23},"end":{"line":42,"column":29}},"loc":{"start":{"line":42,"column":29},"end":{"line":42,"column":null}}}},"branchMap":{"0":{"loc":{"start":{"line":17,"column":35},"end":{"line":17,"column":56}},"type":"default-arg","locations":[{"start":{"line":17,"column":51},"end":{"line":17,"column":56}}]},"1":{"loc":{"start":{"line":17,"column":58},"end":{"line":17,"column":79}},"type":"default-arg","locations":[{"start":{"line":17,"column":77},"end":{"line":17,"column":79}}]},"2":{"loc":{"start":{"line":21,"column":4},"end":{"line":31,"column":null}},"type":"if","locations":[{"start":{"line":21,"column":4},"end":{"line":31,"column":null}},{"start":{"line":27,"column":11},"end":{"line":31,"column":null}}]},"3":{"loc":{"start":{"line":23,"column":8},"end":{"line":25,"column":null}},"type":"cond-expr","locations":[{"start":{"line":24,"column":12},"end":{"line":24,"column":null}},{"start":{"line":25,"column":12},"end":{"line":25,"column":null}}]},"4":{"loc":{"start":{"line":29,"column":8},"end":{"line":29,"column":null}},"type":"cond-expr","locations":[{"start":{"line":29,"column":32},"end":{"line":29,"column":34}},{"start":{"line":29,"column":37},"end":{"line":29,"column":null}}]},"5":{"loc":{"start":{"line":48,"column":18},"end":{"line":48,"column":null}},"type":"cond-expr","locations":[{"start":{"line":48,"column":27},"end":{"line":48,"column":42}},{"start":{"line":48,"column":42},"end":{"line":48,"column":null}}]},"6":{"loc":{"start":{"line":59,"column":14},"end":{"line":59,"column":null}},"type":"cond-expr","locations":[{"start":{"line":59,"column":23},"end":{"line":59,"column":54}},{"start":{"line":59,"column":54},"end":{"line":59,"column":null}}]}},"s":{"0":0,"1":0,"2":0,"3":0,"4":0,"5":0,"6":0,"7":0,"8":0,"9":0,"10":0,"11":0,"12":0},"f":{"0":0,"1":0,"2":0,"3":0,"4":0,"5":0,"6":0},"b":{"0":[0],"1":[0],"2":[0,0],"3":[0,0],"4":[0,0],"5":[0,0],"6":[0,0]}}
,"/Users/unson/Documents/Github/Unson-LLC/unson_os/src/components/ui/Button.tsx": {"path":"/Users/unson/Documents/Github/Unson-LLC/unson_os/src/components/ui/Button.tsx","statementMap":{"0":{"start":{"line":48,"column":9},"end":{"line":48,"column":15}},"1":{"start":{"line":48,"column":17},"end":{"line":48,"column":31}},"2":{"start":{"line":1,"column":27},"end":{"line":1,"column":null}},"3":{"start":{"line":2,"column":39},"end":{"line":2,"column":null}},"4":{"start":{"line":3,"column":19},"end":{"line":3,"column":null}},"5":{"start":{"line":5,"column":23},"end":{"line":28,"column":null}},"6":{"start":{"line":35,"column":15},"end":{"line":44,"column":null}},"7":{"start":{"line":46,"column":0},"end":{"line":46,"column":null}}},"fnMap":{"0":{"name":"(anonymous_3)","decl":{"start":{"line":36,"column":2},"end":{"line":36,"column":3}},"loc":{"start":{"line":36,"column":43},"end":{"line":44,"column":null}}}},"branchMap":{},"s":{"0":854,"1":0,"2":6,"3":6,"4":6,"5":6,"6":6,"7":6},"f":{"0":854},"b":{}}
,"/Users/unson/Documents/Github/Unson-LLC/unson_os/src/components/ui/FilterButtons.tsx": {"path":"/Users/unson/Documents/Github/Unson-LLC/unson_os/src/components/ui/FilterButtons.tsx","statementMap":{"0":{"start":{"line":13,"column":16},"end":{"line":13,"column":30}},"1":{"start":{"line":2,"column":18},"end":{"line":2,"column":null}},"2":{"start":{"line":3,"column":23},"end":{"line":3,"column":null}},"3":{"start":{"line":23,"column":8},"end":{"line":24,"column":null}},"4":{"start":{"line":28,"column":25},"end":{"line":28,"column":null}}},"fnMap":{"0":{"name":"FilterButtons","decl":{"start":{"line":13,"column":16},"end":{"line":13,"column":30}},"loc":{"start":{"line":19,"column":21},"end":{"line":35,"column":null}}},"1":{"name":"(anonymous_3)","decl":{"start":{"line":22,"column":19},"end":{"line":22,"column":20}},"loc":{"start":{"line":23,"column":8},"end":{"line":24,"column":null}}},"2":{"name":"(anonymous_4)","decl":{"start":{"line":28,"column":19},"end":{"line":28,"column":25}},"loc":{"start":{"line":28,"column":25},"end":{"line":28,"column":null}}}},"branchMap":{"0":{"loc":{"start":{"line":17,"column":2},"end":{"line":17,"column":51}},"type":"default-arg","locations":[{"start":{"line":17,"column":14},"end":{"line":17,"column":51}}]},"1":{"loc":{"start":{"line":18,"column":2},"end":{"line":18,"column":13}},"type":"default-arg","locations":[{"start":{"line":18,"column":9},"end":{"line":18,"column":13}}]},"2":{"loc":{"start":{"line":25,"column":19},"end":{"line":25,"column":null}},"type":"cond-expr","locations":[{"start":{"line":25,"column":47},"end":{"line":25,"column":59}},{"start":{"line":25,"column":59},"end":{"line":25,"column":null}}]}},"s":{"0":0,"1":0,"2":0,"3":0,"4":0},"f":{"0":0,"1":0,"2":0},"b":{"0":[0],"1":[0],"2":[0,0]}}
,"/Users/unson/Documents/Github/Unson-LLC/unson_os/src/components/ui/Modal.tsx": {"path":"/Users/unson/Documents/Github/Unson-LLC/unson_os/src/components/ui/Modal.tsx","statementMap":{"0":{"start":{"line":109,"column":16},"end":{"line":109,"column":28}},"1":{"start":{"line":16,"column":16},"end":{"line":16,"column":21}},"2":{"start":{"line":3,"column":26},"end":{"line":3,"column":null}},"3":{"start":{"line":4,"column":23},"end":{"line":4,"column":null}},"4":{"start":{"line":25,"column":2},"end":{"line":35,"column":null}},"5":{"start":{"line":26,"column":4},"end":{"line":30,"column":null}},"6":{"start":{"line":27,"column":6},"end":{"line":27,"column":null}},"7":{"start":{"line":29,"column":6},"end":{"line":29,"column":null}},"8":{"start":{"line":32,"column":4},"end":{"line":34,"column":null}},"9":{"start":{"line":33,"column":6},"end":{"line":33,"column":null}},"10":{"start":{"line":37,"column":2},"end":{"line":46,"column":null}},"11":{"start":{"line":38,"column":25},"end":{"line":42,"column":null}},"12":{"start":{"line":39,"column":6},"end":{"line":41,"column":null}},"13":{"start":{"line":40,"column":8},"end":{"line":40,"column":null}},"14":{"start":{"line":44,"column":4},"end":{"line":44,"column":null}},"15":{"start":{"line":45,"column":4},"end":{"line":45,"column":null}},"16":{"start":{"line":45,"column":17},"end":{"line":45,"column":null}},"17":{"start":{"line":48,"column":2},"end":{"line":48,"column":null}},"18":{"start":{"line":48,"column":15},"end":{"line":48,"column":null}},"19":{"start":{"line":50,"column":22},"end":{"line":55,"column":null}},"20":{"start":{"line":119,"column":21},"end":{"line":123,"column":null}},"21":{"start":{"line":125,"column":25},"end":{"line":129,"column":null}},"22":{"start":{"line":154,"column":14},"end":{"line":154,"column":null}},"23":{"start":{"line":155,"column":14},"end":{"line":155,"column":null}}},"fnMap":{"0":{"name":"Modal","decl":{"start":{"line":16,"column":16},"end":{"line":16,"column":21}},"loc":{"start":{"line":24,"column":13},"end":{"line":95,"column":null}}},"1":{"name":"(anonymous_4)","decl":{"start":{"line":25,"column":12},"end":{"line":25,"column":null}},"loc":{"start":{"line":25,"column":12},"end":{"line":35,"column":5}}},"2":{"name":"(anonymous_5)","decl":{"start":{"line":32,"column":11},"end":{"line":32,"column":null}},"loc":{"start":{"line":32,"column":11},"end":{"line":34,"column":null}}},"3":{"name":"(anonymous_6)","decl":{"start":{"line":37,"column":12},"end":{"line":37,"column":null}},"loc":{"start":{"line":37,"column":12},"end":{"line":46,"column":5}}},"4":{"name":"(anonymous_7)","decl":{"start":{"line":38,"column":25},"end":{"line":38,"column":26}},"loc":{"start":{"line":38,"column":26},"end":{"line":42,"column":null}}},"5":{"name":"(anonymous_8)","decl":{"start":{"line":45,"column":11},"end":{"line":45,"column":17}},"loc":{"start":{"line":45,"column":17},"end":{"line":45,"column":null}}},"6":{"name":"ConfirmModal","decl":{"start":{"line":109,"column":16},"end":{"line":109,"column":28}},"loc":{"start":{"line":118,"column":20},"end":{"line":165,"column":null}}},"7":{"name":"(anonymous_10)","decl":{"start":{"line":153,"column":21},"end":{"line":153,"column":null}},"loc":{"start":{"line":153,"column":21},"end":{"line":156,"column":null}}}},"branchMap":{"0":{"loc":{"start":{"line":21,"column":2},"end":{"line":21,"column":13}},"type":"default-arg","locations":[{"start":{"line":21,"column":9},"end":{"line":21,"column":13}}]},"1":{"loc":{"start":{"line":22,"column":2},"end":{"line":22,"column":24}},"type":"default-arg","locations":[{"start":{"line":22,"column":20},"end":{"line":22,"column":24}}]},"2":{"loc":{"start":{"line":23,"column":2},"end":{"line":23,"column":23}},"type":"default-arg","locations":[{"start":{"line":23,"column":19},"end":{"line":23,"column":23}}]},"3":{"loc":{"start":{"line":26,"column":4},"end":{"line":30,"column":null}},"type":"if","locations":[{"start":{"line":26,"column":4},"end":{"line":30,"column":null}},{"start":{"line":28,"column":11},"end":{"line":30,"column":null}}]},"4":{"loc":{"start":{"line":39,"column":6},"end":{"line":41,"column":null}},"type":"if","locations":[{"start":{"line":39,"column":6},"end":{"line":41,"column":null}}]},"5":{"loc":{"start":{"line":39,"column":10},"end":{"line":39,"column":40}},"type":"binary-expr","locations":[{"start":{"line":39,"column":10},"end":{"line":39,"column":32}},{"start":{"line":39,"column":32},"end":{"line":39,"column":40}}]},"6":{"loc":{"start":{"line":48,"column":2},"end":{"line":48,"column":null}},"type":"if","locations":[{"start":{"line":48,"column":2},"end":{"line":48,"column":null}}]},"7":{"loc":{"start":{"line":62,"column":17},"end":{"line":62,"column":null}},"type":"cond-expr","locations":[{"start":{"line":62,"column":34},"end":{"line":62,"column":44}},{"start":{"line":62,"column":44},"end":{"line":62,"column":null}}]},"8":{"loc":{"start":{"line":68,"column":10},"end":{"line":68,"column":19}},"type":"binary-expr","locations":[{"start":{"line":68,"column":10},"end":{"line":68,"column":19}},{"start":{"line":68,"column":19},"end":{"line":68,"column":33}}]},"9":{"loc":{"start":{"line":70,"column":13},"end":{"line":70,"column":null}},"type":"binary-expr","locations":[{"start":{"line":70,"column":13},"end":{"line":70,"column":null}}]},"10":{"loc":{"start":{"line":75,"column":13},"end":{"line":75,"column":null}},"type":"binary-expr","locations":[{"start":{"line":75,"column":13},"end":{"line":75,"column":null}}]},"11":{"loc":{"start":{"line":115,"column":2},"end":{"line":115,"column":20}},"type":"default-arg","locations":[{"start":{"line":115,"column":16},"end":{"line":115,"column":20}}]},"12":{"loc":{"start":{"line":116,"column":2},"end":{"line":116,"column":22}},"type":"default-arg","locations":[{"start":{"line":116,"column":15},"end":{"line":116,"column":22}}]},"13":{"loc":{"start":{"line":117,"column":2},"end":{"line":117,"column":18}},"type":"default-arg","locations":[{"start":{"line":117,"column":12},"end":{"line":117,"column":18}}]}},"s":{"0":0,"1":0,"2":0,"3":0,"4":0,"5":0,"6":0,"7":0,"8":0,"9":0,"10":0,"11":0,"12":0,"13":0,"14":0,"15":0,"16":0,"17":0,"18":0,"19":0,"20":0,"21":0,"22":0,"23":0},"f":{"0":0,"1":0,"2":0,"3":0,"4":0,"5":0,"6":0,"7":0},"b":{"0":[0],"1":[0],"2":[0],"3":[0,0],"4":[0],"5":[0,0],"6":[0],"7":[0,0],"8":[0,0],"9":[0],"10":[0],"11":[0],"12":[0],"13":[0]}}
,"/Users/unson/Documents/Github/Unson-LLC/unson_os/src/components/ui/NavigationLink.tsx": {"path":"/Users/unson/Documents/Github/Unson-LLC/unson_os/src/components/ui/NavigationLink.tsx","statementMap":{"0":{"start":{"line":13,"column":16},"end":{"line":13,"column":31}},"1":{"start":{"line":1,"column":23},"end":{"line":1,"column":null}},"2":{"start":{"line":22,"column":20},"end":{"line":25,"column":null}},"3":{"start":{"line":27,"column":26},"end":{"line":27,"column":null}}},"fnMap":{"0":{"name":"NavigationLink","decl":{"start":{"line":13,"column":16},"end":{"line":13,"column":31}},"loc":{"start":{"line":21,"column":22},"end":{"line":40,"column":null}}}},"branchMap":{"0":{"loc":{"start":{"line":16,"column":2},"end":{"line":16,"column":21}},"type":"default-arg","locations":[{"start":{"line":16,"column":12},"end":{"line":16,"column":21}}]},"1":{"loc":{"start":{"line":17,"column":2},"end":{"line":17,"column":18}},"type":"default-arg","locations":[{"start":{"line":17,"column":9},"end":{"line":17,"column":18}}]},"2":{"loc":{"start":{"line":18,"column":2},"end":{"line":18,"column":16}},"type":"default-arg","locations":[{"start":{"line":18,"column":14},"end":{"line":18,"column":16}}]},"3":{"loc":{"start":{"line":19,"column":2},"end":{"line":19,"column":18}},"type":"default-arg","locations":[{"start":{"line":19,"column":13},"end":{"line":19,"column":18}}]},"4":{"loc":{"start":{"line":20,"column":2},"end":{"line":20,"column":19}},"type":"default-arg","locations":[{"start":{"line":20,"column":14},"end":{"line":20,"column":19}}]},"5":{"loc":{"start":{"line":22,"column":20},"end":{"line":25,"column":null}},"type":"cond-expr","locations":[{"start":{"line":22,"column":31},"end":{"line":25,"column":6}},{"start":{"line":25,"column":6},"end":{"line":25,"column":null}}]},"6":{"loc":{"start":{"line":27,"column":26},"end":{"line":27,"column":null}},"type":"cond-expr","locations":[{"start":{"line":27,"column":38},"end":{"line":27,"column":49}},{"start":{"line":27,"column":49},"end":{"line":27,"column":null}}]},"7":{"loc":{"start":{"line":30,"column":45},"end":{"line":30,"column":null}},"type":"cond-expr","locations":[{"start":{"line":30,"column":57},"end":{"line":30,"column":68}},{"start":{"line":30,"column":68},"end":{"line":30,"column":null}}]}},"s":{"0":0,"1":0,"2":0,"3":0},"f":{"0":0},"b":{"0":[0],"1":[0],"2":[0],"3":[0],"4":[0],"5":[0,0],"6":[0,0],"7":[0,0]}}
,"/Users/unson/Documents/Github/Unson-LLC/unson_os/src/components/ui/NoResults.tsx": {"path":"/Users/unson/Documents/Github/Unson-LLC/unson_os/src/components/ui/NoResults.tsx","statementMap":{"0":{"start":{"line":12,"column":16},"end":{"line":12,"column":26}},"1":{"start":{"line":2,"column":18},"end":{"line":2,"column":null}}},"fnMap":{"0":{"name":"NoResults","decl":{"start":{"line":12,"column":16},"end":{"line":12,"column":26}},"loc":{"start":{"line":18,"column":17},"end":{"line":44,"column":null}}}},"branchMap":{"0":{"loc":{"start":{"line":15,"column":2},"end":{"line":15,"column":24}},"type":"default-arg","locations":[{"start":{"line":15,"column":10},"end":{"line":15,"column":24}}]},"1":{"loc":{"start":{"line":23,"column":11},"end":{"line":23,"column":null}},"type":"binary-expr","locations":[{"start":{"line":23,"column":11},"end":{"line":23,"column":null}}]},"2":{"loc":{"start":{"line":32,"column":13},"end":{"line":32,"column":57}},"type":"binary-expr","locations":[{"start":{"line":32,"column":13},"end":{"line":32,"column":28}},{"start":{"line":32,"column":28},"end":{"line":32,"column":57}}]}},"s":{"0":0,"1":0},"f":{"0":0},"b":{"0":[0],"1":[0],"2":[0,0]}}
,"/Users/unson/Documents/Github/Unson-LLC/unson_os/src/components/ui/SearchInput.tsx": {"path":"/Users/unson/Documents/Github/Unson-LLC/unson_os/src/components/ui/SearchInput.tsx","statementMap":{"0":{"start":{"line":12,"column":16},"end":{"line":12,"column":28}},"1":{"start":{"line":2,"column":18},"end":{"line":2,"column":null}},"2":{"start":{"line":25,"column":25},"end":{"line":25,"column":null}}},"fnMap":{"0":{"name":"SearchInput","decl":{"start":{"line":12,"column":16},"end":{"line":12,"column":28}},"loc":{"start":{"line":18,"column":19},"end":{"line":37,"column":null}}},"1":{"name":"(anonymous_3)","decl":{"start":{"line":25,"column":18},"end":{"line":25,"column":19}},"loc":{"start":{"line":25,"column":25},"end":{"line":25,"column":null}}}},"branchMap":{"0":{"loc":{"start":{"line":15,"column":2},"end":{"line":15,"column":23}},"type":"default-arg","locations":[{"start":{"line":15,"column":16},"end":{"line":15,"column":23}}]},"1":{"loc":{"start":{"line":16,"column":2},"end":{"line":16,"column":16}},"type":"default-arg","locations":[{"start":{"line":16,"column":14},"end":{"line":16,"column":16}}]},"2":{"loc":{"start":{"line":17,"column":2},"end":{"line":17,"column":13}},"type":"default-arg","locations":[{"start":{"line":17,"column":9},"end":{"line":17,"column":13}}]},"3":{"loc":{"start":{"line":28,"column":7},"end":{"line":28,"column":null}},"type":"binary-expr","locations":[{"start":{"line":28,"column":7},"end":{"line":28,"column":null}}]}},"s":{"0":0,"1":0,"2":0},"f":{"0":0,"1":0},"b":{"0":[0],"1":[0],"2":[0],"3":[0]}}
,"/Users/unson/Documents/Github/Unson-LLC/unson_os/src/components/ui/StatsGrid.tsx": {"path":"/Users/unson/Documents/Github/Unson-LLC/unson_os/src/components/ui/StatsGrid.tsx","statementMap":{"0":{"start":{"line":17,"column":16},"end":{"line":17,"column":26}},"1":{"start":{"line":2,"column":18},"end":{"line":2,"column":null}},"2":{"start":{"line":22,"column":23},"end":{"line":29,"column":null}},"3":{"start":{"line":31,"column":20},"end":{"line":37,"column":4}},"4":{"start":{"line":42,"column":8},"end":{"line":42,"column":25}}},"fnMap":{"0":{"name":"StatsGrid","decl":{"start":{"line":17,"column":16},"end":{"line":17,"column":26}},"loc":{"start":{"line":21,"column":17},"end":{"line":52,"column":null}}},"1":{"name":"(anonymous_3)","decl":{"start":{"line":41,"column":17},"end":{"line":41,"column":18}},"loc":{"start":{"line":42,"column":8},"end":{"line":42,"column":25}}}},"branchMap":{"0":{"loc":{"start":{"line":19,"column":2},"end":{"line":19,"column":13}},"type":"default-arg","locations":[{"start":{"line":19,"column":12},"end":{"line":19,"column":13}}]},"1":{"loc":{"start":{"line":20,"column":2},"end":{"line":20,"column":38}},"type":"default-arg","locations":[{"start":{"line":20,"column":14},"end":{"line":20,"column":38}}]},"2":{"loc":{"start":{"line":32,"column":4},"end":{"line":36,"column":29}},"type":"cond-expr","locations":[{"start":{"line":32,"column":20},"end":{"line":32,"column":null}},{"start":{"line":33,"column":4},"end":{"line":36,"column":29}}]},"3":{"loc":{"start":{"line":33,"column":4},"end":{"line":36,"column":29}},"type":"cond-expr","locations":[{"start":{"line":33,"column":20},"end":{"line":33,"column":null}},{"start":{"line":34,"column":4},"end":{"line":36,"column":29}}]},"4":{"loc":{"start":{"line":34,"column":4},"end":{"line":36,"column":29}},"type":"cond-expr","locations":[{"start":{"line":34,"column":20},"end":{"line":34,"column":null}},{"start":{"line":35,"column":4},"end":{"line":36,"column":29}}]},"5":{"loc":{"start":{"line":35,"column":4},"end":{"line":36,"column":29}},"type":"cond-expr","locations":[{"start":{"line":35,"column":20},"end":{"line":35,"column":null}},{"start":{"line":36,"column":4},"end":{"line":36,"column":29}}]},"6":{"loc":{"start":{"line":43,"column":53},"end":{"line":43,"column":109}},"type":"cond-expr","locations":[{"start":{"line":43,"column":66},"end":{"line":43,"column":90}},{"start":{"line":43,"column":93},"end":{"line":43,"column":109}}]},"7":{"loc":{"start":{"line":44,"column":13},"end":{"line":44,"column":22}},"type":"binary-expr","locations":[{"start":{"line":44,"column":13},"end":{"line":44,"column":22}}]}},"s":{"0":0,"1":0,"2":0,"3":0,"4":0},"f":{"0":0,"1":0},"b":{"0":[0],"1":[0],"2":[0,0],"3":[0,0],"4":[0,0],"5":[0,0],"6":[0,0],"7":[0]}}
,"/Users/unson/Documents/Github/Unson-LLC/unson_os/src/components/ui/Tabs.tsx": {"path":"/Users/unson/Documents/Github/Unson-LLC/unson_os/src/components/ui/Tabs.tsx","statementMap":{"0":{"start":{"line":19,"column":16},"end":{"line":19,"column":20}},"1":{"start":{"line":114,"column":16},"end":{"line":114,"column":28}},"2":{"start":{"line":3,"column":25},"end":{"line":3,"column":null}},"3":{"start":{"line":25,"column":36},"end":{"line":25,"column":null}},"4":{"start":{"line":27,"column":22},"end":{"line":31,"column":null}},"5":{"start":{"line":33,"column":24},"end":{"line":64,"column":null}},"6":{"start":{"line":34,"column":24},"end":{"line":34,"column":91}},"7":{"start":{"line":35,"column":21},"end":{"line":35,"column":42}},"8":{"start":{"line":36,"column":23},"end":{"line":36,"column":36}},"9":{"start":{"line":38,"column":4},"end":{"line":40,"column":null}},"10":{"start":{"line":39,"column":6},"end":{"line":39,"column":null}},"11":{"start":{"line":42,"column":4},"end":{"line":63,"column":null}},"12":{"start":{"line":44,"column":8},"end":{"line":48,"column":null}},"13":{"start":{"line":51,"column":8},"end":{"line":55,"column":null}},"14":{"start":{"line":58,"column":8},"end":{"line":62,"column":null}},"15":{"start":{"line":66,"column":30},"end":{"line":75,"column":null}},"16":{"start":{"line":67,"column":4},"end":{"line":74,"column":null}},"17":{"start":{"line":69,"column":8},"end":{"line":69,"column":null}},"18":{"start":{"line":71,"column":8},"end":{"line":71,"column":null}},"19":{"start":{"line":73,"column":8},"end":{"line":73,"column":null}},"20":{"start":{"line":77,"column":24},"end":{"line":77,"column":null}},"21":{"start":{"line":77,"column":43},"end":{"line":77,"column":67}},"22":{"start":{"line":84,"column":10},"end":{"line":85,"column":null}},"23":{"start":{"line":86,"column":27},"end":{"line":86,"column":null}},"24":{"start":{"line":119,"column":36},"end":{"line":119,"column":null}},"25":{"start":{"line":121,"column":24},"end":{"line":121,"column":null}},"26":{"start":{"line":121,"column":43},"end":{"line":121,"column":67}},"27":{"start":{"line":128,"column":10},"end":{"line":129,"column":null}},"28":{"start":{"line":130,"column":27},"end":{"line":130,"column":null}}},"fnMap":{"0":{"name":"Tabs","decl":{"start":{"line":19,"column":16},"end":{"line":19,"column":20}},"loc":{"start":{"line":24,"column":12},"end":{"line":105,"column":null}}},"1":{"name":"(anonymous_4)","decl":{"start":{"line":33,"column":24},"end":{"line":33,"column":25}},"loc":{"start":{"line":33,"column":25},"end":{"line":64,"column":null}}},"2":{"name":"(anonymous_5)","decl":{"start":{"line":66,"column":30},"end":{"line":66,"column":null}},"loc":{"start":{"line":66,"column":30},"end":{"line":75,"column":null}}},"3":{"name":"(anonymous_6)","decl":{"start":{"line":77,"column":35},"end":{"line":77,"column":43}},"loc":{"start":{"line":77,"column":43},"end":{"line":77,"column":67}}},"4":{"name":"(anonymous_7)","decl":{"start":{"line":83,"column":19},"end":{"line":83,"column":20}},"loc":{"start":{"line":84,"column":10},"end":{"line":85,"column":null}}},"5":{"name":"(anonymous_8)","decl":{"start":{"line":86,"column":21},"end":{"line":86,"column":27}},"loc":{"start":{"line":86,"column":27},"end":{"line":86,"column":null}}},"6":{"name":"VerticalTabs","decl":{"start":{"line":114,"column":16},"end":{"line":114,"column":28}},"loc":{"start":{"line":118,"column":20},"end":{"line":151,"column":null}}},"7":{"name":"(anonymous_10)","decl":{"start":{"line":121,"column":35},"end":{"line":121,"column":43}},"loc":{"start":{"line":121,"column":43},"end":{"line":121,"column":67}}},"8":{"name":"(anonymous_11)","decl":{"start":{"line":127,"column":19},"end":{"line":127,"column":20}},"loc":{"start":{"line":128,"column":10},"end":{"line":129,"column":null}}},"9":{"name":"(anonymous_12)","decl":{"start":{"line":130,"column":21},"end":{"line":130,"column":27}},"loc":{"start":{"line":130,"column":27},"end":{"line":130,"column":null}}}},"branchMap":{"0":{"loc":{"start":{"line":22,"column":2},"end":{"line":22,"column":21}},"type":"default-arg","locations":[{"start":{"line":22,"column":12},"end":{"line":22,"column":21}}]},"1":{"loc":{"start":{"line":23,"column":2},"end":{"line":23,"column":13}},"type":"default-arg","locations":[{"start":{"line":23,"column":9},"end":{"line":23,"column":13}}]},"2":{"loc":{"start":{"line":25,"column":45},"end":{"line":25,"column":null}},"type":"binary-expr","locations":[{"start":{"line":25,"column":45},"end":{"line":25,"column":65}},{"start":{"line":25,"column":65},"end":{"line":25,"column":null}}]},"3":{"loc":{"start":{"line":38,"column":4},"end":{"line":40,"column":null}},"type":"if","locations":[{"start":{"line":38,"column":4},"end":{"line":40,"column":null}}]},"4":{"loc":{"start":{"line":42,"column":4},"end":{"line":63,"column":null}},"type":"switch","locations":[{"start":{"line":43,"column":6},"end":{"line":48,"column":null}},{"start":{"line":50,"column":6},"end":{"line":55,"column":null}},{"start":{"line":57,"column":6},"end":{"line":62,"column":null}}]},"5":{"loc":{"start":{"line":45,"column":10},"end":{"line":47,"column":null}},"type":"cond-expr","locations":[{"start":{"line":46,"column":14},"end":{"line":46,"column":null}},{"start":{"line":47,"column":14},"end":{"line":47,"column":null}}]},"6":{"loc":{"start":{"line":52,"column":10},"end":{"line":54,"column":null}},"type":"cond-expr","locations":[{"start":{"line":53,"column":14},"end":{"line":53,"column":null}},{"start":{"line":54,"column":14},"end":{"line":54,"column":null}}]},"7":{"loc":{"start":{"line":59,"column":10},"end":{"line":61,"column":null}},"type":"cond-expr","locations":[{"start":{"line":60,"column":14},"end":{"line":60,"column":null}},{"start":{"line":61,"column":14},"end":{"line":61,"column":null}}]},"8":{"loc":{"start":{"line":67,"column":4},"end":{"line":74,"column":null}},"type":"switch","locations":[{"start":{"line":68,"column":6},"end":{"line":69,"column":null}},{"start":{"line":70,"column":6},"end":{"line":71,"column":null}},{"start":{"line":72,"column":6},"end":{"line":73,"column":null}}]},"9":{"loc":{"start":{"line":86,"column":27},"end":{"line":86,"column":null}},"type":"binary-expr","locations":[{"start":{"line":86,"column":27},"end":{"line":86,"column":41}},{"start":{"line":86,"column":45},"end":{"line":86,"column":null}}]},"10":{"loc":{"start":{"line":88,"column":14},"end":{"line":88,"column":null}},"type":"cond-expr","locations":[{"start":{"line":88,"column":53},"end":{"line":88,"column":70}},{"start":{"line":88,"column":70},"end":{"line":88,"column":null}}]},"11":{"loc":{"start":{"line":88,"column":14},"end":{"line":88,"column":53}},"type":"binary-expr","locations":[{"start":{"line":88,"column":14},"end":{"line":88,"column":39}},{"start":{"line":88,"column":39},"end":{"line":88,"column":53}}]},"12":{"loc":{"start":{"line":90,"column":14},"end":{"line":90,"column":null}},"type":"cond-expr","locations":[{"start":{"line":90,"column":68},"end":{"line":90,"column":85}},{"start":{"line":90,"column":85},"end":{"line":90,"column":null}}]},"13":{"loc":{"start":{"line":90,"column":14},"end":{"line":90,"column":68}},"type":"binary-expr","locations":[{"start":{"line":90,"column":14},"end":{"line":90,"column":39}},{"start":{"line":90,"column":39},"end":{"line":90,"column":68}}]},"14":{"loc":{"start":{"line":117,"column":2},"end":{"line":117,"column":17}},"type":"default-arg","locations":[{"start":{"line":117,"column":10},"end":{"line":117,"column":17}}]},"15":{"loc":{"start":{"line":119,"column":45},"end":{"line":119,"column":null}},"type":"binary-expr","locations":[{"start":{"line":119,"column":45},"end":{"line":119,"column":65}},{"start":{"line":119,"column":65},"end":{"line":119,"column":null}}]},"16":{"loc":{"start":{"line":130,"column":27},"end":{"line":130,"column":null}},"type":"binary-expr","locations":[{"start":{"line":130,"column":27},"end":{"line":130,"column":41}},{"start":{"line":130,"column":45},"end":{"line":130,"column":null}}]},"17":{"loc":{"start":{"line":132,"column":14},"end":{"line":134,"column":null}},"type":"cond-expr","locations":[{"start":{"line":133,"column":18},"end":{"line":133,"column":null}},{"start":{"line":134,"column":18},"end":{"line":134,"column":null}}]},"18":{"loc":{"start":{"line":136,"column":14},"end":{"line":136,"column":null}},"type":"cond-expr","locations":[{"start":{"line":136,"column":30},"end":{"line":136,"column":67}},{"start":{"line":136,"column":67},"end":{"line":136,"column":null}}]}},"s":{"0":0,"1":0,"2":0,"3":0,"4":0,"5":0,"6":0,"7":0,"8":0,"9":0,"10":0,"11":0,"12":0,"13":0,"14":0,"15":0,"16":0,"17":0,"18":0,"19":0,"20":0,"21":0,"22":0,"23":0,"24":0,"25":0,"26":0,"27":0,"28":0},"f":{"0":0,"1":0,"2":0,"3":0,"4":0,"5":0,"6":0,"7":0,"8":0,"9":0},"b":{"0":[0],"1":[0],"2":[0,0],"3":[0],"4":[0,0,0],"5":[0,0],"6":[0,0],"7":[0,0],"8":[0,0,0],"9":[0,0],"10":[0,0],"11":[0,0],"12":[0,0],"13":[0,0],"14":[0],"15":[0,0],"16":[0,0],"17":[0,0],"18":[0,0]}}
[...]
,"/Users/unson/Documents/Github/Unson-LLC/unson_os/src/lib/metadata.ts": {"path":"/Users/unson/Documents/Github/Unson-LLC/unson_os/src/lib/metadata.ts","statementMap":{"0":{"start":{"line":25,"column":13},"end":{"line":25,"column":29}},"1":{"start":{"line":84,"column":13},"end":{"line":84,"column":33}},"2":{"start":{"line":71,"column":13},"end":{"line":71,"column":36}},"3":{"start":{"line":3,"column":24},"end":{"line":9,"column":null}},"4":{"start":{"line":25,"column":32},"end":{"line":69,"column":null}},"5":{"start":{"line":33,"column":6},"end":{"line":33,"column":null}},"6":{"start":{"line":35,"column":20},"end":{"line":37,"column":34}},"7":{"start":{"line":39,"column":18},"end":{"line":39,"column":74}},"8":{"start":{"line":40,"column":24},"end":{"line":40,"column":null}},"9":{"start":{"line":41,"column":17},"end":{"line":41,"column":null}},"10":{"start":{"line":42,"column":19},"end":{"line":42,"column":null}},"11":{"start":{"line":44,"column":2},"end":{"line":68,"column":null}},"12":{"start":{"line":55,"column":37},"end":{"line":60,"column":null}},"13":{"start":{"line":71,"column":39},"end":{"line":82,"column":null}},"14":{"start":{"line":72,"column":2},"end":{"line":81,"column":null}},"15":{"start":{"line":84,"column":36},"end":{"line":95,"column":null}},"16":{"start":{"line":89,"column":2},"end":{"line":94,"column":null}}},"fnMap":{"0":{"name":"(anonymous_4)","decl":{"start":{"line":25,"column":32},"end":{"line":25,"column":33}},"loc":{"start":{"line":25,"column":62},"end":{"line":69,"column":null}}},"1":{"name":"(anonymous_5)","decl":{"start":{"line":55,"column":27},"end":{"line":55,"column":37}},"loc":{"start":{"line":55,"column":37},"end":{"line":60,"column":null}}},"2":{"name":"(anonymous_6)","decl":{"start":{"line":71,"column":39},"end":{"line":71,"column":40}},"loc":{"start":{"line":71,"column":61},"end":{"line":82,"column":null}}},"3":{"name":"(anonymous_7)","decl":{"start":{"line":84,"column":36},"end":{"line":84,"column":null}},"loc":{"start":{"line":87,"column":25},"end":{"line":95,"column":null}}}},"branchMap":{"0":{"loc":{"start":{"line":25,"column":33},"end":{"line":25,"column":62}},"type":"default-arg","locations":[{"start":{"line":25,"column":60},"end":{"line":25,"column":62}}]},"1":{"loc":{"start":{"line":28,"column":4},"end":{"line":28,"column":52}},"type":"default-arg","locations":[{"start":{"line":28,"column":18},"end":{"line":28,"column":52}}]},"2":{"loc":{"start":{"line":29,"column":4},"end":{"line":29,"column":17}},"type":"default-arg","locations":[{"start":{"line":29,"column":15},"end":{"line":29,"column":17}}]},"3":{"loc":{"start":{"line":30,"column":4},"end":{"line":30,"column":19}},"type":"default-arg","locations":[{"start":{"line":30,"column":14},"end":{"line":30,"column":19}}]},"4":{"loc":{"start":{"line":32,"column":4},"end":{"line":32,"column":18}},"type":"default-arg","locations":[{"start":{"line":32,"column":16},"end":{"line":32,"column":18}}]},"5":{"loc":{"start":{"line":35,"column":20},"end":{"line":37,"column":34}},"type":"cond-expr","locations":[{"start":{"line":36,"column":6},"end":{"line":36,"column":46}},{"start":{"line":37,"column":6},"end":{"line":37,"column":34}}]},"6":{"loc":{"start":{"line":39,"column":18},"end":{"line":39,"column":74}},"type":"binary-expr","locations":[{"start":{"line":39,"column":18},"end":{"line":39,"column":33}},{"start":{"line":39,"column":37},"end":{"line":39,"column":46}},{"start":{"line":39,"column":46},"end":{"line":39,"column":74}}]},"7":{"loc":{"start":{"line":40,"column":24},"end":{"line":40,"column":null}},"type":"binary-expr","locations":[{"start":{"line":40,"column":24},"end":{"line":40,"column":45}},{"start":{"line":40,"column":49},"end":{"line":40,"column":null}}]},"8":{"loc":{"start":{"line":41,"column":17},"end":{"line":41,"column":null}},"type":"binary-expr","locations":[{"start":{"line":41,"column":17},"end":{"line":41,"column":31}},{"start":{"line":41,"column":35},"end":{"line":41,"column":null}}]},"9":{"loc":{"start":{"line":42,"column":19},"end":{"line":42,"column":null}},"type":"binary-expr","locations":[{"start":{"line":42,"column":19},"end":{"line":42,"column":35}},{"start":{"line":42,"column":39},"end":{"line":42,"column":null}}]},"10":{"loc":{"start":{"line":47,"column":14},"end":{"line":47,"column":null}},"type":"cond-expr","locations":[{"start":{"line":47,"column":36},"end":{"line":47,"column":58}},{"start":{"line":47,"column":58},"end":{"line":47,"column":null}}]},"11":{"loc":{"start":{"line":48,"column":12},"end":{"line":48,"column":null}},"type":"cond-expr","locations":[{"start":{"line":48,"column":22},"end":{"line":48,"column":44}},{"start":{"line":48,"column":44},"end":{"line":48,"column":null}}]},"12":{"loc":{"start":{"line":56,"column":13},"end":{"line":56,"column":80}},"type":"cond-expr","locations":[{"start":{"line":56,"column":40},"end":{"line":56,"column":48}},{"start":{"line":56,"column":48},"end":{"line":56,"column":80}}]},"13":{"loc":{"start":{"line":87,"column":2},"end":{"line":87,"column":25}},"type":"default-arg","locations":[{"start":{"line":87,"column":23},"end":{"line":87,"column":25}}]}},"s":{"0":0,"1":0,"2":0,"3":0,"4":0,"5":0,"6":0,"7":0,"8":0,"9":0,"10":0,"11":0,"12":0,"13":0,"14":0,"15":0,"16":0},"f":{"0":0,"1":0,"2":0,"3":0},"b":{"0":[0],"1":[0],"2":[0],"3":[0],"4":[0],"5":[0,0],"6":[0,0,0],"7":[0,0],"8":[0,0],"9":[0,0],"10":[0,0],"11":[0,0],"12":[0,0],"13":[0]}}
,"/Users/unson/Documents/Github/Unson-LLC/unson_os/src/lib/api/api-utils.ts": {"path":"/Users/unson/Documents/Github/Unson-LLC/unson_os/src/lib/api/api-utils.ts","statementMap":{"0":{"start":{"line":23,"column":16},"end":{"line":23,"column":35}},"1":{"start":{"line":9,"column":16},"end":{"line":9,"column":37}},"2":{"start":{"line":36,"column":16},"end":{"line":36,"column":26}},"3":{"start":{"line":43,"column":16},"end":{"line":43,"column":30}},"4":{"start":{"line":51,"column":22},"end":{"line":51,"column":35}},"5":{"start":{"line":4,"column":31},"end":{"line":4,"column":null}},"6":{"start":{"line":14,"column":2},"end":{"line":16,"column":null}},"7":{"start":{"line":27,"column":2},"end":{"line":29,"column":null}},"8":{"start":{"line":37,"column":2},"end":{"line":37,"column":null}},"9":{"start":{"line":44,"column":2},"end":{"line":44,"column":null}},"10":{"start":{"line":45,"column":2},"end":{"line":45,"column":null}},"11":{"start":{"line":54,"column":2},"end":{"line":62,"column":null}},"12":{"start":{"line":55,"column":17},"end":{"line":55,"column":null}},"13":{"start":{"line":56,"column":4},"end":{"line":56,"column":null}},"14":{"start":{"line":58,"column":4},"end":{"line":61,"column":null}}},"fnMap":{"0":{"name":"createSuccessResponse","decl":{"start":{"line":9,"column":16},"end":{"line":9,"column":37}},"loc":{"start":{"line":12,"column":22},"end":{"line":18,"column":null}}},"1":{"name":"createErrorResponse","decl":{"start":{"line":23,"column":16},"end":{"line":23,"column":35}},"loc":{"start":{"line":25,"column":22},"end":{"line":31,"column":null}}},"2":{"name":"generateId","decl":{"start":{"line":36,"column":16},"end":{"line":36,"column":26}},"loc":{"start":{"line":36,"column":41},"end":{"line":38,"column":null}}},"3":{"name":"handleApiError","decl":{"start":{"line":43,"column":16},"end":{"line":43,"column":30}},"loc":{"start":{"line":43,"column":45},"end":{"line":46,"column":null}}},"4":{"name":"safeParseJson","decl":{"start":{"line":51,"column":22},"end":{"line":51,"column":35}},"loc":{"start":{"line":52,"column":18},"end":{"line":63,"column":null}}}},"branchMap":{"0":{"loc":{"start":{"line":12,"column":2},"end":{"line":12,"column":22}},"type":"default-arg","locations":[{"start":{"line":12,"column":19},"end":{"line":12,"column":22}}]},"1":{"loc":{"start":{"line":25,"column":2},"end":{"line":25,"column":22}},"type":"default-arg","locations":[{"start":{"line":25,"column":19},"end":{"line":25,"column":22}}]}},"s":{"0":0,"1":0,"2":0,"3":0,"4":0,"5":0,"6":0,"7":0,"8":0,"9":0,"10":0,"11":0,"12":0,"13":0,"14":0},"f":{"0":0,"1":0,"2":0,"3":0,"4":0},"b":{"0":[0],"1":[0]}}
,"/Users/unson/Documents/Github/Unson-LLC/unson_os/src/lib/utils/utils.ts": {"path":"/Users/unson/Documents/Github/Unson-LLC/unson_os/src/lib/utils/utils.ts","statementMap":{"0":{"start":{"line":4,"column":16},"end":{"line":4,"column":18}},"1":{"start":{"line":8,"column":16},"end":{"line":8,"column":30}},"2":{"start":{"line":17,"column":16},"end":{"line":17,"column":28}},"3":{"start":{"line":21,"column":22},"end":{"line":21,"column":27}},"4":{"start":{"line":1,"column":38},"end":{"line":1,"column":null}},"5":{"start":{"line":2,"column":24},"end":{"line":2,"column":null}},"6":{"start":{"line":5,"column":2},"end":{"line":5,"column":null}},"7":{"start":{"line":9,"column":2},"end":{"line":14,"column":null}},"8":{"start":{"line":18,"column":2},"end":{"line":18,"column":null}},"9":{"start":{"line":22,"column":2},"end":{"line":22,"column":null}},"10":{"start":{"line":22,"column":32},"end":{"line":22,"column":null}}},"fnMap":{"0":{"name":"cn","decl":{"start":{"line":4,"column":16},"end":{"line":4,"column":18}},"loc":{"start":{"line":4,"column":42},"end":{"line":6,"column":null}}},"1":{"name":"formatCurrency","decl":{"start":{"line":8,"column":16},"end":{"line":8,"column":30}},"loc":{"start":{"line":8,"column":45},"end":{"line":15,"column":null}}},"2":{"name":"formatNumber","decl":{"start":{"line":17,"column":16},"end":{"line":17,"column":28}},"loc":{"start":{"line":17,"column":40},"end":{"line":19,"column":null}}},"3":{"name":"sleep","decl":{"start":{"line":21,"column":22},"end":{"line":21,"column":27}},"loc":{"start":{"line":21,"column":38},"end":{"line":23,"column":null}}},"4":{"name":"(anonymous_9)","decl":{"start":{"line":22,"column":21},"end":{"line":22,"column":32}},"loc":{"start":{"line":22,"column":32},"end":{"line":22,"column":null}}}},"branchMap":{},"s":{"0":864,"1":14,"2":8,"3":2,"4":8,"5":8,"6":864,"7":14,"8":8,"9":2,"10":2},"f":{"0":864,"1":14,"2":8,"3":2,"4":2},"b":{}}
,"/Users/unson/Documents/Github/Unson-LLC/unson_os/src/lib/validation/forms.ts": {"path":"/Users/unson/Documents/Github/Unson-LLC/unson_os/src/lib/validation/forms.ts","statementMap":{"0":{"start":{"line":6,"column":13},"end":{"line":6,"column":33}},"1":{"start":{"line":61,"column":13},"end":{"line":61,"column":26}},"2":{"start":{"line":66,"column":13},"end":{"line":66,"column":29}},"3":{"start":{"line":6,"column":36},"end":{"line":31,"column":null}},"4":{"start":{"line":11,"column":25},"end":{"line":11,"column":null}},"5":{"start":{"line":12,"column":2},"end":{"line":19,"column":null}},"6":{"start":{"line":13,"column":4},"end":{"line":18,"column":null}},"7":{"start":{"line":14,"column":6},"end":{"line":17,"column":null}},"8":{"start":{"line":23,"column":2},"end":{"line":30,"column":null}},"9":{"start":{"line":24,"column":4},"end":{"line":29,"column":null}},"10":{"start":{"line":25,"column":6},"end":{"line":28,"column":null}},"11":{"start":{"line":33,"column":26},"end":{"line":46,"column":null}},"12":{"start":{"line":34,"column":23},"end":{"line":34,"column":null}},"13":{"start":{"line":36,"column":2},"end":{"line":45,"column":null}},"14":{"start":{"line":38,"column":6},"end":{"line":38,"column":null}},"15":{"start":{"line":40,"column":6},"end":{"line":40,"column":null}},"16":{"start":{"line":42,"column":6},"end":{"line":42,"column":null}},"17":{"start":{"line":44,"column":6},"end":{"line":44,"column":null}},"18":{"start":{"line":48,"column":26},"end":{"line":59,"column":null}},"19":{"start":{"line":49,"column":2},"end":{"line":58,"column":null}},"20":{"start":{"line":51,"column":6},"end":{"line":51,"column":null}},"21":{"start":{"line":53,"column":6},"end":{"line":53,"column":null}},"22":{"start":{"line":55,"column":6},"end":{"line":55,"column":null}},"23":{"start":{"line":57,"column":6},"end":{"line":57,"column":null}},"24":{"start":{"line":61,"column":29},"end":{"line":64,"column":null}},"25":{"start":{"line":62,"column":21},"end":{"line":62,"column":null}},"26":{"start":{"line":63,"column":2},"end":{"line":63,"column":null}},"27":{"start":{"line":66,"column":32},"end":{"line":68,"column":null}},"28":{"start":{"line":67,"column":2},"end":{"line":67,"column":null}}},"fnMap":{"0":{"name":"(anonymous_4)","decl":{"start":{"line":6,"column":36},"end":{"line":6,"column":null}},"loc":{"start":{"line":8,"column":2},"end":{"line":31,"column":null}}},"1":{"name":"(anonymous_5)","decl":{"start":{"line":23,"column":21},"end":{"line":23,"column":22}},"loc":{"start":{"line":23,"column":22},"end":{"line":30,"column":null}}},"2":{"name":"(anonymous_6)","decl":{"start":{"line":24,"column":15},"end":{"line":24,"column":null}},"loc":{"start":{"line":24,"column":15},"end":{"line":29,"column":7}}},"3":{"name":"(anonymous_7)","decl":{"start":{"line":33,"column":26},"end":{"line":33,"column":27}},"loc":{"start":{"line":33,"column":27},"end":{"line":46,"column":null}}},"4":{"name":"(anonymous_8)","decl":{"start":{"line":48,"column":26},"end":{"line":48,"column":27}},"loc":{"start":{"line":48,"column":27},"end":{"line":59,"column":null}}},"5":{"name":"(anonymous_9)","decl":{"start":{"line":61,"column":29},"end":{"line":61,"column":30}},"loc":{"start":{"line":61,"column":30},"end":{"line":64,"column":null}}},"6":{"name":"(anonymous_10)","decl":{"start":{"line":66,"column":32},"end":{"line":66,"column":33}},"loc":{"start":{"line":66,"column":33},"end":{"line":68,"column":null}}}},"branchMap":{"0":{"loc":{"start":{"line":13,"column":4},"end":{"line":18,"column":null}},"type":"if","locations":[{"start":{"line":13,"column":4},"end":{"line":18,"column":null}}]},"1":{"loc":{"start":{"line":36,"column":2},"end":{"line":45,"column":null}},"type":"switch","locations":[{"start":{"line":37,"column":4},"end":{"line":38,"column":null}},{"start":{"line":39,"column":4},"end":{"line":40,"column":null}},{"start":{"line":41,"column":4},"end":{"line":42,"column":null}},{"start":{"line":43,"column":4},"end":{"line":44,"column":null}}]},"2":{"loc":{"start":{"line":49,"column":2},"end":{"line":58,"column":null}},"type":"switch","locations":[{"start":{"line":50,"column":4},"end":{"line":51,"column":null}},{"start":{"line":52,"column":4},"end":{"line":53,"column":null}},{"start":{"line":54,"column":4},"end":{"line":55,"column":null}},{"start":{"line":56,"column":4},"end":{"line":57,"column":null}}]}},"s":{"0":0,"1":0,"2":0,"3":0,"4":0,"5":0,"6":0,"7":0,"8":0,"9":0,"10":0,"11":0,"12":0,"13":0,"14":0,"15":0,"16":0,"17":0,"18":0,"19":0,"20":0,"21":0,"22":0,"23":0,"24":0,"25":0,"26":0,"27":0,"28":0},"f":{"0":0,"1":0,"2":0,"3":0,"4":0,"5":0,"6":0},"b":{"0":[0],"1":[0,0,0,0],"2":[0,0,0,0]}}
,"/Users/unson/Documents/Github/Unson-LLC/unson_os/src/lib/validation/validation.ts": {"path":"/Users/unson/Documents/Github/Unson-LLC/unson_os/src/lib/validation/validation.ts","statementMap":{"0":{"start":{"line":80,"column":16},"end":{"line":80,"column":40}},"1":{"start":{"line":6,"column":16},"end":{"line":6,"column":29}},"2":{"start":{"line":42,"column":16},"end":{"line":42,"column":30}},"3":{"start":{"line":22,"column":16},"end":{"line":22,"column":30}},"4":{"start":{"line":61,"column":16},"end":{"line":61,"column":27}},"5":{"start":{"line":7,"column":2},"end":{"line":9,"column":null}},"6":{"start":{"line":8,"column":4},"end":{"line":8,"column":null}},"7":{"start":{"line":11,"column":21},"end":{"line":11,"column":null}},"8":{"start":{"line":12,"column":2},"end":{"line":14,"column":null}},"9":{"start":{"line":13,"column":4},"end":{"line":13,"column":null}},"10":{"start":{"line":16,"column":2},"end":{"line":16,"column":null}},"11":{"start":{"line":28,"column":2},"end":{"line":30,"column":null}},"12":{"start":{"line":29,"column":4},"end":{"line":29,"column":null}},"13":{"start":{"line":32,"column":2},"end":{"line":34,"column":null}},"14":{"start":{"line":33,"column":4},"end":{"line":33,"column":null}},"15":{"start":{"line":36,"column":2},"end":{"line":36,"column":null}},"16":{"start":{"line":47,"column":2},"end":{"line":49,"column":null}},"17":{"start":{"line":51,"column":2},"end":{"line":53,"column":null}},"18":{"start":{"line":52,"column":4},"end":{"line":52,"column":null}},"19":{"start":{"line":55,"column":2},"end":{"line":55,"column":null}},"20":{"start":{"line":65,"column":2},"end":{"line":67,"column":null}},"21":{"start":{"line":69,"column":19},"end":{"line":69,"column":null}},"22":{"start":{"line":70,"column":2},"end":{"line":72,"column":null}},"23":{"start":{"line":71,"column":4},"end":{"line":71,"column":null}},"24":{"start":{"line":74,"column":2},"end":{"line":74,"column":null}},"25":{"start":{"line":83,"column":2},"end":{"line":87,"column":null}},"26":{"start":{"line":84,"column":4},"end":{"line":86,"column":null}},"27":{"start":{"line":85,"column":6},"end":{"line":85,"column":null}},"28":{"start":{"line":88,"column":2},"end":{"line":88,"column":null}}},"fnMap":{"0":{"name":"validateEmail","decl":{"start":{"line":6,"column":16},"end":{"line":6,"column":29}},"loc":{"start":{"line":6,"column":43},"end":{"line":17,"column":null}}},"1":{"name":"validateLength","decl":{"start":{"line":22,"column":16},"end":{"line":22,"column":30}},"loc":{"start":{"line":26,"column":23},"end":{"line":37,"column":null}}},"2":{"name":"validateInList","decl":{"start":{"line":42,"column":16},"end":{"line":42,"column":30}},"loc":{"start":{"line":45,"column":19},"end":{"line":56,"column":null}}},"3":{"name":"validateUrl","decl":{"start":{"line":61,"column":16},"end":{"line":61,"column":27}},"loc":{"start":{"line":63,"column":19},"end":{"line":75,"column":null}}},"4":{"name":"combineValidationResults","decl":{"start":{"line":80,"column":16},"end":{"line":80,"column":40}},"loc":{"start":{"line":81,"column":57},"end":{"line":89,"column":null}}}},"branchMap":{"0":{"loc":{"start":{"line":7,"column":2},"end":{"line":9,"column":null}},"type":"if","locations":[{"start":{"line":7,"column":2},"end":{"line":9,"column":null}}]},"1":{"loc":{"start":{"line":12,"column":2},"end":{"line":14,"column":null}},"type":"if","locations":[{"start":{"line":12,"column":2},"end":{"line":14,"column":null}}]},"2":{"loc":{"start":{"line":26,"column":2},"end":{"line":26,"column":23}},"type":"default-arg","locations":[{"start":{"line":26,"column":22},"end":{"line":26,"column":23}}]},"3":{"loc":{"start":{"line":28,"column":2},"end":{"line":30,"column":null}},"type":"if","locations":[{"start":{"line":28,"column":2},"end":{"line":30,"column":null}}]},"4":{"loc":{"start":{"line":28,"column":6},"end":{"line":28,"column":42}},"type":"binary-expr","locations":[{"start":{"line":28,"column":6},"end":{"line":28,"column":16}},{"start":{"line":28,"column":16},"end":{"line":28,"column":42}}]},"5":{"loc":{"start":{"line":32,"column":2},"end":{"line":34,"column":null}},"type":"if","locations":[{"start":{"line":32,"column":2},"end":{"line":34,"column":null}}]},"6":{"loc":{"start":{"line":47,"column":2},"end":{"line":49,"column":null}},"type":"if","locations":[{"start":{"line":47,"column":2},"end":{"line":49,"column":null}}]},"7":{"loc":{"start":{"line":51,"column":2},"end":{"line":53,"column":null}},"type":"if","locations":[{"start":{"line":51,"column":2},"end":{"line":53,"column":null}}]},"8":{"loc":{"start":{"line":65,"column":2},"end":{"line":67,"column":null}},"type":"if","locations":[{"start":{"line":65,"column":2},"end":{"line":67,"column":null}}]},"9":{"loc":{"start":{"line":70,"column":2},"end":{"line":72,"column":null}},"type":"if","locations":[{"start":{"line":70,"column":2},"end":{"line":72,"column":null}}]},"10":{"loc":{"start":{"line":84,"column":4},"end":{"line":86,"column":null}},"type":"if","locations":[{"start":{"line":84,"column":4},"end":{"line":86,"column":null}}]}},"s":{"0":0,"1":0,"2":0,"3":0,"4":0,"5":0,"6":0,"7":0,"8":0,"9":0,"10":0,"11":0,"12":0,"13":0,"14":0,"15":0,"16":0,"17":0,"18":0,"19":0,"20":0,"21":0,"22":0,"23":0,"24":0,"25":0,"26":0,"27":0,"28":0},"f":{"0":0,"1":0,"2":0,"3":0,"4":0},"b":{"0":[0],"1":[0],"2":[0],"3":[0],"4":[0,0],"5":[0],"6":[0],"7":[0],"8":[0],"9":[0],"10":[0]}}
}
