TN:
SF:src/app/layout.tsx
FN:6,RootLayout
FN:11,(anonymous_2)
FN:70,(anonymous_3)
FNF:3
FNH:0
FNDA:0,RootLayout
FNDA:0,(anonymous_2)
FNDA:0,(anonymous_3)
DA:3,0
DA:4,0
DA:6,0
DA:11,0
DA:12,0
DA:71,0
DA:72,0
DA:73,0
DA:74,0
LF:9
LH:0
BRDA:72,0,0,0
BRDA:74,1,0,0
BRDA:74,1,1,0
BRF:3
BRH:0
end_of_record
TN:
SF:src/app/page.tsx
FN:6,HomePage
FN:27,(anonymous_2)
FNF:2
FNH:0
FNDA:0,HomePage
FNDA:0,(anonymous_2)
DA:2,0
DA:3,0
DA:4,0
DA:6,0
DA:28,0
LF:5
LH:0
BRDA:31,0,0,0
BRDA:31,0,1,0
BRDA:33,1,0,0
BRDA:33,1,1,0
BRF:4
BRH:0
end_of_record
TN:
SF:src/app/(marketing)/about/page.tsx
FN:107,AboutPage
FN:194,(anonymous_4)
FN:222,(anonymous_5)
FN:226,(anonymous_6)
FN:239,(anonymous_7)
FN:265,(anonymous_8)
FN:295,(anonymous_9)
FNF:7
FNH:0
FNDA:0,AboutPage
FNDA:0,(anonymous_4)
FNDA:0,(anonymous_5)
FNDA:0,(anonymous_6)
FNDA:0,(anonymous_7)
FNDA:0,(anonymous_8)
FNDA:0,(anonymous_9)
DA:3,0
DA:5,0
DA:15,0
DA:47,0
DA:71,0
DA:100,0
DA:107,0
DA:195,0
DA:223,0
DA:226,0
DA:240,0
DA:266,0
DA:296,0
LF:13
LH:0
BRDA:268,0,0,0
BRDA:268,0,1,0
BRDA:269,1,0,0
BRDA:270,2,0,0
BRDA:270,2,1,0
BRF:5
BRH:0
end_of_record
TN:
SF:src/app/(marketing)/careers/page.tsx
FN:51,CareersPage
FN:129,(anonymous_4)
FN:156,(anonymous_5)
FN:182,(anonymous_6)
FN:209,(anonymous_7)
FN:237,(anonymous_8)
FNF:6
FNH:0
FNDA:0,CareersPage
FNDA:0,(anonymous_4)
FNDA:0,(anonymous_5)
FNDA:0,(anonymous_6)
FNDA:0,(anonymous_7)
FNDA:0,(anonymous_8)
DA:3,0
DA:4,0
DA:6,0
DA:17,0
DA:51,0
DA:130,0
DA:157,0
DA:183,0
DA:210,0
DA:238,0
LF:10
LH:0
BRF:0
BRH:0
end_of_record
TN:
SF:src/app/(marketing)/community/page.tsx
FN:119,CommunityPage
FN:141,(anonymous_4)
FN:194,(anonymous_5)
FN:225,(anonymous_6)
FN:278,(anonymous_7)
FNF:5
FNH:0
FNDA:0,CommunityPage
FNDA:0,(anonymous_4)
FNDA:0,(anonymous_5)
FNDA:0,(anonymous_6)
FNDA:0,(anonymous_7)
DA:3,0
DA:4,0
DA:6,0
DA:16,0
DA:59,0
DA:98,0
DA:119,0
DA:142,0
DA:195,0
DA:226,0
DA:279,0
LF:11
LH:0
BRDA:145,0,0,0
BRDA:145,0,1,0
BRDA:147,1,0,0
BRDA:147,1,1,0
BRF:4
BRH:0
end_of_record
TN:
SF:src/app/(marketing)/contact/page.tsx
FN:20,ContactPage
FN:40,(anonymous_4)
FN:103,(anonymous_5)
FNF:3
FNH:0
FNDA:0,ContactPage
FNDA:0,(anonymous_4)
FNDA:0,(anonymous_5)
DA:3,0
DA:4,0
DA:6,0
DA:20,0
DA:21,0
DA:41,0
DA:104,0
LF:7
LH:0
BRDA:21,0,0,0
BRDA:21,0,1,0
BRF:2
BRH:0
end_of_record
TN:
SF:src/app/(marketing)/support/page.tsx
FN:42,SupportPage
FN:80,(anonymous_4)
FN:88,(anonymous_5)
FN:118,(anonymous_6)
FNF:4
FNH:0
FNDA:0,SupportPage
FNDA:0,(anonymous_4)
FNDA:0,(anonymous_5)
FNDA:0,(anonymous_6)
DA:2,0
DA:3,0
DA:4,0
DA:5,0
DA:7,0
DA:17,0
DA:42,0
DA:81,0
DA:89,0
DA:119,0
LF:10
LH:0
BRF:0
BRH:0
end_of_record
TN:
SF:src/app/(product)/docs/page.tsx
FN:173,DocsPage
FN:186,(anonymous_2)
FN:189,(anonymous_3)
FN:191,(anonymous_4)
FN:196,(anonymous_5)
FN:209,(anonymous_6)
FN:245,(anonymous_7)
FN:258,(anonymous_8)
FN:292,(anonymous_9)
FN:306,(anonymous_10)
FN:339,(anonymous_11)
FNF:11
FNH:0
FNDA:0,DocsPage
FNDA:0,(anonymous_2)
FNDA:0,(anonymous_3)
FNDA:0,(anonymous_4)
FNDA:0,(anonymous_5)
FNDA:0,(anonymous_6)
FNDA:0,(anonymous_7)
FNDA:0,(anonymous_8)
FNDA:0,(anonymous_9)
FNDA:0,(anonymous_10)
FNDA:0,(anonymous_11)
DA:4,0
DA:5,0
DA:6,0
DA:10,0
DA:96,0
DA:142,0
DA:173,0
DA:175,0
DA:180,0
DA:186,0
DA:187,0
DA:188,0
DA:189,0
DA:192,0
DA:197,0
DA:203,0
DA:205,0
DA:206,0
DA:209,0
DA:210,0
DA:211,0
DA:245,0
DA:259,0
DA:293,0
DA:307,0
DA:340,0
LF:26
LH:0
BRDA:187,0,0,0
BRDA:192,1,0,0
BRDA:192,1,1,0
BRDA:192,1,2,0
BRDA:197,2,0,0
BRDA:197,2,1,0
BRDA:197,2,2,0
BRDA:205,3,0,0
BRDA:205,3,1,0
BRDA:205,3,2,0
BRDA:242,4,0,0
BRDA:242,4,1,0
BRDA:251,5,0,0
BRDA:251,5,1,0
BRDA:285,6,0,0
BRDA:285,6,1,0
BRDA:310,7,0,0
BRDA:310,7,1,0
BRDA:311,8,0,0
BRDA:311,8,1,0
BRDA:332,9,0,0
BRDA:332,9,1,0
BRF:22
BRH:0
end_of_record
TN:
SF:src/app/(product)/docs/dao/capabilities/page.tsx
FN:341,DAOCapabilitiesPage
FN:408,(anonymous_4)
FN:492,(anonymous_5)
FN:533,(anonymous_6)
FN:559,(anonymous_7)
FN:577,(anonymous_8)
FN:624,(anonymous_9)
FN:639,(anonymous_10)
FN:653,(anonymous_11)
FN:695,(anonymous_12)
FN:710,(anonymous_13)
FN:726,(anonymous_14)
FN:758,(anonymous_15)
FN:775,(anonymous_16)
FN:797,(anonymous_17)
FN:814,(anonymous_18)
FN:838,(anonymous_19)
FN:861,(anonymous_20)
FNF:18
FNH:0
FNDA:0,DAOCapabilitiesPage
FNDA:0,(anonymous_4)
FNDA:0,(anonymous_5)
FNDA:0,(anonymous_6)
FNDA:0,(anonymous_7)
FNDA:0,(anonymous_8)
FNDA:0,(anonymous_9)
FNDA:0,(anonymous_10)
FNDA:0,(anonymous_11)
FNDA:0,(anonymous_12)
FNDA:0,(anonymous_13)
FNDA:0,(anonymous_14)
FNDA:0,(anonymous_15)
FNDA:0,(anonymous_16)
FNDA:0,(anonymous_17)
FNDA:0,(anonymous_18)
FNDA:0,(anonymous_19)
FNDA:0,(anonymous_20)
DA:2,0
DA:3,0
DA:4,0
DA:6,0
DA:15,0
DA:43,0
DA:50,0
DA:61,0
DA:67,0
DA:100,0
DA:106,0
DA:124,0
DA:155,0
DA:163,0
DA:186,0
DA:193,0
DA:201,0
DA:207,0
DA:215,0
DA:221,0
DA:244,0
DA:267,0
DA:273,0
DA:303,0
DA:326,0
DA:341,0
DA:409,0
DA:493,0
DA:534,0
DA:560,0
DA:578,0
DA:625,0
DA:640,0
DA:654,0
DA:696,0
DA:711,0
DA:727,0
DA:759,0
DA:776,0
DA:798,0
DA:815,0
DA:839,0
DA:862,0
LF:43
LH:0
BRDA:565,0,0,0
BRDA:803,1,0,0
BRF:2
BRH:0
end_of_record
TN:
SF:src/app/(product)/docs/dao/concept/page.tsx
FN:367,DAOConceptPage
FN:469,(anonymous_4)
FN:477,(anonymous_5)
FN:493,(anonymous_6)
FN:522,(anonymous_7)
FN:562,(anonymous_8)
FN:569,(anonymous_9)
FN:581,(anonymous_10)
FN:596,(anonymous_11)
FN:636,(anonymous_12)
FN:659,(anonymous_13)
FN:673,(anonymous_14)
FN:686,(anonymous_15)
FN:690,(anonymous_16)
FN:715,(anonymous_17)
FN:737,(anonymous_18)
FN:760,(anonymous_19)
FN:765,(anonymous_20)
FN:775,(anonymous_21)
FN:780,(anonymous_22)
FN:792,(anonymous_23)
FN:797,(anonymous_24)
FN:811,(anonymous_25)
FN:816,(anonymous_26)
FN:829,(anonymous_27)
FN:841,(anonymous_28)
FN:855,(anonymous_29)
FN:867,(anonymous_30)
FN:871,(anonymous_31)
FN:894,(anonymous_32)
FN:910,(anonymous_33)
FN:924,(anonymous_34)
FN:940,(anonymous_35)
FN:960,(anonymous_36)
FN:985,(anonymous_37)
FN:1001,(anonymous_38)
FN:1013,(anonymous_39)
FN:1032,(anonymous_40)
FN:1036,(anonymous_41)
FN:1051,(anonymous_42)
FN:1055,(anonymous_43)
FN:1077,(anonymous_44)
FN:1091,(anonymous_45)
FN:1135,(anonymous_46)
FN:1142,(anonymous_47)
FN:1160,(anonymous_48)
FN:1167,(anonymous_49)
FNF:47
FNH:0
FNDA:0,DAOConceptPage
FNDA:0,(anonymous_4)
FNDA:0,(anonymous_5)
FNDA:0,(anonymous_6)
FNDA:0,(anonymous_7)
FNDA:0,(anonymous_8)
FNDA:0,(anonymous_9)
FNDA:0,(anonymous_10)
FNDA:0,(anonymous_11)
FNDA:0,(anonymous_12)
FNDA:0,(anonymous_13)
FNDA:0,(anonymous_14)
FNDA:0,(anonymous_15)
FNDA:0,(anonymous_16)
FNDA:0,(anonymous_17)
FNDA:0,(anonymous_18)
FNDA:0,(anonymous_19)
FNDA:0,(anonymous_20)
FNDA:0,(anonymous_21)
FNDA:0,(anonymous_22)
FNDA:0,(anonymous_23)
FNDA:0,(anonymous_24)
FNDA:0,(anonymous_25)
FNDA:0,(anonymous_26)
FNDA:0,(anonymous_27)
FNDA:0,(anonymous_28)
FNDA:0,(anonymous_29)
FNDA:0,(anonymous_30)
FNDA:0,(anonymous_31)
FNDA:0,(anonymous_32)
FNDA:0,(anonymous_33)
FNDA:0,(anonymous_34)
FNDA:0,(anonymous_35)
FNDA:0,(anonymous_36)
FNDA:0,(anonymous_37)
FNDA:0,(anonymous_38)
FNDA:0,(anonymous_39)
FNDA:0,(anonymous_40)
FNDA:0,(anonymous_41)
FNDA:0,(anonymous_42)
FNDA:0,(anonymous_43)
FNDA:0,(anonymous_44)
FNDA:0,(anonymous_45)
FNDA:0,(anonymous_46)
FNDA:0,(anonymous_47)
FNDA:0,(anonymous_48)
FNDA:0,(anonymous_49)
DA:2,0
DA:3,0
DA:4,0
DA:6,0
DA:15,0
DA:22,0
DA:53,0
DA:60,0
DA:80,0
DA:87,0
DA:94,0
DA:101,0
DA:108,0
DA:118,0
DA:124,0
DA:135,0
DA:158,0
DA:165,0
DA:176,0
DA:182,0
DA:195,0
DA:201,0
DA:207,0
DA:214,0
DA:229,0
DA:250,0
DA:255,0
DA:265,0
DA:271,0
DA:298,0
DA:305,0
DA:311,0
DA:338,0
DA:361,0
DA:367,0
DA:470,0
DA:478,0
DA:494,0
DA:523,0
DA:563,0
DA:570,0
DA:582,0
DA:597,0
DA:637,0
DA:660,0
DA:674,0
DA:687,0
DA:691,0
DA:716,0
DA:738,0
DA:761,0
DA:766,0
DA:776,0
DA:781,0
DA:793,0
DA:798,0
DA:812,0
DA:817,0
DA:830,0
DA:842,0
DA:856,0
DA:868,0
DA:872,0
DA:895,0
DA:911,0
DA:925,0
DA:941,0
DA:961,0
DA:986,0
DA:1002,0
DA:1014,0
DA:1033,0
DA:1037,0
DA:1052,0
DA:1056,0
DA:1078,0
DA:1092,0
DA:1136,0
DA:1143,0
DA:1161,0
DA:1168,0
LF:81
LH:0
BRDA:1096,0,0,0
BRDA:1096,0,1,0
BRDA:1097,1,0,0
BRDA:1097,1,1,0
BRDA:1105,2,0,0
BRDA:1105,2,1,0
BRDA:1106,3,0,0
BRDA:1106,3,1,0
BRF:8
BRH:0
end_of_record
TN:
SF:src/app/(product)/docs/dao/guide/page.tsx
FN:229,DAOGuidePage
FN:288,(anonymous_4)
FN:324,(anonymous_5)
FN:351,(anonymous_6)
FN:357,(anonymous_7)
FN:381,(anonymous_8)
FN:405,(anonymous_9)
FN:429,(anonymous_10)
FN:446,(anonymous_11)
FN:470,(anonymous_12)
FN:501,(anonymous_13)
FN:543,(anonymous_14)
FN:572,(anonymous_15)
FN:586,(anonymous_16)
FNF:14
FNH:14
FNDA:1,DAOGuidePage
FNDA:3,(anonymous_4)
FNDA:3,(anonymous_5)
FNDA:2,(anonymous_6)
FNDA:6,(anonymous_7)
FNDA:2,(anonymous_8)
FNDA:3,(anonymous_9)
FNDA:4,(anonymous_10)
FNDA:9,(anonymous_11)
FNDA:5,(anonymous_12)
FNDA:5,(anonymous_13)
FNDA:3,(anonymous_14)
FNDA:4,(anonymous_15)
FNDA:4,(anonymous_16)
DA:2,1
DA:3,1
DA:4,1
DA:6,1
DA:15,1
DA:39,1
DA:57,1
DA:76,1
DA:89,1
DA:107,1
DA:143,1
DA:176,1
DA:199,1
DA:214,1
DA:229,1
DA:289,3
DA:325,3
DA:352,2
DA:358,6
DA:382,2
DA:406,3
DA:430,4
DA:447,9
DA:471,5
DA:502,5
DA:544,3
DA:573,4
DA:587,4
LF:28
LH:28
BRDA:435,0,0,4
BRF:1
BRH:1
end_of_record
TN:
SF:src/app/(product)/docs/dao/overview/page.tsx
FN:110,DAOOverviewPage
FN:203,(anonymous_4)
FN:237,(anonymous_5)
FN:269,(anonymous_6)
FN:320,(anonymous_7)
FNF:5
FNH:5
FNDA:1,DAOOverviewPage
FNDA:3,(anonymous_4)
FNDA:4,(anonymous_5)
FNDA:5,(anonymous_6)
FNDA:4,(anonymous_7)
DA:3,1
DA:4,1
DA:5,1
DA:7,1
DA:17,1
DA:39,1
DA:47,1
DA:56,1
DA:64,1
DA:103,1
DA:110,1
DA:204,3
DA:238,4
DA:270,5
DA:321,4
LF:15
LH:15
BRDA:275,0,0,5
BRF:1
BRH:1
end_of_record
TN:
SF:src/app/(product)/docs/dao/proposals/page.tsx
FN:6,DAOProposalsPage
FNF:1
FNH:1
FNDA:3,DAOProposalsPage
DA:3,1
DA:4,1
DA:6,3
LF:3
LH:3
BRF:0
BRH:0
end_of_record
TN:
SF:src/app/(product)/docs/dao/revenue-sharing/page.tsx
FN:6,RevenueSharing
FNF:1
FNH:1
FNDA:1,RevenueSharing
DA:3,1
DA:4,1
DA:6,1
LF:3
LH:3
BRF:0
BRH:0
end_of_record
TN:
SF:src/app/(product)/docs/dao/structure/page.tsx
FN:228,DAOStructurePage
FN:296,(anonymous_4)
FN:310,(anonymous_5)
FN:336,(anonymous_6)
FN:416,(anonymous_7)
FN:444,(anonymous_8)
FN:486,(anonymous_9)
FN:511,(anonymous_10)
FN:526,(anonymous_11)
FN:531,(anonymous_12)
FN:563,(anonymous_13)
FN:579,(anonymous_14)
FN:591,(anonymous_15)
FN:617,(anonymous_16)
FN:709,(anonymous_17)
FNF:15
FNH:0
FNDA:0,DAOStructurePage
FNDA:0,(anonymous_4)
FNDA:0,(anonymous_5)
FNDA:0,(anonymous_6)
FNDA:0,(anonymous_7)
FNDA:0,(anonymous_8)
FNDA:0,(anonymous_9)
FNDA:0,(anonymous_10)
FNDA:0,(anonymous_11)
FNDA:0,(anonymous_12)
FNDA:0,(anonymous_13)
FNDA:0,(anonymous_14)
FNDA:0,(anonymous_15)
FNDA:0,(anonymous_16)
FNDA:0,(anonymous_17)
DA:2,0
DA:3,0
DA:4,0
DA:6,0
DA:15,0
DA:51,0
DA:58,0
DA:66,0
DA:74,0
DA:81,0
DA:112,0
DA:136,0
DA:203,0
DA:210,0
DA:228,0
DA:297,0
DA:311,0
DA:337,0
DA:417,0
DA:445,0
DA:487,0
DA:512,0
DA:527,0
DA:532,0
DA:564,0
DA:580,0
DA:592,0
DA:618,0
DA:710,0
LF:29
LH:0
BRDA:492,0,0,0
BRF:1
BRH:0
end_of_record
TN:
SF:src/app/(product)/docs/dao/tokenomics/page.tsx
FN:143,TokenomicsPage
FN:222,(anonymous_4)
FN:236,(anonymous_5)
FN:302,(anonymous_6)
FN:316,(anonymous_7)
FN:368,(anonymous_8)
FN:384,(anonymous_9)
FN:439,(anonymous_10)
FN:478,(anonymous_11)
FN:490,(anonymous_12)
FN:523,(anonymous_13)
FNF:11
FNH:0
FNDA:0,TokenomicsPage
FNDA:0,(anonymous_4)
FNDA:0,(anonymous_5)
FNDA:0,(anonymous_6)
FNDA:0,(anonymous_7)
FNDA:0,(anonymous_8)
FNDA:0,(anonymous_9)
FNDA:0,(anonymous_10)
FNDA:0,(anonymous_11)
FNDA:0,(anonymous_12)
FNDA:0,(anonymous_13)
DA:2,0
DA:3,0
DA:4,0
DA:6,0
DA:16,0
DA:60,0
DA:77,0
DA:85,0
DA:93,0
DA:124,0
DA:134,0
DA:141,0
DA:143,0
DA:223,0
DA:237,0
DA:303,0
DA:317,0
DA:369,0
DA:385,0
DA:440,0
DA:479,0
DA:491,0
DA:524,0
LF:23
LH:0
BRF:0
BRH:0
end_of_record
TN:
SF:src/app/(product)/docs/dao/unified-tokenomics/page.tsx
FN:313,UnifiedTokenomicsPage
FN:407,(anonymous_4)
FN:422,(anonymous_5)
FN:434,(anonymous_6)
FN:461,(anonymous_7)
FN:492,(anonymous_8)
FN:527,(anonymous_9)
FN:560,(anonymous_10)
FN:588,(anonymous_11)
FN:609,(anonymous_12)
FN:646,(anonymous_13)
FN:657,(anonymous_14)
FN:678,(anonymous_15)
FN:690,(anonymous_16)
FN:712,(anonymous_17)
FN:745,(anonymous_18)
FN:776,(anonymous_19)
FN:804,(anonymous_20)
FN:811,(anonymous_21)
FN:839,(anonymous_22)
FN:867,(anonymous_23)
FNF:21
FNH:0
FNDA:0,UnifiedTokenomicsPage
FNDA:0,(anonymous_4)
FNDA:0,(anonymous_5)
FNDA:0,(anonymous_6)
FNDA:0,(anonymous_7)
FNDA:0,(anonymous_8)
FNDA:0,(anonymous_9)
FNDA:0,(anonymous_10)
FNDA:0,(anonymous_11)
FNDA:0,(anonymous_12)
FNDA:0,(anonymous_13)
FNDA:0,(anonymous_14)
FNDA:0,(anonymous_15)
FNDA:0,(anonymous_16)
FNDA:0,(anonymous_17)
FNDA:0,(anonymous_18)
FNDA:0,(anonymous_19)
FNDA:0,(anonymous_20)
FNDA:0,(anonymous_21)
FNDA:0,(anonymous_22)
FNDA:0,(anonymous_23)
DA:2,0
DA:3,0
DA:4,0
DA:6,0
DA:15,0
DA:69,0
DA:87,0
DA:93,0
DA:141,0
DA:148,0
DA:155,0
DA:185,0
DA:199,0
DA:220,0
DA:226,0
DA:249,0
DA:267,0
DA:290,0
DA:313,0
DA:408,0
DA:423,0
DA:435,0
DA:462,0
DA:493,0
DA:528,0
DA:561,0
DA:589,0
DA:610,0
DA:647,0
DA:658,0
DA:679,0
DA:691,0
DA:713,0
DA:746,0
DA:777,0
DA:805,0
DA:812,0
DA:840,0
DA:868,0
LF:39
LH:0
BRDA:493,0,0,0
BRDA:493,0,1,0
BRF:2
BRH:0
end_of_record
TN:
SF:src/app/(product)/docs/design/specification/page.tsx
FN:247,DesignSpecificationPage
FN:343,(anonymous_4)
FN:358,(anonymous_5)
FN:383,(anonymous_6)
FN:387,(anonymous_7)
FN:403,(anonymous_8)
FN:422,(anonymous_9)
FN:428,(anonymous_10)
FN:448,(anonymous_11)
FN:467,(anonymous_12)
FN:490,(anonymous_13)
FN:503,(anonymous_14)
FN:533,(anonymous_15)
FN:543,(anonymous_16)
FN:562,(anonymous_17)
FN:570,(anonymous_18)
FN:586,(anonymous_19)
FN:594,(anonymous_20)
FN:618,(anonymous_21)
FN:622,(anonymous_22)
FN:648,(anonymous_23)
FN:663,(anonymous_24)
FN:674,(anonymous_25)
FN:697,(anonymous_26)
FN:714,(anonymous_27)
FN:733,(anonymous_28)
FN:739,(anonymous_29)
FN:898,(anonymous_30)
FN:914,(anonymous_31)
FNF:29
FNH:0
FNDA:0,DesignSpecificationPage
FNDA:0,(anonymous_4)
FNDA:0,(anonymous_5)
FNDA:0,(anonymous_6)
FNDA:0,(anonymous_7)
FNDA:0,(anonymous_8)
FNDA:0,(anonymous_9)
FNDA:0,(anonymous_10)
FNDA:0,(anonymous_11)
FNDA:0,(anonymous_12)
FNDA:0,(anonymous_13)
FNDA:0,(anonymous_14)
FNDA:0,(anonymous_15)
FNDA:0,(anonymous_16)
FNDA:0,(anonymous_17)
FNDA:0,(anonymous_18)
FNDA:0,(anonymous_19)
FNDA:0,(anonymous_20)
FNDA:0,(anonymous_21)
FNDA:0,(anonymous_22)
FNDA:0,(anonymous_23)
FNDA:0,(anonymous_24)
FNDA:0,(anonymous_25)
FNDA:0,(anonymous_26)
FNDA:0,(anonymous_27)
FNDA:0,(anonymous_28)
FNDA:0,(anonymous_29)
FNDA:0,(anonymous_30)
FNDA:0,(anonymous_31)
DA:2,0
DA:3,0
DA:4,0
DA:6,0
DA:16,0
DA:24,0
DA:32,0
DA:50,0
DA:93,0
DA:128,0
DA:157,0
DA:181,0
DA:202,0
DA:208,0
DA:217,0
DA:224,0
DA:247,0
DA:248,0
DA:344,0
DA:359,0
DA:384,0
DA:388,0
DA:404,0
DA:423,0
DA:429,0
DA:449,0
DA:468,0
DA:491,0
DA:504,0
DA:534,0
DA:544,0
DA:563,0
DA:571,0
DA:587,0
DA:595,0
DA:619,0
DA:623,0
DA:649,0
DA:664,0
DA:675,0
DA:698,0
DA:715,0
DA:734,0
DA:740,0
DA:899,0
DA:915,0
LF:46
LH:0
BRDA:473,0,0,0
BRDA:473,0,1,0
BRDA:475,1,0,0
BRDA:475,1,1,0
BRDA:486,2,0,0
BRDA:499,3,0,0
BRDA:905,4,0,0
BRDA:905,4,1,0
BRDA:906,5,0,0
BRDA:906,5,1,0
BRDA:907,6,0,0
BRDA:907,6,1,0
BRDA:916,7,0,0
BRDA:916,7,1,0
BRDA:917,8,0,0
BRDA:917,8,1,0
BRDA:918,9,0,0
BRDA:918,9,1,0
BRF:18
BRH:0
end_of_record
TN:
SF:src/app/(product)/docs/development/api-tests-complete/page.tsx
FN:9,ApiTestsCompletePage
FN:12,(anonymous_2)
FN:16,(anonymous_3)
FN:29,(anonymous_5)
FN:651,(anonymous_6)
FN:660,(anonymous_7)
FN:688,(anonymous_8)
FN:698,(anonymous_9)
FNF:8
FNH:5
FNDA:1,ApiTestsCompletePage
FNDA:0,(anonymous_2)
FNDA:0,(anonymous_3)
FNDA:0,(anonymous_5)
FNDA:4,(anonymous_6)
FNDA:16,(anonymous_7)
FNDA:4,(anonymous_8)
FNDA:12,(anonymous_9)
DA:3,1
DA:4,1
DA:5,1
DA:6,1
DA:7,1
DA:9,1
DA:10,1
DA:12,1
DA:13,0
DA:14,0
DA:15,0
DA:16,0
DA:18,0
DA:29,0
DA:41,1
DA:197,1
DA:447,1
DA:490,1
DA:575,1
DA:652,4
DA:661,16
DA:689,4
DA:699,12
LF:23
LH:17
BRDA:22,0,0,0
BRDA:32,1,0,0
BRDA:32,1,1,3
BRF:3
BRH:1
end_of_record
TN:
SF:src/app/(product)/docs/development/folder-structure-guide/page.tsx
FN:9,FolderStructureGuidePage
FN:12,(anonymous_2)
FN:16,(anonymous_3)
FN:29,(anonymous_5)
FN:482,(anonymous_6)
FN:513,(anonymous_7)
FN:519,(anonymous_8)
FN:542,(anonymous_9)
FN:578,(anonymous_10)
FN:584,(anonymous_11)
FN:612,(anonymous_12)
FNF:11
FNH:8
FNDA:1,FolderStructureGuidePage
FNDA:0,(anonymous_2)
FNDA:0,(anonymous_3)
FNDA:0,(anonymous_5)
FNDA:4,(anonymous_6)
FNDA:2,(anonymous_7)
FNDA:6,(anonymous_8)
FNDA:3,(anonymous_9)
FNDA:2,(anonymous_10)
FNDA:6,(anonymous_11)
FNDA:6,(anonymous_12)
DA:3,1
DA:4,1
DA:5,1
DA:6,1
DA:7,1
DA:9,1
DA:10,1
DA:12,1
DA:13,0
DA:14,0
DA:15,0
DA:16,0
DA:18,0
DA:29,0
DA:41,1
DA:72,1
DA:230,1
DA:249,1
DA:290,1
DA:365,1
DA:410,1
DA:483,4
DA:514,2
DA:520,6
DA:543,3
DA:579,2
DA:585,6
DA:613,6
LF:28
LH:22
BRDA:22,0,0,0
BRDA:32,1,0,0
BRDA:32,1,1,3
BRF:3
BRH:1
end_of_record
TN:
SF:src/app/(product)/docs/development/frontend-structure/page.tsx
FN:9,FrontendStructurePage
FN:12,(anonymous_2)
FN:16,(anonymous_3)
FN:29,(anonymous_5)
FN:470,(anonymous_6)
FN:493,(anonymous_7)
FNF:6
FNH:3
FNDA:1,FrontendStructurePage
FNDA:0,(anonymous_2)
FNDA:0,(anonymous_3)
FNDA:0,(anonymous_5)
FNDA:4,(anonymous_6)
FNDA:4,(anonymous_7)
DA:3,1
DA:4,1
DA:5,1
DA:6,1
DA:7,1
DA:9,1
DA:10,1
DA:12,1
DA:13,0
DA:14,0
DA:15,0
DA:16,0
DA:18,0
DA:29,0
DA:41,1
DA:234,1
DA:375,1
DA:402,1
DA:471,4
DA:494,4
LF:20
LH:14
BRDA:22,0,0,0
BRDA:32,1,0,0
BRDA:32,1,1,1
BRF:3
BRH:1
end_of_record
TN:
SF:src/app/(product)/docs/development/node-version-management/page.tsx
FN:9,NodeVersionManagementPage
FN:12,(anonymous_2)
FN:16,(anonymous_3)
FN:29,(anonymous_5)
FN:417,(anonymous_6)
FN:469,(anonymous_7)
FN:504,(anonymous_8)
FN:569,(anonymous_9)
FN:575,(anonymous_10)
FNF:9
FNH:6
FNDA:1,NodeVersionManagementPage
FNDA:0,(anonymous_2)
FNDA:0,(anonymous_3)
FNDA:0,(anonymous_5)
FNDA:4,(anonymous_6)
FNDA:2,(anonymous_7)
FNDA:4,(anonymous_8)
FNDA:5,(anonymous_9)
FNDA:12,(anonymous_10)
DA:3,1
DA:4,1
DA:5,1
DA:6,1
DA:7,1
DA:9,1
DA:10,1
DA:12,1
DA:13,0
DA:14,0
DA:15,0
DA:16,0
DA:18,0
DA:29,0
DA:41,1
DA:76,1
DA:210,1
DA:237,1
DA:292,1
DA:319,1
DA:418,4
DA:470,2
DA:505,4
DA:570,5
DA:576,12
LF:25
LH:19
BRDA:22,0,0,0
BRDA:32,1,0,0
BRDA:32,1,1,4
BRDA:433,2,0,2
BRDA:433,2,1,2
BRDA:434,3,0,2
BRDA:434,3,1,0
BRDA:437,4,0,2
BRDA:437,4,1,2
BRDA:438,5,0,2
BRDA:438,5,1,0
BRDA:507,6,0,1
BRDA:507,6,1,3
BRDA:508,7,0,2
BRDA:508,7,1,1
BRF:15
BRH:11
end_of_record
TN:
SF:src/app/(product)/docs/development/process/page.tsx
FN:166,DevelopmentProcessPage
FN:284,(anonymous_4)
FN:342,(anonymous_5)
FN:362,(anonymous_6)
FN:388,(anonymous_7)
FN:395,(anonymous_8)
FN:441,(anonymous_9)
FN:447,(anonymous_10)
FNF:8
FNH:0
FNDA:0,DevelopmentProcessPage
FNDA:0,(anonymous_4)
FNDA:0,(anonymous_5)
FNDA:0,(anonymous_6)
FNDA:0,(anonymous_7)
FNDA:0,(anonymous_8)
FNDA:0,(anonymous_9)
FNDA:0,(anonymous_10)
DA:2,0
DA:3,0
DA:4,0
DA:6,0
DA:16,0
DA:56,0
DA:103,0
DA:136,0
DA:166,0
DA:168,0
DA:285,0
DA:343,0
DA:363,0
DA:389,0
DA:396,0
DA:442,0
DA:448,0
LF:17
LH:0
BRDA:288,0,0,0
BRDA:288,0,1,0
BRDA:290,1,0,0
BRF:3
BRH:0
end_of_record
TN:
SF:src/app/(product)/docs/development/setup-guide/page.tsx
FN:9,SetupGuidePage
FN:12,(anonymous_2)
FN:16,(anonymous_3)
FN:29,(anonymous_5)
FN:289,(anonymous_6)
FNF:5
FNH:2
FNDA:1,SetupGuidePage
FNDA:0,(anonymous_2)
FNDA:0,(anonymous_3)
FNDA:0,(anonymous_5)
FNDA:4,(anonymous_6)
DA:3,1
DA:4,1
DA:5,1
DA:6,1
DA:7,1
DA:9,1
DA:10,1
DA:12,1
DA:13,0
DA:14,0
DA:15,0
DA:16,0
DA:18,0
DA:29,0
DA:41,1
DA:110,1
DA:184,1
DA:290,4
LF:18
LH:12
BRDA:22,0,0,0
BRDA:32,1,0,0
BRDA:32,1,1,8
BRF:3
BRH:1
end_of_record
TN:
SF:src/app/(product)/docs/downloads/page.tsx
FN:150,DownloadsPage
FN:226,(anonymous_4)
FN:249,(anonymous_5)
FN:261,(anonymous_6)
FN:320,(anonymous_7)
FN:328,(anonymous_8)
FNF:6
FNH:0
FNDA:0,DownloadsPage
FNDA:0,(anonymous_4)
FNDA:0,(anonymous_5)
FNDA:0,(anonymous_6)
FNDA:0,(anonymous_7)
FNDA:0,(anonymous_8)
DA:2,0
DA:3,0
DA:4,0
DA:6,0
DA:16,0
DA:100,0
DA:132,0
DA:148,0
DA:150,0
DA:227,0
DA:250,0
DA:262,0
DA:321,0
DA:329,0
LF:14
LH:0
BRF:0
BRH:0
end_of_record
TN:
SF:src/app/(product)/docs/introduction/page.tsx
FN:6,IntroductionPage
FNF:1
FNH:1
FNDA:3,IntroductionPage
DA:3,1
DA:4,1
DA:6,3
LF:3
LH:3
BRF:0
BRH:0
end_of_record
TN:
SF:src/app/(product)/docs/platform-overview/page.tsx
FN:6,PlatformOverviewPage
FNF:1
FNH:1
FNDA:3,PlatformOverviewPage
DA:3,1
DA:4,1
DA:6,3
LF:3
LH:3
BRF:0
BRH:0
end_of_record
TN:
SF:src/app/(product)/docs/quickstart/page.tsx
FN:133,QuickstartPage
FN:179,(anonymous_4)
FN:185,(anonymous_5)
FN:212,(anonymous_6)
FN:245,(anonymous_7)
FN:290,(anonymous_8)
FNF:6
FNH:6
FNDA:1,QuickstartPage
FNDA:3,(anonymous_4)
FNDA:9,(anonymous_5)
FNDA:4,(anonymous_6)
FNDA:15,(anonymous_7)
FNDA:3,(anonymous_8)
DA:2,1
DA:3,1
DA:4,1
DA:6,1
DA:16,1
DA:90,1
DA:118,1
DA:133,1
DA:180,3
DA:186,9
DA:213,4
DA:246,15
DA:291,3
LF:13
LH:13
BRDA:218,0,0,4
BRDA:254,1,0,4
BRF:2
BRH:2
end_of_record
TN:
SF:src/app/(product)/docs/sdk/cli/page.tsx
FN:164,CLIPage
FN:231,(anonymous_4)
FN:254,(anonymous_5)
FN:403,(anonymous_6)
FN:409,(anonymous_7)
FN:416,(anonymous_8)
FN:449,(anonymous_9)
FNF:7
FNH:0
FNDA:0,CLIPage
FNDA:0,(anonymous_4)
FNDA:0,(anonymous_5)
FNDA:0,(anonymous_6)
FNDA:0,(anonymous_7)
FNDA:0,(anonymous_8)
FNDA:0,(anonymous_9)
DA:2,0
DA:3,0
DA:4,0
DA:6,0
DA:16,0
DA:40,0
DA:113,0
DA:141,0
DA:164,0
DA:165,0
DA:232,0
DA:255,0
DA:404,0
DA:410,0
DA:417,0
DA:450,0
LF:16
LH:0
BRF:0
BRH:0
end_of_record
TN:
SF:src/app/(product)/docs/sdk/javascript/page.tsx
FN:114,JavaScriptSDKPage
FN:181,(anonymous_4)
FN:208,(anonymous_5)
FN:341,(anonymous_6)
FN:347,(anonymous_7)
FNF:5
FNH:0
FNDA:0,JavaScriptSDKPage
FNDA:0,(anonymous_4)
FNDA:0,(anonymous_5)
FNDA:0,(anonymous_6)
FNDA:0,(anonymous_7)
DA:2,0
DA:3,0
DA:4,0
DA:6,0
DA:16,0
DA:40,0
DA:99,0
DA:114,0
DA:115,0
DA:182,0
DA:209,0
DA:342,0
DA:348,0
LF:13
LH:0
BRF:0
BRH:0
end_of_record
TN:
SF:src/app/(product)/docs/sdk/python/page.tsx
FN:15,PythonSDKPage
FNF:1
FNH:0
FNDA:0,PythonSDKPage
DA:2,0
DA:3,0
DA:4,0
DA:6,0
DA:15,0
DA:16,0
LF:6
LH:0
BRF:0
BRH:0
end_of_record
TN:
SF:src/app/(product)/docs/strategy/micro-business/page.tsx
FN:149,MicroBusinessStrategyPage
FN:256,(anonymous_4)
FN:266,(anonymous_5)
FN:276,(anonymous_6)
FN:294,(anonymous_7)
FN:304,(anonymous_8)
FN:314,(anonymous_9)
FN:339,(anonymous_10)
FN:375,(anonymous_11)
FN:386,(anonymous_12)
FN:415,(anonymous_13)
FN:426,(anonymous_14)
FN:467,(anonymous_15)
FN:497,(anonymous_16)
FN:534,(anonymous_17)
FN:540,(anonymous_18)
FNF:16
FNH:0
FNDA:0,MicroBusinessStrategyPage
FNDA:0,(anonymous_4)
FNDA:0,(anonymous_5)
FNDA:0,(anonymous_6)
FNDA:0,(anonymous_7)
FNDA:0,(anonymous_8)
FNDA:0,(anonymous_9)
FNDA:0,(anonymous_10)
FNDA:0,(anonymous_11)
FNDA:0,(anonymous_12)
FNDA:0,(anonymous_13)
FNDA:0,(anonymous_14)
FNDA:0,(anonymous_15)
FNDA:0,(anonymous_16)
FNDA:0,(anonymous_17)
FNDA:0,(anonymous_18)
DA:2,0
DA:3,0
DA:4,0
DA:6,0
DA:16,0
DA:44,0
DA:70,0
DA:78,0
DA:98,0
DA:149,0
DA:150,0
DA:257,0
DA:267,0
DA:277,0
DA:295,0
DA:305,0
DA:315,0
DA:340,0
DA:376,0
DA:387,0
DA:416,0
DA:427,0
DA:468,0
DA:498,0
DA:535,0
DA:541,0
LF:26
LH:0
BRDA:473,0,0,0
BRF:1
BRH:0
end_of_record
TN:
SF:src/app/(product)/docs/strategy/mvp-validation/page.tsx
FN:242,MVPValidationFrameworkPage
FN:348,(anonymous_4)
FN:382,(anonymous_5)
FN:416,(anonymous_6)
FN:430,(anonymous_7)
FN:460,(anonymous_8)
FN:471,(anonymous_9)
FN:511,(anonymous_10)
FN:523,(anonymous_11)
FN:554,(anonymous_12)
FN:565,(anonymous_13)
FN:620,(anonymous_14)
FN:626,(anonymous_15)
FNF:13
FNH:0
FNDA:0,MVPValidationFrameworkPage
FNDA:0,(anonymous_4)
FNDA:0,(anonymous_5)
FNDA:0,(anonymous_6)
FNDA:0,(anonymous_7)
FNDA:0,(anonymous_8)
FNDA:0,(anonymous_9)
FNDA:0,(anonymous_10)
FNDA:0,(anonymous_11)
FNDA:0,(anonymous_12)
FNDA:0,(anonymous_13)
FNDA:0,(anonymous_14)
FNDA:0,(anonymous_15)
DA:2,0
DA:3,0
DA:4,0
DA:6,0
DA:16,0
DA:46,0
DA:80,0
DA:114,0
DA:138,0
DA:212,0
DA:242,0
DA:243,0
DA:349,0
DA:383,0
DA:417,0
DA:431,0
DA:461,0
DA:472,0
DA:512,0
DA:524,0
DA:555,0
DA:566,0
DA:621,0
DA:627,0
LF:24
LH:0
BRDA:354,0,0,0
BRF:1
BRH:0
end_of_record
TN:
SF:src/app/(product)/docs/strategy/saas-design/page.tsx
FN:215,SaaSDesignProcessPage
FN:219,(anonymous_4)
FN:323,(anonymous_5)
FN:339,(anonymous_6)
FN:377,(anonymous_7)
FN:393,(anonymous_8)
FN:456,(anonymous_9)
FN:509,(anonymous_10)
FN:520,(anonymous_11)
FN:535,(anonymous_12)
FN:570,(anonymous_13)
FN:579,(anonymous_14)
FN:628,(anonymous_15)
FN:647,(anonymous_16)
FNF:14
FNH:0
FNDA:0,SaaSDesignProcessPage
FNDA:0,(anonymous_4)
FNDA:0,(anonymous_5)
FNDA:0,(anonymous_6)
FNDA:0,(anonymous_7)
FNDA:0,(anonymous_8)
FNDA:0,(anonymous_9)
FNDA:0,(anonymous_10)
FNDA:0,(anonymous_11)
FNDA:0,(anonymous_12)
FNDA:0,(anonymous_13)
FNDA:0,(anonymous_14)
FNDA:0,(anonymous_15)
FNDA:0,(anonymous_16)
DA:2,0
DA:3,0
DA:4,0
DA:6,0
DA:16,0
DA:36,0
DA:64,0
DA:104,0
DA:138,0
DA:201,0
DA:215,0
DA:216,0
DA:219,0
DA:324,0
DA:340,0
DA:378,0
DA:394,0
DA:457,0
DA:510,0
DA:520,0
DA:536,0
DA:571,0
DA:580,0
DA:629,0
DA:648,0
LF:25
LH:0
BRDA:344,0,0,0
BRDA:344,0,1,0
BRDA:345,1,0,0
BRDA:345,1,1,0
BRDA:379,2,0,0
BRDA:379,2,1,0
BRDA:381,3,0,0
BRF:7
BRH:0
end_of_record
TN:
SF:src/app/(product)/docs/strategy/user-research/page.tsx
FN:301,UserAssumptionResearchPage
FN:408,(anonymous_4)
FN:414,(anonymous_5)
FN:466,(anonymous_6)
FN:480,(anonymous_7)
FN:512,(anonymous_8)
FN:564,(anonymous_9)
FN:572,(anonymous_10)
FN:621,(anonymous_11)
FN:635,(anonymous_12)
FN:646,(anonymous_13)
FN:654,(anonymous_14)
FN:680,(anonymous_15)
FN:691,(anonymous_16)
FN:734,(anonymous_17)
FN:768,(anonymous_18)
FNF:16
FNH:0
FNDA:0,UserAssumptionResearchPage
FNDA:0,(anonymous_4)
FNDA:0,(anonymous_5)
FNDA:0,(anonymous_6)
FNDA:0,(anonymous_7)
FNDA:0,(anonymous_8)
FNDA:0,(anonymous_9)
FNDA:0,(anonymous_10)
FNDA:0,(anonymous_11)
FNDA:0,(anonymous_12)
FNDA:0,(anonymous_13)
FNDA:0,(anonymous_14)
FNDA:0,(anonymous_15)
FNDA:0,(anonymous_16)
FNDA:0,(anonymous_17)
FNDA:0,(anonymous_18)
DA:2,0
DA:3,0
DA:4,0
DA:6,0
DA:16,0
DA:47,0
DA:84,0
DA:112,0
DA:143,0
DA:180,0
DA:228,0
DA:301,0
DA:302,0
DA:409,0
DA:415,0
DA:467,0
DA:481,0
DA:513,0
DA:565,0
DA:573,0
DA:622,0
DA:636,0
DA:647,0
DA:655,0
DA:681,0
DA:692,0
DA:735,0
DA:769,0
LF:28
LH:0
BRDA:518,0,0,0
BRDA:740,1,0,0
BRF:2
BRH:0
end_of_record
TN:
SF:src/app/(product)/docs/strategy/web-platform/page.tsx
FN:261,WebPlatformStrategyPage
FN:362,(anonymous_4)
FN:391,(anonymous_5)
FN:403,(anonymous_6)
FN:425,(anonymous_7)
FN:458,(anonymous_8)
FN:464,(anonymous_9)
FN:468,(anonymous_10)
FN:496,(anonymous_11)
FN:502,(anonymous_12)
FN:548,(anonymous_13)
FN:563,(anonymous_14)
FN:601,(anonymous_15)
FN:618,(anonymous_16)
FNF:14
FNH:0
FNDA:0,WebPlatformStrategyPage
FNDA:0,(anonymous_4)
FNDA:0,(anonymous_5)
FNDA:0,(anonymous_6)
FNDA:0,(anonymous_7)
FNDA:0,(anonymous_8)
FNDA:0,(anonymous_9)
FNDA:0,(anonymous_10)
FNDA:0,(anonymous_11)
FNDA:0,(anonymous_12)
FNDA:0,(anonymous_13)
FNDA:0,(anonymous_14)
FNDA:0,(anonymous_15)
FNDA:0,(anonymous_16)
DA:2,0
DA:3,0
DA:4,0
DA:6,0
DA:16,0
DA:98,0
DA:156,0
DA:190,0
DA:218,0
DA:261,0
DA:262,0
DA:363,0
DA:392,0
DA:404,0
DA:426,0
DA:459,0
DA:465,0
DA:469,0
DA:497,0
DA:503,0
DA:549,0
DA:564,0
DA:602,0
DA:619,0
LF:24
LH:0
BRDA:369,0,0,0
BRDA:568,1,0,0
BRDA:568,1,1,0
BRDA:569,2,0,0
BRDA:569,2,1,0
BRDA:607,3,0,0
BRF:6
BRH:0
end_of_record
TN:
SF:src/app/(product)/docs/support/page.tsx
FN:149,SupportPage
FN:195,(anonymous_4)
FN:225,(anonymous_5)
FN:238,(anonymous_6)
FN:273,(anonymous_7)
FN:285,(anonymous_8)
FN:318,(anonymous_9)
FN:329,(anonymous_10)
FN:369,(anonymous_11)
FN:379,(anonymous_12)
FNF:10
FNH:10
FNDA:1,SupportPage
FNDA:4,(anonymous_4)
FNDA:3,(anonymous_5)
FNDA:12,(anonymous_6)
FNDA:4,(anonymous_7)
FNDA:11,(anonymous_8)
FNDA:3,(anonymous_9)
FNDA:12,(anonymous_10)
FNDA:4,(anonymous_11)
FNDA:12,(anonymous_12)
DA:2,1
DA:3,1
DA:4,1
DA:5,1
DA:7,1
DA:17,1
DA:69,1
DA:101,1
DA:142,1
DA:149,1
DA:196,4
DA:226,3
DA:239,12
DA:274,4
DA:286,11
DA:319,3
DA:330,12
DA:370,4
DA:380,12
LF:19
LH:19
BRDA:340,0,0,3
BRF:1
BRH:1
end_of_record
TN:
SF:src/app/(product)/docs/team/page.tsx
FN:82,TeamPage
FN:108,(anonymous_2)
FN:147,(anonymous_3)
FN:177,(anonymous_4)
FN:212,(anonymous_5)
FNF:5
FNH:5
FNDA:1,TeamPage
FNDA:3,(anonymous_2)
FNDA:13,(anonymous_3)
FNDA:4,(anonymous_4)
FNDA:4,(anonymous_5)
DA:3,1
DA:4,1
DA:6,1
DA:52,1
DA:75,1
DA:82,1
DA:109,3
DA:148,13
DA:178,4
DA:213,4
LF:10
LH:10
BRDA:112,0,0,1
BRDA:112,0,1,2
BRDA:113,1,0,1
BRDA:113,1,1,1
BRDA:114,2,0,0
BRDA:114,2,1,1
BRDA:127,3,0,1
BRDA:127,3,1,2
BRDA:128,4,0,1
BRDA:128,4,1,1
BRDA:129,5,0,0
BRDA:129,5,1,1
BRDA:150,6,0,5
BRDA:150,6,1,8
BRDA:151,7,0,4
BRDA:151,7,1,4
BRDA:152,8,0,0
BRDA:152,8,1,4
BRF:18
BRH:15
end_of_record
TN:
SF:src/app/(product)/docs/technical/architecture/page.tsx
FN:203,UnsonOSArchitecturePage
FN:269,(anonymous_4)
FN:279,(anonymous_5)
FN:316,(anonymous_6)
FN:333,(anonymous_7)
FN:386,(anonymous_8)
FN:451,(anonymous_9)
FN:458,(anonymous_10)
FN:470,(anonymous_11)
FN:494,(anonymous_12)
FN:526,(anonymous_13)
FN:532,(anonymous_14)
FN:581,(anonymous_15)
FNF:13
FNH:0
FNDA:0,UnsonOSArchitecturePage
FNDA:0,(anonymous_4)
FNDA:0,(anonymous_5)
FNDA:0,(anonymous_6)
FNDA:0,(anonymous_7)
FNDA:0,(anonymous_8)
FNDA:0,(anonymous_9)
FNDA:0,(anonymous_10)
FNDA:0,(anonymous_11)
FNDA:0,(anonymous_12)
FNDA:0,(anonymous_13)
FNDA:0,(anonymous_14)
FNDA:0,(anonymous_15)
DA:2,0
DA:3,0
DA:4,0
DA:6,0
DA:16,0
DA:40,0
DA:85,0
DA:132,0
DA:166,0
DA:176,0
DA:196,0
DA:203,0
DA:204,0
DA:270,0
DA:280,0
DA:317,0
DA:334,0
DA:387,0
DA:452,0
DA:459,0
DA:471,0
DA:495,0
DA:527,0
DA:533,0
DA:582,0
LF:25
LH:0
BRDA:323,0,0,0
BRDA:323,0,1,0
BRDA:324,1,0,0
BRDA:324,1,1,0
BRDA:325,2,0,0
BRDA:325,2,1,0
BRDA:337,3,0,0
BRDA:337,3,1,0
BRDA:338,4,0,0
BRDA:338,4,1,0
BRDA:339,5,0,0
BRDA:339,5,1,0
BRDA:392,6,0,0
BRDA:429,7,0,0
BRDA:503,8,0,0
BRF:15
BRH:0
end_of_record
TN:
SF:src/app/(product)/docs/technical/pipeline/page.tsx
FN:212,ServiceGenerationPipelinePage
FN:303,(anonymous_4)
FN:341,(anonymous_5)
FN:351,(anonymous_6)
FN:366,(anonymous_7)
FN:390,(anonymous_8)
FN:402,(anonymous_9)
FN:417,(anonymous_10)
FN:423,(anonymous_11)
FN:496,(anonymous_12)
FN:506,(anonymous_13)
FN:531,(anonymous_14)
FN:540,(anonymous_15)
FN:627,(anonymous_16)
FN:639,(anonymous_17)
FN:654,(anonymous_18)
FN:710,(anonymous_19)
FNF:17
FNH:0
FNDA:0,ServiceGenerationPipelinePage
FNDA:0,(anonymous_4)
FNDA:0,(anonymous_5)
FNDA:0,(anonymous_6)
FNDA:0,(anonymous_7)
FNDA:0,(anonymous_8)
FNDA:0,(anonymous_9)
FNDA:0,(anonymous_10)
FNDA:0,(anonymous_11)
FNDA:0,(anonymous_12)
FNDA:0,(anonymous_13)
FNDA:0,(anonymous_14)
FNDA:0,(anonymous_15)
FNDA:0,(anonymous_16)
FNDA:0,(anonymous_17)
FNDA:0,(anonymous_18)
FNDA:0,(anonymous_19)
DA:2,0
DA:3,0
DA:4,0
DA:6,0
DA:16,0
DA:30,0
DA:48,0
DA:70,0
DA:104,0
DA:124,0
DA:146,0
DA:161,0
DA:183,0
DA:205,0
DA:212,0
DA:213,0
DA:304,0
DA:342,0
DA:352,0
DA:367,0
DA:391,0
DA:403,0
DA:418,0
DA:424,0
DA:497,0
DA:507,0
DA:532,0
DA:541,0
DA:628,0
DA:640,0
DA:655,0
DA:711,0
LF:32
LH:0
BRDA:309,0,0,0
BRDA:312,1,0,0
BRDA:312,1,1,0
BRDA:427,2,0,0
BRDA:427,2,1,0
BRDA:428,3,0,0
BRDA:428,3,1,0
BRDA:536,4,0,0
BRDA:536,4,1,0
BRF:9
BRH:0
end_of_record
TN:
SF:src/app/(product)/docs/testing-guidelines/page.tsx
FN:9,TestingGuidelinesPage
FN:12,(anonymous_2)
FN:16,(anonymous_3)
FN:29,(anonymous_5)
FN:95,(anonymous_6)
FN:106,(anonymous_7)
FN:444,(anonymous_8)
FN:466,(anonymous_9)
FN:477,(anonymous_10)
FNF:9
FNH:6
FNDA:1,TestingGuidelinesPage
FNDA:0,(anonymous_2)
FNDA:0,(anonymous_3)
FNDA:0,(anonymous_5)
FNDA:3,(anonymous_6)
FNDA:9,(anonymous_7)
FNDA:4,(anonymous_8)
FNDA:3,(anonymous_9)
FNDA:9,(anonymous_10)
DA:3,1
DA:4,1
DA:5,1
DA:6,1
DA:7,1
DA:9,1
DA:10,1
DA:12,1
DA:13,0
DA:14,0
DA:15,0
DA:16,0
DA:18,0
DA:29,0
DA:41,1
DA:80,1
DA:96,3
DA:107,9
DA:276,1
DA:288,1
DA:315,1
DA:342,1
DA:445,4
DA:467,3
DA:478,9
LF:25
LH:19
BRDA:22,0,0,0
BRDA:32,1,0,0
BRDA:32,1,1,1
BRF:3
BRH:1
end_of_record
TN:
SF:src/app/(product)/docs/updates/page.tsx
FN:149,UpdatesPage
FN:210,(anonymous_2)
FN:229,(anonymous_3)
FN:247,(anonymous_4)
FN:278,(anonymous_5)
FN:291,(anonymous_6)
FN:318,(anonymous_7)
FN:339,(anonymous_8)
FN:362,(anonymous_9)
FN:376,(anonymous_10)
FN:394,(anonymous_11)
FN:400,(anonymous_12)
FN:426,(anonymous_13)
FN:435,(anonymous_14)
FNF:14
FNH:14
FNDA:1,UpdatesPage
FNDA:3,(anonymous_2)
FNDA:3,(anonymous_3)
FNDA:4,(anonymous_4)
FNDA:4,(anonymous_5)
FNDA:3,(anonymous_6)
FNDA:3,(anonymous_7)
FNDA:3,(anonymous_8)
FNDA:3,(anonymous_9)
FNDA:3,(anonymous_10)
FNDA:4,(anonymous_11)
FNDA:14,(anonymous_12)
FNDA:3,(anonymous_13)
FNDA:9,(anonymous_14)
DA:3,1
DA:4,1
DA:6,1
DA:12,1
DA:56,1
DA:69,1
DA:82,1
DA:119,1
DA:149,1
DA:211,3
DA:230,3
DA:248,4
DA:279,4
DA:292,3
DA:319,3
DA:340,3
DA:363,3
DA:377,3
DA:395,4
DA:401,14
DA:427,3
DA:436,9
LF:22
LH:22
BRDA:214,0,0,1
BRDA:214,0,1,2
BRDA:215,1,0,1
BRDA:215,1,1,1
BRDA:225,2,0,3
BRDA:232,3,0,3
BRDA:232,3,1,0
BRDA:233,4,0,0
BRDA:233,4,1,0
BRDA:243,5,0,3
BRDA:256,6,0,3
BRDA:273,7,0,3
BRDA:323,8,0,1
BRDA:323,8,1,2
BRDA:324,9,0,1
BRDA:324,9,1,1
BRDA:404,10,0,5
BRDA:404,10,1,9
BRDA:405,11,0,1
BRDA:405,11,1,8
BRDA:408,12,0,5
BRDA:408,12,1,9
BRDA:409,13,0,1
BRDA:409,13,1,8
BRF:24
BRH:21
end_of_record
TN:
SF:src/app/(product)/products/page.tsx
FN:9,ProductsPage
FN:11,(anonymous_2)
FN:12,(anonymous_3)
FN:18,(anonymous_4)
FN:112,(anonymous_5)
FN:134,(anonymous_6)
FNF:6
FNH:0
FNDA:0,ProductsPage
FNDA:0,(anonymous_2)
FNDA:0,(anonymous_3)
FNDA:0,(anonymous_4)
FNDA:0,(anonymous_5)
FNDA:0,(anonymous_6)
DA:4,0
DA:5,0
DA:6,0
DA:7,0
DA:9,0
DA:11,0
DA:12,0
DA:13,0
DA:14,0
DA:17,0
DA:18,0
DA:21,0
DA:25,0
DA:31,0
DA:32,0
DA:35,0
DA:113,0
DA:135,0
LF:18
LH:0
BRDA:17,0,0,0
BRDA:17,0,1,0
BRDA:37,1,0,0
BRDA:37,1,1,0
BRDA:48,2,0,0
BRDA:48,2,1,0
BRDA:150,3,0,0
BRDA:155,4,0,0
BRDA:160,5,0,0
BRF:9
BRH:0
end_of_record
TN:
SF:src/app/(product)/products/[id]/page.tsx
FN:10,generateMetadata
FN:30,ProductDetailPage
FN:112,(anonymous_5)
FN:132,(anonymous_6)
FN:146,(anonymous_7)
FN:191,(anonymous_8)
FN:207,(anonymous_9)
FN:211,(anonymous_10)
FN:231,(anonymous_11)
FNF:9
FNH:0
FNDA:0,generateMetadata
FNDA:0,ProductDetailPage
FNDA:0,(anonymous_5)
FNDA:0,(anonymous_6)
FNDA:0,(anonymous_7)
FNDA:0,(anonymous_8)
FNDA:0,(anonymous_9)
FNDA:0,(anonymous_10)
FNDA:0,(anonymous_11)
DA:2,0
DA:4,0
DA:10,0
DA:11,0
DA:13,0
DA:14,0
DA:20,0
DA:30,0
DA:31,0
DA:33,0
DA:47,0
DA:113,0
DA:133,0
DA:147,0
DA:192,0
DA:208,0
DA:212,0
DA:232,0
LF:18
LH:0
BRDA:13,0,0,0
BRDA:33,1,0,0
BRDA:92,2,0,0
BRDA:133,3,0,0
BRDA:133,3,1,0
BRDA:134,4,0,0
BRDA:156,5,0,0
BRDA:156,5,1,0
BRDA:225,6,0,0
BRF:9
BRH:0
end_of_record
TN:
SF:src/app/api/careers/route.ts
FN:8,POST
FNF:1
FNH:1
FNDA:12,POST
DA:3,1
DA:4,1
DA:5,1
DA:8,12
DA:10,12
DA:11,12
DA:12,1
DA:15,11
DA:18,11
DA:28,11
DA:29,9
DA:33,2
LF:12
LH:12
BRDA:11,0,0,1
BRDA:28,1,0,9
BRF:2
BRH:2
end_of_record
TN:
SF:src/app/api/contact/route.ts
FN:8,POST
FNF:1
FNH:1
FNDA:9,POST
DA:3,1
DA:4,1
DA:5,1
DA:8,9
DA:10,9
DA:11,9
DA:12,1
DA:15,8
DA:18,8
DA:24,8
DA:25,6
DA:29,2
LF:12
LH:12
BRDA:11,0,0,1
BRDA:24,1,0,6
BRF:2
BRH:2
end_of_record
TN:
SF:src/app/api/product-request/route.ts
FN:8,POST
FNF:1
FNH:1
FNDA:11,POST
DA:3,1
DA:4,1
DA:5,1
DA:8,11
DA:10,11
DA:11,11
DA:12,1
DA:15,10
DA:18,10
DA:26,10
DA:27,8
DA:31,2
LF:12
LH:12
BRDA:11,0,0,1
BRDA:26,1,0,8
BRF:2
BRH:2
end_of_record
TN:
SF:src/app/api/waitlist/route.ts
FN:13,POST
FNF:1
FNH:1
FNDA:7,POST
DA:3,1
DA:4,1
DA:5,1
DA:13,7
DA:15,7
DA:16,7
DA:17,1
DA:20,6
DA:23,6
DA:30,6
DA:31,4
DA:35,2
LF:12
LH:12
BRDA:16,0,0,1
BRDA:30,1,0,4
BRF:2
BRH:2
end_of_record
TN:
SF:src/components/forms/ApplicationForm.tsx
FN:15,ApplicationForm
FN:25,(anonymous_2)
FN:30,(anonymous_3)
FN:31,(anonymous_4)
FNF:4
FNH:0
FNDA:0,ApplicationForm
FNDA:0,(anonymous_2)
FNDA:0,(anonymous_3)
FNDA:0,(anonymous_4)
DA:3,0
DA:4,0
DA:15,0
DA:16,0
DA:25,0
DA:26,0
DA:27,0
DA:30,0
DA:31,0
LF:9
LH:0
BRF:0
BRH:0
end_of_record
TN:
SF:src/components/forms/ContactForm.tsx
FN:18,ContactForm
FN:27,(anonymous_2)
FN:32,(anonymous_3)
FN:33,(anonymous_4)
FNF:4
FNH:0
FNDA:0,ContactForm
FNDA:0,(anonymous_2)
FNDA:0,(anonymous_3)
FNDA:0,(anonymous_4)
DA:3,0
DA:4,0
DA:18,0
DA:19,0
DA:27,0
DA:28,0
DA:29,0
DA:32,0
DA:33,0
LF:9
LH:0
BRDA:18,0,0,0
BRF:1
BRH:0
end_of_record
TN:
SF:src/components/forms/SupportForm.tsx
FN:15,SupportForm
FN:25,(anonymous_2)
FN:30,(anonymous_3)
FN:31,(anonymous_4)
FNF:4
FNH:0
FNDA:0,SupportForm
FNDA:0,(anonymous_2)
FNDA:0,(anonymous_3)
FNDA:0,(anonymous_4)
DA:3,0
DA:4,0
DA:15,0
DA:16,0
DA:25,0
DA:26,0
DA:27,0
DA:30,0
DA:31,0
LF:9
LH:0
BRF:0
BRH:0
end_of_record
TN:
SF:src/components/forms/SupportSearchForm.tsx
FN:5,SupportSearchForm
FN:7,(anonymous_2)
FNF:2
FNH:0
FNDA:0,SupportSearchForm
FNDA:0,(anonymous_2)
DA:3,0
DA:5,0
DA:8,0
DA:9,0
LF:4
LH:0
BRF:0
BRH:0
end_of_record
TN:
SF:src/components/forms/WaitlistForm.tsx
FN:19,WaitlistForm
FN:33,(anonymous_2)
FN:50,(anonymous_3)
FN:93,(anonymous_4)
FN:94,(anonymous_5)
FN:96,(anonymous_6)
FN:125,(anonymous_7)
FN:144,(anonymous_8)
FN:162,(anonymous_9)
FNF:9
FNH:9
FNDA:854,WaitlistForm
FNDA:34,(anonymous_2)
FNDA:34,(anonymous_3)
FNDA:758,(anonymous_4)
FNDA:758,(anonymous_5)
FNDA:6,(anonymous_6)
FNDA:534,(anonymous_7)
FNDA:216,(anonymous_8)
FNDA:8,(anonymous_9)
DA:3,4
DA:4,4
DA:5,4
DA:19,34
DA:20,854
DA:25,850
DA:26,850
DA:27,850
DA:28,850
DA:30,850
DA:33,850
DA:34,34
DA:36,34
DA:37,6
DA:38,28
DA:39,2
DA:42,34
DA:43,6
DA:46,34
DA:47,34
DA:50,850
DA:51,34
DA:53,34
DA:54,8
DA:57,26
DA:58,26
DA:60,26
DA:61,26
DA:69,22
DA:70,8
DA:73,14
DA:76,14
DA:78,14
DA:81,14
DA:87,10
DA:89,24
DA:93,850
DA:94,758
DA:95,758
DA:96,6
DA:100,850
DA:125,534
DA:144,216
DA:162,8
LF:44
LH:44
BRDA:36,0,0,6
BRDA:36,0,1,28
BRDA:38,1,0,2
BRDA:42,2,0,6
BRDA:53,3,0,8
BRDA:69,4,0,8
BRDA:95,5,0,6
BRDA:100,6,0,14
BRDA:129,7,0,836
BRDA:148,8,0,836
BRDA:176,9,0,836
BRDA:188,10,0,26
BRDA:188,10,1,810
BRF:13
BRH:13
end_of_record
TN:
SF:src/components/interactive/FilterButtons.tsx
FN:13,FilterButtons
FN:22,(anonymous_3)
FN:28,(anonymous_4)
FNF:3
FNH:0
FNDA:0,FilterButtons
FNDA:0,(anonymous_3)
FNDA:0,(anonymous_4)
DA:2,0
DA:3,0
DA:13,0
DA:23,0
DA:28,0
LF:5
LH:0
BRDA:17,0,0,0
BRDA:18,1,0,0
BRDA:25,2,0,0
BRDA:25,2,1,0
BRF:4
BRH:0
end_of_record
TN:
SF:src/components/interactive/NoResults.tsx
FN:12,NoResults
FNF:1
FNH:0
FNDA:0,NoResults
DA:2,0
DA:12,0
LF:2
LH:0
BRDA:15,0,0,0
BRDA:23,1,0,0
BRDA:32,2,0,0
BRDA:32,2,1,0
BRF:4
BRH:0
end_of_record
TN:
SF:src/components/interactive/SearchInput.tsx
FN:12,SearchInput
FN:25,(anonymous_3)
FNF:2
FNH:0
FNDA:0,SearchInput
FNDA:0,(anonymous_3)
DA:2,0
DA:12,0
DA:25,0
LF:3
LH:0
BRDA:15,0,0,0
BRDA:16,1,0,0
BRDA:17,2,0,0
BRDA:28,3,0,0
BRF:4
BRH:0
end_of_record
TN:
SF:src/components/interactive/StatsGrid.tsx
FN:17,StatsGrid
FN:41,(anonymous_3)
FNF:2
FNH:0
FNDA:0,StatsGrid
FNDA:0,(anonymous_3)
DA:2,0
DA:17,0
DA:22,0
DA:31,0
DA:42,0
LF:5
LH:0
BRDA:19,0,0,0
BRDA:20,1,0,0
BRDA:32,2,0,0
BRDA:32,2,1,0
BRDA:33,3,0,0
BRDA:33,3,1,0
BRDA:34,4,0,0
BRDA:34,4,1,0
BRDA:35,5,0,0
BRDA:35,5,1,0
BRDA:43,6,0,0
BRDA:43,6,1,0
BRDA:44,7,0,0
BRF:13
BRH:0
end_of_record
TN:
SF:src/components/layout/DocsLayout.tsx
FN:10,DocsLayout
FN:19,(anonymous_2)
FN:37,(anonymous_3)
FNF:3
FNH:3
FNDA:12,DocsLayout
FNDA:1,(anonymous_2)
FNDA:2,(anonymous_3)
DA:3,1
DA:4,1
DA:10,9
DA:11,12
DA:19,1
DA:37,2
LF:6
LH:6
BRDA:16,0,0,12
BRDA:27,1,0,2
BRDA:27,1,1,10
BRF:3
BRH:3
end_of_record
TN:
SF:src/components/layout/DocsSidebar.tsx
FN:92,DocsSidebar
FN:94,(anonymous_3)
FN:97,(anonymous_4)
FN:98,(anonymous_5)
FN:105,(anonymous_6)
FN:106,(anonymous_7)
FN:108,(anonymous_8)
FN:122,(anonymous_9)
FN:124,(anonymous_10)
FN:129,(anonymous_11)
FN:154,(anonymous_12)
FNF:11
FNH:11
FNDA:18,DocsSidebar
FNDA:14,(anonymous_3)
FNDA:98,(anonymous_4)
FNDA:448,(anonymous_5)
FNDA:4,(anonymous_6)
FNDA:4,(anonymous_7)
FNDA:2,(anonymous_8)
FNDA:126,(anonymous_9)
FNDA:576,(anonymous_10)
FNDA:4,(anonymous_11)
FNDA:92,(anonymous_12)
DA:3,1
DA:4,1
DA:5,1
DA:8,1
DA:92,14
DA:93,18
DA:94,18
DA:96,14
DA:97,14
DA:98,448
DA:99,14
DA:102,14
DA:105,18
DA:106,4
DA:107,4
DA:108,2
DA:123,126
DA:124,576
DA:126,126
DA:129,4
DA:155,92
DA:157,92
LF:22
LH:22
BRDA:92,0,0,17
BRDA:98,1,0,14
BRDA:107,2,0,1
BRDA:107,2,1,3
BRDA:131,3,0,18
BRDA:131,3,1,108
BRDA:142,4,0,21
BRDA:142,4,1,105
BRDA:152,5,0,126
BRDA:162,6,0,18
BRDA:162,6,1,74
BRDA:169,7,0,59
BRDA:169,7,1,33
BRDA:170,8,0,33
BRDA:170,8,1,0
BRF:15
BRH:14
end_of_record
TN:
SF:src/components/sections/CTASection.tsx
FN:19,CTASection
FN:37,(anonymous_2)
FNF:2
FNH:0
FNDA:0,CTASection
FNDA:0,(anonymous_2)
DA:1,0
DA:19,0
DA:38,0
LF:3
LH:0
BRDA:23,0,0,0
BRDA:24,1,0,0
BRDA:25,2,0,0
BRDA:41,3,0,0
BRDA:41,3,1,0
BRDA:44,4,0,0
BRDA:44,4,1,0
BRF:7
BRH:0
end_of_record
TN:
SF:src/components/ui/Accordion.tsx
FN:17,Accordion
FN:19,(anonymous_2)
FN:26,(anonymous_3)
FN:28,(anonymous_4)
FN:30,(anonymous_5)
FN:34,(anonymous_6)
FN:42,(anonymous_7)
FN:48,(anonymous_8)
FNF:8
FNH:0
FNDA:0,Accordion
FNDA:0,(anonymous_2)
FNDA:0,(anonymous_3)
FNDA:0,(anonymous_4)
FNDA:0,(anonymous_5)
FNDA:0,(anonymous_6)
FNDA:0,(anonymous_7)
FNDA:0,(anonymous_8)
DA:3,0
DA:17,0
DA:19,0
DA:24,0
DA:26,0
DA:27,0
DA:28,0
DA:29,0
DA:30,0
DA:34,0
DA:35,0
DA:43,0
DA:45,0
DA:48,0
LF:14
LH:0
BRDA:17,0,0,0
BRDA:17,1,0,0
BRDA:21,2,0,0
BRDA:21,2,1,0
BRDA:27,3,0,0
BRDA:27,3,1,0
BRDA:29,4,0,0
BRDA:29,4,1,0
BRDA:35,5,0,0
BRDA:35,5,1,0
BRDA:54,6,0,0
BRDA:54,6,1,0
BRDA:65,7,0,0
BRDA:65,7,1,0
BRF:14
BRH:0
end_of_record
TN:
SF:src/components/ui/Breadcrumb.tsx
FN:12,Breadcrumb
FN:22,(anonymous_3)
FNF:2
FNH:0
FNDA:0,Breadcrumb
FNDA:0,(anonymous_3)
DA:1,0
DA:12,0
DA:23,0
LF:3
LH:0
BRDA:26,0,0,0
BRF:1
BRH:0
end_of_record
TN:
SF:src/components/ui/Button.tsx
FN:36,(anonymous_3)
FNF:1
FNH:1
FNDA:854,(anonymous_3)
DA:1,6
DA:2,6
DA:3,6
DA:5,6
DA:35,6
DA:46,6
DA:48,854
LF:7
LH:7
BRF:0
BRH:0
end_of_record
TN:
SF:src/components/ui/Modal.tsx
FN:16,Modal
FN:25,(anonymous_4)
FN:32,(anonymous_5)
FN:37,(anonymous_6)
FN:38,(anonymous_7)
FN:45,(anonymous_8)
FN:109,ConfirmModal
FN:153,(anonymous_10)
FNF:8
FNH:0
FNDA:0,Modal
FNDA:0,(anonymous_4)
FNDA:0,(anonymous_5)
FNDA:0,(anonymous_6)
FNDA:0,(anonymous_7)
FNDA:0,(anonymous_8)
FNDA:0,ConfirmModal
FNDA:0,(anonymous_10)
DA:3,0
DA:4,0
DA:16,0
DA:25,0
DA:26,0
DA:27,0
DA:29,0
DA:32,0
DA:33,0
DA:37,0
DA:38,0
DA:39,0
DA:40,0
DA:44,0
DA:45,0
DA:48,0
DA:50,0
DA:109,0
DA:119,0
DA:125,0
DA:154,0
DA:155,0
LF:22
LH:0
BRDA:21,0,0,0
BRDA:22,1,0,0
BRDA:23,2,0,0
BRDA:26,3,0,0
BRDA:26,3,1,0
BRDA:39,4,0,0
BRDA:39,5,0,0
BRDA:39,5,1,0
BRDA:48,6,0,0
BRDA:62,7,0,0
BRDA:62,7,1,0
BRDA:68,8,0,0
BRDA:68,8,1,0
BRDA:70,9,0,0
BRDA:75,10,0,0
BRDA:115,11,0,0
BRDA:116,12,0,0
BRDA:117,13,0,0
BRF:18
BRH:0
end_of_record
TN:
SF:src/components/ui/NavigationLink.tsx
FN:13,NavigationLink
FNF:1
FNH:0
FNDA:0,NavigationLink
DA:1,0
DA:13,0
DA:22,0
DA:27,0
LF:4
LH:0
BRDA:16,0,0,0
BRDA:17,1,0,0
BRDA:18,2,0,0
BRDA:19,3,0,0
BRDA:20,4,0,0
BRDA:22,5,0,0
BRDA:22,5,1,0
BRDA:27,6,0,0
BRDA:27,6,1,0
BRDA:30,7,0,0
BRDA:30,7,1,0
BRF:11
BRH:0
end_of_record
TN:
SF:src/components/ui/Tabs.tsx
FN:19,Tabs
FN:33,(anonymous_4)
FN:66,(anonymous_5)
FN:77,(anonymous_6)
FN:83,(anonymous_7)
FN:86,(anonymous_8)
FN:114,VerticalTabs
FN:121,(anonymous_10)
FN:127,(anonymous_11)
FN:130,(anonymous_12)
FNF:10
FNH:0
FNDA:0,Tabs
FNDA:0,(anonymous_4)
FNDA:0,(anonymous_5)
FNDA:0,(anonymous_6)
FNDA:0,(anonymous_7)
FNDA:0,(anonymous_8)
FNDA:0,VerticalTabs
FNDA:0,(anonymous_10)
FNDA:0,(anonymous_11)
FNDA:0,(anonymous_12)
DA:3,0
DA:19,0
DA:25,0
DA:27,0
DA:33,0
DA:34,0
DA:35,0
DA:36,0
DA:38,0
DA:39,0
DA:42,0
DA:44,0
DA:51,0
DA:58,0
DA:66,0
DA:67,0
DA:69,0
DA:71,0
DA:73,0
DA:77,0
DA:84,0
DA:86,0
DA:114,0
DA:119,0
DA:121,0
DA:128,0
DA:130,0
LF:27
LH:0
BRDA:22,0,0,0
BRDA:23,1,0,0
BRDA:25,2,0,0
BRDA:25,2,1,0
BRDA:38,3,0,0
BRDA:42,4,0,0
BRDA:42,4,1,0
BRDA:42,4,2,0
BRDA:45,5,0,0
BRDA:45,5,1,0
BRDA:52,6,0,0
BRDA:52,6,1,0
BRDA:59,7,0,0
BRDA:59,7,1,0
BRDA:67,8,0,0
BRDA:67,8,1,0
BRDA:67,8,2,0
BRDA:86,9,0,0
BRDA:86,9,1,0
BRDA:88,10,0,0
BRDA:88,10,1,0
BRDA:88,11,0,0
BRDA:88,11,1,0
BRDA:90,12,0,0
BRDA:90,12,1,0
BRDA:90,13,0,0
BRDA:90,13,1,0
BRDA:117,14,0,0
BRDA:119,15,0,0
BRDA:119,15,1,0
BRDA:130,16,0,0
BRDA:130,16,1,0
BRDA:132,17,0,0
BRDA:132,17,1,0
BRDA:136,18,0,0
BRDA:136,18,1,0
BRF:36
BRH:0
end_of_record
TN:
SF:src/config/constants.ts
FNF:0
FNH:0
DA:6,80
DA:18,10
DA:32,11
DA:49,4
DA:57,8
LF:5
LH:5
BRF:0
BRH:0
end_of_record
TN:
SF:src/data/company.ts
FNF:0
FNH:0
DA:55,0
DA:86,0
DA:109,0
DA:137,0
DA:144,0
DA:179,0
DA:212,0
DA:236,0
LF:8
LH:0
BRF:0
BRH:0
end_of_record
TN:
SF:src/data/faq.ts
FN:87,(anonymous_4)
FN:88,(anonymous_5)
FN:93,(anonymous_6)
FN:97,(anonymous_7)
FNF:4
FNH:0
FNDA:0,(anonymous_4)
FNDA:0,(anonymous_5)
FNDA:0,(anonymous_6)
FNDA:0,(anonymous_7)
DA:12,1
DA:87,1
DA:88,0
DA:89,0
DA:93,1
DA:94,0
DA:95,0
DA:97,0
DA:98,0
LF:9
LH:3
BRDA:98,0,0,0
BRDA:98,0,1,0
BRF:2
BRH:0
end_of_record
TN:
SF:src/data/products.ts
FN:222,(anonymous_6)
FN:223,(anonymous_7)
FN:226,(anonymous_8)
FN:230,(anonymous_9)
FN:233,(anonymous_10)
FN:235,(anonymous_11)
FNF:6
FNH:0
FNDA:0,(anonymous_6)
FNDA:0,(anonymous_7)
FNDA:0,(anonymous_8)
FNDA:0,(anonymous_9)
FNDA:0,(anonymous_10)
FNDA:0,(anonymous_11)
DA:45,0
DA:220,0
DA:222,0
DA:223,0
DA:226,0
DA:227,0
DA:228,0
DA:230,0
DA:233,0
DA:234,0
DA:235,0
LF:11
LH:0
BRDA:227,0,0,0
BRDA:233,1,0,0
BRDA:235,2,0,0
BRDA:235,2,1,0
BRF:4
BRH:0
end_of_record
TN:
SF:src/hooks/useAnalytics.ts
FN:11,useAnalytics
FN:12,(anonymous_2)
FN:29,(anonymous_3)
FN:42,(anonymous_4)
FN:51,(anonymous_5)
FNF:5
FNH:5
FNDA:10,useAnalytics
FNDA:8,(anonymous_2)
FNDA:2,(anonymous_3)
FNDA:2,(anonymous_4)
FNDA:2,(anonymous_5)
DA:1,2
DA:11,10
DA:12,10
DA:14,8
DA:15,8
DA:18,8
DA:19,6
DA:29,10
DA:30,2
DA:31,2
DA:33,2
DA:34,2
DA:42,10
DA:43,2
DA:51,10
DA:52,2
DA:59,10
LF:17
LH:17
BRDA:14,0,0,8
BRDA:18,1,0,6
BRDA:30,2,0,2
BRDA:33,3,0,2
BRF:4
BRH:4
end_of_record
TN:
SF:src/hooks/useFilter.ts
FN:9,useFilter
FN:12,(anonymous_2)
FN:15,(anonymous_3)
FN:25,(anonymous_4)
FN:28,(anonymous_5)
FNF:5
FNH:0
FNDA:0,useFilter
FNDA:0,(anonymous_2)
FNDA:0,(anonymous_3)
FNDA:0,(anonymous_4)
FNDA:0,(anonymous_5)
DA:1,0
DA:9,0
DA:10,0
DA:12,0
DA:13,0
DA:15,0
DA:16,0
DA:17,0
DA:18,0
DA:22,0
DA:25,0
DA:26,0
DA:28,0
DA:29,0
DA:30,0
DA:34,0
LF:16
LH:0
BRDA:9,0,0,0
BRDA:17,1,0,0
BRDA:26,2,0,0
BRF:3
BRH:0
end_of_record
TN:
SF:src/hooks/useNavigation.ts
FN:4,useNavigation
FN:8,(anonymous_2)
FN:12,(anonymous_3)
FN:16,(anonymous_4)
FNF:4
FNH:0
FNDA:0,useNavigation
FNDA:0,(anonymous_2)
FNDA:0,(anonymous_3)
FNDA:0,(anonymous_4)
DA:1,0
DA:2,0
DA:4,0
DA:5,0
DA:6,0
DA:8,0
DA:9,0
DA:12,0
DA:13,0
DA:16,0
DA:17,0
DA:20,0
LF:12
LH:0
BRF:0
BRH:0
end_of_record
TN:
SF:src/hooks/useSearch.ts
FN:8,useSearch
FN:11,(anonymous_2)
FN:16,(anonymous_3)
FN:17,(anonymous_4)
FNF:4
FNH:0
FNDA:0,useSearch
FNDA:0,(anonymous_2)
FNDA:0,(anonymous_3)
FNDA:0,(anonymous_4)
DA:1,0
DA:8,0
DA:9,0
DA:11,0
DA:12,0
DA:14,0
DA:16,0
DA:17,0
DA:18,0
DA:19,0
DA:20,0
DA:22,0
DA:27,0
LF:13
LH:0
BRDA:12,0,0,0
BRDA:19,1,0,0
BRF:2
BRH:0
end_of_record
TN:
SF:src/lib/metadata.ts
FN:25,(anonymous_4)
FN:55,(anonymous_5)
FN:71,(anonymous_6)
FN:84,(anonymous_7)
FNF:4
FNH:0
FNDA:0,(anonymous_4)
FNDA:0,(anonymous_5)
FNDA:0,(anonymous_6)
FNDA:0,(anonymous_7)
DA:3,0
DA:25,0
DA:33,0
DA:35,0
DA:39,0
DA:40,0
DA:41,0
DA:42,0
DA:44,0
DA:55,0
DA:71,0
DA:72,0
DA:84,0
DA:89,0
LF:14
LH:0
BRDA:25,0,0,0
BRDA:28,1,0,0
BRDA:29,2,0,0
BRDA:30,3,0,0
BRDA:32,4,0,0
BRDA:35,5,0,0
BRDA:35,5,1,0
BRDA:39,6,0,0
BRDA:39,6,1,0
BRDA:39,6,2,0
BRDA:40,7,0,0
BRDA:40,7,1,0
BRDA:41,8,0,0
BRDA:41,8,1,0
BRDA:42,9,0,0
BRDA:42,9,1,0
BRDA:47,10,0,0
BRDA:47,10,1,0
BRDA:48,11,0,0
BRDA:48,11,1,0
BRDA:56,12,0,0
BRDA:56,12,1,0
BRDA:87,13,0,0
BRF:23
BRH:0
end_of_record
TN:
SF:src/lib/api/api-utils.ts
FN:9,createSuccessResponse
FN:23,createErrorResponse
FN:36,generateId
FN:43,handleApiError
FN:51,safeParseJson
FNF:5
FNH:0
FNDA:0,createSuccessResponse
FNDA:0,createErrorResponse
FNDA:0,generateId
FNDA:0,handleApiError
FNDA:0,safeParseJson
DA:4,0
DA:9,0
DA:14,0
DA:23,0
DA:27,0
DA:36,0
DA:37,0
DA:43,0
DA:44,0
DA:45,0
DA:51,0
DA:54,0
DA:55,0
DA:56,0
DA:58,0
LF:15
LH:0
BRDA:12,0,0,0
BRDA:25,1,0,0
BRF:2
BRH:0
end_of_record
TN:
SF:src/lib/utils/utils.ts
FN:4,cn
FN:8,formatCurrency
FN:17,formatNumber
FN:21,sleep
FN:22,(anonymous_9)
FNF:5
FNH:5
FNDA:864,cn
FNDA:14,formatCurrency
FNDA:8,formatNumber
FNDA:2,sleep
FNDA:2,(anonymous_9)
DA:1,8
DA:2,8
DA:4,864
DA:5,864
DA:8,14
DA:9,14
DA:17,8
DA:18,8
DA:21,2
DA:22,2
LF:10
LH:10
BRF:0
BRH:0
end_of_record
TN:
SF:src/lib/validation/forms.ts
FN:6,(anonymous_3)
FN:23,(anonymous_4)
FN:24,(anonymous_5)
FN:33,(anonymous_6)
FN:48,(anonymous_7)
FN:62,(anonymous_8)
FNF:6
FNH:0
FNDA:0,(anonymous_3)
FNDA:0,(anonymous_4)
FNDA:0,(anonymous_5)
FNDA:0,(anonymous_6)
FNDA:0,(anonymous_7)
FNDA:0,(anonymous_8)
DA:6,4
DA:11,0
DA:12,0
DA:13,0
DA:14,0
DA:23,0
DA:24,0
DA:25,0
DA:33,4
DA:34,0
DA:36,0
DA:38,0
DA:40,0
DA:42,0
DA:44,0
DA:48,4
DA:49,0
DA:51,0
DA:53,0
DA:55,0
DA:57,0
DA:62,4
DA:63,0
LF:23
LH:4
BRDA:13,0,0,0
BRDA:36,1,0,0
BRDA:36,1,1,0
BRDA:36,1,2,0
BRDA:36,1,3,0
BRDA:49,2,0,0
BRDA:49,2,1,0
BRDA:49,2,2,0
BRDA:49,2,3,0
BRF:9
BRH:0
end_of_record
TN:
SF:src/lib/validation/validation.ts
FN:6,validateEmail
FN:22,validateLength
FN:42,validateInList
FN:61,validateUrl
FN:80,combineValidationResults
FNF:5
FNH:5
FNDA:35,validateEmail
FNDA:102,validateLength
FNDA:21,validateInList
FNDA:11,validateUrl
FNDA:35,combineValidationResults
DA:6,35
DA:7,35
DA:8,4
DA:11,31
DA:12,31
DA:13,4
DA:16,27
DA:22,102
DA:28,102
DA:29,11
DA:32,91
DA:33,6
DA:36,85
DA:42,21
DA:47,21
DA:51,13
DA:52,2
DA:55,11
DA:61,11
DA:65,11
DA:69,3
DA:70,3
DA:71,1
DA:74,2
DA:80,35
DA:83,35
DA:84,112
DA:85,27
DA:88,8
LF:29
LH:29
BRDA:7,0,0,4
BRDA:12,1,0,4
BRDA:26,2,0,102
BRDA:28,3,0,11
BRDA:28,4,0,102
BRDA:28,4,1,91
BRDA:32,5,0,6
BRDA:47,6,0,8
BRDA:51,7,0,2
BRDA:65,8,0,8
BRDA:70,9,0,1
BRDA:84,10,0,27
BRF:12
BRH:12
end_of_record
