TN:
SF:src/app/layout.tsx
FN:6,RootLayout
FN:11,(anonymous_2)
FN:70,(anonymous_3)
FNF:3
FNH:0
FNDA:0,RootLayout
FNDA:0,(anonymous_2)
FNDA:0,(anonymous_3)
DA:3,0
DA:4,0
DA:6,0
DA:11,0
DA:12,0
DA:71,0
DA:72,0
DA:73,0
DA:74,0
LF:9
LH:0
BRDA:72,0,0,0
BRDA:74,1,0,0
BRDA:74,1,1,0
BRF:3
BRH:0
end_of_record
TN:
SF:src/app/page.tsx
FN:7,HomePage
FN:26,(anonymous_2)
FNF:2
FNH:0
FNDA:0,HomePage
FNDA:0,(anonymous_2)
DA:2,0
DA:3,0
DA:4,0
DA:5,0
DA:7,0
DA:8,0
DA:27,0
LF:7
LH:0
BRF:0
BRH:0
end_of_record
TN:
SF:src/app/(marketing)/about/page.tsx
FN:108,AboutPage
FN:196,(anonymous_4)
FN:224,(anonymous_5)
FN:228,(anonymous_6)
FN:241,(anonymous_7)
FN:267,(anonymous_8)
FN:297,(anonymous_9)
FNF:7
FNH:0
FNDA:0,AboutPage
FNDA:0,(anonymous_4)
FNDA:0,(anonymous_5)
FNDA:0,(anonymous_6)
FNDA:0,(anonymous_7)
FNDA:0,(anonymous_8)
FNDA:0,(anonymous_9)
DA:3,0
DA:4,0
DA:6,0
DA:16,0
DA:48,0
DA:72,0
DA:101,0
DA:108,0
DA:109,0
DA:197,0
DA:225,0
DA:228,0
DA:242,0
DA:268,0
DA:298,0
LF:15
LH:0
BRDA:270,0,0,0
BRDA:270,0,1,0
BRDA:271,1,0,0
BRDA:272,2,0,0
BRDA:272,2,1,0
BRF:5
BRH:0
end_of_record
TN:
SF:src/app/(marketing)/careers/page.tsx
FN:50,CareersPage
FN:128,(anonymous_4)
FN:155,(anonymous_5)
FN:181,(anonymous_6)
FN:208,(anonymous_7)
FN:236,(anonymous_8)
FN:273,(anonymous_9)
FNF:7
FNH:0
FNDA:0,CareersPage
FNDA:0,(anonymous_4)
FNDA:0,(anonymous_5)
FNDA:0,(anonymous_6)
FNDA:0,(anonymous_7)
FNDA:0,(anonymous_8)
FNDA:0,(anonymous_9)
DA:2,0
DA:3,0
DA:5,0
DA:16,0
DA:50,0
DA:129,0
DA:156,0
DA:182,0
DA:209,0
DA:237,0
DA:274,0
DA:275,0
LF:12
LH:0
BRF:0
BRH:0
end_of_record
TN:
SF:src/app/(marketing)/community/page.tsx
FN:120,CommunityPage
FN:140,(anonymous_4)
FN:193,(anonymous_5)
FN:224,(anonymous_6)
FN:277,(anonymous_7)
FNF:5
FNH:0
FNDA:0,CommunityPage
FNDA:0,(anonymous_4)
FNDA:0,(anonymous_5)
FNDA:0,(anonymous_6)
FNDA:0,(anonymous_7)
DA:3,0
DA:4,0
DA:5,0
DA:7,0
DA:17,0
DA:60,0
DA:99,0
DA:120,0
DA:121,0
DA:141,0
DA:194,0
DA:225,0
DA:278,0
LF:13
LH:0
BRF:0
BRH:0
end_of_record
TN:
SF:src/app/(marketing)/contact/page.tsx
FN:19,ContactPage
FN:45,(anonymous_4)
FN:73,(anonymous_5)
FN:229,(anonymous_6)
FNF:4
FNH:0
FNDA:0,ContactPage
FNDA:0,(anonymous_4)
FNDA:0,(anonymous_5)
FNDA:0,(anonymous_6)
DA:2,0
DA:3,0
DA:5,0
DA:19,0
DA:20,0
DA:46,0
DA:74,0
DA:75,0
DA:230,0
LF:9
LH:0
BRDA:20,0,0,0
BRDA:20,0,1,0
BRF:2
BRH:0
end_of_record
TN:
SF:src/app/(marketing)/support/page.tsx
FN:39,SupportPage
FN:62,(anonymous_4)
FN:87,(anonymous_5)
FN:95,(anonymous_6)
FN:125,(anonymous_7)
FN:155,(anonymous_8)
FNF:6
FNH:0
FNDA:0,SupportPage
FNDA:0,(anonymous_4)
FNDA:0,(anonymous_5)
FNDA:0,(anonymous_6)
FNDA:0,(anonymous_7)
FNDA:0,(anonymous_8)
DA:2,0
DA:3,0
DA:5,0
DA:15,0
DA:39,0
DA:63,0
DA:64,0
DA:88,0
DA:96,0
DA:126,0
DA:156,0
DA:157,0
LF:12
LH:0
BRF:0
BRH:0
end_of_record
TN:
SF:src/app/(product)/docs/page.tsx
FN:143,DocsPage
FN:154,(anonymous_2)
FN:157,(anonymous_3)
FN:159,(anonymous_4)
FN:164,(anonymous_5)
FN:177,(anonymous_6)
FN:226,(anonymous_7)
FN:260,(anonymous_8)
FN:274,(anonymous_9)
FN:307,(anonymous_10)
FNF:10
FNH:0
FNDA:0,DocsPage
FNDA:0,(anonymous_2)
FNDA:0,(anonymous_3)
FNDA:0,(anonymous_4)
FNDA:0,(anonymous_5)
FNDA:0,(anonymous_6)
FNDA:0,(anonymous_7)
FNDA:0,(anonymous_8)
FNDA:0,(anonymous_9)
FNDA:0,(anonymous_10)
DA:4,0
DA:5,0
DA:6,0
DA:10,0
DA:80,0
DA:112,0
DA:143,0
DA:145,0
DA:149,0
DA:154,0
DA:155,0
DA:156,0
DA:157,0
DA:160,0
DA:165,0
DA:171,0
DA:173,0
DA:174,0
DA:177,0
DA:178,0
DA:179,0
DA:227,0
DA:261,0
DA:275,0
DA:308,0
LF:25
LH:0
BRDA:155,0,0,0
BRDA:160,1,0,0
BRDA:160,1,1,0
BRDA:160,1,2,0
BRDA:165,2,0,0
BRDA:165,2,1,0
BRDA:165,2,2,0
BRDA:173,3,0,0
BRDA:173,3,1,0
BRDA:173,3,2,0
BRDA:210,4,0,0
BRDA:210,4,1,0
BRDA:219,5,0,0
BRDA:219,5,1,0
BRDA:253,6,0,0
BRDA:253,6,1,0
BRDA:278,7,0,0
BRDA:278,7,1,0
BRDA:279,8,0,0
BRDA:279,8,1,0
BRDA:300,9,0,0
BRDA:300,9,1,0
BRF:22
BRH:0
end_of_record
TN:
SF:src/app/(product)/docs/dao/overview/page.tsx
FN:110,DAOOverviewPage
FN:204,(anonymous_4)
FN:238,(anonymous_5)
FN:270,(anonymous_6)
FN:321,(anonymous_7)
FNF:5
FNH:0
FNDA:0,DAOOverviewPage
FNDA:0,(anonymous_4)
FNDA:0,(anonymous_5)
FNDA:0,(anonymous_6)
FNDA:0,(anonymous_7)
DA:3,0
DA:4,0
DA:5,0
DA:7,0
DA:17,0
DA:39,0
DA:47,0
DA:56,0
DA:64,0
DA:103,0
DA:110,0
DA:111,0
DA:205,0
DA:239,0
DA:271,0
DA:322,0
LF:16
LH:0
BRDA:276,0,0,0
BRF:1
BRH:0
end_of_record
TN:
SF:src/app/(product)/products/page.tsx
FN:9,ProductsPage
FN:11,(anonymous_2)
FN:12,(anonymous_3)
FN:18,(anonymous_4)
FN:112,(anonymous_5)
FN:134,(anonymous_6)
FNF:6
FNH:0
FNDA:0,ProductsPage
FNDA:0,(anonymous_2)
FNDA:0,(anonymous_3)
FNDA:0,(anonymous_4)
FNDA:0,(anonymous_5)
FNDA:0,(anonymous_6)
DA:4,0
DA:5,0
DA:6,0
DA:7,0
DA:9,0
DA:11,0
DA:12,0
DA:13,0
DA:14,0
DA:17,0
DA:18,0
DA:21,0
DA:25,0
DA:31,0
DA:32,0
DA:35,0
DA:113,0
DA:135,0
LF:18
LH:0
BRDA:17,0,0,0
BRDA:17,0,1,0
BRDA:37,1,0,0
BRDA:37,1,1,0
BRDA:48,2,0,0
BRDA:48,2,1,0
BRDA:150,3,0,0
BRDA:155,4,0,0
BRDA:160,5,0,0
BRF:9
BRH:0
end_of_record
TN:
SF:src/app/(product)/products/[id]/page.tsx
FN:10,generateMetadata
FN:30,ProductDetailPage
FN:112,(anonymous_5)
FN:132,(anonymous_6)
FN:146,(anonymous_7)
FN:191,(anonymous_8)
FN:207,(anonymous_9)
FN:211,(anonymous_10)
FN:231,(anonymous_11)
FNF:9
FNH:0
FNDA:0,generateMetadata
FNDA:0,ProductDetailPage
FNDA:0,(anonymous_5)
FNDA:0,(anonymous_6)
FNDA:0,(anonymous_7)
FNDA:0,(anonymous_8)
FNDA:0,(anonymous_9)
FNDA:0,(anonymous_10)
FNDA:0,(anonymous_11)
DA:2,0
DA:4,0
DA:10,0
DA:11,0
DA:13,0
DA:14,0
DA:20,0
DA:30,0
DA:31,0
DA:33,0
DA:47,0
DA:113,0
DA:133,0
DA:147,0
DA:192,0
DA:208,0
DA:212,0
DA:232,0
LF:18
LH:0
BRDA:13,0,0,0
BRDA:33,1,0,0
BRDA:92,2,0,0
BRDA:133,3,0,0
BRDA:133,3,1,0
BRDA:134,4,0,0
BRDA:156,5,0,0
BRDA:156,5,1,0
BRDA:225,6,0,0
BRF:9
BRH:0
end_of_record
TN:
SF:src/app/api/careers/route.ts
FN:8,POST
FNF:1
FNH:0
FNDA:0,POST
DA:3,0
DA:4,0
DA:5,0
DA:8,0
DA:10,0
DA:11,0
DA:12,0
DA:15,0
DA:18,0
DA:28,0
DA:29,0
DA:33,0
LF:12
LH:0
BRDA:11,0,0,0
BRDA:28,1,0,0
BRF:2
BRH:0
end_of_record
TN:
SF:src/app/api/contact/route.ts
FN:8,POST
FNF:1
FNH:0
FNDA:0,POST
DA:3,0
DA:4,0
DA:5,0
DA:8,0
DA:10,0
DA:11,0
DA:12,0
DA:15,0
DA:18,0
DA:24,0
DA:25,0
DA:29,0
LF:12
LH:0
BRDA:11,0,0,0
BRDA:24,1,0,0
BRF:2
BRH:0
end_of_record
TN:
SF:src/app/api/product-request/route.ts
FN:8,POST
FNF:1
FNH:0
FNDA:0,POST
DA:3,0
DA:4,0
DA:5,0
DA:8,0
DA:10,0
DA:11,0
DA:12,0
DA:15,0
DA:18,0
DA:26,0
DA:27,0
DA:31,0
LF:12
LH:0
BRDA:11,0,0,0
BRDA:26,1,0,0
BRF:2
BRH:0
end_of_record
TN:
SF:src/app/api/waitlist/route.ts
FN:13,POST
FNF:1
FNH:0
FNDA:0,POST
DA:3,0
DA:4,0
DA:5,0
DA:13,0
DA:15,0
DA:16,0
DA:17,0
DA:20,0
DA:23,0
DA:30,0
DA:31,0
DA:35,0
LF:12
LH:0
BRDA:16,0,0,0
BRDA:30,1,0,0
BRF:2
BRH:0
end_of_record
TN:
SF:src/components/forms/WaitlistForm.tsx
FN:19,WaitlistForm
FN:33,(anonymous_2)
FN:50,(anonymous_3)
FN:96,(anonymous_4)
FN:97,(anonymous_5)
FN:99,(anonymous_6)
FN:128,(anonymous_7)
FN:147,(anonymous_8)
FN:165,(anonymous_9)
FNF:9
FNH:9
FNDA:854,WaitlistForm
FNDA:34,(anonymous_2)
FNDA:34,(anonymous_3)
FNDA:758,(anonymous_4)
FNDA:758,(anonymous_5)
FNDA:6,(anonymous_6)
FNDA:534,(anonymous_7)
FNDA:216,(anonymous_8)
FNDA:8,(anonymous_9)
DA:3,4
DA:4,4
DA:5,4
DA:19,34
DA:20,854
DA:25,850
DA:26,850
DA:27,850
DA:28,850
DA:30,850
DA:33,850
DA:34,34
DA:36,34
DA:37,6
DA:38,28
DA:39,2
DA:42,34
DA:43,6
DA:46,34
DA:47,34
DA:50,850
DA:51,34
DA:53,34
DA:54,8
DA:57,26
DA:58,26
DA:60,26
DA:61,26
DA:69,22
DA:70,8
DA:73,14
DA:76,14
DA:81,14
DA:84,14
DA:90,10
DA:92,24
DA:96,850
DA:97,758
DA:98,758
DA:99,6
DA:103,850
DA:128,534
DA:147,216
DA:165,8
LF:44
LH:44
BRDA:36,0,0,6
BRDA:36,0,1,28
BRDA:38,1,0,2
BRDA:42,2,0,6
BRDA:53,3,0,8
BRDA:69,4,0,8
BRDA:98,5,0,6
BRDA:103,6,0,14
BRDA:132,7,0,836
BRDA:151,8,0,836
BRDA:179,9,0,836
BRDA:191,10,0,26
BRDA:191,10,1,810
BRF:13
BRH:13
end_of_record
TN:
SF:src/components/sections/CTASection.tsx
FN:19,CTASection
FN:37,(anonymous_2)
FNF:2
FNH:0
FNDA:0,CTASection
FNDA:0,(anonymous_2)
DA:1,0
DA:19,0
DA:38,0
LF:3
LH:0
BRDA:23,0,0,0
BRDA:24,1,0,0
BRDA:25,2,0,0
BRDA:41,3,0,0
BRDA:41,3,1,0
BRDA:44,4,0,0
BRDA:44,4,1,0
BRF:7
BRH:0
end_of_record
TN:
SF:src/components/ui/Accordion.tsx
FN:17,Accordion
FN:20,(anonymous_2)
FN:22,(anonymous_3)
FN:24,(anonymous_4)
FN:28,(anonymous_5)
FN:36,(anonymous_6)
FN:42,(anonymous_7)
FNF:7
FNH:0
FNDA:0,Accordion
FNDA:0,(anonymous_2)
FNDA:0,(anonymous_3)
FNDA:0,(anonymous_4)
FNDA:0,(anonymous_5)
FNDA:0,(anonymous_6)
FNDA:0,(anonymous_7)
DA:3,0
DA:17,0
DA:18,0
DA:20,0
DA:21,0
DA:22,0
DA:23,0
DA:24,0
DA:28,0
DA:29,0
DA:37,0
DA:39,0
DA:42,0
LF:13
LH:0
BRDA:17,0,0,0
BRDA:17,1,0,0
BRDA:21,2,0,0
BRDA:21,2,1,0
BRDA:23,3,0,0
BRDA:23,3,1,0
BRDA:29,4,0,0
BRDA:29,4,1,0
BRDA:48,5,0,0
BRDA:48,5,1,0
BRDA:59,6,0,0
BRDA:59,6,1,0
BRF:12
BRH:0
end_of_record
TN:
SF:src/components/ui/Button.tsx
FN:36,(anonymous_3)
FNF:1
FNH:1
FNDA:854,(anonymous_3)
DA:1,6
DA:2,6
DA:3,6
DA:5,6
DA:35,6
DA:46,6
DA:48,854
LF:7
LH:7
BRF:0
BRH:0
end_of_record
TN:
SF:src/components/ui/FilterButtons.tsx
FN:13,FilterButtons
FN:22,(anonymous_3)
FN:28,(anonymous_4)
FNF:3
FNH:0
FNDA:0,FilterButtons
FNDA:0,(anonymous_3)
FNDA:0,(anonymous_4)
DA:2,0
DA:3,0
DA:13,0
DA:23,0
DA:28,0
LF:5
LH:0
BRDA:17,0,0,0
BRDA:18,1,0,0
BRDA:25,2,0,0
BRDA:25,2,1,0
BRF:4
BRH:0
end_of_record
TN:
SF:src/components/ui/Modal.tsx
FN:16,Modal
FN:25,(anonymous_4)
FN:32,(anonymous_5)
FN:37,(anonymous_6)
FN:38,(anonymous_7)
FN:45,(anonymous_8)
FN:109,ConfirmModal
FN:153,(anonymous_10)
FNF:8
FNH:0
FNDA:0,Modal
FNDA:0,(anonymous_4)
FNDA:0,(anonymous_5)
FNDA:0,(anonymous_6)
FNDA:0,(anonymous_7)
FNDA:0,(anonymous_8)
FNDA:0,ConfirmModal
FNDA:0,(anonymous_10)
DA:3,0
DA:4,0
DA:16,0
DA:25,0
DA:26,0
DA:27,0
DA:29,0
DA:32,0
DA:33,0
DA:37,0
DA:38,0
DA:39,0
DA:40,0
DA:44,0
DA:45,0
DA:48,0
DA:50,0
DA:109,0
DA:119,0
DA:125,0
DA:154,0
DA:155,0
LF:22
LH:0
BRDA:21,0,0,0
BRDA:22,1,0,0
BRDA:23,2,0,0
BRDA:26,3,0,0
BRDA:26,3,1,0
BRDA:39,4,0,0
BRDA:39,5,0,0
BRDA:39,5,1,0
BRDA:48,6,0,0
BRDA:62,7,0,0
BRDA:62,7,1,0
BRDA:68,8,0,0
BRDA:68,8,1,0
BRDA:70,9,0,0
BRDA:75,10,0,0
BRDA:115,11,0,0
BRDA:116,12,0,0
BRDA:117,13,0,0
BRF:18
BRH:0
end_of_record
TN:
SF:src/components/ui/NavigationLink.tsx
FN:13,NavigationLink
FNF:1
FNH:0
FNDA:0,NavigationLink
DA:1,0
DA:13,0
DA:22,0
DA:27,0
LF:4
LH:0
BRDA:16,0,0,0
BRDA:17,1,0,0
BRDA:18,2,0,0
BRDA:19,3,0,0
BRDA:20,4,0,0
BRDA:22,5,0,0
BRDA:22,5,1,0
BRDA:27,6,0,0
BRDA:27,6,1,0
BRDA:30,7,0,0
BRDA:30,7,1,0
BRF:11
BRH:0
end_of_record
TN:
SF:src/components/ui/NoResults.tsx
FN:12,NoResults
FNF:1
FNH:0
FNDA:0,NoResults
DA:2,0
DA:12,0
LF:2
LH:0
BRDA:15,0,0,0
BRDA:23,1,0,0
BRDA:32,2,0,0
BRDA:32,2,1,0
BRF:4
BRH:0
end_of_record
TN:
SF:src/components/ui/SearchInput.tsx
FN:12,SearchInput
FN:25,(anonymous_3)
FNF:2
FNH:0
FNDA:0,SearchInput
FNDA:0,(anonymous_3)
DA:2,0
DA:12,0
DA:25,0
LF:3
LH:0
BRDA:15,0,0,0
BRDA:16,1,0,0
BRDA:17,2,0,0
BRDA:28,3,0,0
BRF:4
BRH:0
end_of_record
TN:
SF:src/components/ui/StatsGrid.tsx
FN:17,StatsGrid
FN:41,(anonymous_3)
FNF:2
FNH:0
FNDA:0,StatsGrid
FNDA:0,(anonymous_3)
DA:2,0
DA:17,0
DA:22,0
DA:31,0
DA:42,0
LF:5
LH:0
BRDA:19,0,0,0
BRDA:20,1,0,0
BRDA:32,2,0,0
BRDA:32,2,1,0
BRDA:33,3,0,0
BRDA:33,3,1,0
BRDA:34,4,0,0
BRDA:34,4,1,0
BRDA:35,5,0,0
BRDA:35,5,1,0
BRDA:43,6,0,0
BRDA:43,6,1,0
BRDA:44,7,0,0
BRF:13
BRH:0
end_of_record
TN:
SF:src/components/ui/Tabs.tsx
FN:19,Tabs
FN:33,(anonymous_4)
FN:66,(anonymous_5)
FN:77,(anonymous_6)
FN:83,(anonymous_7)
FN:86,(anonymous_8)
FN:114,VerticalTabs
FN:121,(anonymous_10)
FN:127,(anonymous_11)
FN:130,(anonymous_12)
FNF:10
FNH:0
FNDA:0,Tabs
FNDA:0,(anonymous_4)
FNDA:0,(anonymous_5)
FNDA:0,(anonymous_6)
FNDA:0,(anonymous_7)
FNDA:0,(anonymous_8)
FNDA:0,VerticalTabs
FNDA:0,(anonymous_10)
FNDA:0,(anonymous_11)
FNDA:0,(anonymous_12)
DA:3,0
DA:19,0
DA:25,0
DA:27,0
DA:33,0
DA:34,0
DA:35,0
DA:36,0
DA:38,0
DA:39,0
DA:42,0
DA:44,0
DA:51,0
DA:58,0
DA:66,0
DA:67,0
DA:69,0
DA:71,0
DA:73,0
DA:77,0
DA:84,0
DA:86,0
DA:114,0
DA:119,0
DA:121,0
DA:128,0
DA:130,0
LF:27
LH:0
BRDA:22,0,0,0
BRDA:23,1,0,0
BRDA:25,2,0,0
BRDA:25,2,1,0
BRDA:38,3,0,0
BRDA:42,4,0,0
BRDA:42,4,1,0
BRDA:42,4,2,0
BRDA:45,5,0,0
BRDA:45,5,1,0
BRDA:52,6,0,0
BRDA:52,6,1,0
BRDA:59,7,0,0
BRDA:59,7,1,0
BRDA:67,8,0,0
BRDA:67,8,1,0
BRDA:67,8,2,0
BRDA:86,9,0,0
BRDA:86,9,1,0
BRDA:88,10,0,0
BRDA:88,10,1,0
BRDA:88,11,0,0
BRDA:88,11,1,0
BRDA:90,12,0,0
BRDA:90,12,1,0
BRDA:90,13,0,0
BRDA:90,13,1,0
BRDA:117,14,0,0
BRDA:119,15,0,0
BRDA:119,15,1,0
BRDA:130,16,0,0
BRDA:130,16,1,0
BRDA:132,17,0,0
BRDA:132,17,1,0
BRDA:136,18,0,0
BRDA:136,18,1,0
BRF:36
BRH:0
end_of_record
TN:
SF:src/config/constants.ts
FNF:0
FNH:0
DA:6,0
DA:18,0
DA:32,0
DA:49,0
DA:57,0
LF:5
LH:0
BRF:0
BRH:0
end_of_record
TN:
SF:src/data/company.ts
FNF:0
FNH:0
DA:55,0
DA:86,0
DA:109,0
DA:137,0
DA:144,0
DA:179,0
DA:212,0
DA:236,0
LF:8
LH:0
BRF:0
BRH:0
end_of_record
TN:
SF:src/data/faq.ts
FN:87,(anonymous_4)
FN:88,(anonymous_5)
FN:93,(anonymous_6)
FN:97,(anonymous_7)
FNF:4
FNH:0
FNDA:0,(anonymous_4)
FNDA:0,(anonymous_5)
FNDA:0,(anonymous_6)
FNDA:0,(anonymous_7)
DA:12,0
DA:87,0
DA:88,0
DA:89,0
DA:93,0
DA:94,0
DA:95,0
DA:97,0
DA:98,0
LF:9
LH:0
BRDA:98,0,0,0
BRDA:98,0,1,0
BRF:2
BRH:0
end_of_record
TN:
SF:src/data/products.ts
FN:222,(anonymous_6)
FN:223,(anonymous_7)
FN:226,(anonymous_8)
FN:230,(anonymous_9)
FN:233,(anonymous_10)
FN:235,(anonymous_11)
FNF:6
FNH:0
FNDA:0,(anonymous_6)
FNDA:0,(anonymous_7)
FNDA:0,(anonymous_8)
FNDA:0,(anonymous_9)
FNDA:0,(anonymous_10)
FNDA:0,(anonymous_11)
DA:45,0
DA:220,0
DA:222,0
DA:223,0
DA:226,0
DA:227,0
DA:228,0
DA:230,0
DA:233,0
DA:234,0
DA:235,0
LF:11
LH:0
BRDA:227,0,0,0
BRDA:233,1,0,0
BRDA:235,2,0,0
BRDA:235,2,1,0
BRF:4
BRH:0
end_of_record
TN:
SF:src/hooks/useAnalytics.ts
FN:11,useAnalytics
FN:12,(anonymous_2)
FN:29,(anonymous_3)
FN:42,(anonymous_4)
FN:51,(anonymous_5)
FNF:5
FNH:2
FNDA:12,useAnalytics
FNDA:0,(anonymous_2)
FNDA:2,(anonymous_3)
FNDA:0,(anonymous_4)
FNDA:0,(anonymous_5)
DA:1,2
DA:11,12
DA:12,12
DA:14,0
DA:15,0
DA:18,0
DA:19,0
DA:29,12
DA:30,2
DA:31,2
DA:33,2
DA:34,2
DA:42,12
DA:43,0
DA:51,12
DA:52,0
DA:59,12
LF:17
LH:11
BRDA:14,0,0,0
BRDA:18,1,0,0
BRDA:30,2,0,2
BRDA:33,3,0,2
BRF:4
BRH:2
end_of_record
TN:
SF:src/hooks/useFilter.ts
FN:9,useFilter
FN:12,(anonymous_2)
FN:15,(anonymous_3)
FN:25,(anonymous_4)
FN:28,(anonymous_5)
FNF:5
FNH:0
FNDA:0,useFilter
FNDA:0,(anonymous_2)
FNDA:0,(anonymous_3)
FNDA:0,(anonymous_4)
FNDA:0,(anonymous_5)
DA:1,0
DA:9,0
DA:10,0
DA:12,0
DA:13,0
DA:15,0
DA:16,0
DA:17,0
DA:18,0
DA:22,0
DA:25,0
DA:26,0
DA:28,0
DA:29,0
DA:30,0
DA:34,0
LF:16
LH:0
BRDA:9,0,0,0
BRDA:17,1,0,0
BRDA:26,2,0,0
BRF:3
BRH:0
end_of_record
TN:
SF:src/hooks/useSearch.ts
FN:8,useSearch
FN:11,(anonymous_2)
FN:16,(anonymous_3)
FN:17,(anonymous_4)
FNF:4
FNH:0
FNDA:0,useSearch
FNDA:0,(anonymous_2)
FNDA:0,(anonymous_3)
FNDA:0,(anonymous_4)
DA:1,0
DA:8,0
DA:9,0
DA:11,0
DA:12,0
DA:14,0
DA:16,0
DA:17,0
DA:18,0
DA:19,0
DA:20,0
DA:22,0
DA:27,0
LF:13
LH:0
BRDA:12,0,0,0
BRDA:19,1,0,0
BRF:2
BRH:0
end_of_record
TN:
SF:src/hooks/use-analytics/useAnalytics.ts
FN:6,(anonymous_1)
FN:19,useAnalytics
FN:20,(anonymous_3)
FN:21,(anonymous_4)
FN:26,(anonymous_5)
FN:27,(anonymous_6)
FN:35,(anonymous_7)
FN:36,(anonymous_8)
FNF:8
FNH:0
FNDA:0,(anonymous_1)
FNDA:0,useAnalytics
FNDA:0,(anonymous_3)
FNDA:0,(anonymous_4)
FNDA:0,(anonymous_5)
FNDA:0,(anonymous_6)
FNDA:0,(anonymous_7)
FNDA:0,(anonymous_8)
DA:3,0
DA:6,0
DA:7,0
DA:8,0
DA:9,0
DA:10,0
DA:11,0
DA:13,0
DA:15,0
DA:19,0
DA:20,0
DA:21,0
DA:22,0
DA:26,0
DA:27,0
DA:28,0
DA:29,0
DA:35,0
DA:36,0
DA:37,0
DA:44,0
LF:21
LH:0
BRDA:9,0,0,0
BRDA:10,1,0,0
BRDA:11,2,0,0
BRF:3
BRH:0
end_of_record
TN:
SF:src/hooks/use-filter/useFilter.ts
FN:19,useFilter
FN:27,(anonymous_2)
FN:31,(anonymous_3)
FN:34,(anonymous_4)
FNF:4
FNH:0
FNDA:0,useFilter
FNDA:0,(anonymous_2)
FNDA:0,(anonymous_3)
FNDA:0,(anonymous_4)
DA:2,0
DA:19,0
DA:23,0
DA:25,0
DA:27,0
DA:28,0
DA:29,0
DA:31,0
DA:34,0
DA:35,0
DA:36,0
DA:39,0
LF:12
LH:0
BRDA:23,0,0,0
BRDA:28,1,0,0
BRDA:28,2,0,0
BRDA:28,2,1,0
BRDA:35,3,0,0
BRF:5
BRH:0
end_of_record
TN:
SF:src/hooks/use-navigation/useNavigation.ts
FN:16,useNavigation
FN:17,(anonymous_2)
FN:62,(anonymous_3)
FN:66,(anonymous_4)
FN:80,(anonymous_5)
FNF:5
FNH:0
FNDA:0,useNavigation
FNDA:0,(anonymous_2)
FNDA:0,(anonymous_3)
FNDA:0,(anonymous_4)
FNDA:0,(anonymous_5)
DA:1,0
DA:16,0
DA:17,0
DA:62,0
DA:63,0
DA:66,0
DA:70,0
DA:71,0
DA:80,0
DA:123,0
LF:10
LH:0
BRDA:63,0,0,0
BRDA:63,0,1,0
BRDA:68,1,0,0
BRF:3
BRH:0
end_of_record
TN:
SF:src/hooks/use-search/useSearch.ts
FN:22,useSearch
FN:34,(anonymous_2)
FN:41,(anonymous_3)
FN:42,(anonymous_4)
FN:61,(anonymous_5)
FNF:5
FNH:0
FNDA:0,useSearch
FNDA:0,(anonymous_2)
FNDA:0,(anonymous_3)
FNDA:0,(anonymous_4)
FNDA:0,(anonymous_5)
DA:2,0
DA:22,0
DA:30,0
DA:32,0
DA:34,0
DA:35,0
DA:36,0
DA:39,0
DA:41,0
DA:42,0
DA:43,0
DA:44,0
DA:46,0
DA:47,0
DA:52,0
DA:53,0
DA:55,0
DA:61,0
LF:18
LH:0
BRDA:24,0,0,0
BRDA:27,1,0,0
BRDA:28,2,0,0
BRDA:29,3,0,0
BRDA:35,4,0,0
BRDA:35,5,0,0
BRDA:35,5,1,0
BRDA:39,6,0,0
BRDA:39,6,1,0
BRDA:44,7,0,0
BRDA:46,8,0,0
BRDA:46,8,1,0
BRF:12
BRH:0
end_of_record
TN:
SF:src/lib/metadata.ts
FN:25,(anonymous_4)
FN:55,(anonymous_5)
FN:71,(anonymous_6)
FN:84,(anonymous_7)
FNF:4
FNH:0
FNDA:0,(anonymous_4)
FNDA:0,(anonymous_5)
FNDA:0,(anonymous_6)
FNDA:0,(anonymous_7)
DA:3,0
DA:25,0
DA:33,0
DA:35,0
DA:39,0
DA:40,0
DA:41,0
DA:42,0
DA:44,0
DA:55,0
DA:71,0
DA:72,0
DA:84,0
DA:89,0
LF:14
LH:0
BRDA:25,0,0,0
BRDA:28,1,0,0
BRDA:29,2,0,0
BRDA:30,3,0,0
BRDA:32,4,0,0
BRDA:35,5,0,0
BRDA:35,5,1,0
BRDA:39,6,0,0
BRDA:39,6,1,0
BRDA:39,6,2,0
BRDA:40,7,0,0
BRDA:40,7,1,0
BRDA:41,8,0,0
BRDA:41,8,1,0
BRDA:42,9,0,0
BRDA:42,9,1,0
BRDA:47,10,0,0
BRDA:47,10,1,0
BRDA:48,11,0,0
BRDA:48,11,1,0
BRDA:56,12,0,0
BRDA:56,12,1,0
BRDA:87,13,0,0
BRF:23
BRH:0
end_of_record
TN:
SF:src/lib/api/api-utils.ts
FN:9,createSuccessResponse
FN:23,createErrorResponse
FN:36,generateId
FN:43,handleApiError
FN:51,safeParseJson
FNF:5
FNH:0
FNDA:0,createSuccessResponse
FNDA:0,createErrorResponse
FNDA:0,generateId
FNDA:0,handleApiError
FNDA:0,safeParseJson
DA:4,0
DA:9,0
DA:14,0
DA:23,0
DA:27,0
DA:36,0
DA:37,0
DA:43,0
DA:44,0
DA:45,0
DA:51,0
DA:54,0
DA:55,0
DA:56,0
DA:58,0
LF:15
LH:0
BRDA:12,0,0,0
BRDA:25,1,0,0
BRF:2
BRH:0
end_of_record
TN:
SF:src/lib/utils/utils.ts
FN:4,cn
FN:8,formatCurrency
FN:17,formatNumber
FN:21,sleep
FN:22,(anonymous_9)
FNF:5
FNH:5
FNDA:864,cn
FNDA:14,formatCurrency
FNDA:8,formatNumber
FNDA:2,sleep
FNDA:2,(anonymous_9)
DA:1,8
DA:2,8
DA:4,864
DA:5,864
DA:8,14
DA:9,14
DA:17,8
DA:18,8
DA:21,2
DA:22,2
LF:10
LH:10
BRF:0
BRH:0
end_of_record
TN:
SF:src/lib/validation/forms.ts
FN:6,(anonymous_4)
FN:23,(anonymous_5)
FN:24,(anonymous_6)
FN:33,(anonymous_7)
FN:48,(anonymous_8)
FN:61,(anonymous_9)
FN:66,(anonymous_10)
FNF:7
FNH:0
FNDA:0,(anonymous_4)
FNDA:0,(anonymous_5)
FNDA:0,(anonymous_6)
FNDA:0,(anonymous_7)
FNDA:0,(anonymous_8)
FNDA:0,(anonymous_9)
FNDA:0,(anonymous_10)
DA:6,0
DA:11,0
DA:12,0
DA:13,0
DA:14,0
DA:23,0
DA:24,0
DA:25,0
DA:33,0
DA:34,0
DA:36,0
DA:38,0
DA:40,0
DA:42,0
DA:44,0
DA:48,0
DA:49,0
DA:51,0
DA:53,0
DA:55,0
DA:57,0
DA:61,0
DA:62,0
DA:63,0
DA:66,0
DA:67,0
LF:26
LH:0
BRDA:13,0,0,0
BRDA:36,1,0,0
BRDA:36,1,1,0
BRDA:36,1,2,0
BRDA:36,1,3,0
BRDA:49,2,0,0
BRDA:49,2,1,0
BRDA:49,2,2,0
BRDA:49,2,3,0
BRF:9
BRH:0
end_of_record
TN:
SF:src/lib/validation/validation.ts
FN:6,validateEmail
FN:22,validateLength
FN:42,validateInList
FN:61,validateUrl
FN:80,combineValidationResults
FNF:5
FNH:0
FNDA:0,validateEmail
FNDA:0,validateLength
FNDA:0,validateInList
FNDA:0,validateUrl
FNDA:0,combineValidationResults
DA:6,0
DA:7,0
DA:8,0
DA:11,0
DA:12,0
DA:13,0
DA:16,0
DA:22,0
DA:28,0
DA:29,0
DA:32,0
DA:33,0
DA:36,0
DA:42,0
DA:47,0
DA:51,0
DA:52,0
DA:55,0
DA:61,0
DA:65,0
DA:69,0
DA:70,0
DA:71,0
DA:74,0
DA:80,0
DA:83,0
DA:84,0
DA:85,0
DA:88,0
LF:29
LH:0
BRDA:7,0,0,0
BRDA:12,1,0,0
BRDA:26,2,0,0
BRDA:28,3,0,0
BRDA:28,4,0,0
BRDA:28,4,1,0
BRDA:32,5,0,0
BRDA:47,6,0,0
BRDA:51,7,0,0
BRDA:65,8,0,0
BRDA:70,9,0,0
BRDA:84,10,0,0
BRF:12
BRH:0
end_of_record
